2025-09-07 22:11:36,459 - INFO - arc_integration.arc_meta_learning - ARC Meta-Learning System initialized
2025-09-07 22:11:36,460 - INFO - src.arc_integration.continuous_learning_loop - ✅ Enhanced sleep system initialized for memory consolidation
2025-09-07 22:11:36,460 - INFO - src.arc_integration.continuous_learning_loop - ✅ Using unified energy system (adaptive features integrated)
2025-09-07 22:11:36,460 - INFO - goals.goal_system - Goal system initialized in survival phase
2025-09-07 22:11:36,484 - INFO - core.agent - Predictive core initialized with lstm architecture
2025-09-07 22:11:36,489 - INFO - core.agent - DNC memory system initialized and integrated with predictive core
2025-09-07 22:11:36,489 - INFO - core.agent - Learning progress drive initialized
2025-09-07 22:11:36,490 - INFO - core.agent - Energy and death management system initialized
2025-09-07 22:11:36,490 - INFO - goals.goal_system - Goal system initialized in survival phase
2025-09-07 22:11:36,490 - INFO - core.agent - Goal system initialized in survival phase
2025-09-07 22:11:39,384 - INFO - core.agent - Action selection system initialized
2025-09-07 22:11:39,384 - INFO - core.agent - Sleep and dream cycle system initialized
2025-09-07 22:11:39,385 - INFO - core.agent - Monitoring and metrics system initialized
2025-09-07 22:11:39,387 - INFO - core.agent - Meta-learning system initialized
2025-09-07 22:11:39,389 - INFO - core.agent - Adaptive Learning Agent initialized successfully
2025-09-07 22:11:39,390 - INFO - src.arc_integration.continuous_learning_loop - Demo agent initialized for monitoring
2025-09-07 22:11:39,391 - INFO - src.arc_integration.continuous_learning_loop - Continuous Learning Loop initialized with ARC-3 API integration
2025-09-07 22:11:39,391 - INFO - __main__ - ✅ Coordinate intelligence initialized
2025-09-07 22:11:39,398 - INFO - src.core.meta_cognitive_governor.Governor - Outcome tracking enabled
2025-09-07 22:11:39,407 - INFO - src.core.meta_cognitive_governor.Governor - Loaded 0 learned patterns from disk
2025-09-07 22:11:39,409 - INFO - src.core.meta_cognitive_governor.Governor - Cross-session learning manager initialized with 0 existing patterns
2025-09-07 22:11:39,409 - INFO - src.core.meta_cognitive_governor.Governor - Cross-session learning enabled
2025-09-07 22:11:39,413 - INFO - src.core.meta_cognitive_governor.Governor - Meta-cognitive memory management enabled
2025-09-07 22:11:39,415 - INFO - src.core.meta_cognitive_governor.Governor - Memory pattern optimization enabled - Phase 1 immediate wins
2025-09-07 22:11:42,216 - INFO - src.core.hierarchical_memory_clusterer - 🗂️ HierarchicalMemoryClusterer initialized for Phase 2
2025-09-07 22:11:42,216 - INFO - src.core.meta_cognitive_governor.Governor - Hierarchical memory clustering enabled - Phase 2 intelligent clusters
2025-09-07 22:11:42,220 - INFO - src.core.architect_evolution_engine - 🏗️ Architect Evolution Engine initialized for Phase 3
2025-09-07 22:11:42,220 - INFO - src.core.architect_evolution_engine -    Autonomous evolution: enabled
2025-09-07 22:11:42,222 - INFO - src.core.architect_evolution_engine -    Loaded 0 existing insights
2025-09-07 22:11:42,222 - INFO - src.core.architect_evolution_engine -    Loaded 0 evolution strategies
2025-09-07 22:11:42,222 - INFO - src.core.meta_cognitive_governor.Governor - Architect Evolution Engine enabled - Phase 3 autonomous evolution
2025-09-07 22:11:42,229 - INFO - src.core.performance_optimization_engine - ⚡ Initialized 1 adaptive configurations
2025-09-07 22:11:42,230 - INFO - src.core.performance_optimization_engine - ⚡ Real-time optimization thread started
2025-09-07 22:11:42,230 - INFO - src.core.performance_optimization_engine - ⚡ Performance Optimization Engine initialized for Phase 4
2025-09-07 22:11:42,231 - INFO - src.core.performance_optimization_engine -    Real-time optimization: enabled
2025-09-07 22:11:42,231 - INFO - src.core.performance_optimization_engine -    Optimization interval: 60.0s
2025-09-07 22:11:42,231 - INFO - src.core.performance_optimization_engine -    Loaded 0 optimization history entries
2025-09-07 22:11:42,231 - INFO - src.core.performance_optimization_engine -    Adaptive configurations: 1
2025-09-07 22:11:42,231 - INFO - src.core.meta_cognitive_governor.Governor - Performance Optimization Engine enabled - Phase 4 performance maximization
2025-09-07 22:11:42,232 - INFO - src.core.meta_cognitive_governor.Governor - 🔍 Initialized 37 cognitive system monitors
2025-09-07 22:11:42,232 - INFO - src.core.meta_cognitive_governor.Governor - 🧠 MetaCognitiveGovernor initialized - Third Brain online
2025-09-07 22:11:42,232 - INFO - __main__ - 🧠 Meta-cognitive Governor (Third Brain) initialized
2025-09-07 22:11:42,233 - INFO - src.core.architect.Architect - Architect memory management enabled
2025-09-07 22:11:42,235 - INFO - src.core.architect.Architect - ✅ Already on correct branch: Tabula-Rasa-v3
2025-09-07 22:11:42,235 - INFO - src.core.architect.Architect - ✅ GitIgnore already configured for Architect control
2025-09-07 22:11:42,236 - INFO - src.core.architect.Architect - 🔬 Architect initialized - Zeroth Brain online
2025-09-07 22:11:42,236 - INFO - __main__ - 🏗️ Architect (Zeroth Brain) initialized
2025-09-07 22:11:42,236 - INFO - __main__ - ✅ Core systems initialized successfully
2025-09-07 22:11:42,236 - INFO - __main__ - 🚀 Starting training mode: minimal-debug
2025-09-07 22:11:42,236 - INFO - __main__ - 🐛 Minimal Debug Mode - Essential features only
2025-09-07 22:11:42,237 - INFO - __main__ - No games specified, fetching from ARC-AGI-3 API...
2025-09-07 22:11:42,507 - INFO - src.arc_integration.continuous_learning_loop - Retrieved 6 available games from ARC-AGI-3 API
2025-09-07 22:11:42,508 - INFO - __main__ - Selected 6 games from ARC API: ['sp80-5f3511b239b8', 'as66-821a4dcad9c2', 'ft09-f340c8e5138e', 'lp85-2e205bbe3622', 'ls20-fa137e247ce6', 'vc33-58ec4396715d']
2025-09-07 22:11:42,508 - INFO - src.arc_integration.continuous_learning_loop - ✅ Unified energy system configured: current=95.5/100, sleep_threshold=40.0, energy_costs=standardized
2025-09-07 22:11:42,509 - INFO - src.arc_integration.continuous_learning_loop - Started training session session_1757301102 with 6 games using lossless mode
2025-09-07 22:11:42,509 - INFO - src.arc_integration.continuous_learning_loop - Running continuous learning for session session_1757301102
2025-09-07 22:13:03,719 - INFO - arc_integration.arc_meta_learning - ARC meta-learning state saved to data\meta_learning_sessions\meta_learning_session_1757301102.json
2025-09-07 22:13:03,720 - INFO - src.arc_integration.continuous_learning_loop - Completed training session session_1757301102 - Win rate: 0.0%
2025-09-07 22:13:03,732 - INFO - __main__ - Results saved to: data/sessions/master_training_results_1757301183.json
