2025-09-08 15:26:01,185 - INFO - arc_integration.arc_meta_learning - ARC Meta-Learning System initialized
2025-09-08 15:26:01,185 - INFO - src.arc_integration.continuous_learning_loop - ✅ Enhanced sleep system initialized for memory consolidation
2025-09-08 15:26:01,185 - INFO - src.arc_integration.continuous_learning_loop - ✅ Using unified energy system (adaptive features integrated)
2025-09-08 15:26:01,186 - INFO - goals.goal_system - Goal system initialized in survival phase
2025-09-08 15:26:01,227 - INFO - core.agent - Predictive core initialized with lstm architecture
2025-09-08 15:26:01,291 - INFO - core.agent - DNC memory system initialized and integrated with predictive core
2025-09-08 15:26:01,292 - INFO - core.agent - Learning progress drive initialized
2025-09-08 15:26:01,293 - INFO - core.agent - Energy and death management system initialized
2025-09-08 15:26:01,293 - INFO - goals.goal_system - Goal system initialized in survival phase
2025-09-08 15:26:01,293 - INFO - core.agent - Goal system initialized in survival phase
2025-09-08 15:26:04,371 - INFO - core.agent - Action selection system initialized
2025-09-08 15:26:04,372 - INFO - core.agent - Sleep and dream cycle system initialized
2025-09-08 15:26:04,372 - INFO - core.agent - Monitoring and metrics system initialized
2025-09-08 15:26:04,377 - INFO - core.agent - Meta-learning system initialized
2025-09-08 15:26:04,378 - INFO - core.agent - Adaptive Learning Agent initialized successfully
2025-09-08 15:26:04,378 - INFO - src.arc_integration.continuous_learning_loop - Demo agent initialized for monitoring
2025-09-08 15:26:04,379 - INFO - src.arc_integration.continuous_learning_loop - Continuous Learning Loop initialized with ARC-3 API integration
2025-09-08 15:26:04,380 - INFO - __main__ - ✅ Coordinate intelligence initialized
2025-09-08 15:26:04,386 - INFO - src.core.meta_cognitive_governor.Governor - Outcome tracking enabled
2025-09-08 15:26:04,396 - INFO - src.core.meta_cognitive_governor.Governor - Loaded 0 learned patterns from disk
2025-09-08 15:26:04,397 - INFO - src.core.meta_cognitive_governor.Governor - Cross-session learning manager initialized with 0 existing patterns
2025-09-08 15:26:04,397 - INFO - src.core.meta_cognitive_governor.Governor - Cross-session learning enabled
2025-09-08 15:26:04,401 - INFO - src.core.meta_cognitive_governor.Governor - Meta-cognitive memory management enabled
2025-09-08 15:26:04,403 - INFO - src.core.meta_cognitive_governor.Governor - Memory pattern optimization enabled - Phase 1 immediate wins
2025-09-08 15:26:07,219 - INFO - src.core.hierarchical_memory_clusterer - 🗂️ HierarchicalMemoryClusterer initialized for Phase 2
2025-09-08 15:26:07,219 - INFO - src.core.meta_cognitive_governor.Governor - Hierarchical memory clustering enabled - Phase 2 intelligent clusters
2025-09-08 15:26:07,222 - INFO - src.core.architect_evolution_engine - 🏗️ Architect Evolution Engine initialized for Phase 3
2025-09-08 15:26:07,223 - INFO - src.core.architect_evolution_engine -    Autonomous evolution: enabled
2025-09-08 15:26:07,223 - INFO - src.core.architect_evolution_engine -    Loaded 0 existing insights
2025-09-08 15:26:07,223 - INFO - src.core.architect_evolution_engine -    Loaded 0 evolution strategies
2025-09-08 15:26:07,223 - INFO - src.core.meta_cognitive_governor.Governor - Architect Evolution Engine enabled - Phase 3 autonomous evolution
2025-09-08 15:26:07,231 - INFO - src.core.performance_optimization_engine - ⚡ Initialized 1 adaptive configurations
2025-09-08 15:26:07,232 - INFO - src.core.performance_optimization_engine - ⚡ Real-time optimization thread started
2025-09-08 15:26:07,232 - INFO - src.core.performance_optimization_engine - ⚡ Performance Optimization Engine initialized for Phase 4
2025-09-08 15:26:07,233 - INFO - src.core.performance_optimization_engine -    Real-time optimization: enabled
2025-09-08 15:26:07,233 - INFO - src.core.performance_optimization_engine -    Optimization interval: 60.0s
2025-09-08 15:26:07,233 - INFO - src.core.performance_optimization_engine -    Loaded 0 optimization history entries
2025-09-08 15:26:07,233 - INFO - src.core.performance_optimization_engine -    Adaptive configurations: 1
2025-09-08 15:26:07,233 - INFO - src.core.meta_cognitive_governor.Governor - Performance Optimization Engine enabled - Phase 4 performance maximization
2025-09-08 15:26:07,234 - INFO - src.core.meta_cognitive_governor.Governor - 🔍 Initialized 37 cognitive system monitors
2025-09-08 15:26:07,234 - INFO - src.core.meta_cognitive_governor.Governor - 🧠 MetaCognitiveGovernor initialized - Third Brain online
2025-09-08 15:26:07,235 - INFO - __main__ - 🧠 Meta-cognitive Governor (Third Brain) initialized
2025-09-08 15:26:07,235 - INFO - src.core.architect.Architect - Architect memory management enabled
2025-09-08 15:26:07,237 - INFO - src.core.architect.Architect - ✅ Already on correct branch: Tabula-Rasa-v3
2025-09-08 15:26:07,238 - INFO - src.core.architect.Architect - ✅ GitIgnore already configured for Architect control
2025-09-08 15:26:07,238 - INFO - src.core.architect.Architect - 🔬 Architect initialized - Zeroth Brain online
2025-09-08 15:26:07,238 - INFO - __main__ - 🏗️ Architect (Zeroth Brain) initialized
2025-09-08 15:26:07,238 - INFO - __main__ - ✅ Core systems initialized successfully
2025-09-08 15:26:07,239 - INFO - __main__ - 🚀 Starting training mode: maximum-intelligence
2025-09-08 15:26:07,239 - INFO - __main__ - 🧠 Maximum Intelligence Mode - All systems enabled
2025-09-08 15:26:07,242 - INFO - src.core.meta_cognitive_governor.Governor - Started outcome measurement outcome_1757363167_8427 for governor_mode_switch
2025-09-08 15:26:07,242 - INFO - src.core.meta_cognitive_governor.Governor - 🎯 Governor recommendation: mode_switch (confidence: 0.80)
2025-09-08 15:26:07,243 - INFO - __main__ - 🧠 Governor recommends: mode_switch
2025-09-08 15:26:07,243 - INFO - __main__ - 🧠 Governor consultation: {'type': 'mode_switch', 'changes': {'enable_contrarian_strategy': True, 'increase_exploration': True}, 'rationale': 'Critical win rate 0.00 requires contrarian exploration', 'confidence': 0.8, 'cognitive_cost': CognitiveBenefit(win_rate_improvement=0.16000000000000003, score_improvement=8.0, learning_efficiency=0.1, knowledge_transfer=0.05), 'urgency': 0.7}
2025-09-08 15:26:07,243 - INFO - __main__ - 🏗️ Running Architect evolution cycle...
2025-09-08 15:26:07,244 - INFO - src.core.architect.Architect - 🧬 Starting evolution cycle 0
2025-09-08 15:26:07,441 - DEBUG - src.core.architect.Architect - 🏗️ Created sandbox: c:\Users\Admin\Documents\GitHub\tabula-rasa\sandbox_tests\sandbox_93d21c3f_1757363167
2025-09-08 15:26:07,441 - INFO - src.core.architect.Architect - 🎯 Using training script: master_arc_trainer.py
2025-09-08 15:26:07,443 - INFO - src.core.architect.Architect - 🎮 Running actual ARC training test: C:\Python313\python.exe c:\Users\Admin\Documents\GitHub\tabula-rasa\master_arc_trainer.py --mode quick-validation --games ls20,ft09 --max-cycles 3 --session-duration 2 --no-logs --no-monitoring
2025-09-08 15:26:57,427 - INFO - src.core.architect.Architect - 📊 Parsed metrics from training: win_rate=0.000, avg_score=0.0, episodes=0
2025-09-08 15:26:57,427 - INFO - src.core.architect.Architect - ✅ Sandbox test completed successfully in 50.0s
2025-09-08 15:26:57,428 - INFO - src.core.architect.Architect - 🧪 Mutation exploratory_1757363167 tested: overall_improvement=-47.550, duration=50.2s
2025-09-08 15:26:57,493 - DEBUG - src.core.architect.Architect - 🧹 Cleaned up sandbox: c:\Users\Admin\Documents\GitHub\tabula-rasa\sandbox_tests\sandbox_93d21c3f_1757363167
2025-09-08 15:26:57,493 - DEBUG - src.core.architect.Architect - 📊 Mutation tested: -0.932 improvement (below threshold)
2025-09-08 15:26:57,495 - DEBUG - __main__ - 📊 Evolution attempted: insufficient_improvement
2025-09-08 15:26:57,495 - INFO - __main__ - No games specified, fetching from ARC-AGI-3 API...
2025-09-08 15:26:57,759 - INFO - src.arc_integration.continuous_learning_loop - Retrieved 6 available games from ARC-AGI-3 API
2025-09-08 15:26:57,761 - INFO - __main__ - Selected 6 games from ARC API: ['ft09-f340c8e5138e', 'ls20-fa137e247ce6', 'lp85-2e205bbe3622', 'as66-821a4dcad9c2', 'vc33-58ec4396715d', 'sp80-0605ab9e5b2a']
2025-09-08 15:26:57,761 - INFO - src.arc_integration.continuous_learning_loop - ✅ Unified energy system configured: current=95.5/100, sleep_threshold=40.0, energy_costs=standardized
2025-09-08 15:26:57,762 - INFO - src.arc_integration.continuous_learning_loop - Started training session session_1757363217 with 6 games using lossless mode
2025-09-08 15:26:57,763 - INFO - src.arc_integration.continuous_learning_loop - Running continuous learning for session session_1757363217
2025-09-08 15:27:05,789 - WARNING - src.arc_integration.continuous_learning_loop - Game ft09-f340c8e5138e had 5 consecutive failures at episode 1
2025-09-08 15:27:05,789 - WARNING - src.arc_integration.continuous_learning_loop - Game ls20-fa137e247ce6 had 5 consecutive failures at episode 1
2025-09-08 15:27:05,789 - WARNING - src.arc_integration.continuous_learning_loop - Game lp85-2e205bbe3622 had 5 consecutive failures at episode 1
2025-09-08 15:27:13,836 - WARNING - src.arc_integration.continuous_learning_loop - Game as66-821a4dcad9c2 had 5 consecutive failures at episode 1
2025-09-08 15:27:13,837 - WARNING - src.arc_integration.continuous_learning_loop - Game vc33-58ec4396715d had 5 consecutive failures at episode 1
2025-09-08 15:27:13,837 - WARNING - src.arc_integration.continuous_learning_loop - Game sp80-0605ab9e5b2a had 5 consecutive failures at episode 1
2025-09-08 15:27:13,843 - INFO - arc_integration.arc_meta_learning - ARC meta-learning state saved to data\meta_learning_sessions\meta_learning_session_1757363217.json
2025-09-08 15:27:13,844 - INFO - src.arc_integration.continuous_learning_loop - Completed training session session_1757363217 - Win rate: 0.0%
2025-09-08 15:27:13,846 - INFO - __main__ - Results saved to: data/sessions/master_training_results_1757363233.json
