2025-09-08 17:21:39,892 - ERROR - src.arc_integration.continuous_learning_loop - Error in direct control training: 'ContinuousLearningLoop' object has no attribute '_take_action'
Traceback (most recent call last):
  File "c:\Users\Admin\Documents\GitHub\tabula-rasa\src\arc_integration\continuous_learning_loop.py", line 4127, in start_training_with_direct_control
    action_result = await self._take_action(state)
                          ^^^^^^^^^^^^^^^^^
AttributeError: 'ContinuousLearningLoop' object has no attribute '_take_action'
2025-09-08 17:21:39,903 - ERROR - src.arc_integration.continuous_learning_loop - ❌ Episode 1 failed for sp80-0605ab9e5b2a: 'ContinuousLearningLoop' object has no attribute 'game_complexity'
2025-09-08 17:21:39,905 - ERROR - src.arc_integration.continuous_learning_loop - Error in direct control training: 'ContinuousLearningLoop' object has no attribute '_take_action'
Traceback (most recent call last):
  File "c:\Users\Admin\Documents\GitHub\tabula-rasa\src\arc_integration\continuous_learning_loop.py", line 4127, in start_training_with_direct_control
    action_result = await self._take_action(state)
                          ^^^^^^^^^^^^^^^^^
AttributeError: 'ContinuousLearningLoop' object has no attribute '_take_action'
2025-09-08 17:21:39,907 - ERROR - src.arc_integration.continuous_learning_loop - ❌ Episode 1 failed for vc33-58ec4396715d: 'ContinuousLearningLoop' object has no attribute 'game_complexity'
2025-09-08 17:21:39,907 - ERROR - src.arc_integration.continuous_learning_loop - Error in direct control training: 'ContinuousLearningLoop' object has no attribute '_take_action'
Traceback (most recent call last):
  File "c:\Users\Admin\Documents\GitHub\tabula-rasa\src\arc_integration\continuous_learning_loop.py", line 4127, in start_training_with_direct_control
    action_result = await self._take_action(state)
                          ^^^^^^^^^^^^^^^^^
AttributeError: 'ContinuousLearningLoop' object has no attribute '_take_action'
2025-09-08 17:21:39,909 - ERROR - src.arc_integration.continuous_learning_loop - ❌ Episode 1 failed for ft09-f340c8e5138e: 'ContinuousLearningLoop' object has no attribute 'game_complexity'
2025-09-08 17:21:40,916 - ERROR - src.arc_integration.continuous_learning_loop - Error in direct control training: 'ContinuousLearningLoop' object has no attribute '_take_action'
Traceback (most recent call last):
  File "c:\Users\Admin\Documents\GitHub\tabula-rasa\src\arc_integration\continuous_learning_loop.py", line 4127, in start_training_with_direct_control
    action_result = await self._take_action(state)
                          ^^^^^^^^^^^^^^^^^
AttributeError: 'ContinuousLearningLoop' object has no attribute '_take_action'
2025-09-08 17:21:40,917 - ERROR - src.arc_integration.continuous_learning_loop - ❌ Episode 2 failed for sp80-0605ab9e5b2a: 'ContinuousLearningLoop' object has no attribute 'game_complexity'
2025-09-08 17:21:40,918 - ERROR - src.arc_integration.continuous_learning_loop - Error in direct control training: 'ContinuousLearningLoop' object has no attribute '_take_action'
Traceback (most recent call last):
  File "c:\Users\Admin\Documents\GitHub\tabula-rasa\src\arc_integration\continuous_learning_loop.py", line 4127, in start_training_with_direct_control
    action_result = await self._take_action(state)
                          ^^^^^^^^^^^^^^^^^
AttributeError: 'ContinuousLearningLoop' object has no attribute '_take_action'
2025-09-08 17:21:40,920 - ERROR - src.arc_integration.continuous_learning_loop - ❌ Episode 2 failed for vc33-58ec4396715d: 'ContinuousLearningLoop' object has no attribute 'game_complexity'
2025-09-08 17:21:40,921 - ERROR - src.arc_integration.continuous_learning_loop - Error in direct control training: 'ContinuousLearningLoop' object has no attribute '_take_action'
Traceback (most recent call last):
  File "c:\Users\Admin\Documents\GitHub\tabula-rasa\src\arc_integration\continuous_learning_loop.py", line 4127, in start_training_with_direct_control
    action_result = await self._take_action(state)
                          ^^^^^^^^^^^^^^^^^
AttributeError: 'ContinuousLearningLoop' object has no attribute '_take_action'
2025-09-08 17:21:40,923 - ERROR - src.arc_integration.continuous_learning_loop - ❌ Episode 2 failed for ft09-f340c8e5138e: 'ContinuousLearningLoop' object has no attribute 'game_complexity'
2025-09-08 17:21:41,932 - ERROR - src.arc_integration.continuous_learning_loop - Error in direct control training: 'ContinuousLearningLoop' object has no attribute '_take_action'
Traceback (most recent call last):
  File "c:\Users\Admin\Documents\GitHub\tabula-rasa\src\arc_integration\continuous_learning_loop.py", line 4127, in start_training_with_direct_control
    action_result = await self._take_action(state)
                          ^^^^^^^^^^^^^^^^^
AttributeError: 'ContinuousLearningLoop' object has no attribute '_take_action'
2025-09-08 17:21:41,934 - ERROR - src.arc_integration.continuous_learning_loop - ❌ Episode 3 failed for sp80-0605ab9e5b2a: 'ContinuousLearningLoop' object has no attribute 'game_complexity'
2025-09-08 17:21:41,935 - ERROR - src.arc_integration.continuous_learning_loop - Error in direct control training: 'ContinuousLearningLoop' object has no attribute '_take_action'
Traceback (most recent call last):
  File "c:\Users\Admin\Documents\GitHub\tabula-rasa\src\arc_integration\continuous_learning_loop.py", line 4127, in start_training_with_direct_control
    action_result = await self._take_action(state)
                          ^^^^^^^^^^^^^^^^^
AttributeError: 'ContinuousLearningLoop' object has no attribute '_take_action'
2025-09-08 17:21:41,937 - ERROR - src.arc_integration.continuous_learning_loop - ❌ Episode 3 failed for vc33-58ec4396715d: 'ContinuousLearningLoop' object has no attribute 'game_complexity'
2025-09-08 17:21:41,937 - ERROR - src.arc_integration.continuous_learning_loop - Error in direct control training: 'ContinuousLearningLoop' object has no attribute '_take_action'
Traceback (most recent call last):
  File "c:\Users\Admin\Documents\GitHub\tabula-rasa\src\arc_integration\continuous_learning_loop.py", line 4127, in start_training_with_direct_control
    action_result = await self._take_action(state)
                          ^^^^^^^^^^^^^^^^^
AttributeError: 'ContinuousLearningLoop' object has no attribute '_take_action'
2025-09-08 17:21:41,939 - ERROR - src.arc_integration.continuous_learning_loop - ❌ Episode 3 failed for ft09-f340c8e5138e: 'ContinuousLearningLoop' object has no attribute 'game_complexity'
2025-09-08 17:21:42,948 - WARNING - src.arc_integration.continuous_learning_loop - ⚠️ No successful episodes for sp80-0605ab9e5b2a - 3 errors
2025-09-08 17:21:42,949 - WARNING - src.arc_integration.continuous_learning_loop - ⚠️ No successful episodes for vc33-58ec4396715d - 3 errors
2025-09-08 17:21:42,949 - WARNING - src.arc_integration.continuous_learning_loop - ⚠️ No successful episodes for ft09-f340c8e5138e - 3 errors
2025-09-08 17:21:42,950 - ERROR - src.arc_integration.continuous_learning_loop - Error in direct control training: 'ContinuousLearningLoop' object has no attribute '_take_action'
Traceback (most recent call last):
  File "c:\Users\Admin\Documents\GitHub\tabula-rasa\src\arc_integration\continuous_learning_loop.py", line 4127, in start_training_with_direct_control
    action_result = await self._take_action(state)
                          ^^^^^^^^^^^^^^^^^
AttributeError: 'ContinuousLearningLoop' object has no attribute '_take_action'
2025-09-08 17:21:42,954 - ERROR - src.arc_integration.continuous_learning_loop - ❌ Episode 1 failed for lp85-2e205bbe3622: 'ContinuousLearningLoop' object has no attribute 'game_complexity'
2025-09-08 17:21:42,954 - ERROR - src.arc_integration.continuous_learning_loop - Error in direct control training: 'ContinuousLearningLoop' object has no attribute '_take_action'
Traceback (most recent call last):
  File "c:\Users\Admin\Documents\GitHub\tabula-rasa\src\arc_integration\continuous_learning_loop.py", line 4127, in start_training_with_direct_control
    action_result = await self._take_action(state)
                          ^^^^^^^^^^^^^^^^^
AttributeError: 'ContinuousLearningLoop' object has no attribute '_take_action'
2025-09-08 17:21:42,956 - ERROR - src.arc_integration.continuous_learning_loop - ❌ Episode 1 failed for ls20-fa137e247ce6: 'ContinuousLearningLoop' object has no attribute 'game_complexity'
2025-09-08 17:21:42,957 - ERROR - src.arc_integration.continuous_learning_loop - Error in direct control training: 'ContinuousLearningLoop' object has no attribute '_take_action'
Traceback (most recent call last):
  File "c:\Users\Admin\Documents\GitHub\tabula-rasa\src\arc_integration\continuous_learning_loop.py", line 4127, in start_training_with_direct_control
    action_result = await self._take_action(state)
                          ^^^^^^^^^^^^^^^^^
AttributeError: 'ContinuousLearningLoop' object has no attribute '_take_action'
2025-09-08 17:21:42,958 - ERROR - src.arc_integration.continuous_learning_loop - ❌ Episode 1 failed for as66-821a4dcad9c2: 'ContinuousLearningLoop' object has no attribute 'game_complexity'
2025-09-08 17:21:43,966 - ERROR - src.arc_integration.continuous_learning_loop - Error in direct control training: 'ContinuousLearningLoop' object has no attribute '_take_action'
Traceback (most recent call last):
  File "c:\Users\Admin\Documents\GitHub\tabula-rasa\src\arc_integration\continuous_learning_loop.py", line 4127, in start_training_with_direct_control
    action_result = await self._take_action(state)
                          ^^^^^^^^^^^^^^^^^
AttributeError: 'ContinuousLearningLoop' object has no attribute '_take_action'
2025-09-08 17:21:43,967 - ERROR - src.arc_integration.continuous_learning_loop - ❌ Episode 2 failed for lp85-2e205bbe3622: 'ContinuousLearningLoop' object has no attribute 'game_complexity'
2025-09-08 17:21:43,968 - ERROR - src.arc_integration.continuous_learning_loop - Error in direct control training: 'ContinuousLearningLoop' object has no attribute '_take_action'
Traceback (most recent call last):
  File "c:\Users\Admin\Documents\GitHub\tabula-rasa\src\arc_integration\continuous_learning_loop.py", line 4127, in start_training_with_direct_control
    action_result = await self._take_action(state)
                          ^^^^^^^^^^^^^^^^^
AttributeError: 'ContinuousLearningLoop' object has no attribute '_take_action'
2025-09-08 17:21:43,970 - ERROR - src.arc_integration.continuous_learning_loop - ❌ Episode 2 failed for ls20-fa137e247ce6: 'ContinuousLearningLoop' object has no attribute 'game_complexity'
2025-09-08 17:21:43,970 - ERROR - src.arc_integration.continuous_learning_loop - Error in direct control training: 'ContinuousLearningLoop' object has no attribute '_take_action'
Traceback (most recent call last):
  File "c:\Users\Admin\Documents\GitHub\tabula-rasa\src\arc_integration\continuous_learning_loop.py", line 4127, in start_training_with_direct_control
    action_result = await self._take_action(state)
                          ^^^^^^^^^^^^^^^^^
AttributeError: 'ContinuousLearningLoop' object has no attribute '_take_action'
2025-09-08 17:21:43,972 - ERROR - src.arc_integration.continuous_learning_loop - ❌ Episode 2 failed for as66-821a4dcad9c2: 'ContinuousLearningLoop' object has no attribute 'game_complexity'
2025-09-08 17:21:44,983 - ERROR - src.arc_integration.continuous_learning_loop - Error in direct control training: 'ContinuousLearningLoop' object has no attribute '_take_action'
Traceback (most recent call last):
  File "c:\Users\Admin\Documents\GitHub\tabula-rasa\src\arc_integration\continuous_learning_loop.py", line 4127, in start_training_with_direct_control
    action_result = await self._take_action(state)
                          ^^^^^^^^^^^^^^^^^
AttributeError: 'ContinuousLearningLoop' object has no attribute '_take_action'
2025-09-08 17:21:44,985 - ERROR - src.arc_integration.continuous_learning_loop - ❌ Episode 3 failed for lp85-2e205bbe3622: 'ContinuousLearningLoop' object has no attribute 'game_complexity'
2025-09-08 17:21:44,985 - ERROR - src.arc_integration.continuous_learning_loop - Error in direct control training: 'ContinuousLearningLoop' object has no attribute '_take_action'
Traceback (most recent call last):
  File "c:\Users\Admin\Documents\GitHub\tabula-rasa\src\arc_integration\continuous_learning_loop.py", line 4127, in start_training_with_direct_control
    action_result = await self._take_action(state)
                          ^^^^^^^^^^^^^^^^^
AttributeError: 'ContinuousLearningLoop' object has no attribute '_take_action'
2025-09-08 17:21:44,987 - ERROR - src.arc_integration.continuous_learning_loop - ❌ Episode 3 failed for ls20-fa137e247ce6: 'ContinuousLearningLoop' object has no attribute 'game_complexity'
2025-09-08 17:21:44,988 - ERROR - src.arc_integration.continuous_learning_loop - Error in direct control training: 'ContinuousLearningLoop' object has no attribute '_take_action'
Traceback (most recent call last):
  File "c:\Users\Admin\Documents\GitHub\tabula-rasa\src\arc_integration\continuous_learning_loop.py", line 4127, in start_training_with_direct_control
    action_result = await self._take_action(state)
                          ^^^^^^^^^^^^^^^^^
AttributeError: 'ContinuousLearningLoop' object has no attribute '_take_action'
2025-09-08 17:21:44,990 - ERROR - src.arc_integration.continuous_learning_loop - ❌ Episode 3 failed for as66-821a4dcad9c2: 'ContinuousLearningLoop' object has no attribute 'game_complexity'
2025-09-08 17:21:45,986 - WARNING - src.arc_integration.continuous_learning_loop - ⚠️ No successful episodes for lp85-2e205bbe3622 - 3 errors
2025-09-08 17:21:46,002 - WARNING - src.arc_integration.continuous_learning_loop - ⚠️ No successful episodes for ls20-fa137e247ce6 - 3 errors
2025-09-08 17:21:46,002 - WARNING - src.arc_integration.continuous_learning_loop - ⚠️ No successful episodes for as66-821a4dcad9c2 - 3 errors
