2025-09-08 16:24:29,976 - WARNING - src.arc_integration.continuous_learning_loop - Game sp80-0605ab9e5b2a had 5 consecutive failures at episode 1
2025-09-08 16:24:29,977 - ERROR - src.arc_integration.continuous_learning_loop - Critical error in _train_on_game_swarm for game sp80-0605ab9e5b2a: 'ContinuousLearningLoop' object has no attribute '_track_actions'
Traceback (most recent call last):
  File "c:\Users\Admin\Documents\GitHub\tabula-rasa\src\arc_integration\continuous_learning_loop.py", line 4476, in _train_on_game_swarm
    self._track_actions(game_results)
    ^^^^^^^^^^^^^^^^^^^
AttributeError: 'ContinuousLearningLoop' object has no attribute '_track_actions'
2025-09-08 16:24:29,988 - WARNING - src.arc_integration.continuous_learning_loop - Game vc33-58ec4396715d had 5 consecutive failures at episode 1
2025-09-08 16:24:29,988 - ERROR - src.arc_integration.continuous_learning_loop - Critical error in _train_on_game_swarm for game vc33-58ec4396715d: 'ContinuousLearningLoop' object has no attribute '_track_actions'
Traceback (most recent call last):
  File "c:\Users\Admin\Documents\GitHub\tabula-rasa\src\arc_integration\continuous_learning_loop.py", line 4476, in _train_on_game_swarm
    self._track_actions(game_results)
    ^^^^^^^^^^^^^^^^^^^
AttributeError: 'ContinuousLearningLoop' object has no attribute '_track_actions'
2025-09-08 16:24:29,990 - WARNING - src.arc_integration.continuous_learning_loop - Game ft09-f340c8e5138e had 5 consecutive failures at episode 1
2025-09-08 16:24:29,990 - ERROR - src.arc_integration.continuous_learning_loop - Critical error in _train_on_game_swarm for game ft09-f340c8e5138e: 'ContinuousLearningLoop' object has no attribute '_track_actions'
Traceback (most recent call last):
  File "c:\Users\Admin\Documents\GitHub\tabula-rasa\src\arc_integration\continuous_learning_loop.py", line 4476, in _train_on_game_swarm
    self._track_actions(game_results)
    ^^^^^^^^^^^^^^^^^^^
AttributeError: 'ContinuousLearningLoop' object has no attribute '_track_actions'
2025-09-08 16:24:29,991 - ERROR - src.arc_integration.continuous_learning_loop - Error in swarm game sp80-0605ab9e5b2a: name 'traceback' is not defined
2025-09-08 16:24:29,991 - ERROR - src.arc_integration.continuous_learning_loop - Error in swarm game vc33-58ec4396715d: name 'traceback' is not defined
2025-09-08 16:24:29,991 - ERROR - src.arc_integration.continuous_learning_loop - Error in swarm game ft09-f340c8e5138e: name 'traceback' is not defined
2025-09-08 16:24:30,425 - WARNING - src.arc_integration.continuous_learning_loop - Game lp85-2e205bbe3622 had 5 consecutive failures at episode 1
2025-09-08 16:24:30,425 - ERROR - src.arc_integration.continuous_learning_loop - Critical error in _train_on_game_swarm for game lp85-2e205bbe3622: 'ContinuousLearningLoop' object has no attribute '_track_actions'
Traceback (most recent call last):
  File "c:\Users\Admin\Documents\GitHub\tabula-rasa\src\arc_integration\continuous_learning_loop.py", line 4476, in _train_on_game_swarm
    self._track_actions(game_results)
    ^^^^^^^^^^^^^^^^^^^
AttributeError: 'ContinuousLearningLoop' object has no attribute '_track_actions'
2025-09-08 16:24:30,428 - WARNING - src.arc_integration.continuous_learning_loop - Game as66-821a4dcad9c2 had 5 consecutive failures at episode 1
2025-09-08 16:24:30,428 - ERROR - src.arc_integration.continuous_learning_loop - Critical error in _train_on_game_swarm for game as66-821a4dcad9c2: 'ContinuousLearningLoop' object has no attribute '_track_actions'
Traceback (most recent call last):
  File "c:\Users\Admin\Documents\GitHub\tabula-rasa\src\arc_integration\continuous_learning_loop.py", line 4476, in _train_on_game_swarm
    self._track_actions(game_results)
    ^^^^^^^^^^^^^^^^^^^
AttributeError: 'ContinuousLearningLoop' object has no attribute '_track_actions'
2025-09-08 16:24:30,429 - WARNING - src.arc_integration.continuous_learning_loop - Game ls20-fa137e247ce6 had 5 consecutive failures at episode 1
2025-09-08 16:24:30,429 - ERROR - src.arc_integration.continuous_learning_loop - Critical error in _train_on_game_swarm for game ls20-fa137e247ce6: 'ContinuousLearningLoop' object has no attribute '_track_actions'
Traceback (most recent call last):
  File "c:\Users\Admin\Documents\GitHub\tabula-rasa\src\arc_integration\continuous_learning_loop.py", line 4476, in _train_on_game_swarm
    self._track_actions(game_results)
    ^^^^^^^^^^^^^^^^^^^
AttributeError: 'ContinuousLearningLoop' object has no attribute '_track_actions'
2025-09-08 16:24:30,431 - ERROR - src.arc_integration.continuous_learning_loop - Error in swarm game lp85-2e205bbe3622: name 'traceback' is not defined
2025-09-08 16:24:30,431 - ERROR - src.arc_integration.continuous_learning_loop - Error in swarm game as66-821a4dcad9c2: name 'traceback' is not defined
2025-09-08 16:24:30,431 - ERROR - src.arc_integration.continuous_learning_loop - Error in swarm game ls20-fa137e247ce6: name 'traceback' is not defined
