2025-09-08 16:00:27,765 - WARNING - src.arc_integration.continuous_learning_loop - ❌ Episode 1 failed for game vc33-58ec4396715d (consecutive: 1)
2025-09-08 16:00:27,765 - WARNING - src.arc_integration.continuous_learning_loop - ❌ Episode 1 failed for game ls20-fa137e247ce6 (consecutive: 1)
2025-09-08 16:00:27,766 - WARNING - src.arc_integration.continuous_learning_loop - ❌ Episode 1 failed for game sp80-0605ab9e5b2a (consecutive: 1)
2025-09-08 16:00:29,277 - WARNING - src.arc_integration.continuous_learning_loop - ❌ Episode 1 failed for game vc33-58ec4396715d (consecutive: 2)
2025-09-08 16:00:29,281 - WARNING - src.arc_integration.continuous_learning_loop - ❌ Episode 1 failed for game ls20-fa137e247ce6 (consecutive: 2)
2025-09-08 16:00:29,281 - WARNING - src.arc_integration.continuous_learning_loop - ❌ Episode 1 failed for game sp80-0605ab9e5b2a (consecutive: 2)
2025-09-08 16:00:31,301 - WARNING - src.arc_integration.continuous_learning_loop - ❌ Episode 1 failed for game vc33-58ec4396715d (consecutive: 3)
2025-09-08 16:00:31,301 - WARNING - src.arc_integration.continuous_learning_loop - ❌ Episode 1 failed for game ls20-fa137e247ce6 (consecutive: 3)
2025-09-08 16:00:31,302 - WARNING - src.arc_integration.continuous_learning_loop - ❌ Episode 1 failed for game sp80-0605ab9e5b2a (consecutive: 3)
2025-09-08 16:00:33,811 - WARNING - src.arc_integration.continuous_learning_loop - ❌ Episode 1 failed for game vc33-58ec4396715d (consecutive: 4)
2025-09-08 16:00:33,812 - WARNING - src.arc_integration.continuous_learning_loop - ❌ Episode 1 failed for game ls20-fa137e247ce6 (consecutive: 4)
2025-09-08 16:00:33,812 - WARNING - src.arc_integration.continuous_learning_loop - ❌ Episode 1 failed for game sp80-0605ab9e5b2a (consecutive: 4)
2025-09-08 16:00:36,827 - WARNING - src.arc_integration.continuous_learning_loop - ❌ Episode 1 failed for game vc33-58ec4396715d (consecutive: 5)
2025-09-08 16:00:36,828 - WARNING - src.arc_integration.continuous_learning_loop - ❌ Episode 1 failed for game ls20-fa137e247ce6 (consecutive: 5)
2025-09-08 16:00:36,828 - WARNING - src.arc_integration.continuous_learning_loop - ❌ Episode 1 failed for game sp80-0605ab9e5b2a (consecutive: 5)
2025-09-08 16:00:40,336 - WARNING - src.arc_integration.continuous_learning_loop - ❌ Episode 1 failed for game ft09-f340c8e5138e (consecutive: 1)
2025-09-08 16:00:40,337 - WARNING - src.arc_integration.continuous_learning_loop - ❌ Episode 1 failed for game lp85-2e205bbe3622 (consecutive: 1)
2025-09-08 16:00:40,337 - WARNING - src.arc_integration.continuous_learning_loop - ❌ Episode 1 failed for game as66-821a4dcad9c2 (consecutive: 1)
2025-09-08 16:00:41,844 - WARNING - src.arc_integration.continuous_learning_loop - ❌ Episode 1 failed for game ft09-f340c8e5138e (consecutive: 2)
2025-09-08 16:00:41,844 - WARNING - src.arc_integration.continuous_learning_loop - ❌ Episode 1 failed for game lp85-2e205bbe3622 (consecutive: 2)
2025-09-08 16:00:41,845 - WARNING - src.arc_integration.continuous_learning_loop - ❌ Episode 1 failed for game as66-821a4dcad9c2 (consecutive: 2)
2025-09-08 16:00:43,860 - WARNING - src.arc_integration.continuous_learning_loop - ❌ Episode 1 failed for game ft09-f340c8e5138e (consecutive: 3)
2025-09-08 16:00:43,861 - WARNING - src.arc_integration.continuous_learning_loop - ❌ Episode 1 failed for game lp85-2e205bbe3622 (consecutive: 3)
2025-09-08 16:00:43,861 - WARNING - src.arc_integration.continuous_learning_loop - ❌ Episode 1 failed for game as66-821a4dcad9c2 (consecutive: 3)
2025-09-08 16:00:46,365 - WARNING - src.arc_integration.continuous_learning_loop - ❌ Episode 1 failed for game ft09-f340c8e5138e (consecutive: 4)
2025-09-08 16:00:46,365 - WARNING - src.arc_integration.continuous_learning_loop - ❌ Episode 1 failed for game lp85-2e205bbe3622 (consecutive: 4)
2025-09-08 16:00:46,366 - WARNING - src.arc_integration.continuous_learning_loop - ❌ Episode 1 failed for game as66-821a4dcad9c2 (consecutive: 4)
2025-09-08 16:00:49,375 - WARNING - src.arc_integration.continuous_learning_loop - ❌ Episode 1 failed for game ft09-f340c8e5138e (consecutive: 5)
2025-09-08 16:00:49,376 - WARNING - src.arc_integration.continuous_learning_loop - ❌ Episode 1 failed for game lp85-2e205bbe3622 (consecutive: 5)
2025-09-08 16:00:49,377 - WARNING - src.arc_integration.continuous_learning_loop - ❌ Episode 1 failed for game as66-821a4dcad9c2 (consecutive: 5)
