2025-09-06 22:58:42,818 - INFO - arc_integration.arc_meta_learning - ARC Meta-Learning System initialized
2025-09-06 22:58:42,818 - INFO - src.arc_integration.continuous_learning_loop - ✅ Enhanced sleep system initialized for memory consolidation
2025-09-06 22:58:42,819 - INFO - src.arc_integration.continuous_learning_loop - ✅ Using unified energy system (adaptive features integrated)
2025-09-06 22:58:42,819 - INFO - goals.goal_system - Goal system initialized in survival phase
2025-09-06 22:58:42,901 - INFO - core.agent - Predictive core initialized with lstm architecture
2025-09-06 22:58:42,987 - INFO - core.agent - DNC memory system initialized and integrated with predictive core
2025-09-06 22:58:42,990 - INFO - core.agent - Learning progress drive initialized
2025-09-06 22:58:42,990 - INFO - core.agent - Energy and death management system initialized
2025-09-06 22:58:42,991 - INFO - goals.goal_system - Goal system initialized in survival phase
2025-09-06 22:58:42,991 - INFO - core.agent - Goal system initialized in survival phase
2025-09-06 22:58:43,001 - INFO - core.agent - Action selection system initialized
2025-09-06 22:58:43,002 - INFO - core.agent - Sleep and dream cycle system initialized
2025-09-06 22:58:43,002 - INFO - core.agent - Monitoring and metrics system initialized
2025-09-06 22:58:43,006 - INFO - core.agent - Meta-learning system initialized
2025-09-06 22:58:43,007 - INFO - core.agent - Adaptive Learning Agent initialized successfully
2025-09-06 22:58:43,007 - INFO - src.arc_integration.continuous_learning_loop - Demo agent initialized for monitoring
2025-09-06 22:58:43,073 - INFO - src.arc_integration.continuous_learning_loop - Continuous Learning Loop initialized with ARC-3 API integration
2025-09-06 22:58:43,075 - INFO - __main__ - ✅ Coordinate intelligence initialized
2025-09-06 22:58:43,077 - INFO - src.core.meta_cognitive_governor.Governor - Outcome tracking enabled
2025-09-06 22:58:43,083 - INFO - src.core.meta_cognitive_governor.Governor - Loaded 0 learned patterns from disk
2025-09-06 22:58:43,120 - INFO - src.core.meta_cognitive_governor.Governor - Cross-session learning manager initialized with 0 existing patterns
2025-09-06 22:58:43,122 - INFO - src.core.meta_cognitive_governor.Governor - Cross-session learning enabled
2025-09-06 22:58:43,129 - INFO - src.core.meta_cognitive_governor.Governor - Meta-cognitive memory management enabled
2025-09-06 22:58:43,130 - INFO - src.core.meta_cognitive_governor.Governor - Memory pattern optimization enabled - Phase 1 immediate wins
2025-09-06 22:58:43,130 - INFO - src.core.hierarchical_memory_clusterer - 🗂️ HierarchicalMemoryClusterer initialized for Phase 2
2025-09-06 22:58:43,131 - INFO - src.core.meta_cognitive_governor.Governor - Hierarchical memory clustering enabled - Phase 2 intelligent clusters
2025-09-06 22:58:43,132 - INFO - src.core.architect_evolution_engine - 🏗️ Architect Evolution Engine initialized for Phase 3
2025-09-06 22:58:43,133 - INFO - src.core.architect_evolution_engine -    Autonomous evolution: enabled
2025-09-06 22:58:43,134 - INFO - src.core.architect_evolution_engine -    Loaded 0 existing insights
2025-09-06 22:58:43,134 - INFO - src.core.architect_evolution_engine -    Loaded 0 evolution strategies
2025-09-06 22:58:43,135 - INFO - src.core.meta_cognitive_governor.Governor - Architect Evolution Engine enabled - Phase 3 autonomous evolution
2025-09-06 22:58:43,141 - INFO - src.core.performance_optimization_engine - ⚡ Initialized 1 adaptive configurations
2025-09-06 22:58:43,291 - INFO - src.core.performance_optimization_engine - ⚡ Real-time optimization thread started
2025-09-06 22:58:43,295 - INFO - src.core.performance_optimization_engine - ⚡ Performance Optimization Engine initialized for Phase 4
2025-09-06 22:58:43,296 - INFO - src.core.performance_optimization_engine -    Real-time optimization: enabled
2025-09-06 22:58:43,297 - INFO - src.core.performance_optimization_engine -    Optimization interval: 60.0s
2025-09-06 22:58:43,297 - INFO - src.core.performance_optimization_engine -    Loaded 0 optimization history entries
2025-09-06 22:58:43,298 - INFO - src.core.performance_optimization_engine -    Adaptive configurations: 1
2025-09-06 22:58:43,299 - INFO - src.core.meta_cognitive_governor.Governor - Performance Optimization Engine enabled - Phase 4 performance maximization
2025-09-06 22:58:43,299 - INFO - src.core.meta_cognitive_governor.Governor - 🔍 Initialized 37 cognitive system monitors
2025-09-06 22:58:43,300 - INFO - src.core.meta_cognitive_governor.Governor - 🧠 MetaCognitiveGovernor initialized - Third Brain online
2025-09-06 22:58:43,300 - INFO - __main__ - 🧠 Meta-cognitive Governor (Third Brain) initialized
2025-09-06 22:58:43,302 - INFO - src.core.architect.Architect - Architect memory management enabled
2025-09-06 22:58:43,305 - INFO - src.core.architect.Architect - ✅ Already on correct branch: Tabula-Rasa-v3
2025-09-06 22:58:43,307 - INFO - src.core.architect.Architect - ✅ GitIgnore already configured for Architect control
2025-09-06 22:58:43,307 - INFO - src.core.architect.Architect - 🔬 Architect initialized - Zeroth Brain online
2025-09-06 22:58:43,308 - INFO - __main__ - 🏗️ Architect (Zeroth Brain) initialized
2025-09-06 22:58:43,308 - INFO - __main__ - ✅ Core systems initialized successfully
2025-09-06 22:58:44,182 - INFO - __main__ - 🚀 Starting training mode: meta-cognitive-training
2025-09-06 22:58:44,184 - INFO - __main__ - Meta-Cognitive Training Mode - Comprehensive monitoring
2025-09-06 22:58:44,191 - INFO - src.core.meta_cognitive_governor.Governor - Started outcome measurement outcome_1757217524_3361 for governor_mode_switch
2025-09-06 22:58:44,191 - INFO - src.core.meta_cognitive_governor.Governor - 🎯 Governor recommendation: mode_switch (confidence: 0.80)
2025-09-06 22:58:44,195 - INFO - __main__ - No games specified, fetching from ARC-AGI-3 API...
2025-09-06 22:58:44,496 - INFO - src.arc_integration.continuous_learning_loop - Retrieved 6 available games from ARC-AGI-3 API
2025-09-06 22:58:44,500 - INFO - __main__ - Selected 6 games from ARC API: ['ft09-f340c8e5138e', 'lp85-2e205bbe3622', 'sp80-5f3511b239b8', 'ls20-fa137e247ce6', 'as66-821a4dcad9c2', 'vc33-58ec4396715d']
2025-09-06 22:58:44,500 - INFO - src.arc_integration.continuous_learning_loop - ✅ Unified energy system configured: current=79.0/100, sleep_threshold=40.0, energy_costs=standardized
2025-09-06 22:58:44,502 - INFO - src.arc_integration.continuous_learning_loop - Started training session session_1757217524 with 6 games using lossless mode
2025-09-06 22:58:44,503 - INFO - src.arc_integration.continuous_learning_loop - Running continuous learning for session session_1757217524
2025-09-06 22:58:45,024 - WARNING - src.arc_integration.continuous_learning_loop - Frame analysis failed for ft09-f340c8e5138e: max() iterable argument is empty
2025-09-06 22:58:45,046 - INFO - src.arc_integration.continuous_learning_loop - 🧠 Loaded action intelligence for ft09-f340c8e5138e: 1 effective actions
2025-09-06 22:58:45,047 - INFO - src.arc_integration.continuous_learning_loop - 🎮 Initialized actions for ft09-f340c8e5138e: [6] (loaded 1 cached patterns)
2025-09-06 22:58:45,179 - WARNING - src.arc_integration.continuous_learning_loop - Frame analysis failed for sp80-5f3511b239b8: max() iterable argument is empty
2025-09-06 22:58:45,180 - INFO - src.arc_integration.continuous_learning_loop - 🧠 Loaded action intelligence for sp80-5f3511b239b8: 4 effective actions
2025-09-06 22:58:45,181 - INFO - src.arc_integration.continuous_learning_loop - 🎮 Initialized actions for sp80-5f3511b239b8: [1, 2, 3, 4, 5, 6] (loaded 4 cached patterns)
2025-09-06 22:58:45,295 - INFO - src.arc_integration.continuous_learning_loop - Action 6 successful for ft09-f340c8e5138e
2025-09-06 22:58:45,295 - INFO - src.arc_integration.continuous_learning_loop - 🎮 Initialized actions for ft09-f340c8e5138e: [6] (loaded 1 cached patterns)
2025-09-06 22:58:45,322 - WARNING - src.arc_integration.continuous_learning_loop - Frame analysis failed for lp85-2e205bbe3622: max() iterable argument is empty
2025-09-06 22:58:45,365 - INFO - src.arc_integration.continuous_learning_loop - 🧠 Loaded action intelligence for lp85-2e205bbe3622: 1 effective actions
2025-09-06 22:58:45,367 - INFO - src.arc_integration.continuous_learning_loop - 🎮 Initialized actions for lp85-2e205bbe3622: [6] (loaded 1 cached patterns)
2025-09-06 22:58:45,484 - INFO - src.arc_integration.continuous_learning_loop - Action 1 successful for sp80-5f3511b239b8
2025-09-06 22:58:45,485 - INFO - src.arc_integration.continuous_learning_loop - 🎮 Initialized actions for sp80-5f3511b239b8: [1, 2, 3, 4, 5, 6] (loaded 4 cached patterns)
2025-09-06 22:58:45,535 - WARNING - src.arc_integration.continuous_learning_loop - Frame analysis failed for ft09-f340c8e5138e: max() iterable argument is empty
2025-09-06 22:58:45,536 - INFO - src.arc_integration.continuous_learning_loop - 🎮 Initialized actions for ft09-f340c8e5138e: [6] (loaded 1 cached patterns)
2025-09-06 22:58:45,612 - INFO - src.arc_integration.continuous_learning_loop - Action 6 successful for lp85-2e205bbe3622
2025-09-06 22:58:45,612 - INFO - src.arc_integration.continuous_learning_loop - 🎮 Initialized actions for lp85-2e205bbe3622: [6] (loaded 1 cached patterns)
2025-09-06 22:58:45,652 - WARNING - src.arc_integration.continuous_learning_loop - Frame analysis failed for sp80-5f3511b239b8: max() iterable argument is empty
2025-09-06 22:58:45,653 - INFO - src.arc_integration.continuous_learning_loop - 🎮 Initialized actions for sp80-5f3511b239b8: [1, 2, 3, 4, 5, 6] (loaded 4 cached patterns)
2025-09-06 22:58:45,780 - INFO - src.arc_integration.continuous_learning_loop - Action 6 successful for ft09-f340c8e5138e
2025-09-06 22:58:45,781 - INFO - src.arc_integration.continuous_learning_loop - 🎮 Initialized actions for ft09-f340c8e5138e: [6] (loaded 1 cached patterns)
2025-09-06 22:58:45,798 - WARNING - src.arc_integration.continuous_learning_loop - Frame analysis failed for lp85-2e205bbe3622: max() iterable argument is empty
2025-09-06 22:58:45,799 - INFO - src.arc_integration.continuous_learning_loop - 🎮 Initialized actions for lp85-2e205bbe3622: [6] (loaded 1 cached patterns)
2025-09-06 22:58:45,914 - INFO - src.arc_integration.continuous_learning_loop - Action 1 successful for sp80-5f3511b239b8
2025-09-06 22:58:45,915 - INFO - src.arc_integration.continuous_learning_loop - 🎮 Initialized actions for sp80-5f3511b239b8: [1, 2, 3, 4, 5, 6] (loaded 4 cached patterns)
2025-09-06 22:58:45,922 - INFO - src.arc_integration.continuous_learning_loop - Action 6 successful for lp85-2e205bbe3622
2025-09-06 22:58:45,923 - INFO - src.arc_integration.continuous_learning_loop - 🎮 Initialized actions for lp85-2e205bbe3622: [6] (loaded 1 cached patterns)
2025-09-06 22:58:45,977 - WARNING - src.arc_integration.continuous_learning_loop - Frame analysis failed for ft09-f340c8e5138e: max() iterable argument is empty
2025-09-06 22:58:45,978 - INFO - src.arc_integration.continuous_learning_loop - 🎮 Initialized actions for ft09-f340c8e5138e: [6] (loaded 1 cached patterns)
2025-09-06 22:58:46,083 - WARNING - src.arc_integration.continuous_learning_loop - Frame analysis failed for sp80-5f3511b239b8: max() iterable argument is empty
2025-09-06 22:58:46,083 - INFO - src.arc_integration.continuous_learning_loop - 🎮 Initialized actions for sp80-5f3511b239b8: [1, 2, 3, 4, 5, 6] (loaded 4 cached patterns)
2025-09-06 22:58:46,093 - INFO - src.arc_integration.continuous_learning_loop - Action 6 successful for ft09-f340c8e5138e
2025-09-06 22:58:46,094 - INFO - src.arc_integration.continuous_learning_loop - 🎮 Initialized actions for ft09-f340c8e5138e: [6] (loaded 1 cached patterns)
2025-09-06 22:58:46,110 - WARNING - src.arc_integration.continuous_learning_loop - Frame analysis failed for lp85-2e205bbe3622: max() iterable argument is empty
2025-09-06 22:58:46,111 - INFO - src.arc_integration.continuous_learning_loop - 🎮 Initialized actions for lp85-2e205bbe3622: [6] (loaded 1 cached patterns)
2025-09-06 22:58:46,247 - INFO - src.arc_integration.continuous_learning_loop - Action 6 successful for lp85-2e205bbe3622
2025-09-06 22:58:46,313 - WARNING - src.arc_integration.continuous_learning_loop - Frame analysis failed for ft09-f340c8e5138e: max() iterable argument is empty
2025-09-06 22:58:46,313 - INFO - src.arc_integration.continuous_learning_loop - 🎮 Initialized actions for ft09-f340c8e5138e: [6] (loaded 1 cached patterns)
2025-09-06 22:58:46,372 - INFO - src.arc_integration.continuous_learning_loop - Action 1 successful for sp80-5f3511b239b8
2025-09-06 22:58:46,373 - INFO - src.arc_integration.continuous_learning_loop - 🎮 Initialized actions for sp80-5f3511b239b8: [1, 2, 3, 4, 5, 6] (loaded 4 cached patterns)
2025-09-06 22:58:46,419 - INFO - src.arc_integration.continuous_learning_loop - Action 6 successful for ft09-f340c8e5138e
2025-09-06 22:58:46,420 - INFO - src.arc_integration.continuous_learning_loop - 🎮 Initialized actions for ft09-f340c8e5138e: [6] (loaded 1 cached patterns)
2025-09-06 22:58:46,435 - WARNING - src.arc_integration.continuous_learning_loop - Frame analysis failed for lp85-2e205bbe3622: max() iterable argument is empty
2025-09-06 22:58:46,436 - INFO - src.arc_integration.continuous_learning_loop - 🎮 Initialized actions for lp85-2e205bbe3622: [6] (loaded 1 cached patterns)
2025-09-06 22:58:46,566 - WARNING - src.arc_integration.continuous_learning_loop - Frame analysis failed for sp80-5f3511b239b8: max() iterable argument is empty
2025-09-06 22:58:46,567 - INFO - src.arc_integration.continuous_learning_loop - 🎮 Initialized actions for sp80-5f3511b239b8: [1, 2, 3, 4, 5, 6] (loaded 4 cached patterns)
2025-09-06 22:58:46,576 - INFO - src.arc_integration.continuous_learning_loop - Action 6 successful for lp85-2e205bbe3622
2025-09-06 22:58:46,577 - INFO - src.arc_integration.continuous_learning_loop - 🎮 Initialized actions for lp85-2e205bbe3622: [6] (loaded 1 cached patterns)
2025-09-06 22:58:46,599 - WARNING - src.arc_integration.continuous_learning_loop - Frame analysis failed for ft09-f340c8e5138e: max() iterable argument is empty
2025-09-06 22:58:46,600 - INFO - src.arc_integration.continuous_learning_loop - 🎮 Initialized actions for ft09-f340c8e5138e: [6] (loaded 1 cached patterns)
2025-09-06 22:58:46,705 - INFO - src.arc_integration.continuous_learning_loop - Action 2 successful for sp80-5f3511b239b8
2025-09-06 22:58:46,706 - INFO - src.arc_integration.continuous_learning_loop - 🎮 Initialized actions for sp80-5f3511b239b8: [1, 2, 3, 4, 5, 6] (loaded 4 cached patterns)
2025-09-06 22:58:46,749 - WARNING - src.arc_integration.continuous_learning_loop - Frame analysis failed for lp85-2e205bbe3622: max() iterable argument is empty
2025-09-06 22:58:46,750 - INFO - src.arc_integration.continuous_learning_loop - 🎮 Initialized actions for lp85-2e205bbe3622: [6] (loaded 1 cached patterns)
2025-09-06 22:58:46,852 - INFO - src.arc_integration.continuous_learning_loop - Action 6 successful for ft09-f340c8e5138e
2025-09-06 22:58:46,853 - INFO - src.arc_integration.continuous_learning_loop - 🎮 Initialized actions for ft09-f340c8e5138e: [6] (loaded 1 cached patterns)
2025-09-06 22:58:46,869 - WARNING - src.arc_integration.continuous_learning_loop - Frame analysis failed for sp80-5f3511b239b8: max() iterable argument is empty
2025-09-06 22:58:46,870 - INFO - src.arc_integration.continuous_learning_loop - 🎮 Initialized actions for sp80-5f3511b239b8: [1, 2, 3, 4, 5, 6] (loaded 4 cached patterns)
2025-09-06 22:58:46,986 - INFO - src.arc_integration.continuous_learning_loop - Action 6 successful for lp85-2e205bbe3622
2025-09-06 22:58:46,987 - INFO - src.arc_integration.continuous_learning_loop - 🎮 Initialized actions for lp85-2e205bbe3622: [6] (loaded 1 cached patterns)
2025-09-06 22:58:47,012 - INFO - src.arc_integration.continuous_learning_loop - Action 1 successful for sp80-5f3511b239b8
2025-09-06 22:58:47,012 - INFO - src.arc_integration.continuous_learning_loop - 🎮 Initialized actions for sp80-5f3511b239b8: [1, 2, 3, 4, 5, 6] (loaded 4 cached patterns)
2025-09-06 22:58:47,042 - WARNING - src.arc_integration.continuous_learning_loop - Frame analysis failed for ft09-f340c8e5138e: max() iterable argument is empty
2025-09-06 22:58:47,043 - INFO - src.arc_integration.continuous_learning_loop - 🎮 Initialized actions for ft09-f340c8e5138e: [6] (loaded 1 cached patterns)
2025-09-06 22:58:47,182 - WARNING - src.arc_integration.continuous_learning_loop - Frame analysis failed for lp85-2e205bbe3622: max() iterable argument is empty
2025-09-06 22:58:47,183 - INFO - src.arc_integration.continuous_learning_loop - 🎮 Initialized actions for lp85-2e205bbe3622: [6] (loaded 1 cached patterns)
2025-09-06 22:58:47,193 - WARNING - src.arc_integration.continuous_learning_loop - Frame analysis failed for sp80-5f3511b239b8: max() iterable argument is empty
2025-09-06 22:58:47,194 - INFO - src.arc_integration.continuous_learning_loop - 🎮 Initialized actions for sp80-5f3511b239b8: [1, 2, 3, 4, 5, 6] (loaded 4 cached patterns)
2025-09-06 22:58:47,301 - INFO - src.arc_integration.continuous_learning_loop - Action 6 successful for lp85-2e205bbe3622
2025-09-06 22:58:47,301 - INFO - src.arc_integration.continuous_learning_loop - 🎮 Initialized actions for lp85-2e205bbe3622: [6] (loaded 1 cached patterns)
2025-09-06 22:58:47,317 - INFO - src.arc_integration.continuous_learning_loop - Action 6 successful for ft09-f340c8e5138e
2025-09-06 22:58:47,318 - INFO - src.arc_integration.continuous_learning_loop - 🎮 Initialized actions for ft09-f340c8e5138e: [6] (loaded 1 cached patterns)
2025-09-06 22:58:47,434 - INFO - src.arc_integration.continuous_learning_loop - Action 1 successful for sp80-5f3511b239b8
2025-09-06 22:58:47,434 - INFO - src.arc_integration.continuous_learning_loop - 🎮 Initialized actions for sp80-5f3511b239b8: [1, 2, 3, 4, 5, 6] (loaded 4 cached patterns)
2025-09-06 22:58:47,479 - WARNING - src.arc_integration.continuous_learning_loop - Frame analysis failed for lp85-2e205bbe3622: max() iterable argument is empty
2025-09-06 22:58:47,480 - INFO - src.arc_integration.continuous_learning_loop - 🎮 Initialized actions for lp85-2e205bbe3622: [6] (loaded 1 cached patterns)
2025-09-06 22:58:47,487 - WARNING - src.arc_integration.continuous_learning_loop - Frame analysis failed for ft09-f340c8e5138e: max() iterable argument is empty
2025-09-06 22:58:47,488 - INFO - src.arc_integration.continuous_learning_loop - 🎮 Initialized actions for ft09-f340c8e5138e: [6] (loaded 1 cached patterns)
2025-09-06 22:58:47,585 - INFO - src.arc_integration.continuous_learning_loop - Action 6 successful for lp85-2e205bbe3622
2025-09-06 22:58:47,585 - INFO - src.arc_integration.continuous_learning_loop - 🎮 Initialized actions for lp85-2e205bbe3622: [6] (loaded 1 cached patterns)
2025-09-06 22:58:47,601 - WARNING - src.arc_integration.continuous_learning_loop - Frame analysis failed for sp80-5f3511b239b8: max() iterable argument is empty
2025-09-06 22:58:47,602 - INFO - src.arc_integration.continuous_learning_loop - 🎮 Initialized actions for sp80-5f3511b239b8: [1, 2, 3, 4, 5, 6] (loaded 4 cached patterns)
2025-09-06 22:58:47,713 - INFO - src.arc_integration.continuous_learning_loop - Action 3 successful for sp80-5f3511b239b8
2025-09-06 22:58:47,718 - INFO - src.arc_integration.continuous_learning_loop - Action 6 successful for ft09-f340c8e5138e
2025-09-06 22:58:47,719 - INFO - src.arc_integration.continuous_learning_loop - 🎮 Initialized actions for ft09-f340c8e5138e: [6] (loaded 1 cached patterns)
2025-09-06 22:58:47,778 - WARNING - src.arc_integration.continuous_learning_loop - Frame analysis failed for lp85-2e205bbe3622: max() iterable argument is empty
2025-09-06 22:58:47,778 - INFO - src.arc_integration.continuous_learning_loop - 🎮 Initialized actions for lp85-2e205bbe3622: [6] (loaded 1 cached patterns)
2025-09-06 22:58:47,882 - INFO - src.arc_integration.continuous_learning_loop - Action 6 successful for lp85-2e205bbe3622
2025-09-06 22:58:47,895 - WARNING - src.arc_integration.continuous_learning_loop - Frame analysis failed for sp80-5f3511b239b8: max() iterable argument is empty
2025-09-06 22:58:47,895 - INFO - src.arc_integration.continuous_learning_loop - 🎮 Initialized actions for sp80-5f3511b239b8: [1, 2, 3, 4, 5, 6] (loaded 4 cached patterns)
2025-09-06 22:58:47,905 - WARNING - src.arc_integration.continuous_learning_loop - Frame analysis failed for ft09-f340c8e5138e: max() iterable argument is empty
2025-09-06 22:58:47,905 - INFO - src.arc_integration.continuous_learning_loop - 🎮 Initialized actions for ft09-f340c8e5138e: [6] (loaded 1 cached patterns)
2025-09-06 22:58:48,017 - INFO - src.arc_integration.continuous_learning_loop - Action 1 successful for sp80-5f3511b239b8
2025-09-06 22:58:48,018 - INFO - src.arc_integration.continuous_learning_loop - 🎮 Initialized actions for sp80-5f3511b239b8: [1, 2, 3, 4, 5, 6] (loaded 4 cached patterns)
2025-09-06 22:58:48,076 - WARNING - src.arc_integration.continuous_learning_loop - Frame analysis failed for lp85-2e205bbe3622: max() iterable argument is empty
2025-09-06 22:58:48,077 - INFO - src.arc_integration.continuous_learning_loop - 🎮 Initialized actions for lp85-2e205bbe3622: [6] (loaded 1 cached patterns)
2025-09-06 22:58:48,134 - INFO - src.arc_integration.continuous_learning_loop - Action 6 successful for ft09-f340c8e5138e
2025-09-06 22:58:48,135 - INFO - src.arc_integration.continuous_learning_loop - 🎮 Initialized actions for ft09-f340c8e5138e: [6] (loaded 1 cached patterns)
2025-09-06 22:58:48,191 - WARNING - src.arc_integration.continuous_learning_loop - Frame analysis failed for sp80-5f3511b239b8: max() iterable argument is empty
2025-09-06 22:58:48,192 - INFO - src.arc_integration.continuous_learning_loop - 🎮 Initialized actions for sp80-5f3511b239b8: [1, 2, 3, 4, 5, 6] (loaded 4 cached patterns)
2025-09-06 22:58:48,296 - INFO - src.arc_integration.continuous_learning_loop - Action 1 successful for sp80-5f3511b239b8
2025-09-06 22:58:48,302 - WARNING - src.arc_integration.continuous_learning_loop - Frame analysis failed for ft09-f340c8e5138e: max() iterable argument is empty
2025-09-06 22:58:48,303 - INFO - src.arc_integration.continuous_learning_loop - 🎮 Initialized actions for ft09-f340c8e5138e: [6] (loaded 1 cached patterns)
2025-09-06 22:58:48,313 - INFO - src.arc_integration.continuous_learning_loop - Action 6 successful for lp85-2e205bbe3622
2025-09-06 22:58:48,313 - INFO - src.arc_integration.continuous_learning_loop - 🎮 Initialized actions for lp85-2e205bbe3622: [6] (loaded 1 cached patterns)
2025-09-06 22:58:48,472 - WARNING - src.arc_integration.continuous_learning_loop - Frame analysis failed for sp80-5f3511b239b8: max() iterable argument is empty
2025-09-06 22:58:48,473 - INFO - src.arc_integration.continuous_learning_loop - 🎮 Initialized actions for sp80-5f3511b239b8: [1, 2, 3, 4, 5, 6] (loaded 4 cached patterns)
2025-09-06 22:58:48,482 - WARNING - src.arc_integration.continuous_learning_loop - Frame analysis failed for lp85-2e205bbe3622: max() iterable argument is empty
2025-09-06 22:58:48,483 - INFO - src.arc_integration.continuous_learning_loop - 🎮 Initialized actions for lp85-2e205bbe3622: [6] (loaded 1 cached patterns)
2025-09-06 22:58:48,531 - INFO - src.arc_integration.continuous_learning_loop - Action 6 successful for ft09-f340c8e5138e
2025-09-06 22:58:48,531 - INFO - src.arc_integration.continuous_learning_loop - 🎮 Initialized actions for ft09-f340c8e5138e: [6] (loaded 1 cached patterns)
2025-09-06 22:58:48,711 - INFO - src.arc_integration.continuous_learning_loop - Action 4 successful for sp80-5f3511b239b8
2025-09-06 22:58:48,712 - INFO - src.arc_integration.continuous_learning_loop - 🎮 Initialized actions for sp80-5f3511b239b8: [1, 2, 3, 4, 5, 6] (loaded 4 cached patterns)
2025-09-06 22:58:48,719 - WARNING - src.arc_integration.continuous_learning_loop - Frame analysis failed for ft09-f340c8e5138e: max() iterable argument is empty
2025-09-06 22:58:48,720 - INFO - src.arc_integration.continuous_learning_loop - 🎮 Initialized actions for ft09-f340c8e5138e: [6] (loaded 1 cached patterns)
2025-09-06 22:58:48,729 - INFO - src.arc_integration.continuous_learning_loop - Action 6 successful for lp85-2e205bbe3622
2025-09-06 22:58:48,729 - INFO - src.arc_integration.continuous_learning_loop - 🎮 Initialized actions for lp85-2e205bbe3622: [6] (loaded 1 cached patterns)
2025-09-06 22:58:48,898 - WARNING - src.arc_integration.continuous_learning_loop - Frame analysis failed for sp80-5f3511b239b8: max() iterable argument is empty
2025-09-06 22:58:48,899 - INFO - src.arc_integration.continuous_learning_loop - 🎮 Initialized actions for sp80-5f3511b239b8: [1, 2, 3, 4, 5, 6] (loaded 4 cached patterns)
2025-09-06 22:58:48,910 - WARNING - src.arc_integration.continuous_learning_loop - Frame analysis failed for lp85-2e205bbe3622: max() iterable argument is empty
2025-09-06 22:58:48,911 - INFO - src.arc_integration.continuous_learning_loop - 🎮 Initialized actions for lp85-2e205bbe3622: [6] (loaded 1 cached patterns)
2025-09-06 22:58:48,961 - INFO - src.arc_integration.continuous_learning_loop - Action 6 successful for ft09-f340c8e5138e
2025-09-06 22:58:48,962 - INFO - src.arc_integration.continuous_learning_loop - 🎮 Initialized actions for ft09-f340c8e5138e: [6] (loaded 1 cached patterns)
2025-09-06 22:58:49,015 - INFO - src.arc_integration.continuous_learning_loop - Action 1 successful for sp80-5f3511b239b8
2025-09-06 22:58:49,015 - INFO - src.arc_integration.continuous_learning_loop - 🎮 Initialized actions for sp80-5f3511b239b8: [1, 2, 3, 4, 5, 6] (loaded 4 cached patterns)
2025-09-06 22:58:49,025 - INFO - src.arc_integration.continuous_learning_loop - Action 6 successful for lp85-2e205bbe3622
2025-09-06 22:58:49,026 - INFO - src.arc_integration.continuous_learning_loop - 🎮 Initialized actions for lp85-2e205bbe3622: [6] (loaded 1 cached patterns)
2025-09-06 22:58:49,140 - WARNING - src.arc_integration.continuous_learning_loop - Frame analysis failed for ft09-f340c8e5138e: max() iterable argument is empty
2025-09-06 22:58:49,141 - INFO - src.arc_integration.continuous_learning_loop - 🎮 Initialized actions for ft09-f340c8e5138e: [6] (loaded 1 cached patterns)
2025-09-06 22:58:49,175 - WARNING - src.arc_integration.continuous_learning_loop - Frame analysis failed for sp80-5f3511b239b8: max() iterable argument is empty
2025-09-06 22:58:49,176 - INFO - src.arc_integration.continuous_learning_loop - 🎮 Initialized actions for sp80-5f3511b239b8: [1, 2, 3, 4, 5, 6] (loaded 4 cached patterns)
2025-09-06 22:58:49,205 - WARNING - src.arc_integration.continuous_learning_loop - Frame analysis failed for lp85-2e205bbe3622: max() iterable argument is empty
2025-09-06 22:58:49,206 - INFO - src.arc_integration.continuous_learning_loop - 🎮 Initialized actions for lp85-2e205bbe3622: [6] (loaded 1 cached patterns)
2025-09-06 22:58:49,254 - INFO - src.arc_integration.continuous_learning_loop - Action 6 successful for ft09-f340c8e5138e
2025-09-06 22:58:49,255 - INFO - src.arc_integration.continuous_learning_loop - 🎮 Initialized actions for ft09-f340c8e5138e: [6] (loaded 1 cached patterns)
2025-09-06 22:58:49,314 - INFO - src.arc_integration.continuous_learning_loop - Action 6 successful for lp85-2e205bbe3622
2025-09-06 22:58:49,315 - INFO - src.arc_integration.continuous_learning_loop - 🎮 Initialized actions for lp85-2e205bbe3622: [6] (loaded 1 cached patterns)
2025-09-06 22:58:49,433 - INFO - src.arc_integration.continuous_learning_loop - Action 1 successful for sp80-5f3511b239b8
2025-09-06 22:58:49,433 - INFO - src.arc_integration.continuous_learning_loop - 🎮 Initialized actions for sp80-5f3511b239b8: [1, 2, 3, 4, 5, 6] (loaded 4 cached patterns)
2025-09-06 22:58:49,439 - WARNING - src.arc_integration.continuous_learning_loop - Frame analysis failed for ft09-f340c8e5138e: max() iterable argument is empty
2025-09-06 22:58:49,440 - INFO - src.arc_integration.continuous_learning_loop - 🎮 Initialized actions for ft09-f340c8e5138e: [6] (loaded 1 cached patterns)
2025-09-06 22:58:49,687 - INFO - src.arc_integration.continuous_learning_loop - Action 6 successful for ft09-f340c8e5138e
2025-09-06 22:58:50,028 - INFO - src.arc_integration.continuous_learning_loop - 💾 Saved action intelligence for ft09-f340c8e5138e: 1 effective actions
2025-09-06 22:58:50,034 - INFO - src.arc_integration.continuous_learning_loop - 🧠 Action Intelligence for ft09-f340c8e5138e: 1/1 effective actions, 20 coordinate patterns learned
2025-09-06 22:58:52,446 - WARNING - src.arc_integration.continuous_learning_loop - Frame analysis failed for as66-821a4dcad9c2: max() iterable argument is empty
2025-09-06 22:58:52,447 - INFO - src.arc_integration.continuous_learning_loop - 🧠 Loaded action intelligence for as66-821a4dcad9c2: 4 effective actions
2025-09-06 22:58:52,448 - INFO - src.arc_integration.continuous_learning_loop - 🎮 Initialized actions for as66-821a4dcad9c2: [1, 2, 3, 4, 6] (loaded 4 cached patterns)
2025-09-06 22:58:52,458 - WARNING - src.arc_integration.continuous_learning_loop - Frame analysis failed for vc33-58ec4396715d: max() iterable argument is empty
2025-09-06 22:58:52,460 - INFO - src.arc_integration.continuous_learning_loop - 🧠 Loaded action intelligence for vc33-58ec4396715d: 1 effective actions
2025-09-06 22:58:52,461 - INFO - src.arc_integration.continuous_learning_loop - 🎮 Initialized actions for vc33-58ec4396715d: [6] (loaded 1 cached patterns)
2025-09-06 22:58:52,594 - WARNING - src.arc_integration.continuous_learning_loop - Frame analysis failed for ls20-fa137e247ce6: max() iterable argument is empty
2025-09-06 22:58:52,595 - INFO - src.arc_integration.continuous_learning_loop - 🧠 Loaded action intelligence for ls20-fa137e247ce6: 3 effective actions
2025-09-06 22:58:52,595 - INFO - src.arc_integration.continuous_learning_loop - 🎮 Initialized actions for ls20-fa137e247ce6: [1, 2, 3, 4] (loaded 3 cached patterns)
2025-09-06 22:58:52,707 - INFO - src.arc_integration.continuous_learning_loop - Action 5 successful for as66-821a4dcad9c2
2025-09-06 22:58:52,707 - INFO - src.arc_integration.continuous_learning_loop - 🎮 Initialized actions for as66-821a4dcad9c2: [1, 2, 3, 4, 6] (loaded 4 cached patterns)
2025-09-06 22:58:52,713 - INFO - src.arc_integration.continuous_learning_loop - Action 6 successful for vc33-58ec4396715d
2025-09-06 22:58:52,714 - INFO - src.arc_integration.continuous_learning_loop - 🎮 Initialized actions for vc33-58ec4396715d: [6] (loaded 1 cached patterns)
2025-09-06 22:58:52,849 - INFO - src.arc_integration.continuous_learning_loop - Action 1 successful for ls20-fa137e247ce6
2025-09-06 22:58:52,850 - INFO - src.arc_integration.continuous_learning_loop - 🎮 Initialized actions for ls20-fa137e247ce6: [1, 2, 3, 4] (loaded 3 cached patterns)
2025-09-06 22:58:52,896 - WARNING - src.arc_integration.continuous_learning_loop - Frame analysis failed for as66-821a4dcad9c2: max() iterable argument is empty
2025-09-06 22:58:52,897 - INFO - src.arc_integration.continuous_learning_loop - 🎮 Initialized actions for as66-821a4dcad9c2: [1, 2, 3, 4, 6] (loaded 4 cached patterns)
2025-09-06 22:58:52,907 - WARNING - src.arc_integration.continuous_learning_loop - Frame analysis failed for vc33-58ec4396715d: max() iterable argument is empty
2025-09-06 22:58:52,907 - INFO - src.arc_integration.continuous_learning_loop - 🎮 Initialized actions for vc33-58ec4396715d: [6] (loaded 1 cached patterns)
2025-09-06 22:58:53,040 - WARNING - src.arc_integration.continuous_learning_loop - Frame analysis failed for ls20-fa137e247ce6: max() iterable argument is empty
2025-09-06 22:58:53,041 - INFO - src.arc_integration.continuous_learning_loop - 🎮 Initialized actions for ls20-fa137e247ce6: [1, 2, 3, 4] (loaded 3 cached patterns)
2025-09-06 22:58:53,227 - INFO - src.arc_integration.continuous_learning_loop - Action 1 successful for as66-821a4dcad9c2
2025-09-06 22:58:53,228 - INFO - src.arc_integration.continuous_learning_loop - 🎮 Initialized actions for as66-821a4dcad9c2: [1, 2, 3, 4, 6] (loaded 4 cached patterns)
2025-09-06 22:58:53,253 - INFO - src.arc_integration.continuous_learning_loop - Action 6 successful for vc33-58ec4396715d
2025-09-06 22:58:53,253 - INFO - src.arc_integration.continuous_learning_loop - 🎮 Initialized actions for vc33-58ec4396715d: [6] (loaded 1 cached patterns)
2025-09-06 22:58:53,277 - INFO - src.arc_integration.continuous_learning_loop - Action 1 successful for ls20-fa137e247ce6
2025-09-06 22:58:53,278 - INFO - src.arc_integration.continuous_learning_loop - 🎮 Initialized actions for ls20-fa137e247ce6: [1, 2, 3, 4] (loaded 3 cached patterns)
2025-09-06 22:58:53,403 - WARNING - src.arc_integration.continuous_learning_loop - Frame analysis failed for as66-821a4dcad9c2: max() iterable argument is empty
2025-09-06 22:58:53,404 - INFO - src.arc_integration.continuous_learning_loop - 🎮 Initialized actions for as66-821a4dcad9c2: [1, 2, 3, 4, 6] (loaded 4 cached patterns)
2025-09-06 22:58:53,427 - WARNING - src.arc_integration.continuous_learning_loop - Frame analysis failed for vc33-58ec4396715d: max() iterable argument is empty
2025-09-06 22:58:53,428 - INFO - src.arc_integration.continuous_learning_loop - 🎮 Initialized actions for vc33-58ec4396715d: [6] (loaded 1 cached patterns)
2025-09-06 22:58:53,439 - WARNING - src.arc_integration.continuous_learning_loop - Frame analysis failed for ls20-fa137e247ce6: max() iterable argument is empty
2025-09-06 22:58:53,440 - INFO - src.arc_integration.continuous_learning_loop - 🎮 Initialized actions for ls20-fa137e247ce6: [1, 2, 3, 4] (loaded 3 cached patterns)
2025-09-06 22:58:53,535 - INFO - src.arc_integration.continuous_learning_loop - Action 1 successful for as66-821a4dcad9c2
2025-09-06 22:58:53,536 - INFO - src.arc_integration.continuous_learning_loop - 🎮 Initialized actions for as66-821a4dcad9c2: [1, 2, 3, 4, 6] (loaded 4 cached patterns)
2025-09-06 22:58:53,555 - INFO - src.arc_integration.continuous_learning_loop - Action 6 successful for vc33-58ec4396715d
2025-09-06 22:58:53,555 - INFO - src.arc_integration.continuous_learning_loop - 🎮 Initialized actions for vc33-58ec4396715d: [6] (loaded 1 cached patterns)
2025-09-06 22:58:53,752 - WARNING - src.arc_integration.continuous_learning_loop - Frame analysis failed for as66-821a4dcad9c2: max() iterable argument is empty
2025-09-06 22:58:53,753 - INFO - src.arc_integration.continuous_learning_loop - 🎮 Initialized actions for as66-821a4dcad9c2: [1, 2, 3, 4, 6] (loaded 4 cached patterns)
2025-09-06 22:58:53,766 - WARNING - src.arc_integration.continuous_learning_loop - Frame analysis failed for vc33-58ec4396715d: max() iterable argument is empty
2025-09-06 22:58:53,767 - INFO - src.arc_integration.continuous_learning_loop - 🎮 Initialized actions for vc33-58ec4396715d: [6] (loaded 1 cached patterns)
2025-09-06 22:58:53,775 - INFO - src.arc_integration.continuous_learning_loop - Action 2 successful for ls20-fa137e247ce6
2025-09-06 22:58:53,775 - INFO - src.arc_integration.continuous_learning_loop - 🎮 Initialized actions for ls20-fa137e247ce6: [1, 2, 3, 4] (loaded 3 cached patterns)
2025-09-06 22:58:53,891 - INFO - src.arc_integration.continuous_learning_loop - Action 6 successful for vc33-58ec4396715d
2025-09-06 22:58:53,893 - INFO - src.arc_integration.continuous_learning_loop - 🎮 Initialized actions for vc33-58ec4396715d: [6] (loaded 1 cached patterns)
2025-09-06 22:58:53,909 - INFO - src.arc_integration.continuous_learning_loop - Action 1 successful for as66-821a4dcad9c2
2025-09-06 22:58:53,910 - INFO - src.arc_integration.continuous_learning_loop - 🎮 Initialized actions for as66-821a4dcad9c2: [1, 2, 3, 4, 6] (loaded 4 cached patterns)
2025-09-06 22:58:53,951 - WARNING - src.arc_integration.continuous_learning_loop - Frame analysis failed for ls20-fa137e247ce6: max() iterable argument is empty
2025-09-06 22:58:53,952 - INFO - src.arc_integration.continuous_learning_loop - 🎮 Initialized actions for ls20-fa137e247ce6: [1, 2, 3, 4] (loaded 3 cached patterns)
2025-09-06 22:58:54,085 - WARNING - src.arc_integration.continuous_learning_loop - Frame analysis failed for vc33-58ec4396715d: max() iterable argument is empty
2025-09-06 22:58:54,085 - INFO - src.arc_integration.continuous_learning_loop - 🎮 Initialized actions for vc33-58ec4396715d: [6] (loaded 1 cached patterns)
2025-09-06 22:58:54,098 - WARNING - src.arc_integration.continuous_learning_loop - Frame analysis failed for as66-821a4dcad9c2: max() iterable argument is empty
2025-09-06 22:58:54,099 - INFO - src.arc_integration.continuous_learning_loop - 🎮 Initialized actions for as66-821a4dcad9c2: [1, 2, 3, 4, 6] (loaded 4 cached patterns)
2025-09-06 22:58:54,117 - INFO - src.arc_integration.continuous_learning_loop - Action 3 successful for ls20-fa137e247ce6
2025-09-06 22:58:54,118 - INFO - src.arc_integration.continuous_learning_loop - 🎮 Initialized actions for ls20-fa137e247ce6: [1, 2, 3, 4] (loaded 3 cached patterns)
2025-09-06 22:58:54,206 - INFO - src.arc_integration.continuous_learning_loop - Action 6 successful for vc33-58ec4396715d
2025-09-06 22:58:54,206 - INFO - src.arc_integration.continuous_learning_loop - 🎮 Initialized actions for vc33-58ec4396715d: [6] (loaded 1 cached patterns)
2025-09-06 22:58:54,235 - INFO - src.arc_integration.continuous_learning_loop - Action 1 successful for as66-821a4dcad9c2
2025-09-06 22:58:54,236 - INFO - src.arc_integration.continuous_learning_loop - 🎮 Initialized actions for as66-821a4dcad9c2: [1, 2, 3, 4, 6] (loaded 4 cached patterns)
2025-09-06 22:58:54,301 - WARNING - src.arc_integration.continuous_learning_loop - Frame analysis failed for ls20-fa137e247ce6: max() iterable argument is empty
2025-09-06 22:58:54,302 - INFO - src.arc_integration.continuous_learning_loop - 🎮 Initialized actions for ls20-fa137e247ce6: [1, 2, 3, 4] (loaded 3 cached patterns)
2025-09-06 22:58:54,423 - WARNING - src.arc_integration.continuous_learning_loop - Frame analysis failed for vc33-58ec4396715d: max() iterable argument is empty
2025-09-06 22:58:54,423 - INFO - src.arc_integration.continuous_learning_loop - 🎮 Initialized actions for vc33-58ec4396715d: [6] (loaded 1 cached patterns)
2025-09-06 22:58:54,445 - WARNING - src.arc_integration.continuous_learning_loop - Frame analysis failed for as66-821a4dcad9c2: max() iterable argument is empty
2025-09-06 22:58:54,446 - INFO - src.arc_integration.continuous_learning_loop - 🎮 Initialized actions for as66-821a4dcad9c2: [1, 2, 3, 4, 6] (loaded 4 cached patterns)
2025-09-06 22:58:54,567 - INFO - src.arc_integration.continuous_learning_loop - Action 6 successful for vc33-58ec4396715d
2025-09-06 22:58:54,568 - INFO - src.arc_integration.continuous_learning_loop - 🎮 Initialized actions for vc33-58ec4396715d: [6] (loaded 1 cached patterns)
2025-09-06 22:58:54,585 - INFO - src.arc_integration.continuous_learning_loop - Action 1 successful for as66-821a4dcad9c2
2025-09-06 22:58:54,585 - INFO - src.arc_integration.continuous_learning_loop - 🎮 Initialized actions for as66-821a4dcad9c2: [1, 2, 3, 4, 6] (loaded 4 cached patterns)
2025-09-06 22:58:54,599 - INFO - src.arc_integration.continuous_learning_loop - Action 1 successful for ls20-fa137e247ce6
2025-09-06 22:58:54,600 - INFO - src.arc_integration.continuous_learning_loop - 🎮 Initialized actions for ls20-fa137e247ce6: [1, 2, 3, 4] (loaded 3 cached patterns)
2025-09-06 22:58:54,752 - WARNING - src.arc_integration.continuous_learning_loop - Frame analysis failed for vc33-58ec4396715d: max() iterable argument is empty
2025-09-06 22:58:54,753 - INFO - src.arc_integration.continuous_learning_loop - 🎮 Initialized actions for vc33-58ec4396715d: [6] (loaded 1 cached patterns)
2025-09-06 22:58:54,764 - WARNING - src.arc_integration.continuous_learning_loop - Frame analysis failed for as66-821a4dcad9c2: max() iterable argument is empty
2025-09-06 22:58:54,764 - INFO - src.arc_integration.continuous_learning_loop - 🎮 Initialized actions for as66-821a4dcad9c2: [1, 2, 3, 4, 6] (loaded 4 cached patterns)
2025-09-06 22:58:54,774 - WARNING - src.arc_integration.continuous_learning_loop - Frame analysis failed for ls20-fa137e247ce6: max() iterable argument is empty
2025-09-06 22:58:54,775 - INFO - src.arc_integration.continuous_learning_loop - 🎮 Initialized actions for ls20-fa137e247ce6: [1, 2, 3, 4] (loaded 3 cached patterns)
2025-09-06 22:58:54,914 - INFO - src.arc_integration.continuous_learning_loop - Action 6 successful for as66-821a4dcad9c2
2025-09-06 22:58:54,915 - INFO - src.arc_integration.continuous_learning_loop - 🎮 Initialized actions for as66-821a4dcad9c2: [1, 2, 3, 4, 6] (loaded 4 cached patterns)
2025-09-06 22:58:54,931 - INFO - src.arc_integration.continuous_learning_loop - Action 1 successful for ls20-fa137e247ce6
2025-09-06 22:58:54,932 - INFO - src.arc_integration.continuous_learning_loop - 🎮 Initialized actions for ls20-fa137e247ce6: [1, 2, 3, 4] (loaded 3 cached patterns)
2025-09-06 22:58:54,989 - INFO - src.arc_integration.continuous_learning_loop - Action 6 successful for vc33-58ec4396715d
2025-09-06 22:58:54,990 - INFO - src.arc_integration.continuous_learning_loop - 🎮 Initialized actions for vc33-58ec4396715d: [6] (loaded 1 cached patterns)
2025-09-06 22:58:55,099 - WARNING - src.arc_integration.continuous_learning_loop - Frame analysis failed for as66-821a4dcad9c2: max() iterable argument is empty
2025-09-06 22:58:55,100 - INFO - src.arc_integration.continuous_learning_loop - 🎮 Initialized actions for as66-821a4dcad9c2: [1, 2, 3, 4, 6] (loaded 4 cached patterns)
2025-09-06 22:58:55,116 - WARNING - src.arc_integration.continuous_learning_loop - Frame analysis failed for ls20-fa137e247ce6: max() iterable argument is empty
2025-09-06 22:58:55,116 - INFO - src.arc_integration.continuous_learning_loop - 🎮 Initialized actions for ls20-fa137e247ce6: [1, 2, 3, 4] (loaded 3 cached patterns)
2025-09-06 22:58:55,169 - WARNING - src.arc_integration.continuous_learning_loop - Frame analysis failed for vc33-58ec4396715d: max() iterable argument is empty
2025-09-06 22:58:55,170 - INFO - src.arc_integration.continuous_learning_loop - 🎮 Initialized actions for vc33-58ec4396715d: [6] (loaded 1 cached patterns)
2025-09-06 22:58:55,225 - INFO - src.arc_integration.continuous_learning_loop - Action 1 successful for as66-821a4dcad9c2
2025-09-06 22:58:55,226 - INFO - src.arc_integration.continuous_learning_loop - 🎮 Initialized actions for as66-821a4dcad9c2: [1, 2, 3, 4, 6] (loaded 4 cached patterns)
2025-09-06 22:58:55,243 - INFO - src.arc_integration.continuous_learning_loop - Action 2 successful for ls20-fa137e247ce6
2025-09-06 22:58:55,243 - INFO - src.arc_integration.continuous_learning_loop - 🎮 Initialized actions for ls20-fa137e247ce6: [1, 2, 3, 4] (loaded 3 cached patterns)
2025-09-06 22:58:55,400 - WARNING - src.arc_integration.continuous_learning_loop - Frame analysis failed for as66-821a4dcad9c2: max() iterable argument is empty
2025-09-06 22:58:55,401 - INFO - src.arc_integration.continuous_learning_loop - 🎮 Initialized actions for as66-821a4dcad9c2: [1, 2, 3, 4, 6] (loaded 4 cached patterns)
2025-09-06 22:58:55,411 - WARNING - src.arc_integration.continuous_learning_loop - Frame analysis failed for ls20-fa137e247ce6: max() iterable argument is empty
2025-09-06 22:58:55,412 - INFO - src.arc_integration.continuous_learning_loop - 🎮 Initialized actions for ls20-fa137e247ce6: [1, 2, 3, 4] (loaded 3 cached patterns)
2025-09-06 22:58:55,446 - INFO - src.arc_integration.continuous_learning_loop - Action 6 successful for vc33-58ec4396715d
2025-09-06 22:58:55,447 - INFO - src.arc_integration.continuous_learning_loop - 🎮 Initialized actions for vc33-58ec4396715d: [6] (loaded 1 cached patterns)
2025-09-06 22:58:55,629 - WARNING - src.arc_integration.continuous_learning_loop - Frame analysis failed for vc33-58ec4396715d: max() iterable argument is empty
2025-09-06 22:58:55,649 - INFO - src.arc_integration.continuous_learning_loop - Action 1 successful for as66-821a4dcad9c2
2025-09-06 22:58:55,650 - INFO - src.arc_integration.continuous_learning_loop - 🎮 Initialized actions for as66-821a4dcad9c2: [1, 2, 3, 4, 6] (loaded 4 cached patterns)
2025-09-06 22:58:55,657 - INFO - src.arc_integration.continuous_learning_loop - Action 3 successful for ls20-fa137e247ce6
2025-09-06 22:58:55,658 - INFO - src.arc_integration.continuous_learning_loop - 🎮 Initialized actions for ls20-fa137e247ce6: [1, 2, 3, 4] (loaded 3 cached patterns)
2025-09-06 22:58:55,811 - WARNING - src.arc_integration.continuous_learning_loop - Frame analysis failed for as66-821a4dcad9c2: max() iterable argument is empty
2025-09-06 22:58:55,812 - INFO - src.arc_integration.continuous_learning_loop - 🎮 Initialized actions for as66-821a4dcad9c2: [1, 2, 3, 4, 6] (loaded 4 cached patterns)
2025-09-06 22:58:55,823 - WARNING - src.arc_integration.continuous_learning_loop - Frame analysis failed for ls20-fa137e247ce6: max() iterable argument is empty
2025-09-06 22:58:55,823 - INFO - src.arc_integration.continuous_learning_loop - 🎮 Initialized actions for ls20-fa137e247ce6: [1, 2, 3, 4] (loaded 3 cached patterns)
2025-09-06 22:58:55,871 - INFO - src.arc_integration.continuous_learning_loop - Action 6 successful for vc33-58ec4396715d
2025-09-06 22:58:55,872 - INFO - src.arc_integration.continuous_learning_loop - 🎮 Initialized actions for vc33-58ec4396715d: [6] (loaded 1 cached patterns)
2025-09-06 22:58:55,926 - INFO - src.arc_integration.continuous_learning_loop - Action 1 successful for as66-821a4dcad9c2
2025-09-06 22:58:55,927 - INFO - src.arc_integration.continuous_learning_loop - 🎮 Initialized actions for as66-821a4dcad9c2: [1, 2, 3, 4, 6] (loaded 4 cached patterns)
2025-09-06 22:58:55,935 - INFO - src.arc_integration.continuous_learning_loop - Action 4 successful for ls20-fa137e247ce6
2025-09-06 22:58:55,935 - INFO - src.arc_integration.continuous_learning_loop - 🎮 Initialized actions for ls20-fa137e247ce6: [1, 2, 3, 4] (loaded 3 cached patterns)
2025-09-06 22:58:56,046 - WARNING - src.arc_integration.continuous_learning_loop - Frame analysis failed for vc33-58ec4396715d: max() iterable argument is empty
2025-09-06 22:58:56,047 - INFO - src.arc_integration.continuous_learning_loop - 🎮 Initialized actions for vc33-58ec4396715d: [6] (loaded 1 cached patterns)
2025-09-06 22:58:56,091 - WARNING - src.arc_integration.continuous_learning_loop - Frame analysis failed for as66-821a4dcad9c2: max() iterable argument is empty
2025-09-06 22:58:56,091 - INFO - src.arc_integration.continuous_learning_loop - 🎮 Initialized actions for as66-821a4dcad9c2: [1, 2, 3, 4, 6] (loaded 4 cached patterns)
2025-09-06 22:58:56,103 - WARNING - src.arc_integration.continuous_learning_loop - Frame analysis failed for ls20-fa137e247ce6: max() iterable argument is empty
2025-09-06 22:58:56,104 - INFO - src.arc_integration.continuous_learning_loop - 🎮 Initialized actions for ls20-fa137e247ce6: [1, 2, 3, 4] (loaded 3 cached patterns)
2025-09-06 22:58:56,213 - INFO - src.arc_integration.continuous_learning_loop - Action 1 successful for ls20-fa137e247ce6
2025-09-06 22:58:56,286 - INFO - src.arc_integration.continuous_learning_loop - Action 6 successful for vc33-58ec4396715d
2025-09-06 22:58:56,286 - INFO - src.arc_integration.continuous_learning_loop - 🎮 Initialized actions for vc33-58ec4396715d: [6] (loaded 1 cached patterns)
2025-09-06 22:58:56,342 - INFO - src.arc_integration.continuous_learning_loop - Action 1 successful for as66-821a4dcad9c2
2025-09-06 22:58:56,342 - INFO - src.arc_integration.continuous_learning_loop - 🎮 Initialized actions for as66-821a4dcad9c2: [1, 2, 3, 4, 6] (loaded 4 cached patterns)
2025-09-06 22:58:56,375 - WARNING - src.arc_integration.continuous_learning_loop - Frame analysis failed for ls20-fa137e247ce6: max() iterable argument is empty
2025-09-06 22:58:56,376 - INFO - src.arc_integration.continuous_learning_loop - 🎮 Initialized actions for ls20-fa137e247ce6: [1, 2, 3, 4] (loaded 3 cached patterns)
2025-09-06 22:58:56,465 - WARNING - src.arc_integration.continuous_learning_loop - Frame analysis failed for vc33-58ec4396715d: max() iterable argument is empty
2025-09-06 22:58:56,466 - INFO - src.arc_integration.continuous_learning_loop - 🎮 Initialized actions for vc33-58ec4396715d: [6] (loaded 1 cached patterns)
2025-09-06 22:58:56,506 - WARNING - src.arc_integration.continuous_learning_loop - Frame analysis failed for as66-821a4dcad9c2: max() iterable argument is empty
2025-09-06 22:58:56,507 - INFO - src.arc_integration.continuous_learning_loop - 🎮 Initialized actions for as66-821a4dcad9c2: [1, 2, 3, 4, 6] (loaded 4 cached patterns)
2025-09-06 22:58:56,608 - INFO - src.arc_integration.continuous_learning_loop - Action 6 successful for vc33-58ec4396715d
2025-09-06 22:58:56,609 - INFO - src.arc_integration.continuous_learning_loop - 🎮 Initialized actions for vc33-58ec4396715d: [6] (loaded 1 cached patterns)
2025-09-06 22:58:56,625 - INFO - src.arc_integration.continuous_learning_loop - Action 2 successful for ls20-fa137e247ce6
2025-09-06 22:58:56,626 - INFO - src.arc_integration.continuous_learning_loop - 🎮 Initialized actions for ls20-fa137e247ce6: [1, 2, 3, 4] (loaded 3 cached patterns)
2025-09-06 22:58:56,791 - WARNING - src.arc_integration.continuous_learning_loop - Frame analysis failed for vc33-58ec4396715d: max() iterable argument is empty
2025-09-06 22:58:56,792 - INFO - src.arc_integration.continuous_learning_loop - 🎮 Initialized actions for vc33-58ec4396715d: [6] (loaded 1 cached patterns)
2025-09-06 22:58:56,802 - WARNING - src.arc_integration.continuous_learning_loop - Frame analysis failed for ls20-fa137e247ce6: max() iterable argument is empty
2025-09-06 22:58:56,803 - INFO - src.arc_integration.continuous_learning_loop - 🎮 Initialized actions for ls20-fa137e247ce6: [1, 2, 3, 4] (loaded 3 cached patterns)
2025-09-06 22:58:57,229 - INFO - src.arc_integration.continuous_learning_loop - Action 1 successful for as66-821a4dcad9c2
2025-09-06 22:58:57,230 - INFO - src.arc_integration.continuous_learning_loop - 🎮 Initialized actions for as66-821a4dcad9c2: [1, 2, 3, 4, 6] (loaded 4 cached patterns)
2025-09-06 22:58:57,245 - INFO - src.arc_integration.continuous_learning_loop - Action 2 successful for ls20-fa137e247ce6
2025-09-06 22:58:57,245 - INFO - src.arc_integration.continuous_learning_loop - 🎮 Initialized actions for ls20-fa137e247ce6: [1, 2, 3, 4] (loaded 3 cached patterns)
2025-09-06 22:58:57,249 - INFO - src.arc_integration.continuous_learning_loop - Action 6 successful for vc33-58ec4396715d
2025-09-06 22:58:57,250 - INFO - src.arc_integration.continuous_learning_loop - 🎮 Initialized actions for vc33-58ec4396715d: [6] (loaded 1 cached patterns)
2025-09-06 22:58:57,435 - WARNING - src.arc_integration.continuous_learning_loop - Frame analysis failed for as66-821a4dcad9c2: max() iterable argument is empty
2025-09-06 22:58:57,436 - INFO - src.arc_integration.continuous_learning_loop - 🎮 Initialized actions for as66-821a4dcad9c2: [1, 2, 3, 4, 6] (loaded 4 cached patterns)
2025-09-06 22:58:57,452 - WARNING - src.arc_integration.continuous_learning_loop - Frame analysis failed for ls20-fa137e247ce6: max() iterable argument is empty
2025-09-06 22:58:57,454 - INFO - src.arc_integration.continuous_learning_loop - 🎮 Initialized actions for ls20-fa137e247ce6: [1, 2, 3, 4] (loaded 3 cached patterns)
2025-09-06 22:58:57,467 - WARNING - src.arc_integration.continuous_learning_loop - Frame analysis failed for vc33-58ec4396715d: max() iterable argument is empty
2025-09-06 22:58:57,468 - INFO - src.arc_integration.continuous_learning_loop - 🎮 Initialized actions for vc33-58ec4396715d: [6] (loaded 1 cached patterns)
2025-09-06 22:58:57,671 - INFO - src.arc_integration.continuous_learning_loop - Action 6 successful for as66-821a4dcad9c2
2025-09-06 22:58:57,671 - INFO - src.arc_integration.continuous_learning_loop - 🎮 Initialized actions for as66-821a4dcad9c2: [1, 2, 3, 4, 6] (loaded 4 cached patterns)
2025-09-06 22:58:57,687 - INFO - src.arc_integration.continuous_learning_loop - Action 2 successful for ls20-fa137e247ce6
2025-09-06 22:58:57,688 - INFO - src.arc_integration.continuous_learning_loop - 🎮 Initialized actions for ls20-fa137e247ce6: [1, 2, 3, 4] (loaded 3 cached patterns)
2025-09-06 22:58:57,692 - INFO - src.arc_integration.continuous_learning_loop - Action 6 successful for vc33-58ec4396715d
2025-09-06 22:58:57,692 - INFO - src.arc_integration.continuous_learning_loop - 🎮 Initialized actions for vc33-58ec4396715d: [6] (loaded 1 cached patterns)
2025-09-06 22:58:57,908 - WARNING - src.arc_integration.continuous_learning_loop - Frame analysis failed for as66-821a4dcad9c2: max() iterable argument is empty
2025-09-06 22:58:57,910 - INFO - src.arc_integration.continuous_learning_loop - 🎮 Initialized actions for as66-821a4dcad9c2: [1, 2, 3, 4, 6] (loaded 4 cached patterns)
2025-09-06 22:58:57,922 - WARNING - src.arc_integration.continuous_learning_loop - Frame analysis failed for ls20-fa137e247ce6: max() iterable argument is empty
2025-09-06 22:58:57,923 - INFO - src.arc_integration.continuous_learning_loop - 🎮 Initialized actions for ls20-fa137e247ce6: [1, 2, 3, 4] (loaded 3 cached patterns)
2025-09-06 22:58:57,935 - WARNING - src.arc_integration.continuous_learning_loop - Frame analysis failed for vc33-58ec4396715d: max() iterable argument is empty
2025-09-06 22:58:57,935 - INFO - src.arc_integration.continuous_learning_loop - 🎮 Initialized actions for vc33-58ec4396715d: [6] (loaded 1 cached patterns)
2025-09-06 22:58:58,057 - INFO - src.arc_integration.continuous_learning_loop - Action 1 successful for as66-821a4dcad9c2
2025-09-06 22:58:58,057 - INFO - src.arc_integration.continuous_learning_loop - 🎮 Initialized actions for as66-821a4dcad9c2: [1, 2, 3, 4, 6] (loaded 4 cached patterns)
2025-09-06 22:58:58,063 - INFO - src.arc_integration.continuous_learning_loop - Action 6 successful for vc33-58ec4396715d
2025-09-06 22:58:58,064 - INFO - src.arc_integration.continuous_learning_loop - 🎮 Initialized actions for vc33-58ec4396715d: [6] (loaded 1 cached patterns)
2025-09-06 22:58:58,078 - INFO - src.arc_integration.continuous_learning_loop - Action 1 successful for ls20-fa137e247ce6
2025-09-06 22:58:58,079 - INFO - src.arc_integration.continuous_learning_loop - 🎮 Initialized actions for ls20-fa137e247ce6: [1, 2, 3, 4] (loaded 3 cached patterns)
2025-09-06 22:58:58,248 - WARNING - src.arc_integration.continuous_learning_loop - Frame analysis failed for as66-821a4dcad9c2: max() iterable argument is empty
2025-09-06 22:58:58,248 - INFO - src.arc_integration.continuous_learning_loop - 🎮 Initialized actions for as66-821a4dcad9c2: [1, 2, 3, 4, 6] (loaded 4 cached patterns)
2025-09-06 22:58:58,365 - INFO - src.arc_integration.continuous_learning_loop - Action 1 successful for as66-821a4dcad9c2
2025-09-06 22:58:58,708 - INFO - src.arc_integration.continuous_learning_loop - 💾 Saved action intelligence for as66-821a4dcad9c2: 4 effective actions
2025-09-06 22:58:58,709 - INFO - src.arc_integration.continuous_learning_loop - 🧠 Action Intelligence for as66-821a4dcad9c2: 4/5 effective actions, 5 coordinate patterns learned
