2025-09-08 16:47:57,841 - ERROR - src.arc_integration.continuous_learning_loop - Error in mastery session 1 for lp85-2e205bbe3622: 'ContinuousLearningLoop' object has no attribute 'start_training_with_direct_control'
Traceback (most recent call last):
  File "c:\Users\Admin\Documents\GitHub\tabula-rasa\src\arc_integration\continuous_learning_loop.py", line 4792, in _run_real_arc_mastery_session_enhanced
    game_session_result = await self.start_training_with_direct_control(
                                ^^^^^^^^^^^^^^^^^^^^^^^^^^^^^^^^^^^^^^^
AttributeError: 'ContinuousLearningLoop' object has no attribute 'start_training_with_direct_control'
2025-09-08 16:47:57,857 - ERROR - src.arc_integration.continuous_learning_loop - Error in mastery session 1 for vc33-58ec4396715d: 'ContinuousLearningLoop' object has no attribute 'start_training_with_direct_control'
Traceback (most recent call last):
  File "c:\Users\Admin\Documents\GitHub\tabula-rasa\src\arc_integration\continuous_learning_loop.py", line 4792, in _run_real_arc_mastery_session_enhanced
    game_session_result = await self.start_training_with_direct_control(
                                ^^^^^^^^^^^^^^^^^^^^^^^^^^^^^^^^^^^^^^^
AttributeError: 'ContinuousLearningLoop' object has no attribute 'start_training_with_direct_control'
2025-09-08 16:47:57,859 - ERROR - src.arc_integration.continuous_learning_loop - Error in mastery session 1 for ls20-fa137e247ce6: 'ContinuousLearningLoop' object has no attribute 'start_training_with_direct_control'
Traceback (most recent call last):
  File "c:\Users\Admin\Documents\GitHub\tabula-rasa\src\arc_integration\continuous_learning_loop.py", line 4792, in _run_real_arc_mastery_session_enhanced
    game_session_result = await self.start_training_with_direct_control(
                                ^^^^^^^^^^^^^^^^^^^^^^^^^^^^^^^^^^^^^^^
AttributeError: 'ContinuousLearningLoop' object has no attribute 'start_training_with_direct_control'
2025-09-08 16:47:57,969 - ERROR - src.arc_integration.continuous_learning_loop - Error in mastery session 1 for lp85-2e205bbe3622: 'ContinuousLearningLoop' object has no attribute 'start_training_with_direct_control'
Traceback (most recent call last):
  File "c:\Users\Admin\Documents\GitHub\tabula-rasa\src\arc_integration\continuous_learning_loop.py", line 4792, in _run_real_arc_mastery_session_enhanced
    game_session_result = await self.start_training_with_direct_control(
                                ^^^^^^^^^^^^^^^^^^^^^^^^^^^^^^^^^^^^^^^
AttributeError: 'ContinuousLearningLoop' object has no attribute 'start_training_with_direct_control'
2025-09-08 16:47:57,971 - ERROR - src.arc_integration.continuous_learning_loop - Error in mastery session 1 for vc33-58ec4396715d: 'ContinuousLearningLoop' object has no attribute 'start_training_with_direct_control'
Traceback (most recent call last):
  File "c:\Users\Admin\Documents\GitHub\tabula-rasa\src\arc_integration\continuous_learning_loop.py", line 4792, in _run_real_arc_mastery_session_enhanced
    game_session_result = await self.start_training_with_direct_control(
                                ^^^^^^^^^^^^^^^^^^^^^^^^^^^^^^^^^^^^^^^
AttributeError: 'ContinuousLearningLoop' object has no attribute 'start_training_with_direct_control'
2025-09-08 16:47:57,972 - ERROR - src.arc_integration.continuous_learning_loop - Error in mastery session 1 for ls20-fa137e247ce6: 'ContinuousLearningLoop' object has no attribute 'start_training_with_direct_control'
Traceback (most recent call last):
  File "c:\Users\Admin\Documents\GitHub\tabula-rasa\src\arc_integration\continuous_learning_loop.py", line 4792, in _run_real_arc_mastery_session_enhanced
    game_session_result = await self.start_training_with_direct_control(
                                ^^^^^^^^^^^^^^^^^^^^^^^^^^^^^^^^^^^^^^^
AttributeError: 'ContinuousLearningLoop' object has no attribute 'start_training_with_direct_control'
2025-09-08 16:47:58,073 - ERROR - src.arc_integration.continuous_learning_loop - Error in mastery session 1 for lp85-2e205bbe3622: 'ContinuousLearningLoop' object has no attribute 'start_training_with_direct_control'
Traceback (most recent call last):
  File "c:\Users\Admin\Documents\GitHub\tabula-rasa\src\arc_integration\continuous_learning_loop.py", line 4792, in _run_real_arc_mastery_session_enhanced
    game_session_result = await self.start_training_with_direct_control(
                                ^^^^^^^^^^^^^^^^^^^^^^^^^^^^^^^^^^^^^^^
AttributeError: 'ContinuousLearningLoop' object has no attribute 'start_training_with_direct_control'
2025-09-08 16:47:58,081 - ERROR - src.arc_integration.continuous_learning_loop - Error in mastery session 1 for vc33-58ec4396715d: 'ContinuousLearningLoop' object has no attribute 'start_training_with_direct_control'
Traceback (most recent call last):
  File "c:\Users\Admin\Documents\GitHub\tabula-rasa\src\arc_integration\continuous_learning_loop.py", line 4792, in _run_real_arc_mastery_session_enhanced
    game_session_result = await self.start_training_with_direct_control(
                                ^^^^^^^^^^^^^^^^^^^^^^^^^^^^^^^^^^^^^^^
AttributeError: 'ContinuousLearningLoop' object has no attribute 'start_training_with_direct_control'
2025-09-08 16:47:58,083 - ERROR - src.arc_integration.continuous_learning_loop - Error in mastery session 1 for ls20-fa137e247ce6: 'ContinuousLearningLoop' object has no attribute 'start_training_with_direct_control'
Traceback (most recent call last):
  File "c:\Users\Admin\Documents\GitHub\tabula-rasa\src\arc_integration\continuous_learning_loop.py", line 4792, in _run_real_arc_mastery_session_enhanced
    game_session_result = await self.start_training_with_direct_control(
                                ^^^^^^^^^^^^^^^^^^^^^^^^^^^^^^^^^^^^^^^
AttributeError: 'ContinuousLearningLoop' object has no attribute 'start_training_with_direct_control'
2025-09-08 16:47:58,183 - ERROR - src.arc_integration.continuous_learning_loop - Error in mastery session 1 for lp85-2e205bbe3622: 'ContinuousLearningLoop' object has no attribute 'start_training_with_direct_control'
Traceback (most recent call last):
  File "c:\Users\Admin\Documents\GitHub\tabula-rasa\src\arc_integration\continuous_learning_loop.py", line 4792, in _run_real_arc_mastery_session_enhanced
    game_session_result = await self.start_training_with_direct_control(
                                ^^^^^^^^^^^^^^^^^^^^^^^^^^^^^^^^^^^^^^^
AttributeError: 'ContinuousLearningLoop' object has no attribute 'start_training_with_direct_control'
2025-09-08 16:47:58,184 - ERROR - src.arc_integration.continuous_learning_loop - Error in mastery session 1 for vc33-58ec4396715d: 'ContinuousLearningLoop' object has no attribute 'start_training_with_direct_control'
Traceback (most recent call last):
  File "c:\Users\Admin\Documents\GitHub\tabula-rasa\src\arc_integration\continuous_learning_loop.py", line 4792, in _run_real_arc_mastery_session_enhanced
    game_session_result = await self.start_training_with_direct_control(
                                ^^^^^^^^^^^^^^^^^^^^^^^^^^^^^^^^^^^^^^^
AttributeError: 'ContinuousLearningLoop' object has no attribute 'start_training_with_direct_control'
2025-09-08 16:47:58,186 - ERROR - src.arc_integration.continuous_learning_loop - Error in mastery session 1 for ls20-fa137e247ce6: 'ContinuousLearningLoop' object has no attribute 'start_training_with_direct_control'
Traceback (most recent call last):
  File "c:\Users\Admin\Documents\GitHub\tabula-rasa\src\arc_integration\continuous_learning_loop.py", line 4792, in _run_real_arc_mastery_session_enhanced
    game_session_result = await self.start_training_with_direct_control(
                                ^^^^^^^^^^^^^^^^^^^^^^^^^^^^^^^^^^^^^^^
AttributeError: 'ContinuousLearningLoop' object has no attribute 'start_training_with_direct_control'
2025-09-08 16:47:58,286 - ERROR - src.arc_integration.continuous_learning_loop - Error in mastery session 1 for lp85-2e205bbe3622: 'ContinuousLearningLoop' object has no attribute 'start_training_with_direct_control'
Traceback (most recent call last):
  File "c:\Users\Admin\Documents\GitHub\tabula-rasa\src\arc_integration\continuous_learning_loop.py", line 4792, in _run_real_arc_mastery_session_enhanced
    game_session_result = await self.start_training_with_direct_control(
                                ^^^^^^^^^^^^^^^^^^^^^^^^^^^^^^^^^^^^^^^
AttributeError: 'ContinuousLearningLoop' object has no attribute 'start_training_with_direct_control'
2025-09-08 16:47:58,287 - WARNING - src.arc_integration.continuous_learning_loop - Game lp85-2e205bbe3622 had 5 consecutive failures at episode 1
2025-09-08 16:47:58,288 - ERROR - src.arc_integration.continuous_learning_loop - Error in mastery session 1 for vc33-58ec4396715d: 'ContinuousLearningLoop' object has no attribute 'start_training_with_direct_control'
Traceback (most recent call last):
  File "c:\Users\Admin\Documents\GitHub\tabula-rasa\src\arc_integration\continuous_learning_loop.py", line 4792, in _run_real_arc_mastery_session_enhanced
    game_session_result = await self.start_training_with_direct_control(
                                ^^^^^^^^^^^^^^^^^^^^^^^^^^^^^^^^^^^^^^^
AttributeError: 'ContinuousLearningLoop' object has no attribute 'start_training_with_direct_control'
2025-09-08 16:47:58,290 - WARNING - src.arc_integration.continuous_learning_loop - Game vc33-58ec4396715d had 5 consecutive failures at episode 1
2025-09-08 16:47:58,290 - ERROR - src.arc_integration.continuous_learning_loop - Error in mastery session 1 for ls20-fa137e247ce6: 'ContinuousLearningLoop' object has no attribute 'start_training_with_direct_control'
Traceback (most recent call last):
  File "c:\Users\Admin\Documents\GitHub\tabula-rasa\src\arc_integration\continuous_learning_loop.py", line 4792, in _run_real_arc_mastery_session_enhanced
    game_session_result = await self.start_training_with_direct_control(
                                ^^^^^^^^^^^^^^^^^^^^^^^^^^^^^^^^^^^^^^^
AttributeError: 'ContinuousLearningLoop' object has no attribute 'start_training_with_direct_control'
2025-09-08 16:47:58,291 - WARNING - src.arc_integration.continuous_learning_loop - Game ls20-fa137e247ce6 had 5 consecutive failures at episode 1
2025-09-08 16:47:58,292 - ERROR - src.arc_integration.continuous_learning_loop - Error in mastery session 1 for sp80-0605ab9e5b2a: 'ContinuousLearningLoop' object has no attribute 'start_training_with_direct_control'
Traceback (most recent call last):
  File "c:\Users\Admin\Documents\GitHub\tabula-rasa\src\arc_integration\continuous_learning_loop.py", line 4792, in _run_real_arc_mastery_session_enhanced
    game_session_result = await self.start_training_with_direct_control(
                                ^^^^^^^^^^^^^^^^^^^^^^^^^^^^^^^^^^^^^^^
AttributeError: 'ContinuousLearningLoop' object has no attribute 'start_training_with_direct_control'
2025-09-08 16:47:58,294 - ERROR - src.arc_integration.continuous_learning_loop - Error in mastery session 1 for ft09-f340c8e5138e: 'ContinuousLearningLoop' object has no attribute 'start_training_with_direct_control'
Traceback (most recent call last):
  File "c:\Users\Admin\Documents\GitHub\tabula-rasa\src\arc_integration\continuous_learning_loop.py", line 4792, in _run_real_arc_mastery_session_enhanced
    game_session_result = await self.start_training_with_direct_control(
                                ^^^^^^^^^^^^^^^^^^^^^^^^^^^^^^^^^^^^^^^
AttributeError: 'ContinuousLearningLoop' object has no attribute 'start_training_with_direct_control'
2025-09-08 16:47:58,299 - ERROR - src.arc_integration.continuous_learning_loop - Error in mastery session 1 for as66-821a4dcad9c2: 'ContinuousLearningLoop' object has no attribute 'start_training_with_direct_control'
Traceback (most recent call last):
  File "c:\Users\Admin\Documents\GitHub\tabula-rasa\src\arc_integration\continuous_learning_loop.py", line 4792, in _run_real_arc_mastery_session_enhanced
    game_session_result = await self.start_training_with_direct_control(
                                ^^^^^^^^^^^^^^^^^^^^^^^^^^^^^^^^^^^^^^^
AttributeError: 'ContinuousLearningLoop' object has no attribute 'start_training_with_direct_control'
2025-09-08 16:47:58,412 - ERROR - src.arc_integration.continuous_learning_loop - Error in mastery session 1 for sp80-0605ab9e5b2a: 'ContinuousLearningLoop' object has no attribute 'start_training_with_direct_control'
Traceback (most recent call last):
  File "c:\Users\Admin\Documents\GitHub\tabula-rasa\src\arc_integration\continuous_learning_loop.py", line 4792, in _run_real_arc_mastery_session_enhanced
    game_session_result = await self.start_training_with_direct_control(
                                ^^^^^^^^^^^^^^^^^^^^^^^^^^^^^^^^^^^^^^^
AttributeError: 'ContinuousLearningLoop' object has no attribute 'start_training_with_direct_control'
2025-09-08 16:47:58,415 - ERROR - src.arc_integration.continuous_learning_loop - Error in mastery session 1 for ft09-f340c8e5138e: 'ContinuousLearningLoop' object has no attribute 'start_training_with_direct_control'
Traceback (most recent call last):
  File "c:\Users\Admin\Documents\GitHub\tabula-rasa\src\arc_integration\continuous_learning_loop.py", line 4792, in _run_real_arc_mastery_session_enhanced
    game_session_result = await self.start_training_with_direct_control(
                                ^^^^^^^^^^^^^^^^^^^^^^^^^^^^^^^^^^^^^^^
AttributeError: 'ContinuousLearningLoop' object has no attribute 'start_training_with_direct_control'
2025-09-08 16:47:58,451 - ERROR - src.arc_integration.continuous_learning_loop - Error in mastery session 1 for as66-821a4dcad9c2: 'ContinuousLearningLoop' object has no attribute 'start_training_with_direct_control'
Traceback (most recent call last):
  File "c:\Users\Admin\Documents\GitHub\tabula-rasa\src\arc_integration\continuous_learning_loop.py", line 4792, in _run_real_arc_mastery_session_enhanced
    game_session_result = await self.start_training_with_direct_control(
                                ^^^^^^^^^^^^^^^^^^^^^^^^^^^^^^^^^^^^^^^
AttributeError: 'ContinuousLearningLoop' object has no attribute 'start_training_with_direct_control'
2025-09-08 16:47:58,528 - ERROR - src.arc_integration.continuous_learning_loop - Error in mastery session 1 for sp80-0605ab9e5b2a: 'ContinuousLearningLoop' object has no attribute 'start_training_with_direct_control'
Traceback (most recent call last):
  File "c:\Users\Admin\Documents\GitHub\tabula-rasa\src\arc_integration\continuous_learning_loop.py", line 4792, in _run_real_arc_mastery_session_enhanced
    game_session_result = await self.start_training_with_direct_control(
                                ^^^^^^^^^^^^^^^^^^^^^^^^^^^^^^^^^^^^^^^
AttributeError: 'ContinuousLearningLoop' object has no attribute 'start_training_with_direct_control'
2025-09-08 16:47:58,529 - ERROR - src.arc_integration.continuous_learning_loop - Error in mastery session 1 for ft09-f340c8e5138e: 'ContinuousLearningLoop' object has no attribute 'start_training_with_direct_control'
Traceback (most recent call last):
  File "c:\Users\Admin\Documents\GitHub\tabula-rasa\src\arc_integration\continuous_learning_loop.py", line 4792, in _run_real_arc_mastery_session_enhanced
    game_session_result = await self.start_training_with_direct_control(
                                ^^^^^^^^^^^^^^^^^^^^^^^^^^^^^^^^^^^^^^^
AttributeError: 'ContinuousLearningLoop' object has no attribute 'start_training_with_direct_control'
2025-09-08 16:47:58,569 - ERROR - src.arc_integration.continuous_learning_loop - Error in mastery session 1 for as66-821a4dcad9c2: 'ContinuousLearningLoop' object has no attribute 'start_training_with_direct_control'
Traceback (most recent call last):
  File "c:\Users\Admin\Documents\GitHub\tabula-rasa\src\arc_integration\continuous_learning_loop.py", line 4792, in _run_real_arc_mastery_session_enhanced
    game_session_result = await self.start_training_with_direct_control(
                                ^^^^^^^^^^^^^^^^^^^^^^^^^^^^^^^^^^^^^^^
AttributeError: 'ContinuousLearningLoop' object has no attribute 'start_training_with_direct_control'
2025-09-08 16:47:58,635 - ERROR - src.arc_integration.continuous_learning_loop - Error in mastery session 1 for sp80-0605ab9e5b2a: 'ContinuousLearningLoop' object has no attribute 'start_training_with_direct_control'
Traceback (most recent call last):
  File "c:\Users\Admin\Documents\GitHub\tabula-rasa\src\arc_integration\continuous_learning_loop.py", line 4792, in _run_real_arc_mastery_session_enhanced
    game_session_result = await self.start_training_with_direct_control(
                                ^^^^^^^^^^^^^^^^^^^^^^^^^^^^^^^^^^^^^^^
AttributeError: 'ContinuousLearningLoop' object has no attribute 'start_training_with_direct_control'
2025-09-08 16:47:58,638 - ERROR - src.arc_integration.continuous_learning_loop - Error in mastery session 1 for ft09-f340c8e5138e: 'ContinuousLearningLoop' object has no attribute 'start_training_with_direct_control'
Traceback (most recent call last):
  File "c:\Users\Admin\Documents\GitHub\tabula-rasa\src\arc_integration\continuous_learning_loop.py", line 4792, in _run_real_arc_mastery_session_enhanced
    game_session_result = await self.start_training_with_direct_control(
                                ^^^^^^^^^^^^^^^^^^^^^^^^^^^^^^^^^^^^^^^
AttributeError: 'ContinuousLearningLoop' object has no attribute 'start_training_with_direct_control'
2025-09-08 16:47:58,690 - ERROR - src.arc_integration.continuous_learning_loop - Error in mastery session 1 for as66-821a4dcad9c2: 'ContinuousLearningLoop' object has no attribute 'start_training_with_direct_control'
Traceback (most recent call last):
  File "c:\Users\Admin\Documents\GitHub\tabula-rasa\src\arc_integration\continuous_learning_loop.py", line 4792, in _run_real_arc_mastery_session_enhanced
    game_session_result = await self.start_training_with_direct_control(
                                ^^^^^^^^^^^^^^^^^^^^^^^^^^^^^^^^^^^^^^^
AttributeError: 'ContinuousLearningLoop' object has no attribute 'start_training_with_direct_control'
2025-09-08 16:47:58,739 - ERROR - src.arc_integration.continuous_learning_loop - Error in mastery session 1 for sp80-0605ab9e5b2a: 'ContinuousLearningLoop' object has no attribute 'start_training_with_direct_control'
Traceback (most recent call last):
  File "c:\Users\Admin\Documents\GitHub\tabula-rasa\src\arc_integration\continuous_learning_loop.py", line 4792, in _run_real_arc_mastery_session_enhanced
    game_session_result = await self.start_training_with_direct_control(
                                ^^^^^^^^^^^^^^^^^^^^^^^^^^^^^^^^^^^^^^^
AttributeError: 'ContinuousLearningLoop' object has no attribute 'start_training_with_direct_control'
2025-09-08 16:47:58,744 - WARNING - src.arc_integration.continuous_learning_loop - Game sp80-0605ab9e5b2a had 5 consecutive failures at episode 1
2025-09-08 16:47:58,745 - ERROR - src.arc_integration.continuous_learning_loop - Error in mastery session 1 for ft09-f340c8e5138e: 'ContinuousLearningLoop' object has no attribute 'start_training_with_direct_control'
Traceback (most recent call last):
  File "c:\Users\Admin\Documents\GitHub\tabula-rasa\src\arc_integration\continuous_learning_loop.py", line 4792, in _run_real_arc_mastery_session_enhanced
    game_session_result = await self.start_training_with_direct_control(
                                ^^^^^^^^^^^^^^^^^^^^^^^^^^^^^^^^^^^^^^^
AttributeError: 'ContinuousLearningLoop' object has no attribute 'start_training_with_direct_control'
2025-09-08 16:47:58,746 - WARNING - src.arc_integration.continuous_learning_loop - Game ft09-f340c8e5138e had 5 consecutive failures at episode 1
2025-09-08 16:47:58,810 - ERROR - src.arc_integration.continuous_learning_loop - Error in mastery session 1 for as66-821a4dcad9c2: 'ContinuousLearningLoop' object has no attribute 'start_training_with_direct_control'
Traceback (most recent call last):
  File "c:\Users\Admin\Documents\GitHub\tabula-rasa\src\arc_integration\continuous_learning_loop.py", line 4792, in _run_real_arc_mastery_session_enhanced
    game_session_result = await self.start_training_with_direct_control(
                                ^^^^^^^^^^^^^^^^^^^^^^^^^^^^^^^^^^^^^^^
AttributeError: 'ContinuousLearningLoop' object has no attribute 'start_training_with_direct_control'
2025-09-08 16:47:58,812 - WARNING - src.arc_integration.continuous_learning_loop - Game as66-821a4dcad9c2 had 5 consecutive failures at episode 1
