2025-09-08 17:13:37,562 - ERROR - src.arc_integration.continuous_learning_loop - Error in _take_action: name 'random' is not defined
Traceback (most recent call last):
  File "c:\Users\Admin\Documents\GitHub\tabula-rasa\src\arc_integration\continuous_learning_loop.py", line 4221, in _take_action
    action = self._select_action(state_key, valid_actions)
  File "c:\Users\Admin\Documents\GitHub\tabula-rasa\src\arc_integration\continuous_learning_loop.py", line 4146, in _select_action
    if random.random() < self.exploration_rate:
       ^^^^^^
NameError: name 'random' is not defined. Did you forget to import 'random'?
2025-09-08 17:13:37,573 - ERROR - src.arc_integration.continuous_learning_loop - Error in _take_action: name 'random' is not defined
Traceback (most recent call last):
  File "c:\Users\Admin\Documents\GitHub\tabula-rasa\src\arc_integration\continuous_learning_loop.py", line 4221, in _take_action
    action = self._select_action(state_key, valid_actions)
  File "c:\Users\Admin\Documents\GitHub\tabula-rasa\src\arc_integration\continuous_learning_loop.py", line 4146, in _select_action
    if random.random() < self.exploration_rate:
       ^^^^^^
NameError: name 'random' is not defined. Did you forget to import 'random'?
2025-09-08 17:13:37,575 - ERROR - src.arc_integration.continuous_learning_loop - Error in _take_action: name 'random' is not defined
Traceback (most recent call last):
  File "c:\Users\Admin\Documents\GitHub\tabula-rasa\src\arc_integration\continuous_learning_loop.py", line 4221, in _take_action
    action = self._select_action(state_key, valid_actions)
  File "c:\Users\Admin\Documents\GitHub\tabula-rasa\src\arc_integration\continuous_learning_loop.py", line 4146, in _select_action
    if random.random() < self.exploration_rate:
       ^^^^^^
NameError: name 'random' is not defined. Did you forget to import 'random'?
2025-09-08 17:13:37,584 - ERROR - src.arc_integration.continuous_learning_loop - ❌ Episode 1 failed for as66-821a4dcad9c2: 'ContinuousLearningLoop' object has no attribute '_get_memory_consolidation_status'
2025-09-08 17:13:37,601 - ERROR - src.arc_integration.continuous_learning_loop - ❌ Episode 1 failed for vc33-58ec4396715d: 'ContinuousLearningLoop' object has no attribute '_get_memory_consolidation_status'
2025-09-08 17:13:37,602 - ERROR - src.arc_integration.continuous_learning_loop - ❌ Episode 1 failed for ls20-fa137e247ce6: 'ContinuousLearningLoop' object has no attribute '_get_memory_consolidation_status'
2025-09-08 17:13:38,587 - ERROR - src.arc_integration.continuous_learning_loop - Error in _take_action: name 'random' is not defined
Traceback (most recent call last):
  File "c:\Users\Admin\Documents\GitHub\tabula-rasa\src\arc_integration\continuous_learning_loop.py", line 4221, in _take_action
    action = self._select_action(state_key, valid_actions)
  File "c:\Users\Admin\Documents\GitHub\tabula-rasa\src\arc_integration\continuous_learning_loop.py", line 4146, in _select_action
    if random.random() < self.exploration_rate:
       ^^^^^^
NameError: name 'random' is not defined. Did you forget to import 'random'?
2025-09-08 17:13:38,602 - ERROR - src.arc_integration.continuous_learning_loop - ❌ Episode 2 failed for as66-821a4dcad9c2: 'ContinuousLearningLoop' object has no attribute '_get_memory_consolidation_status'
2025-09-08 17:13:38,603 - ERROR - src.arc_integration.continuous_learning_loop - Error in _take_action: name 'random' is not defined
Traceback (most recent call last):
  File "c:\Users\Admin\Documents\GitHub\tabula-rasa\src\arc_integration\continuous_learning_loop.py", line 4221, in _take_action
    action = self._select_action(state_key, valid_actions)
  File "c:\Users\Admin\Documents\GitHub\tabula-rasa\src\arc_integration\continuous_learning_loop.py", line 4146, in _select_action
    if random.random() < self.exploration_rate:
       ^^^^^^
NameError: name 'random' is not defined. Did you forget to import 'random'?
2025-09-08 17:13:38,605 - ERROR - src.arc_integration.continuous_learning_loop - Error in _take_action: name 'random' is not defined
Traceback (most recent call last):
  File "c:\Users\Admin\Documents\GitHub\tabula-rasa\src\arc_integration\continuous_learning_loop.py", line 4221, in _take_action
    action = self._select_action(state_key, valid_actions)
  File "c:\Users\Admin\Documents\GitHub\tabula-rasa\src\arc_integration\continuous_learning_loop.py", line 4146, in _select_action
    if random.random() < self.exploration_rate:
       ^^^^^^
NameError: name 'random' is not defined. Did you forget to import 'random'?
2025-09-08 17:13:38,624 - ERROR - src.arc_integration.continuous_learning_loop - ❌ Episode 2 failed for vc33-58ec4396715d: 'ContinuousLearningLoop' object has no attribute '_get_memory_consolidation_status'
2025-09-08 17:13:38,624 - ERROR - src.arc_integration.continuous_learning_loop - ❌ Episode 2 failed for ls20-fa137e247ce6: 'ContinuousLearningLoop' object has no attribute '_get_memory_consolidation_status'
2025-09-08 17:13:39,605 - ERROR - src.arc_integration.continuous_learning_loop - Error in _take_action: name 'random' is not defined
Traceback (most recent call last):
  File "c:\Users\Admin\Documents\GitHub\tabula-rasa\src\arc_integration\continuous_learning_loop.py", line 4221, in _take_action
    action = self._select_action(state_key, valid_actions)
  File "c:\Users\Admin\Documents\GitHub\tabula-rasa\src\arc_integration\continuous_learning_loop.py", line 4146, in _select_action
    if random.random() < self.exploration_rate:
       ^^^^^^
NameError: name 'random' is not defined. Did you forget to import 'random'?
2025-09-08 17:13:39,621 - ERROR - src.arc_integration.continuous_learning_loop - ❌ Episode 3 failed for as66-821a4dcad9c2: 'ContinuousLearningLoop' object has no attribute '_get_memory_consolidation_status'
2025-09-08 17:13:39,637 - ERROR - src.arc_integration.continuous_learning_loop - Error in _take_action: name 'random' is not defined
Traceback (most recent call last):
  File "c:\Users\Admin\Documents\GitHub\tabula-rasa\src\arc_integration\continuous_learning_loop.py", line 4221, in _take_action
    action = self._select_action(state_key, valid_actions)
  File "c:\Users\Admin\Documents\GitHub\tabula-rasa\src\arc_integration\continuous_learning_loop.py", line 4146, in _select_action
    if random.random() < self.exploration_rate:
       ^^^^^^
NameError: name 'random' is not defined. Did you forget to import 'random'?
2025-09-08 17:13:39,639 - ERROR - src.arc_integration.continuous_learning_loop - Error in _take_action: name 'random' is not defined
Traceback (most recent call last):
  File "c:\Users\Admin\Documents\GitHub\tabula-rasa\src\arc_integration\continuous_learning_loop.py", line 4221, in _take_action
    action = self._select_action(state_key, valid_actions)
  File "c:\Users\Admin\Documents\GitHub\tabula-rasa\src\arc_integration\continuous_learning_loop.py", line 4146, in _select_action
    if random.random() < self.exploration_rate:
       ^^^^^^
NameError: name 'random' is not defined. Did you forget to import 'random'?
2025-09-08 17:13:39,657 - ERROR - src.arc_integration.continuous_learning_loop - ❌ Episode 3 failed for vc33-58ec4396715d: 'ContinuousLearningLoop' object has no attribute '_get_memory_consolidation_status'
2025-09-08 17:13:39,657 - ERROR - src.arc_integration.continuous_learning_loop - ❌ Episode 3 failed for ls20-fa137e247ce6: 'ContinuousLearningLoop' object has no attribute '_get_memory_consolidation_status'
2025-09-08 17:13:40,636 - WARNING - src.arc_integration.continuous_learning_loop - ⚠️ No successful episodes for as66-821a4dcad9c2 - 3 errors
2025-09-08 17:13:40,673 - WARNING - src.arc_integration.continuous_learning_loop - ⚠️ No successful episodes for vc33-58ec4396715d - 3 errors
2025-09-08 17:13:40,673 - WARNING - src.arc_integration.continuous_learning_loop - ⚠️ No successful episodes for ls20-fa137e247ce6 - 3 errors
2025-09-08 17:13:40,674 - ERROR - src.arc_integration.continuous_learning_loop - Error in _take_action: name 'random' is not defined
Traceback (most recent call last):
  File "c:\Users\Admin\Documents\GitHub\tabula-rasa\src\arc_integration\continuous_learning_loop.py", line 4221, in _take_action
    action = self._select_action(state_key, valid_actions)
  File "c:\Users\Admin\Documents\GitHub\tabula-rasa\src\arc_integration\continuous_learning_loop.py", line 4146, in _select_action
    if random.random() < self.exploration_rate:
       ^^^^^^
NameError: name 'random' is not defined. Did you forget to import 'random'?
2025-09-08 17:13:40,676 - ERROR - src.arc_integration.continuous_learning_loop - Error in _take_action: name 'random' is not defined
Traceback (most recent call last):
  File "c:\Users\Admin\Documents\GitHub\tabula-rasa\src\arc_integration\continuous_learning_loop.py", line 4221, in _take_action
    action = self._select_action(state_key, valid_actions)
  File "c:\Users\Admin\Documents\GitHub\tabula-rasa\src\arc_integration\continuous_learning_loop.py", line 4146, in _select_action
    if random.random() < self.exploration_rate:
       ^^^^^^
NameError: name 'random' is not defined. Did you forget to import 'random'?
2025-09-08 17:13:40,678 - ERROR - src.arc_integration.continuous_learning_loop - Error in _take_action: name 'random' is not defined
Traceback (most recent call last):
  File "c:\Users\Admin\Documents\GitHub\tabula-rasa\src\arc_integration\continuous_learning_loop.py", line 4221, in _take_action
    action = self._select_action(state_key, valid_actions)
  File "c:\Users\Admin\Documents\GitHub\tabula-rasa\src\arc_integration\continuous_learning_loop.py", line 4146, in _select_action
    if random.random() < self.exploration_rate:
       ^^^^^^
NameError: name 'random' is not defined. Did you forget to import 'random'?
2025-09-08 17:13:40,688 - ERROR - src.arc_integration.continuous_learning_loop - ❌ Episode 1 failed for sp80-0605ab9e5b2a: 'ContinuousLearningLoop' object has no attribute '_get_memory_consolidation_status'
2025-09-08 17:13:40,689 - ERROR - src.arc_integration.continuous_learning_loop - ❌ Episode 1 failed for ft09-f340c8e5138e: 'ContinuousLearningLoop' object has no attribute '_get_memory_consolidation_status'
2025-09-08 17:13:40,704 - ERROR - src.arc_integration.continuous_learning_loop - ❌ Episode 1 failed for lp85-2e205bbe3622: 'ContinuousLearningLoop' object has no attribute '_get_memory_consolidation_status'
2025-09-08 17:13:41,705 - ERROR - src.arc_integration.continuous_learning_loop - Error in _take_action: name 'random' is not defined
Traceback (most recent call last):
  File "c:\Users\Admin\Documents\GitHub\tabula-rasa\src\arc_integration\continuous_learning_loop.py", line 4221, in _take_action
    action = self._select_action(state_key, valid_actions)
  File "c:\Users\Admin\Documents\GitHub\tabula-rasa\src\arc_integration\continuous_learning_loop.py", line 4146, in _select_action
    if random.random() < self.exploration_rate:
       ^^^^^^
NameError: name 'random' is not defined. Did you forget to import 'random'?
2025-09-08 17:13:41,707 - ERROR - src.arc_integration.continuous_learning_loop - Error in _take_action: name 'random' is not defined
Traceback (most recent call last):
  File "c:\Users\Admin\Documents\GitHub\tabula-rasa\src\arc_integration\continuous_learning_loop.py", line 4221, in _take_action
    action = self._select_action(state_key, valid_actions)
  File "c:\Users\Admin\Documents\GitHub\tabula-rasa\src\arc_integration\continuous_learning_loop.py", line 4146, in _select_action
    if random.random() < self.exploration_rate:
       ^^^^^^
NameError: name 'random' is not defined. Did you forget to import 'random'?
2025-09-08 17:13:41,709 - ERROR - src.arc_integration.continuous_learning_loop - Error in _take_action: name 'random' is not defined
Traceback (most recent call last):
  File "c:\Users\Admin\Documents\GitHub\tabula-rasa\src\arc_integration\continuous_learning_loop.py", line 4221, in _take_action
    action = self._select_action(state_key, valid_actions)
  File "c:\Users\Admin\Documents\GitHub\tabula-rasa\src\arc_integration\continuous_learning_loop.py", line 4146, in _select_action
    if random.random() < self.exploration_rate:
       ^^^^^^
NameError: name 'random' is not defined. Did you forget to import 'random'?
2025-09-08 17:13:41,720 - ERROR - src.arc_integration.continuous_learning_loop - ❌ Episode 2 failed for sp80-0605ab9e5b2a: 'ContinuousLearningLoop' object has no attribute '_get_memory_consolidation_status'
2025-09-08 17:13:41,721 - ERROR - src.arc_integration.continuous_learning_loop - ❌ Episode 2 failed for ft09-f340c8e5138e: 'ContinuousLearningLoop' object has no attribute '_get_memory_consolidation_status'
2025-09-08 17:13:41,722 - ERROR - src.arc_integration.continuous_learning_loop - ❌ Episode 2 failed for lp85-2e205bbe3622: 'ContinuousLearningLoop' object has no attribute '_get_memory_consolidation_status'
2025-09-08 17:13:42,722 - ERROR - src.arc_integration.continuous_learning_loop - Error in _take_action: name 'random' is not defined
Traceback (most recent call last):
  File "c:\Users\Admin\Documents\GitHub\tabula-rasa\src\arc_integration\continuous_learning_loop.py", line 4221, in _take_action
    action = self._select_action(state_key, valid_actions)
  File "c:\Users\Admin\Documents\GitHub\tabula-rasa\src\arc_integration\continuous_learning_loop.py", line 4146, in _select_action
    if random.random() < self.exploration_rate:
       ^^^^^^
NameError: name 'random' is not defined. Did you forget to import 'random'?
2025-09-08 17:13:42,724 - ERROR - src.arc_integration.continuous_learning_loop - Error in _take_action: name 'random' is not defined
Traceback (most recent call last):
  File "c:\Users\Admin\Documents\GitHub\tabula-rasa\src\arc_integration\continuous_learning_loop.py", line 4221, in _take_action
    action = self._select_action(state_key, valid_actions)
  File "c:\Users\Admin\Documents\GitHub\tabula-rasa\src\arc_integration\continuous_learning_loop.py", line 4146, in _select_action
    if random.random() < self.exploration_rate:
       ^^^^^^
NameError: name 'random' is not defined. Did you forget to import 'random'?
2025-09-08 17:13:42,726 - ERROR - src.arc_integration.continuous_learning_loop - Error in _take_action: name 'random' is not defined
Traceback (most recent call last):
  File "c:\Users\Admin\Documents\GitHub\tabula-rasa\src\arc_integration\continuous_learning_loop.py", line 4221, in _take_action
    action = self._select_action(state_key, valid_actions)
  File "c:\Users\Admin\Documents\GitHub\tabula-rasa\src\arc_integration\continuous_learning_loop.py", line 4146, in _select_action
    if random.random() < self.exploration_rate:
       ^^^^^^
NameError: name 'random' is not defined. Did you forget to import 'random'?
2025-09-08 17:13:42,736 - ERROR - src.arc_integration.continuous_learning_loop - ❌ Episode 3 failed for sp80-0605ab9e5b2a: 'ContinuousLearningLoop' object has no attribute '_get_memory_consolidation_status'
2025-09-08 17:13:42,737 - ERROR - src.arc_integration.continuous_learning_loop - ❌ Episode 3 failed for ft09-f340c8e5138e: 'ContinuousLearningLoop' object has no attribute '_get_memory_consolidation_status'
2025-09-08 17:13:42,738 - ERROR - src.arc_integration.continuous_learning_loop - ❌ Episode 3 failed for lp85-2e205bbe3622: 'ContinuousLearningLoop' object has no attribute '_get_memory_consolidation_status'
2025-09-08 17:13:43,738 - WARNING - src.arc_integration.continuous_learning_loop - ⚠️ No successful episodes for sp80-0605ab9e5b2a - 3 errors
2025-09-08 17:13:43,739 - WARNING - src.arc_integration.continuous_learning_loop - ⚠️ No successful episodes for ft09-f340c8e5138e - 3 errors
2025-09-08 17:13:43,739 - WARNING - src.arc_integration.continuous_learning_loop - ⚠️ No successful episodes for lp85-2e205bbe3622 - 3 errors
