2025-09-08 15:57:31,532 - WARNING - src.arc_integration.continuous_learning_loop - ❌ Episode 1 failed for game lp85-2e205bbe3622 (consecutive: 1)
2025-09-08 15:57:31,532 - WARNING - src.arc_integration.continuous_learning_loop - ❌ Episode 1 failed for game ls20-fa137e247ce6 (consecutive: 1)
2025-09-08 15:57:31,532 - WARNING - src.arc_integration.continuous_learning_loop - ❌ Episode 1 failed for game sp80-0605ab9e5b2a (consecutive: 1)
2025-09-08 15:57:33,035 - WARNING - src.arc_integration.continuous_learning_loop - ❌ Episode 1 failed for game lp85-2e205bbe3622 (consecutive: 2)
2025-09-08 15:57:33,038 - WARNING - src.arc_integration.continuous_learning_loop - ❌ Episode 1 failed for game ls20-fa137e247ce6 (consecutive: 2)
2025-09-08 15:57:33,039 - WARNING - src.arc_integration.continuous_learning_loop - ❌ Episode 1 failed for game sp80-0605ab9e5b2a (consecutive: 2)
2025-09-08 15:57:35,051 - WARNING - src.arc_integration.continuous_learning_loop - ❌ Episode 1 failed for game lp85-2e205bbe3622 (consecutive: 3)
2025-09-08 15:57:35,053 - WARNING - src.arc_integration.continuous_learning_loop - ❌ Episode 1 failed for game ls20-fa137e247ce6 (consecutive: 3)
2025-09-08 15:57:35,053 - WARNING - src.arc_integration.continuous_learning_loop - ❌ Episode 1 failed for game sp80-0605ab9e5b2a (consecutive: 3)
2025-09-08 15:57:37,569 - WARNING - src.arc_integration.continuous_learning_loop - ❌ Episode 1 failed for game lp85-2e205bbe3622 (consecutive: 4)
2025-09-08 15:57:37,570 - WARNING - src.arc_integration.continuous_learning_loop - ❌ Episode 1 failed for game ls20-fa137e247ce6 (consecutive: 4)
2025-09-08 15:57:37,570 - WARNING - src.arc_integration.continuous_learning_loop - ❌ Episode 1 failed for game sp80-0605ab9e5b2a (consecutive: 4)
2025-09-08 15:57:40,585 - WARNING - src.arc_integration.continuous_learning_loop - ❌ Episode 1 failed for game lp85-2e205bbe3622 (consecutive: 5)
2025-09-08 15:57:40,586 - WARNING - src.arc_integration.continuous_learning_loop - ❌ Episode 1 failed for game ls20-fa137e247ce6 (consecutive: 5)
2025-09-08 15:57:40,587 - WARNING - src.arc_integration.continuous_learning_loop - ❌ Episode 1 failed for game sp80-0605ab9e5b2a (consecutive: 5)
2025-09-08 15:57:44,103 - WARNING - src.arc_integration.continuous_learning_loop - ❌ Episode 1 failed for game ft09-f340c8e5138e (consecutive: 1)
2025-09-08 15:57:44,103 - WARNING - src.arc_integration.continuous_learning_loop - ❌ Episode 1 failed for game as66-821a4dcad9c2 (consecutive: 1)
2025-09-08 15:57:44,104 - WARNING - src.arc_integration.continuous_learning_loop - ❌ Episode 1 failed for game vc33-58ec4396715d (consecutive: 1)
2025-09-08 15:57:45,618 - WARNING - src.arc_integration.continuous_learning_loop - ❌ Episode 1 failed for game ft09-f340c8e5138e (consecutive: 2)
2025-09-08 15:57:45,619 - WARNING - src.arc_integration.continuous_learning_loop - ❌ Episode 1 failed for game as66-821a4dcad9c2 (consecutive: 2)
2025-09-08 15:57:45,620 - WARNING - src.arc_integration.continuous_learning_loop - ❌ Episode 1 failed for game vc33-58ec4396715d (consecutive: 2)
2025-09-08 15:57:47,636 - WARNING - src.arc_integration.continuous_learning_loop - ❌ Episode 1 failed for game ft09-f340c8e5138e (consecutive: 3)
2025-09-08 15:57:47,636 - WARNING - src.arc_integration.continuous_learning_loop - ❌ Episode 1 failed for game as66-821a4dcad9c2 (consecutive: 3)
2025-09-08 15:57:47,636 - WARNING - src.arc_integration.continuous_learning_loop - ❌ Episode 1 failed for game vc33-58ec4396715d (consecutive: 3)
2025-09-08 15:57:50,152 - WARNING - src.arc_integration.continuous_learning_loop - ❌ Episode 1 failed for game ft09-f340c8e5138e (consecutive: 4)
2025-09-08 15:57:50,152 - WARNING - src.arc_integration.continuous_learning_loop - ❌ Episode 1 failed for game as66-821a4dcad9c2 (consecutive: 4)
2025-09-08 15:57:50,153 - WARNING - src.arc_integration.continuous_learning_loop - ❌ Episode 1 failed for game vc33-58ec4396715d (consecutive: 4)
2025-09-08 15:57:53,167 - WARNING - src.arc_integration.continuous_learning_loop - ❌ Episode 1 failed for game ft09-f340c8e5138e (consecutive: 5)
2025-09-08 15:57:53,169 - WARNING - src.arc_integration.continuous_learning_loop - ❌ Episode 1 failed for game as66-821a4dcad9c2 (consecutive: 5)
2025-09-08 15:57:53,169 - WARNING - src.arc_integration.continuous_learning_loop - ❌ Episode 1 failed for game vc33-58ec4396715d (consecutive: 5)
