2025-09-08 15:51:35,583 - WARNING - src.arc_integration.continuous_learning_loop - ❌ Episode 1 failed for game ls20-fa137e247ce6 (consecutive: 1)
2025-09-08 15:51:35,584 - WARNING - src.arc_integration.continuous_learning_loop - ❌ Episode 1 failed for game ft09-f340c8e5138e (consecutive: 1)
2025-09-08 15:51:35,584 - WARNING - src.arc_integration.continuous_learning_loop - ❌ Episode 1 failed for game sp80-0605ab9e5b2a (consecutive: 1)
2025-09-08 15:51:37,085 - WARNING - src.arc_integration.continuous_learning_loop - ❌ Episode 1 failed for game ls20-fa137e247ce6 (consecutive: 2)
2025-09-08 15:51:37,089 - WARNING - src.arc_integration.continuous_learning_loop - ❌ Episode 1 failed for game ft09-f340c8e5138e (consecutive: 2)
2025-09-08 15:51:37,089 - WARNING - src.arc_integration.continuous_learning_loop - ❌ Episode 1 failed for game sp80-0605ab9e5b2a (consecutive: 2)
2025-09-08 15:51:39,101 - WARNING - src.arc_integration.continuous_learning_loop - ❌ Episode 1 failed for game ls20-fa137e247ce6 (consecutive: 3)
2025-09-08 15:51:39,103 - WARNING - src.arc_integration.continuous_learning_loop - ❌ Episode 1 failed for game ft09-f340c8e5138e (consecutive: 3)
2025-09-08 15:51:39,103 - WARNING - src.arc_integration.continuous_learning_loop - ❌ Episode 1 failed for game sp80-0605ab9e5b2a (consecutive: 3)
2025-09-08 15:51:41,618 - WARNING - src.arc_integration.continuous_learning_loop - ❌ Episode 1 failed for game ls20-fa137e247ce6 (consecutive: 4)
2025-09-08 15:51:41,620 - WARNING - src.arc_integration.continuous_learning_loop - ❌ Episode 1 failed for game ft09-f340c8e5138e (consecutive: 4)
2025-09-08 15:51:41,620 - WARNING - src.arc_integration.continuous_learning_loop - ❌ Episode 1 failed for game sp80-0605ab9e5b2a (consecutive: 4)
2025-09-08 15:51:44,635 - WARNING - src.arc_integration.continuous_learning_loop - ❌ Episode 1 failed for game ls20-fa137e247ce6 (consecutive: 5)
2025-09-08 15:51:44,636 - WARNING - src.arc_integration.continuous_learning_loop - ❌ Episode 1 failed for game ft09-f340c8e5138e (consecutive: 5)
2025-09-08 15:51:44,636 - WARNING - src.arc_integration.continuous_learning_loop - ❌ Episode 1 failed for game sp80-0605ab9e5b2a (consecutive: 5)
2025-09-08 15:51:48,152 - WARNING - src.arc_integration.continuous_learning_loop - ❌ Episode 1 failed for game as66-821a4dcad9c2 (consecutive: 1)
2025-09-08 15:51:48,153 - WARNING - src.arc_integration.continuous_learning_loop - ❌ Episode 1 failed for game lp85-2e205bbe3622 (consecutive: 1)
2025-09-08 15:51:48,153 - WARNING - src.arc_integration.continuous_learning_loop - ❌ Episode 1 failed for game vc33-58ec4396715d (consecutive: 1)
2025-09-08 15:51:49,668 - WARNING - src.arc_integration.continuous_learning_loop - ❌ Episode 1 failed for game as66-821a4dcad9c2 (consecutive: 2)
2025-09-08 15:51:49,669 - WARNING - src.arc_integration.continuous_learning_loop - ❌ Episode 1 failed for game lp85-2e205bbe3622 (consecutive: 2)
2025-09-08 15:51:49,670 - WARNING - src.arc_integration.continuous_learning_loop - ❌ Episode 1 failed for game vc33-58ec4396715d (consecutive: 2)
2025-09-08 15:51:51,685 - WARNING - src.arc_integration.continuous_learning_loop - ❌ Episode 1 failed for game as66-821a4dcad9c2 (consecutive: 3)
2025-09-08 15:51:51,686 - WARNING - src.arc_integration.continuous_learning_loop - ❌ Episode 1 failed for game lp85-2e205bbe3622 (consecutive: 3)
2025-09-08 15:51:51,686 - WARNING - src.arc_integration.continuous_learning_loop - ❌ Episode 1 failed for game vc33-58ec4396715d (consecutive: 3)
2025-09-08 15:51:54,201 - WARNING - src.arc_integration.continuous_learning_loop - ❌ Episode 1 failed for game as66-821a4dcad9c2 (consecutive: 4)
2025-09-08 15:51:54,202 - WARNING - src.arc_integration.continuous_learning_loop - ❌ Episode 1 failed for game lp85-2e205bbe3622 (consecutive: 4)
2025-09-08 15:51:54,202 - WARNING - src.arc_integration.continuous_learning_loop - ❌ Episode 1 failed for game vc33-58ec4396715d (consecutive: 4)
2025-09-08 15:51:57,218 - WARNING - src.arc_integration.continuous_learning_loop - ❌ Episode 1 failed for game as66-821a4dcad9c2 (consecutive: 5)
2025-09-08 15:51:57,219 - WARNING - src.arc_integration.continuous_learning_loop - ❌ Episode 1 failed for game lp85-2e205bbe3622 (consecutive: 5)
2025-09-08 15:51:57,219 - WARNING - src.arc_integration.continuous_learning_loop - ❌ Episode 1 failed for game vc33-58ec4396715d (consecutive: 5)
