2025-09-08 17:12:16,252 - ERROR - src.arc_integration.continuous_learning_loop - ❌ Episode 1 failed for ls20-fa137e247ce6: name 'os' is not defined
2025-09-08 17:12:16,253 - ERROR - src.arc_integration.continuous_learning_loop - ❌ Episode 1 failed for vc33-58ec4396715d: name 'os' is not defined
2025-09-08 17:12:16,253 - ERROR - src.arc_integration.continuous_learning_loop - ❌ Episode 1 failed for lp85-2e205bbe3622: name 'os' is not defined
2025-09-08 17:12:17,267 - ERROR - src.arc_integration.continuous_learning_loop - ❌ Episode 2 failed for ls20-fa137e247ce6: name 'os' is not defined
2025-09-08 17:12:17,269 - ERROR - src.arc_integration.continuous_learning_loop - ❌ Episode 2 failed for vc33-58ec4396715d: name 'os' is not defined
2025-09-08 17:12:17,269 - ERROR - src.arc_integration.continuous_learning_loop - ❌ Episode 2 failed for lp85-2e205bbe3622: name 'os' is not defined
2025-09-08 17:12:18,275 - ERROR - src.arc_integration.continuous_learning_loop - ❌ Episode 3 failed for ls20-fa137e247ce6: name 'os' is not defined
2025-09-08 17:12:18,276 - ERROR - src.arc_integration.continuous_learning_loop - ❌ Episode 3 failed for vc33-58ec4396715d: name 'os' is not defined
2025-09-08 17:12:18,276 - ERROR - src.arc_integration.continuous_learning_loop - ❌ Episode 3 failed for lp85-2e205bbe3622: name 'os' is not defined
2025-09-08 17:12:19,290 - WARNING - src.arc_integration.continuous_learning_loop - ⚠️ No successful episodes for ls20-fa137e247ce6 - 3 errors
2025-09-08 17:12:19,291 - WARNING - src.arc_integration.continuous_learning_loop - ⚠️ No successful episodes for vc33-58ec4396715d - 3 errors
2025-09-08 17:12:19,291 - WARNING - src.arc_integration.continuous_learning_loop - ⚠️ No successful episodes for lp85-2e205bbe3622 - 3 errors
2025-09-08 17:12:19,293 - ERROR - src.arc_integration.continuous_learning_loop - ❌ Episode 1 failed for ft09-f340c8e5138e: name 'os' is not defined
2025-09-08 17:12:19,293 - ERROR - src.arc_integration.continuous_learning_loop - ❌ Episode 1 failed for sp80-0605ab9e5b2a: name 'os' is not defined
2025-09-08 17:12:19,293 - ERROR - src.arc_integration.continuous_learning_loop - ❌ Episode 1 failed for as66-821a4dcad9c2: name 'os' is not defined
2025-09-08 17:12:20,308 - ERROR - src.arc_integration.continuous_learning_loop - ❌ Episode 2 failed for ft09-f340c8e5138e: name 'os' is not defined
2025-09-08 17:12:20,309 - ERROR - src.arc_integration.continuous_learning_loop - ❌ Episode 2 failed for sp80-0605ab9e5b2a: name 'os' is not defined
2025-09-08 17:12:20,309 - ERROR - src.arc_integration.continuous_learning_loop - ❌ Episode 2 failed for as66-821a4dcad9c2: name 'os' is not defined
2025-09-08 17:12:21,325 - ERROR - src.arc_integration.continuous_learning_loop - ❌ Episode 3 failed for ft09-f340c8e5138e: name 'os' is not defined
2025-09-08 17:12:21,326 - ERROR - src.arc_integration.continuous_learning_loop - ❌ Episode 3 failed for sp80-0605ab9e5b2a: name 'os' is not defined
2025-09-08 17:12:21,326 - ERROR - src.arc_integration.continuous_learning_loop - ❌ Episode 3 failed for as66-821a4dcad9c2: name 'os' is not defined
2025-09-08 17:12:22,340 - WARNING - src.arc_integration.continuous_learning_loop - ⚠️ No successful episodes for ft09-f340c8e5138e - 3 errors
2025-09-08 17:12:22,340 - WARNING - src.arc_integration.continuous_learning_loop - ⚠️ No successful episodes for sp80-0605ab9e5b2a - 3 errors
2025-09-08 17:12:22,340 - WARNING - src.arc_integration.continuous_learning_loop - ⚠️ No successful episodes for as66-821a4dcad9c2 - 3 errors
