2025-09-08 15:56:23,241 - ERROR - src.arc_integration.continuous_learning_loop - Error in episode 1 for ft09-f340c8e5138e: ContinuousLearningLoop._run_real_arc_mastery_session_enhanced() got an unexpected keyword argument 'action_override'
2025-09-08 15:56:23,241 - ERROR - src.arc_integration.continuous_learning_loop - Error in episode 1 for ls20-fa137e247ce6: ContinuousLearningLoop._run_real_arc_mastery_session_enhanced() got an unexpected keyword argument 'action_override'
2025-09-08 15:56:23,242 - ERROR - src.arc_integration.continuous_learning_loop - Error in episode 1 for vc33-58ec4396715d: ContinuousLearningLoop._run_real_arc_mastery_session_enhanced() got an unexpected keyword argument 'action_override'
2025-09-08 15:56:24,256 - ERROR - src.arc_integration.continuous_learning_loop - Error in episode 1 for ft09-f340c8e5138e: ContinuousLearningLoop._run_real_arc_mastery_session_enhanced() got an unexpected keyword argument 'action_override'
2025-09-08 15:56:24,256 - ERROR - src.arc_integration.continuous_learning_loop - Error in episode 1 for ls20-fa137e247ce6: ContinuousLearningLoop._run_real_arc_mastery_session_enhanced() got an unexpected keyword argument 'action_override'
2025-09-08 15:56:24,257 - ERROR - src.arc_integration.continuous_learning_loop - Error in episode 1 for vc33-58ec4396715d: ContinuousLearningLoop._run_real_arc_mastery_session_enhanced() got an unexpected keyword argument 'action_override'
2025-09-08 15:56:25,267 - ERROR - src.arc_integration.continuous_learning_loop - Error in episode 1 for ft09-f340c8e5138e: ContinuousLearningLoop._run_real_arc_mastery_session_enhanced() got an unexpected keyword argument 'action_override'
2025-09-08 15:56:25,267 - ERROR - src.arc_integration.continuous_learning_loop - Error in episode 1 for ls20-fa137e247ce6: ContinuousLearningLoop._run_real_arc_mastery_session_enhanced() got an unexpected keyword argument 'action_override'
2025-09-08 15:56:25,267 - ERROR - src.arc_integration.continuous_learning_loop - Error in episode 1 for vc33-58ec4396715d: ContinuousLearningLoop._run_real_arc_mastery_session_enhanced() got an unexpected keyword argument 'action_override'
2025-09-08 15:56:26,272 - ERROR - src.arc_integration.continuous_learning_loop - Error in episode 1 for ft09-f340c8e5138e: ContinuousLearningLoop._run_real_arc_mastery_session_enhanced() got an unexpected keyword argument 'action_override'
2025-09-08 15:56:26,273 - ERROR - src.arc_integration.continuous_learning_loop - Error in episode 1 for ls20-fa137e247ce6: ContinuousLearningLoop._run_real_arc_mastery_session_enhanced() got an unexpected keyword argument 'action_override'
2025-09-08 15:56:26,274 - ERROR - src.arc_integration.continuous_learning_loop - Error in episode 1 for vc33-58ec4396715d: ContinuousLearningLoop._run_real_arc_mastery_session_enhanced() got an unexpected keyword argument 'action_override'
2025-09-08 15:56:27,288 - ERROR - src.arc_integration.continuous_learning_loop - Error in episode 1 for ft09-f340c8e5138e: ContinuousLearningLoop._run_real_arc_mastery_session_enhanced() got an unexpected keyword argument 'action_override'
2025-09-08 15:56:27,289 - ERROR - src.arc_integration.continuous_learning_loop - ❌ Too many consecutive failures (5) for ft09-f340c8e5138e, giving up
2025-09-08 15:56:27,290 - ERROR - src.arc_integration.continuous_learning_loop - Error in episode 1 for ls20-fa137e247ce6: ContinuousLearningLoop._run_real_arc_mastery_session_enhanced() got an unexpected keyword argument 'action_override'
2025-09-08 15:56:27,290 - ERROR - src.arc_integration.continuous_learning_loop - ❌ Too many consecutive failures (5) for ls20-fa137e247ce6, giving up
2025-09-08 15:56:27,290 - ERROR - src.arc_integration.continuous_learning_loop - Error in episode 1 for vc33-58ec4396715d: ContinuousLearningLoop._run_real_arc_mastery_session_enhanced() got an unexpected keyword argument 'action_override'
2025-09-08 15:56:27,291 - ERROR - src.arc_integration.continuous_learning_loop - ❌ Too many consecutive failures (5) for vc33-58ec4396715d, giving up
2025-09-08 15:56:27,291 - ERROR - src.arc_integration.continuous_learning_loop - Error in episode 1 for lp85-2e205bbe3622: ContinuousLearningLoop._run_real_arc_mastery_session_enhanced() got an unexpected keyword argument 'action_override'
2025-09-08 15:56:27,292 - ERROR - src.arc_integration.continuous_learning_loop - Error in episode 1 for sp80-0605ab9e5b2a: ContinuousLearningLoop._run_real_arc_mastery_session_enhanced() got an unexpected keyword argument 'action_override'
2025-09-08 15:56:27,292 - ERROR - src.arc_integration.continuous_learning_loop - Error in episode 1 for as66-821a4dcad9c2: ContinuousLearningLoop._run_real_arc_mastery_session_enhanced() got an unexpected keyword argument 'action_override'
2025-09-08 15:56:28,321 - ERROR - src.arc_integration.continuous_learning_loop - Error in episode 1 for lp85-2e205bbe3622: ContinuousLearningLoop._run_real_arc_mastery_session_enhanced() got an unexpected keyword argument 'action_override'
2025-09-08 15:56:28,322 - ERROR - src.arc_integration.continuous_learning_loop - Error in episode 1 for sp80-0605ab9e5b2a: ContinuousLearningLoop._run_real_arc_mastery_session_enhanced() got an unexpected keyword argument 'action_override'
2025-09-08 15:56:28,323 - ERROR - src.arc_integration.continuous_learning_loop - Error in episode 1 for as66-821a4dcad9c2: ContinuousLearningLoop._run_real_arc_mastery_session_enhanced() got an unexpected keyword argument 'action_override'
2025-09-08 15:56:29,338 - ERROR - src.arc_integration.continuous_learning_loop - Error in episode 1 for lp85-2e205bbe3622: ContinuousLearningLoop._run_real_arc_mastery_session_enhanced() got an unexpected keyword argument 'action_override'
2025-09-08 15:56:29,339 - ERROR - src.arc_integration.continuous_learning_loop - Error in episode 1 for sp80-0605ab9e5b2a: ContinuousLearningLoop._run_real_arc_mastery_session_enhanced() got an unexpected keyword argument 'action_override'
2025-09-08 15:56:29,340 - ERROR - src.arc_integration.continuous_learning_loop - Error in episode 1 for as66-821a4dcad9c2: ContinuousLearningLoop._run_real_arc_mastery_session_enhanced() got an unexpected keyword argument 'action_override'
2025-09-08 15:56:30,345 - ERROR - src.arc_integration.continuous_learning_loop - Error in episode 1 for lp85-2e205bbe3622: ContinuousLearningLoop._run_real_arc_mastery_session_enhanced() got an unexpected keyword argument 'action_override'
2025-09-08 15:56:30,345 - ERROR - src.arc_integration.continuous_learning_loop - Error in episode 1 for sp80-0605ab9e5b2a: ContinuousLearningLoop._run_real_arc_mastery_session_enhanced() got an unexpected keyword argument 'action_override'
2025-09-08 15:56:30,345 - ERROR - src.arc_integration.continuous_learning_loop - Error in episode 1 for as66-821a4dcad9c2: ContinuousLearningLoop._run_real_arc_mastery_session_enhanced() got an unexpected keyword argument 'action_override'
2025-09-08 15:56:31,355 - ERROR - src.arc_integration.continuous_learning_loop - Error in episode 1 for lp85-2e205bbe3622: ContinuousLearningLoop._run_real_arc_mastery_session_enhanced() got an unexpected keyword argument 'action_override'
2025-09-08 15:56:31,356 - ERROR - src.arc_integration.continuous_learning_loop - ❌ Too many consecutive failures (5) for lp85-2e205bbe3622, giving up
2025-09-08 15:56:31,356 - ERROR - src.arc_integration.continuous_learning_loop - Error in episode 1 for sp80-0605ab9e5b2a: ContinuousLearningLoop._run_real_arc_mastery_session_enhanced() got an unexpected keyword argument 'action_override'
2025-09-08 15:56:31,356 - ERROR - src.arc_integration.continuous_learning_loop - ❌ Too many consecutive failures (5) for sp80-0605ab9e5b2a, giving up
2025-09-08 15:56:31,357 - ERROR - src.arc_integration.continuous_learning_loop - Error in episode 1 for as66-821a4dcad9c2: ContinuousLearningLoop._run_real_arc_mastery_session_enhanced() got an unexpected keyword argument 'action_override'
2025-09-08 15:56:31,357 - ERROR - src.arc_integration.continuous_learning_loop - ❌ Too many consecutive failures (5) for as66-821a4dcad9c2, giving up
