2025-09-06 19:17:54,811 - INFO - arc_integration.arc_meta_learning - ARC Meta-Learning System initialized
2025-09-06 19:17:54,811 - INFO - src.arc_integration.continuous_learning_loop - ✅ Enhanced sleep system initialized for memory consolidation
2025-09-06 19:17:54,812 - INFO - src.arc_integration.continuous_learning_loop - ✅ Using unified energy system (adaptive features integrated)
2025-09-06 19:17:54,812 - INFO - goals.goal_system - Goal system initialized in survival phase
2025-09-06 19:17:54,835 - INFO - core.agent - Predictive core initialized with lstm architecture
2025-09-06 19:17:54,841 - INFO - core.agent - DNC memory system initialized and integrated with predictive core
2025-09-06 19:17:54,842 - INFO - core.agent - Learning progress drive initialized
2025-09-06 19:17:54,843 - INFO - core.agent - Energy and death management system initialized
2025-09-06 19:17:54,844 - INFO - goals.goal_system - Goal system initialized in survival phase
2025-09-06 19:17:54,844 - INFO - core.agent - Goal system initialized in survival phase
2025-09-06 19:17:57,141 - INFO - core.agent - Action selection system initialized
2025-09-06 19:17:57,142 - INFO - core.agent - Sleep and dream cycle system initialized
2025-09-06 19:17:57,142 - INFO - core.agent - Monitoring and metrics system initialized
2025-09-06 19:17:57,144 - INFO - core.agent - Meta-learning system initialized
2025-09-06 19:17:57,145 - INFO - core.agent - Adaptive Learning Agent initialized successfully
2025-09-06 19:17:57,146 - INFO - src.arc_integration.continuous_learning_loop - Demo agent initialized for monitoring
2025-09-06 19:17:57,148 - INFO - src.arc_integration.continuous_learning_loop - Continuous Learning Loop initialized with ARC-3 API integration
2025-09-06 19:17:57,152 - INFO - __main__ - ✅ Coordinate intelligence initialized
2025-09-06 19:17:57,161 - INFO - src.core.meta_cognitive_governor.Governor - Outcome tracking enabled
2025-09-06 19:17:57,170 - INFO - src.core.meta_cognitive_governor.Governor - Cross-session learning manager initialized with 0 existing patterns
2025-09-06 19:17:57,171 - INFO - src.core.meta_cognitive_governor.Governor - Cross-session learning enabled
2025-09-06 19:17:57,175 - INFO - src.core.meta_cognitive_governor.Governor - Meta-cognitive memory management enabled
2025-09-06 19:17:57,179 - INFO - src.core.meta_cognitive_governor.Governor - Memory pattern optimization enabled - Phase 1 immediate wins
2025-09-06 19:17:59,641 - INFO - src.core.hierarchical_memory_clusterer - 🗂️ HierarchicalMemoryClusterer initialized for Phase 2
2025-09-06 19:17:59,642 - INFO - src.core.meta_cognitive_governor.Governor - Hierarchical memory clustering enabled - Phase 2 intelligent clusters
2025-09-06 19:17:59,646 - INFO - src.core.architect_evolution_engine - 🏗️ Architect Evolution Engine initialized for Phase 3
2025-09-06 19:17:59,647 - INFO - src.core.architect_evolution_engine -    Autonomous evolution: enabled
2025-09-06 19:17:59,648 - INFO - src.core.architect_evolution_engine -    Loaded 0 existing insights
2025-09-06 19:17:59,648 - INFO - src.core.architect_evolution_engine -    Loaded 0 evolution strategies
2025-09-06 19:17:59,649 - INFO - src.core.meta_cognitive_governor.Governor - Architect Evolution Engine enabled - Phase 3 autonomous evolution
2025-09-06 19:17:59,657 - INFO - src.core.performance_optimization_engine - ⚡ Initialized 1 adaptive configurations
2025-09-06 19:17:59,658 - INFO - src.core.performance_optimization_engine - ⚡ Real-time optimization thread started
2025-09-06 19:17:59,663 - INFO - src.core.performance_optimization_engine - ⚡ Performance Optimization Engine initialized for Phase 4
2025-09-06 19:17:59,663 - INFO - src.core.performance_optimization_engine -    Real-time optimization: enabled
2025-09-06 19:17:59,664 - INFO - src.core.performance_optimization_engine -    Optimization interval: 60.0s
2025-09-06 19:17:59,665 - INFO - src.core.performance_optimization_engine -    Loaded 0 optimization history entries
2025-09-06 19:17:59,665 - INFO - src.core.performance_optimization_engine -    Adaptive configurations: 1
2025-09-06 19:17:59,666 - INFO - src.core.meta_cognitive_governor.Governor - Performance Optimization Engine enabled - Phase 4 performance maximization
2025-09-06 19:17:59,668 - INFO - src.core.meta_cognitive_governor.Governor - 🔍 Initialized 37 cognitive system monitors
2025-09-06 19:17:59,668 - INFO - src.core.meta_cognitive_governor.Governor - 🧠 MetaCognitiveGovernor initialized - Third Brain online
2025-09-06 19:17:59,669 - INFO - __main__ - 🧠 Meta-cognitive Governor (Third Brain) initialized
2025-09-06 19:17:59,670 - INFO - src.core.architect.Architect - Architect memory management enabled
2025-09-06 19:17:59,674 - INFO - src.core.architect.Architect - ✅ Already on correct branch: Tabula-Rasa-v3
2025-09-06 19:17:59,675 - INFO - src.core.architect.Architect - ✅ GitIgnore already configured for Architect control
2025-09-06 19:17:59,679 - INFO - src.core.architect.Architect - 🔬 Architect initialized - Zeroth Brain online
2025-09-06 19:17:59,680 - INFO - __main__ - 🏗️ Architect (Zeroth Brain) initialized
2025-09-06 19:17:59,680 - INFO - __main__ - ✅ Core systems initialized successfully
2025-09-06 19:17:59,682 - INFO - __main__ - 🚀 Starting training mode: maximum-intelligence
2025-09-06 19:17:59,683 - INFO - __main__ - 🧠 Maximum Intelligence Mode - All systems enabled
2025-09-06 19:17:59,685 - INFO - src.core.meta_cognitive_governor.Governor - Started outcome measurement outcome_1757204279_3096 for governor_mode_switch
2025-09-06 19:17:59,686 - INFO - src.core.meta_cognitive_governor.Governor - 🎯 Governor recommendation: mode_switch (confidence: 0.80)
2025-09-06 19:17:59,687 - INFO - __main__ - 🧠 Governor recommends: mode_switch
2025-09-06 19:17:59,687 - INFO - __main__ - 🧠 Governor consultation: {'type': 'mode_switch', 'changes': {'enable_contrarian_strategy': True, 'increase_exploration': True}, 'rationale': 'Critical win rate 0.00 requires contrarian exploration', 'confidence': 0.8, 'cognitive_cost': CognitiveBenefit(win_rate_improvement=0.16000000000000003, score_improvement=8.0, learning_efficiency=0.1, knowledge_transfer=0.05), 'urgency': 0.7}
2025-09-06 19:17:59,689 - INFO - __main__ - 🏗️ Running Architect evolution cycle...
2025-09-06 19:17:59,690 - INFO - src.core.architect.Architect - 🧬 Starting evolution cycle 0
2025-09-06 19:17:59,906 - INFO - src.core.architect.Architect - 🎯 Using training script: master_arc_trainer.py
2025-09-06 19:17:59,908 - INFO - src.core.architect.Architect - 🎮 Running actual ARC training test: C:\Python313\python.exe C:\Users\Admin\Documents\GitHub\tabula-rasa\master_arc_trainer.py --mode quick-validation --games ls20,ft09 --max-cycles 3 --session-duration 2 --no-logs --no-monitoring
