2025-09-08 15:54:58,801 - ERROR - src.arc_integration.continuous_learning_loop - Error in episode 1 for sp80-0605ab9e5b2a: 'last_actions'
2025-09-08 15:54:58,801 - ERROR - src.arc_integration.continuous_learning_loop - Error in episode 1 for ft09-f340c8e5138e: 'last_actions'
2025-09-08 15:54:58,801 - ERROR - src.arc_integration.continuous_learning_loop - Error in episode 1 for ls20-fa137e247ce6: 'last_actions'
2025-09-08 15:54:59,811 - ERROR - src.arc_integration.continuous_learning_loop - Error in episode 1 for sp80-0605ab9e5b2a: max() iterable argument is empty
2025-09-08 15:54:59,812 - ERROR - src.arc_integration.continuous_learning_loop - Error in episode 1 for ft09-f340c8e5138e: 'last_actions'
2025-09-08 15:54:59,813 - ERROR - src.arc_integration.continuous_learning_loop - Error in episode 1 for ls20-fa137e247ce6: 'last_actions'
2025-09-08 15:55:00,825 - ERROR - src.arc_integration.continuous_learning_loop - Error in episode 1 for sp80-0605ab9e5b2a: 'last_actions'
2025-09-08 15:55:00,826 - ERROR - src.arc_integration.continuous_learning_loop - Error in episode 1 for ft09-f340c8e5138e: 'last_actions'
2025-09-08 15:55:00,826 - ERROR - src.arc_integration.continuous_learning_loop - Error in episode 1 for ls20-fa137e247ce6: 'last_actions'
2025-09-08 15:55:01,842 - ERROR - src.arc_integration.continuous_learning_loop - Error in episode 1 for sp80-0605ab9e5b2a: 'last_actions'
2025-09-08 15:55:01,843 - ERROR - src.arc_integration.continuous_learning_loop - Error in episode 1 for ft09-f340c8e5138e: 'last_actions'
2025-09-08 15:55:01,844 - ERROR - src.arc_integration.continuous_learning_loop - Error in episode 1 for ls20-fa137e247ce6: 'last_actions'
2025-09-08 15:55:02,860 - ERROR - src.arc_integration.continuous_learning_loop - Error in episode 1 for sp80-0605ab9e5b2a: max() iterable argument is empty
2025-09-08 15:55:02,860 - ERROR - src.arc_integration.continuous_learning_loop - ❌ Too many consecutive failures (5) for sp80-0605ab9e5b2a, giving up
2025-09-08 15:55:02,860 - ERROR - src.arc_integration.continuous_learning_loop - Error in episode 1 for ft09-f340c8e5138e: 'last_actions'
2025-09-08 15:55:02,861 - ERROR - src.arc_integration.continuous_learning_loop - ❌ Too many consecutive failures (5) for ft09-f340c8e5138e, giving up
2025-09-08 15:55:02,861 - ERROR - src.arc_integration.continuous_learning_loop - Error in episode 1 for ls20-fa137e247ce6: 'last_actions'
2025-09-08 15:55:02,861 - ERROR - src.arc_integration.continuous_learning_loop - ❌ Too many consecutive failures (5) for ls20-fa137e247ce6, giving up
2025-09-08 15:55:02,862 - ERROR - src.arc_integration.continuous_learning_loop - Error in episode 1 for as66-821a4dcad9c2: 'last_actions'
2025-09-08 15:55:02,863 - ERROR - src.arc_integration.continuous_learning_loop - Error in episode 1 for lp85-2e205bbe3622: 'last_actions'
2025-09-08 15:55:02,863 - ERROR - src.arc_integration.continuous_learning_loop - Error in episode 1 for vc33-58ec4396715d: 'last_actions'
2025-09-08 15:55:03,875 - ERROR - src.arc_integration.continuous_learning_loop - Error in episode 1 for as66-821a4dcad9c2: 'last_actions'
2025-09-08 15:55:03,876 - ERROR - src.arc_integration.continuous_learning_loop - Error in episode 1 for lp85-2e205bbe3622: 'last_actions'
2025-09-08 15:55:03,877 - ERROR - src.arc_integration.continuous_learning_loop - Error in episode 1 for vc33-58ec4396715d: 'last_actions'
2025-09-08 15:55:04,892 - ERROR - src.arc_integration.continuous_learning_loop - Error in episode 1 for as66-821a4dcad9c2: 'last_actions'
2025-09-08 15:55:04,893 - ERROR - src.arc_integration.continuous_learning_loop - Error in episode 1 for lp85-2e205bbe3622: 'last_actions'
2025-09-08 15:55:04,894 - ERROR - src.arc_integration.continuous_learning_loop - Error in episode 1 for vc33-58ec4396715d: 'last_actions'
2025-09-08 15:55:05,909 - ERROR - src.arc_integration.continuous_learning_loop - Error in episode 1 for as66-821a4dcad9c2: 'last_actions'
2025-09-08 15:55:05,910 - ERROR - src.arc_integration.continuous_learning_loop - Error in episode 1 for lp85-2e205bbe3622: 'last_actions'
2025-09-08 15:55:05,911 - ERROR - src.arc_integration.continuous_learning_loop - Error in episode 1 for vc33-58ec4396715d: 'last_actions'
2025-09-08 15:55:06,927 - ERROR - src.arc_integration.continuous_learning_loop - Error in episode 1 for as66-821a4dcad9c2: 'last_actions'
2025-09-08 15:55:06,927 - ERROR - src.arc_integration.continuous_learning_loop - ❌ Too many consecutive failures (5) for as66-821a4dcad9c2, giving up
2025-09-08 15:55:06,928 - ERROR - src.arc_integration.continuous_learning_loop - Error in episode 1 for lp85-2e205bbe3622: 'last_actions'
2025-09-08 15:55:06,928 - ERROR - src.arc_integration.continuous_learning_loop - ❌ Too many consecutive failures (5) for lp85-2e205bbe3622, giving up
2025-09-08 15:55:06,929 - ERROR - src.arc_integration.continuous_learning_loop - Error in episode 1 for vc33-58ec4396715d: 'last_actions'
2025-09-08 15:55:06,930 - ERROR - src.arc_integration.continuous_learning_loop - ❌ Too many consecutive failures (5) for vc33-58ec4396715d, giving up
