2025-09-06 23:53:47,756 - INFO - arc_integration.arc_meta_learning - ARC Meta-Learning System initialized
2025-09-06 23:53:47,756 - INFO - src.arc_integration.continuous_learning_loop - ✅ Enhanced sleep system initialized for memory consolidation
2025-09-06 23:53:47,757 - INFO - src.arc_integration.continuous_learning_loop - ✅ Using unified energy system (adaptive features integrated)
2025-09-06 23:53:47,757 - INFO - goals.goal_system - Goal system initialized in survival phase
2025-09-06 23:53:47,770 - INFO - core.agent - Predictive core initialized with lstm architecture
2025-09-06 23:53:47,772 - INFO - core.agent - DNC memory system initialized and integrated with predictive core
2025-09-06 23:53:47,772 - INFO - core.agent - Learning progress drive initialized
2025-09-06 23:53:47,773 - INFO - core.agent - Energy and death management system initialized
2025-09-06 23:53:47,774 - INFO - goals.goal_system - Goal system initialized in survival phase
2025-09-06 23:53:47,774 - INFO - core.agent - Goal system initialized in survival phase
2025-09-06 23:53:47,780 - INFO - core.agent - Action selection system initialized
2025-09-06 23:53:47,780 - INFO - core.agent - Sleep and dream cycle system initialized
2025-09-06 23:53:47,780 - INFO - core.agent - Monitoring and metrics system initialized
2025-09-06 23:53:47,782 - INFO - core.agent - Meta-learning system initialized
2025-09-06 23:53:47,782 - INFO - core.agent - Adaptive Learning Agent initialized successfully
2025-09-06 23:53:47,783 - INFO - src.arc_integration.continuous_learning_loop - Demo agent initialized for monitoring
2025-09-06 23:53:47,793 - INFO - src.arc_integration.continuous_learning_loop - Continuous Learning Loop initialized with ARC-3 API integration
2025-09-06 23:53:47,795 - INFO - __main__ - ✅ Coordinate intelligence initialized
2025-09-06 23:53:47,795 - INFO - src.core.meta_cognitive_governor.Governor - Outcome tracking enabled
2025-09-06 23:53:47,797 - INFO - src.core.meta_cognitive_governor.Governor - Loaded 0 learned patterns from disk
2025-09-06 23:53:47,798 - INFO - src.core.meta_cognitive_governor.Governor - Cross-session learning manager initialized with 0 existing patterns
2025-09-06 23:53:47,799 - INFO - src.core.meta_cognitive_governor.Governor - Cross-session learning enabled
2025-09-06 23:53:47,799 - INFO - src.core.meta_cognitive_governor.Governor - Meta-cognitive memory management enabled
2025-09-06 23:53:47,800 - INFO - src.core.meta_cognitive_governor.Governor - Memory pattern optimization enabled - Phase 1 immediate wins
2025-09-06 23:53:47,800 - INFO - src.core.hierarchical_memory_clusterer - 🗂️ HierarchicalMemoryClusterer initialized for Phase 2
2025-09-06 23:53:47,800 - INFO - src.core.meta_cognitive_governor.Governor - Hierarchical memory clustering enabled - Phase 2 intelligent clusters
2025-09-06 23:53:47,801 - INFO - src.core.architect_evolution_engine - 🏗️ Architect Evolution Engine initialized for Phase 3
2025-09-06 23:53:47,801 - INFO - src.core.architect_evolution_engine -    Autonomous evolution: enabled
2025-09-06 23:53:47,802 - INFO - src.core.architect_evolution_engine -    Loaded 0 existing insights
2025-09-06 23:53:47,802 - INFO - src.core.architect_evolution_engine -    Loaded 0 evolution strategies
2025-09-06 23:53:47,802 - INFO - src.core.meta_cognitive_governor.Governor - Architect Evolution Engine enabled - Phase 3 autonomous evolution
2025-09-06 23:53:47,803 - INFO - src.core.performance_optimization_engine - ⚡ Initialized 1 adaptive configurations
2025-09-06 23:53:47,804 - INFO - src.core.performance_optimization_engine - ⚡ Real-time optimization thread started
2025-09-06 23:53:47,804 - INFO - src.core.performance_optimization_engine - ⚡ Performance Optimization Engine initialized for Phase 4
2025-09-06 23:53:47,805 - INFO - src.core.performance_optimization_engine -    Real-time optimization: enabled
2025-09-06 23:53:47,805 - INFO - src.core.performance_optimization_engine -    Optimization interval: 60.0s
2025-09-06 23:53:47,806 - INFO - src.core.performance_optimization_engine -    Loaded 0 optimization history entries
2025-09-06 23:53:47,806 - INFO - src.core.performance_optimization_engine -    Adaptive configurations: 1
2025-09-06 23:53:47,807 - INFO - src.core.meta_cognitive_governor.Governor - Performance Optimization Engine enabled - Phase 4 performance maximization
2025-09-06 23:53:47,807 - INFO - src.core.meta_cognitive_governor.Governor - 🔍 Initialized 37 cognitive system monitors
2025-09-06 23:53:47,807 - INFO - src.core.meta_cognitive_governor.Governor - 🧠 MetaCognitiveGovernor initialized - Third Brain online
2025-09-06 23:53:47,808 - INFO - __main__ - 🧠 Meta-cognitive Governor (Third Brain) initialized
2025-09-06 23:53:47,808 - INFO - src.core.architect.Architect - Architect memory management enabled
2025-09-06 23:53:47,811 - INFO - src.core.architect.Architect - ✅ Already on correct branch: Tabula-Rasa-v3
2025-09-06 23:53:47,811 - INFO - src.core.architect.Architect - ✅ GitIgnore already configured for Architect control
2025-09-06 23:53:47,812 - INFO - src.core.architect.Architect - 🔬 Architect initialized - Zeroth Brain online
2025-09-06 23:53:47,812 - INFO - __main__ - 🏗️ Architect (Zeroth Brain) initialized
2025-09-06 23:53:47,812 - INFO - __main__ - ✅ Core systems initialized successfully
2025-09-06 23:53:48,092 - INFO - __main__ - 🚀 Starting training mode: meta-cognitive-training
2025-09-06 23:53:48,094 - INFO - __main__ - Meta-Cognitive Training Mode - Comprehensive monitoring
2025-09-06 23:53:48,098 - INFO - src.core.meta_cognitive_governor.Governor - Started outcome measurement outcome_1757220828_7188 for governor_mode_switch
2025-09-06 23:53:48,098 - INFO - src.core.meta_cognitive_governor.Governor - 🎯 Governor recommendation: mode_switch (confidence: 0.80)
2025-09-06 23:53:48,100 - INFO - __main__ - No games specified, fetching from ARC-AGI-3 API...
2025-09-06 23:53:48,226 - INFO - src.arc_integration.continuous_learning_loop - Retrieved 6 available games from ARC-AGI-3 API
2025-09-06 23:53:48,228 - INFO - __main__ - Selected 6 games from ARC API: ['as66-821a4dcad9c2', 'vc33-58ec4396715d', 'sp80-5f3511b239b8', 'ls20-fa137e247ce6', 'ft09-f340c8e5138e', 'lp85-2e205bbe3622']
2025-09-06 23:53:48,229 - INFO - src.arc_integration.continuous_learning_loop - ✅ Unified energy system configured: current=74.3/100, sleep_threshold=40.0, energy_costs=standardized
2025-09-06 23:53:48,230 - INFO - src.arc_integration.continuous_learning_loop - Started training session session_1757220828 with 6 games using lossless mode
2025-09-06 23:53:48,231 - INFO - src.arc_integration.continuous_learning_loop - Running continuous learning for session session_1757220828
2025-09-06 23:53:48,693 - WARNING - src.arc_integration.continuous_learning_loop - Frame analysis failed for vc33-58ec4396715d: max() iterable argument is empty
2025-09-06 23:53:48,694 - INFO - src.arc_integration.continuous_learning_loop - 🧠 Loaded action intelligence for vc33-58ec4396715d: 1 effective actions
2025-09-06 23:53:48,695 - INFO - src.arc_integration.continuous_learning_loop - 🎮 Initialized actions for vc33-58ec4396715d: [6] (loaded 1 cached patterns)
2025-09-06 23:53:48,820 - WARNING - src.arc_integration.continuous_learning_loop - Frame analysis failed for sp80-5f3511b239b8: max() iterable argument is empty
2025-09-06 23:53:48,832 - INFO - src.arc_integration.continuous_learning_loop - 🧠 Loaded action intelligence for sp80-5f3511b239b8: 4 effective actions
2025-09-06 23:53:48,833 - INFO - src.arc_integration.continuous_learning_loop - 🎮 Initialized actions for sp80-5f3511b239b8: [1, 2, 3, 4, 5, 6] (loaded 4 cached patterns)
2025-09-06 23:53:48,985 - INFO - src.arc_integration.continuous_learning_loop - Action 6 successful for vc33-58ec4396715d
2025-09-06 23:53:48,985 - INFO - src.arc_integration.continuous_learning_loop - 🎮 Initialized actions for vc33-58ec4396715d: [6] (loaded 1 cached patterns)
2025-09-06 23:53:49,016 - WARNING - src.arc_integration.continuous_learning_loop - Frame analysis failed for as66-821a4dcad9c2: max() iterable argument is empty
2025-09-06 23:53:49,032 - INFO - src.arc_integration.continuous_learning_loop - 🧠 Loaded action intelligence for as66-821a4dcad9c2: 4 effective actions
2025-09-06 23:53:49,033 - INFO - src.arc_integration.continuous_learning_loop - 🎮 Initialized actions for as66-821a4dcad9c2: [1, 2, 3, 4, 6] (loaded 4 cached patterns)
2025-09-06 23:53:49,141 - INFO - src.arc_integration.continuous_learning_loop - Action 1 successful for sp80-5f3511b239b8
2025-09-06 23:53:49,141 - INFO - src.arc_integration.continuous_learning_loop - 🎮 Initialized actions for sp80-5f3511b239b8: [1, 2, 3, 4, 5, 6] (loaded 4 cached patterns)
2025-09-06 23:53:49,173 - WARNING - src.arc_integration.continuous_learning_loop - Frame analysis failed for vc33-58ec4396715d: max() iterable argument is empty
2025-09-06 23:53:49,174 - INFO - src.arc_integration.continuous_learning_loop - 🎮 Initialized actions for vc33-58ec4396715d: [6] (loaded 1 cached patterns)
2025-09-06 23:53:49,304 - WARNING - src.arc_integration.continuous_learning_loop - Frame analysis failed for sp80-5f3511b239b8: max() iterable argument is empty
2025-09-06 23:53:49,305 - INFO - src.arc_integration.continuous_learning_loop - 🎮 Initialized actions for sp80-5f3511b239b8: [1, 2, 3, 4, 5, 6] (loaded 4 cached patterns)
2025-09-06 23:53:49,312 - INFO - src.arc_integration.continuous_learning_loop - Action 1 successful for as66-821a4dcad9c2
2025-09-06 23:53:49,313 - INFO - src.arc_integration.continuous_learning_loop - 🎮 Initialized actions for as66-821a4dcad9c2: [1, 2, 3, 4, 6] (loaded 4 cached patterns)
2025-09-06 23:53:49,445 - INFO - src.arc_integration.continuous_learning_loop - Action 6 successful for vc33-58ec4396715d
2025-09-06 23:53:49,445 - INFO - src.arc_integration.continuous_learning_loop - 🎮 Initialized actions for vc33-58ec4396715d: [6] (loaded 1 cached patterns)
2025-09-06 23:53:49,470 - WARNING - src.arc_integration.continuous_learning_loop - Frame analysis failed for as66-821a4dcad9c2: max() iterable argument is empty
2025-09-06 23:53:49,470 - INFO - src.arc_integration.continuous_learning_loop - 🎮 Initialized actions for as66-821a4dcad9c2: [1, 2, 3, 4, 6] (loaded 4 cached patterns)
2025-09-06 23:53:49,576 - INFO - src.arc_integration.continuous_learning_loop - Action 1 successful for sp80-5f3511b239b8
2025-09-06 23:53:49,576 - INFO - src.arc_integration.continuous_learning_loop - 🎮 Initialized actions for sp80-5f3511b239b8: [1, 2, 3, 4, 5, 6] (loaded 4 cached patterns)
2025-09-06 23:53:49,623 - WARNING - src.arc_integration.continuous_learning_loop - Frame analysis failed for vc33-58ec4396715d: max() iterable argument is empty
2025-09-06 23:53:49,623 - INFO - src.arc_integration.continuous_learning_loop - 🎮 Initialized actions for vc33-58ec4396715d: [6] (loaded 1 cached patterns)
2025-09-06 23:53:49,747 - WARNING - src.arc_integration.continuous_learning_loop - Frame analysis failed for sp80-5f3511b239b8: max() iterable argument is empty
2025-09-06 23:53:49,747 - INFO - src.arc_integration.continuous_learning_loop - 🎮 Initialized actions for sp80-5f3511b239b8: [1, 2, 3, 4, 5, 6] (loaded 4 cached patterns)
2025-09-06 23:53:49,754 - INFO - src.arc_integration.continuous_learning_loop - Action 1 successful for as66-821a4dcad9c2
2025-09-06 23:53:49,755 - INFO - src.arc_integration.continuous_learning_loop - 🎮 Initialized actions for as66-821a4dcad9c2: [1, 2, 3, 4, 6] (loaded 4 cached patterns)
2025-09-06 23:53:49,764 - INFO - src.arc_integration.continuous_learning_loop - Action 6 successful for vc33-58ec4396715d
2025-09-06 23:53:49,764 - INFO - src.arc_integration.continuous_learning_loop - 🎮 Initialized actions for vc33-58ec4396715d: [6] (loaded 1 cached patterns)
2025-09-06 23:53:49,892 - INFO - src.arc_integration.continuous_learning_loop - Action 1 successful for sp80-5f3511b239b8
2025-09-06 23:53:49,893 - INFO - src.arc_integration.continuous_learning_loop - 🎮 Initialized actions for sp80-5f3511b239b8: [1, 2, 3, 4, 5, 6] (loaded 4 cached patterns)
2025-09-06 23:53:49,925 - WARNING - src.arc_integration.continuous_learning_loop - Frame analysis failed for as66-821a4dcad9c2: max() iterable argument is empty
2025-09-06 23:53:49,926 - INFO - src.arc_integration.continuous_learning_loop - 🎮 Initialized actions for as66-821a4dcad9c2: [1, 2, 3, 4, 6] (loaded 4 cached patterns)
2025-09-06 23:53:49,934 - WARNING - src.arc_integration.continuous_learning_loop - Frame analysis failed for vc33-58ec4396715d: max() iterable argument is empty
2025-09-06 23:53:49,934 - INFO - src.arc_integration.continuous_learning_loop - 🎮 Initialized actions for vc33-58ec4396715d: [6] (loaded 1 cached patterns)
2025-09-06 23:53:50,063 - WARNING - src.arc_integration.continuous_learning_loop - Frame analysis failed for sp80-5f3511b239b8: max() iterable argument is empty
2025-09-06 23:53:50,063 - INFO - src.arc_integration.continuous_learning_loop - 🎮 Initialized actions for sp80-5f3511b239b8: [1, 2, 3, 4, 5, 6] (loaded 4 cached patterns)
2025-09-06 23:53:50,087 - INFO - src.arc_integration.continuous_learning_loop - Action 6 successful for vc33-58ec4396715d
2025-09-06 23:53:50,088 - INFO - src.arc_integration.continuous_learning_loop - 🎮 Initialized actions for vc33-58ec4396715d: [6] (loaded 1 cached patterns)
2025-09-06 23:53:50,160 - INFO - src.arc_integration.continuous_learning_loop - Action 2 successful for as66-821a4dcad9c2
2025-09-06 23:53:50,161 - INFO - src.arc_integration.continuous_learning_loop - 🎮 Initialized actions for as66-821a4dcad9c2: [1, 2, 3, 4, 6] (loaded 4 cached patterns)
2025-09-06 23:53:50,212 - INFO - src.arc_integration.continuous_learning_loop - Action 1 successful for sp80-5f3511b239b8
2025-09-06 23:53:50,212 - INFO - src.arc_integration.continuous_learning_loop - 🎮 Initialized actions for sp80-5f3511b239b8: [1, 2, 3, 4, 5, 6] (loaded 4 cached patterns)
2025-09-06 23:53:50,257 - WARNING - src.arc_integration.continuous_learning_loop - Frame analysis failed for vc33-58ec4396715d: max() iterable argument is empty
2025-09-06 23:53:50,258 - INFO - src.arc_integration.continuous_learning_loop - 🎮 Initialized actions for vc33-58ec4396715d: [6] (loaded 1 cached patterns)
2025-09-06 23:53:50,329 - WARNING - src.arc_integration.continuous_learning_loop - Frame analysis failed for as66-821a4dcad9c2: max() iterable argument is empty
2025-09-06 23:53:50,330 - INFO - src.arc_integration.continuous_learning_loop - 🎮 Initialized actions for as66-821a4dcad9c2: [1, 2, 3, 4, 6] (loaded 4 cached patterns)
2025-09-06 23:53:50,376 - WARNING - src.arc_integration.continuous_learning_loop - Frame analysis failed for sp80-5f3511b239b8: max() iterable argument is empty
2025-09-06 23:53:50,376 - INFO - src.arc_integration.continuous_learning_loop - 🎮 Initialized actions for sp80-5f3511b239b8: [1, 2, 3, 4, 5, 6] (loaded 4 cached patterns)
2025-09-06 23:53:50,393 - INFO - src.arc_integration.continuous_learning_loop - Action 6 successful for vc33-58ec4396715d
2025-09-06 23:53:50,394 - INFO - src.arc_integration.continuous_learning_loop - 🎮 Initialized actions for vc33-58ec4396715d: [6] (loaded 1 cached patterns)
2025-09-06 23:53:50,505 - INFO - src.arc_integration.continuous_learning_loop - Action 1 successful for as66-821a4dcad9c2
2025-09-06 23:53:50,505 - INFO - src.arc_integration.continuous_learning_loop - 🎮 Initialized actions for as66-821a4dcad9c2: [1, 2, 3, 4, 6] (loaded 4 cached patterns)
2025-09-06 23:53:50,560 - WARNING - src.arc_integration.continuous_learning_loop - Frame analysis failed for vc33-58ec4396715d: max() iterable argument is empty
2025-09-06 23:53:50,560 - INFO - src.arc_integration.continuous_learning_loop - 🎮 Initialized actions for vc33-58ec4396715d: [6] (loaded 1 cached patterns)
2025-09-06 23:53:50,638 - INFO - src.arc_integration.continuous_learning_loop - Action 1 successful for sp80-5f3511b239b8
2025-09-06 23:53:50,638 - INFO - src.arc_integration.continuous_learning_loop - 🎮 Initialized actions for sp80-5f3511b239b8: [1, 2, 3, 4, 5, 6] (loaded 4 cached patterns)
2025-09-06 23:53:50,668 - WARNING - src.arc_integration.continuous_learning_loop - Frame analysis failed for as66-821a4dcad9c2: max() iterable argument is empty
2025-09-06 23:53:50,668 - INFO - src.arc_integration.continuous_learning_loop - 🎮 Initialized actions for as66-821a4dcad9c2: [1, 2, 3, 4, 6] (loaded 4 cached patterns)
2025-09-06 23:53:50,800 - WARNING - src.arc_integration.continuous_learning_loop - Frame analysis failed for sp80-5f3511b239b8: max() iterable argument is empty
2025-09-06 23:53:50,801 - INFO - src.arc_integration.continuous_learning_loop - 🎮 Initialized actions for sp80-5f3511b239b8: [1, 2, 3, 4, 5, 6] (loaded 4 cached patterns)
2025-09-06 23:53:50,809 - INFO - src.arc_integration.continuous_learning_loop - Action 1 successful for as66-821a4dcad9c2
2025-09-06 23:53:50,809 - INFO - src.arc_integration.continuous_learning_loop - 🎮 Initialized actions for as66-821a4dcad9c2: [1, 2, 3, 4, 6] (loaded 4 cached patterns)
2025-09-06 23:53:50,947 - INFO - src.arc_integration.continuous_learning_loop - Action 1 successful for sp80-5f3511b239b8
2025-09-06 23:53:50,948 - INFO - src.arc_integration.continuous_learning_loop - 🎮 Initialized actions for sp80-5f3511b239b8: [1, 2, 3, 4, 5, 6] (loaded 4 cached patterns)
2025-09-06 23:53:50,973 - WARNING - src.arc_integration.continuous_learning_loop - Frame analysis failed for as66-821a4dcad9c2: max() iterable argument is empty
2025-09-06 23:53:50,974 - INFO - src.arc_integration.continuous_learning_loop - 🎮 Initialized actions for as66-821a4dcad9c2: [1, 2, 3, 4, 6] (loaded 4 cached patterns)
2025-09-06 23:53:51,120 - WARNING - src.arc_integration.continuous_learning_loop - Frame analysis failed for sp80-5f3511b239b8: max() iterable argument is empty
2025-09-06 23:53:51,121 - INFO - src.arc_integration.continuous_learning_loop - 🎮 Initialized actions for sp80-5f3511b239b8: [1, 2, 3, 4, 5, 6] (loaded 4 cached patterns)
2025-09-06 23:53:51,200 - INFO - src.arc_integration.continuous_learning_loop - Action 2 successful for as66-821a4dcad9c2
2025-09-06 23:53:51,200 - INFO - src.arc_integration.continuous_learning_loop - 🎮 Initialized actions for as66-821a4dcad9c2: [1, 2, 3, 4, 6] (loaded 4 cached patterns)
2025-09-06 23:53:51,259 - INFO - src.arc_integration.continuous_learning_loop - Action 1 successful for sp80-5f3511b239b8
2025-09-06 23:53:51,259 - INFO - src.arc_integration.continuous_learning_loop - 🎮 Initialized actions for sp80-5f3511b239b8: [1, 2, 3, 4, 5, 6] (loaded 4 cached patterns)
2025-09-06 23:53:51,369 - WARNING - src.arc_integration.continuous_learning_loop - Frame analysis failed for as66-821a4dcad9c2: max() iterable argument is empty
2025-09-06 23:53:51,370 - INFO - src.arc_integration.continuous_learning_loop - 🎮 Initialized actions for as66-821a4dcad9c2: [1, 2, 3, 4, 6] (loaded 4 cached patterns)
2025-09-06 23:53:51,424 - WARNING - src.arc_integration.continuous_learning_loop - Frame analysis failed for sp80-5f3511b239b8: max() iterable argument is empty
2025-09-06 23:53:51,424 - INFO - src.arc_integration.continuous_learning_loop - 🎮 Initialized actions for sp80-5f3511b239b8: [1, 2, 3, 4, 5, 6] (loaded 4 cached patterns)
2025-09-06 23:53:51,513 - INFO - src.arc_integration.continuous_learning_loop - Action 1 successful for as66-821a4dcad9c2
2025-09-06 23:53:51,513 - INFO - src.arc_integration.continuous_learning_loop - 🎮 Initialized actions for as66-821a4dcad9c2: [1, 2, 3, 4, 6] (loaded 4 cached patterns)
2025-09-06 23:53:51,561 - INFO - src.arc_integration.continuous_learning_loop - Action 1 successful for sp80-5f3511b239b8
2025-09-06 23:53:51,562 - INFO - src.arc_integration.continuous_learning_loop - 🎮 Initialized actions for sp80-5f3511b239b8: [1, 2, 3, 4, 5, 6] (loaded 4 cached patterns)
2025-09-06 23:53:51,686 - WARNING - src.arc_integration.continuous_learning_loop - Frame analysis failed for as66-821a4dcad9c2: max() iterable argument is empty
2025-09-06 23:53:51,686 - INFO - src.arc_integration.continuous_learning_loop - 🎮 Initialized actions for as66-821a4dcad9c2: [1, 2, 3, 4, 6] (loaded 4 cached patterns)
2025-09-06 23:53:51,724 - WARNING - src.arc_integration.continuous_learning_loop - Frame analysis failed for sp80-5f3511b239b8: max() iterable argument is empty
2025-09-06 23:53:51,724 - INFO - src.arc_integration.continuous_learning_loop - 🎮 Initialized actions for sp80-5f3511b239b8: [1, 2, 3, 4, 5, 6] (loaded 4 cached patterns)
2025-09-06 23:53:51,854 - INFO - src.arc_integration.continuous_learning_loop - Action 1 successful for as66-821a4dcad9c2
2025-09-06 23:53:51,854 - INFO - src.arc_integration.continuous_learning_loop - 🎮 Initialized actions for as66-821a4dcad9c2: [1, 2, 3, 4, 6] (loaded 4 cached patterns)
2025-09-06 23:53:51,861 - INFO - src.arc_integration.continuous_learning_loop - Action 1 successful for sp80-5f3511b239b8
2025-09-06 23:53:51,862 - INFO - src.arc_integration.continuous_learning_loop - 🎮 Initialized actions for sp80-5f3511b239b8: [1, 2, 3, 4, 5, 6] (loaded 4 cached patterns)
2025-09-06 23:53:52,013 - WARNING - src.arc_integration.continuous_learning_loop - Frame analysis failed for as66-821a4dcad9c2: max() iterable argument is empty
2025-09-06 23:53:52,014 - INFO - src.arc_integration.continuous_learning_loop - 🎮 Initialized actions for as66-821a4dcad9c2: [1, 2, 3, 4, 6] (loaded 4 cached patterns)
2025-09-06 23:53:52,024 - WARNING - src.arc_integration.continuous_learning_loop - Frame analysis failed for sp80-5f3511b239b8: max() iterable argument is empty
2025-09-06 23:53:52,024 - INFO - src.arc_integration.continuous_learning_loop - 🎮 Initialized actions for sp80-5f3511b239b8: [1, 2, 3, 4, 5, 6] (loaded 4 cached patterns)
2025-09-06 23:53:52,158 - INFO - src.arc_integration.continuous_learning_loop - Action 1 successful for as66-821a4dcad9c2
2025-09-06 23:53:52,159 - INFO - src.arc_integration.continuous_learning_loop - 🎮 Initialized actions for as66-821a4dcad9c2: [1, 2, 3, 4, 6] (loaded 4 cached patterns)
2025-09-06 23:53:52,162 - INFO - src.arc_integration.continuous_learning_loop - Action 1 successful for sp80-5f3511b239b8
2025-09-06 23:53:52,162 - INFO - src.arc_integration.continuous_learning_loop - 🎮 Initialized actions for sp80-5f3511b239b8: [1, 2, 3, 4, 5, 6] (loaded 4 cached patterns)
2025-09-06 23:53:52,327 - WARNING - src.arc_integration.continuous_learning_loop - Frame analysis failed for as66-821a4dcad9c2: max() iterable argument is empty
2025-09-06 23:53:52,327 - INFO - src.arc_integration.continuous_learning_loop - 🎮 Initialized actions for as66-821a4dcad9c2: [1, 2, 3, 4, 6] (loaded 4 cached patterns)
2025-09-06 23:53:52,336 - WARNING - src.arc_integration.continuous_learning_loop - Frame analysis failed for sp80-5f3511b239b8: max() iterable argument is empty
2025-09-06 23:53:52,336 - INFO - src.arc_integration.continuous_learning_loop - 🎮 Initialized actions for sp80-5f3511b239b8: [1, 2, 3, 4, 5, 6] (loaded 4 cached patterns)
2025-09-06 23:53:52,475 - INFO - src.arc_integration.continuous_learning_loop - Action 1 successful for sp80-5f3511b239b8
2025-09-06 23:53:52,559 - INFO - src.arc_integration.continuous_learning_loop - Action 2 successful for as66-821a4dcad9c2
2025-09-06 23:53:52,560 - INFO - src.arc_integration.continuous_learning_loop - 🎮 Initialized actions for as66-821a4dcad9c2: [1, 2, 3, 4, 6] (loaded 4 cached patterns)
2025-09-06 23:53:52,639 - WARNING - src.arc_integration.continuous_learning_loop - Frame analysis failed for sp80-5f3511b239b8: max() iterable argument is empty
2025-09-06 23:53:52,640 - INFO - src.arc_integration.continuous_learning_loop - 🎮 Initialized actions for sp80-5f3511b239b8: [1, 2, 3, 4, 5, 6] (loaded 4 cached patterns)
2025-09-06 23:53:52,720 - WARNING - src.arc_integration.continuous_learning_loop - Frame analysis failed for as66-821a4dcad9c2: max() iterable argument is empty
2025-09-06 23:53:52,720 - INFO - src.arc_integration.continuous_learning_loop - 🎮 Initialized actions for as66-821a4dcad9c2: [1, 2, 3, 4, 6] (loaded 4 cached patterns)
2025-09-06 23:53:52,777 - INFO - src.arc_integration.continuous_learning_loop - Action 1 successful for sp80-5f3511b239b8
2025-09-06 23:53:52,777 - INFO - src.arc_integration.continuous_learning_loop - 🎮 Initialized actions for sp80-5f3511b239b8: [1, 2, 3, 4, 5, 6] (loaded 4 cached patterns)
2025-09-06 23:53:52,874 - INFO - src.arc_integration.continuous_learning_loop - Action 1 successful for as66-821a4dcad9c2
2025-09-06 23:53:52,875 - INFO - src.arc_integration.continuous_learning_loop - 🎮 Initialized actions for as66-821a4dcad9c2: [1, 2, 3, 4, 6] (loaded 4 cached patterns)
2025-09-06 23:53:52,938 - WARNING - src.arc_integration.continuous_learning_loop - Frame analysis failed for sp80-5f3511b239b8: max() iterable argument is empty
2025-09-06 23:53:52,939 - INFO - src.arc_integration.continuous_learning_loop - 🎮 Initialized actions for sp80-5f3511b239b8: [1, 2, 3, 4, 5, 6] (loaded 4 cached patterns)
2025-09-06 23:53:53,074 - INFO - src.arc_integration.continuous_learning_loop - Action 1 successful for sp80-5f3511b239b8
2025-09-06 23:53:53,403 - INFO - src.arc_integration.continuous_learning_loop - 💾 Saved action intelligence for sp80-5f3511b239b8: 4 effective actions
2025-09-06 23:53:53,403 - INFO - src.arc_integration.continuous_learning_loop - 🧠 Action Intelligence for sp80-5f3511b239b8: 4/6 effective actions, 15 coordinate patterns learned
2025-09-06 23:53:55,876 - WARNING - src.arc_integration.continuous_learning_loop - Frame analysis failed for ft09-f340c8e5138e: max() iterable argument is empty
2025-09-06 23:53:55,877 - INFO - src.arc_integration.continuous_learning_loop - 🧠 Loaded action intelligence for ft09-f340c8e5138e: 1 effective actions
2025-09-06 23:53:55,878 - INFO - src.arc_integration.continuous_learning_loop - 🎮 Initialized actions for ft09-f340c8e5138e: [6] (loaded 1 cached patterns)
2025-09-06 23:53:55,913 - WARNING - src.arc_integration.continuous_learning_loop - Frame analysis failed for lp85-2e205bbe3622: max() iterable argument is empty
2025-09-06 23:53:55,914 - INFO - src.arc_integration.continuous_learning_loop - 🧠 Loaded action intelligence for lp85-2e205bbe3622: 1 effective actions
2025-09-06 23:53:55,914 - INFO - src.arc_integration.continuous_learning_loop - 🎮 Initialized actions for lp85-2e205bbe3622: [6] (loaded 1 cached patterns)
2025-09-06 23:53:56,071 - WARNING - src.arc_integration.continuous_learning_loop - Frame analysis failed for ls20-fa137e247ce6: max() iterable argument is empty
2025-09-06 23:53:56,083 - INFO - src.arc_integration.continuous_learning_loop - 🧠 Loaded action intelligence for ls20-fa137e247ce6: 4 effective actions
2025-09-06 23:53:56,084 - INFO - src.arc_integration.continuous_learning_loop - 🎮 Initialized actions for ls20-fa137e247ce6: [1, 2, 3, 4] (loaded 4 cached patterns)
2025-09-06 23:53:56,163 - INFO - src.arc_integration.continuous_learning_loop - Action 6 successful for ft09-f340c8e5138e
2025-09-06 23:53:56,163 - INFO - src.arc_integration.continuous_learning_loop - 🎮 Initialized actions for ft09-f340c8e5138e: [6] (loaded 1 cached patterns)
2025-09-06 23:53:56,217 - INFO - src.arc_integration.continuous_learning_loop - Action 6 successful for lp85-2e205bbe3622
2025-09-06 23:53:56,218 - INFO - src.arc_integration.continuous_learning_loop - 🎮 Initialized actions for lp85-2e205bbe3622: [6] (loaded 1 cached patterns)
2025-09-06 23:53:56,343 - WARNING - src.arc_integration.continuous_learning_loop - Frame analysis failed for ft09-f340c8e5138e: max() iterable argument is empty
2025-09-06 23:53:56,344 - INFO - src.arc_integration.continuous_learning_loop - 🎮 Initialized actions for ft09-f340c8e5138e: [6] (loaded 1 cached patterns)
2025-09-06 23:53:56,390 - WARNING - src.arc_integration.continuous_learning_loop - Frame analysis failed for lp85-2e205bbe3622: max() iterable argument is empty
2025-09-06 23:53:56,391 - INFO - src.arc_integration.continuous_learning_loop - 🎮 Initialized actions for lp85-2e205bbe3622: [6] (loaded 1 cached patterns)
2025-09-06 23:53:56,397 - INFO - src.arc_integration.continuous_learning_loop - Action 2 successful for ls20-fa137e247ce6
2025-09-06 23:53:56,398 - INFO - src.arc_integration.continuous_learning_loop - 🎮 Initialized actions for ls20-fa137e247ce6: [1, 2, 3, 4] (loaded 4 cached patterns)
2025-09-06 23:53:56,559 - WARNING - src.arc_integration.continuous_learning_loop - Frame analysis failed for ls20-fa137e247ce6: max() iterable argument is empty
2025-09-06 23:53:56,624 - INFO - src.arc_integration.continuous_learning_loop - Action 6 successful for ft09-f340c8e5138e
2025-09-06 23:53:56,624 - INFO - src.arc_integration.continuous_learning_loop - 🎮 Initialized actions for ft09-f340c8e5138e: [6] (loaded 1 cached patterns)
2025-09-06 23:53:56,665 - INFO - src.arc_integration.continuous_learning_loop - Action 6 successful for lp85-2e205bbe3622
2025-09-06 23:53:56,665 - INFO - src.arc_integration.continuous_learning_loop - 🎮 Initialized actions for lp85-2e205bbe3622: [6] (loaded 1 cached patterns)
2025-09-06 23:53:56,808 - WARNING - src.arc_integration.continuous_learning_loop - Frame analysis failed for ft09-f340c8e5138e: max() iterable argument is empty
2025-09-06 23:53:56,808 - INFO - src.arc_integration.continuous_learning_loop - 🎮 Initialized actions for ft09-f340c8e5138e: [6] (loaded 1 cached patterns)
2025-09-06 23:53:56,838 - WARNING - src.arc_integration.continuous_learning_loop - Frame analysis failed for lp85-2e205bbe3622: max() iterable argument is empty
2025-09-06 23:53:56,839 - INFO - src.arc_integration.continuous_learning_loop - 🎮 Initialized actions for lp85-2e205bbe3622: [6] (loaded 1 cached patterns)
2025-09-06 23:53:56,848 - INFO - src.arc_integration.continuous_learning_loop - Action 2 successful for ls20-fa137e247ce6
2025-09-06 23:53:56,849 - INFO - src.arc_integration.continuous_learning_loop - 🎮 Initialized actions for ls20-fa137e247ce6: [1, 2, 3, 4] (loaded 4 cached patterns)
2025-09-06 23:53:56,946 - INFO - src.arc_integration.continuous_learning_loop - Action 6 successful for ft09-f340c8e5138e
2025-09-06 23:53:56,947 - INFO - src.arc_integration.continuous_learning_loop - 🎮 Initialized actions for ft09-f340c8e5138e: [6] (loaded 1 cached patterns)
2025-09-06 23:53:56,978 - INFO - src.arc_integration.continuous_learning_loop - Action 6 successful for lp85-2e205bbe3622
2025-09-06 23:53:56,978 - INFO - src.arc_integration.continuous_learning_loop - 🎮 Initialized actions for lp85-2e205bbe3622: [6] (loaded 1 cached patterns)
2025-09-06 23:53:57,007 - WARNING - src.arc_integration.continuous_learning_loop - Frame analysis failed for ls20-fa137e247ce6: max() iterable argument is empty
2025-09-06 23:53:57,008 - INFO - src.arc_integration.continuous_learning_loop - 🎮 Initialized actions for ls20-fa137e247ce6: [1, 2, 3, 4] (loaded 4 cached patterns)
2025-09-06 23:53:57,124 - WARNING - src.arc_integration.continuous_learning_loop - Frame analysis failed for ft09-f340c8e5138e: max() iterable argument is empty
2025-09-06 23:53:57,125 - INFO - src.arc_integration.continuous_learning_loop - 🎮 Initialized actions for ft09-f340c8e5138e: [6] (loaded 1 cached patterns)
2025-09-06 23:53:57,152 - WARNING - src.arc_integration.continuous_learning_loop - Frame analysis failed for lp85-2e205bbe3622: max() iterable argument is empty
2025-09-06 23:53:57,152 - INFO - src.arc_integration.continuous_learning_loop - 🎮 Initialized actions for lp85-2e205bbe3622: [6] (loaded 1 cached patterns)
2025-09-06 23:53:57,160 - INFO - src.arc_integration.continuous_learning_loop - Action 2 successful for ls20-fa137e247ce6
2025-09-06 23:53:57,160 - INFO - src.arc_integration.continuous_learning_loop - 🎮 Initialized actions for ls20-fa137e247ce6: [1, 2, 3, 4] (loaded 4 cached patterns)
2025-09-06 23:53:57,323 - WARNING - src.arc_integration.continuous_learning_loop - Frame analysis failed for ls20-fa137e247ce6: max() iterable argument is empty
2025-09-06 23:53:57,329 - INFO - src.arc_integration.continuous_learning_loop - Action 6 successful for ft09-f340c8e5138e
2025-09-06 23:53:57,330 - INFO - src.arc_integration.continuous_learning_loop - 🎮 Initialized actions for ft09-f340c8e5138e: [6] (loaded 1 cached patterns)
2025-09-06 23:53:57,343 - INFO - src.arc_integration.continuous_learning_loop - Action 6 successful for lp85-2e205bbe3622
2025-09-06 23:53:57,344 - INFO - src.arc_integration.continuous_learning_loop - 🎮 Initialized actions for lp85-2e205bbe3622: [6] (loaded 1 cached patterns)
2025-09-06 23:53:57,511 - WARNING - src.arc_integration.continuous_learning_loop - Frame analysis failed for ft09-f340c8e5138e: max() iterable argument is empty
2025-09-06 23:53:57,511 - INFO - src.arc_integration.continuous_learning_loop - 🎮 Initialized actions for ft09-f340c8e5138e: [6] (loaded 1 cached patterns)
2025-09-06 23:53:57,520 - WARNING - src.arc_integration.continuous_learning_loop - Frame analysis failed for lp85-2e205bbe3622: max() iterable argument is empty
2025-09-06 23:53:57,521 - INFO - src.arc_integration.continuous_learning_loop - 🎮 Initialized actions for lp85-2e205bbe3622: [6] (loaded 1 cached patterns)
2025-09-06 23:53:57,615 - INFO - src.arc_integration.continuous_learning_loop - Action 1 successful for ls20-fa137e247ce6
2025-09-06 23:53:57,615 - INFO - src.arc_integration.continuous_learning_loop - 🎮 Initialized actions for ls20-fa137e247ce6: [1, 2, 3, 4] (loaded 4 cached patterns)
2025-09-06 23:53:57,777 - WARNING - src.arc_integration.continuous_learning_loop - Frame analysis failed for ls20-fa137e247ce6: max() iterable argument is empty
2025-09-06 23:53:57,789 - INFO - src.arc_integration.continuous_learning_loop - Action 6 successful for ft09-f340c8e5138e
2025-09-06 23:53:57,790 - INFO - src.arc_integration.continuous_learning_loop - 🎮 Initialized actions for ft09-f340c8e5138e: [6] (loaded 1 cached patterns)
2025-09-06 23:53:57,800 - INFO - src.arc_integration.continuous_learning_loop - Action 6 successful for lp85-2e205bbe3622
2025-09-06 23:53:57,801 - INFO - src.arc_integration.continuous_learning_loop - 🎮 Initialized actions for lp85-2e205bbe3622: [6] (loaded 1 cached patterns)
2025-09-06 23:53:57,975 - WARNING - src.arc_integration.continuous_learning_loop - Frame analysis failed for ft09-f340c8e5138e: max() iterable argument is empty
2025-09-06 23:53:57,976 - INFO - src.arc_integration.continuous_learning_loop - 🎮 Initialized actions for ft09-f340c8e5138e: [6] (loaded 1 cached patterns)
2025-09-06 23:53:57,983 - WARNING - src.arc_integration.continuous_learning_loop - Frame analysis failed for lp85-2e205bbe3622: max() iterable argument is empty
2025-09-06 23:53:57,984 - INFO - src.arc_integration.continuous_learning_loop - 🎮 Initialized actions for lp85-2e205bbe3622: [6] (loaded 1 cached patterns)
2025-09-06 23:53:58,105 - INFO - src.arc_integration.continuous_learning_loop - Action 1 successful for ls20-fa137e247ce6
2025-09-06 23:53:58,106 - INFO - src.arc_integration.continuous_learning_loop - 🎮 Initialized actions for ls20-fa137e247ce6: [1, 2, 3, 4] (loaded 4 cached patterns)
2025-09-06 23:53:58,253 - INFO - src.arc_integration.continuous_learning_loop - Action 6 successful for lp85-2e205bbe3622
2025-09-06 23:53:58,254 - INFO - src.arc_integration.continuous_learning_loop - 🎮 Initialized actions for lp85-2e205bbe3622: [6] (loaded 1 cached patterns)
2025-09-06 23:53:58,265 - WARNING - src.arc_integration.continuous_learning_loop - Frame analysis failed for ls20-fa137e247ce6: max() iterable argument is empty
2025-09-06 23:53:58,265 - INFO - src.arc_integration.continuous_learning_loop - 🎮 Initialized actions for ls20-fa137e247ce6: [1, 2, 3, 4] (loaded 4 cached patterns)
2025-09-06 23:53:58,270 - INFO - src.arc_integration.continuous_learning_loop - Action 6 successful for ft09-f340c8e5138e
2025-09-06 23:53:58,270 - INFO - src.arc_integration.continuous_learning_loop - 🎮 Initialized actions for ft09-f340c8e5138e: [6] (loaded 1 cached patterns)
2025-09-06 23:53:58,411 - INFO - src.arc_integration.continuous_learning_loop - Action 1 successful for ls20-fa137e247ce6
2025-09-06 23:53:58,411 - INFO - src.arc_integration.continuous_learning_loop - 🎮 Initialized actions for ls20-fa137e247ce6: [1, 2, 3, 4] (loaded 4 cached patterns)
2025-09-06 23:53:58,434 - WARNING - src.arc_integration.continuous_learning_loop - Frame analysis failed for lp85-2e205bbe3622: max() iterable argument is empty
2025-09-06 23:53:58,434 - INFO - src.arc_integration.continuous_learning_loop - 🎮 Initialized actions for lp85-2e205bbe3622: [6] (loaded 1 cached patterns)
2025-09-06 23:53:58,443 - WARNING - src.arc_integration.continuous_learning_loop - Frame analysis failed for ft09-f340c8e5138e: max() iterable argument is empty
2025-09-06 23:53:58,444 - INFO - src.arc_integration.continuous_learning_loop - 🎮 Initialized actions for ft09-f340c8e5138e: [6] (loaded 1 cached patterns)
2025-09-06 23:53:58,574 - WARNING - src.arc_integration.continuous_learning_loop - Frame analysis failed for ls20-fa137e247ce6: max() iterable argument is empty
2025-09-06 23:53:58,575 - INFO - src.arc_integration.continuous_learning_loop - 🎮 Initialized actions for ls20-fa137e247ce6: [1, 2, 3, 4] (loaded 4 cached patterns)
2025-09-06 23:53:58,581 - INFO - src.arc_integration.continuous_learning_loop - Action 6 successful for lp85-2e205bbe3622
2025-09-06 23:53:58,581 - INFO - src.arc_integration.continuous_learning_loop - 🎮 Initialized actions for lp85-2e205bbe3622: [6] (loaded 1 cached patterns)
2025-09-06 23:53:58,591 - INFO - src.arc_integration.continuous_learning_loop - Action 6 successful for ft09-f340c8e5138e
2025-09-06 23:53:58,591 - INFO - src.arc_integration.continuous_learning_loop - 🎮 Initialized actions for ft09-f340c8e5138e: [6] (loaded 1 cached patterns)
2025-09-06 23:53:58,728 - INFO - src.arc_integration.continuous_learning_loop - Action 1 successful for ls20-fa137e247ce6
2025-09-06 23:53:58,728 - INFO - src.arc_integration.continuous_learning_loop - 🎮 Initialized actions for ls20-fa137e247ce6: [1, 2, 3, 4] (loaded 4 cached patterns)
2025-09-06 23:53:58,757 - WARNING - src.arc_integration.continuous_learning_loop - Frame analysis failed for lp85-2e205bbe3622: max() iterable argument is empty
2025-09-06 23:53:58,758 - INFO - src.arc_integration.continuous_learning_loop - 🎮 Initialized actions for lp85-2e205bbe3622: [6] (loaded 1 cached patterns)
2025-09-06 23:53:58,767 - WARNING - src.arc_integration.continuous_learning_loop - Frame analysis failed for ft09-f340c8e5138e: max() iterable argument is empty
2025-09-06 23:53:58,768 - INFO - src.arc_integration.continuous_learning_loop - 🎮 Initialized actions for ft09-f340c8e5138e: [6] (loaded 1 cached patterns)
2025-09-06 23:53:58,893 - WARNING - src.arc_integration.continuous_learning_loop - Frame analysis failed for ls20-fa137e247ce6: max() iterable argument is empty
2025-09-06 23:53:58,894 - INFO - src.arc_integration.continuous_learning_loop - 🎮 Initialized actions for ls20-fa137e247ce6: [1, 2, 3, 4] (loaded 4 cached patterns)
2025-09-06 23:53:58,901 - INFO - src.arc_integration.continuous_learning_loop - Action 6 successful for lp85-2e205bbe3622
2025-09-06 23:53:58,902 - INFO - src.arc_integration.continuous_learning_loop - 🎮 Initialized actions for lp85-2e205bbe3622: [6] (loaded 1 cached patterns)
2025-09-06 23:53:59,044 - INFO - src.arc_integration.continuous_learning_loop - Action 1 successful for ls20-fa137e247ce6
2025-09-06 23:53:59,045 - INFO - src.arc_integration.continuous_learning_loop - 🎮 Initialized actions for ls20-fa137e247ce6: [1, 2, 3, 4] (loaded 4 cached patterns)
2025-09-06 23:53:59,049 - INFO - src.arc_integration.continuous_learning_loop - Action 6 successful for ft09-f340c8e5138e
2025-09-06 23:53:59,050 - INFO - src.arc_integration.continuous_learning_loop - 🎮 Initialized actions for ft09-f340c8e5138e: [6] (loaded 1 cached patterns)
2025-09-06 23:53:59,076 - WARNING - src.arc_integration.continuous_learning_loop - Frame analysis failed for lp85-2e205bbe3622: max() iterable argument is empty
2025-09-06 23:53:59,077 - INFO - src.arc_integration.continuous_learning_loop - 🎮 Initialized actions for lp85-2e205bbe3622: [6] (loaded 1 cached patterns)
2025-09-06 23:53:59,215 - INFO - src.arc_integration.continuous_learning_loop - Action 6 successful for lp85-2e205bbe3622
2025-09-06 23:53:59,226 - WARNING - src.arc_integration.continuous_learning_loop - Frame analysis failed for ls20-fa137e247ce6: max() iterable argument is empty
2025-09-06 23:53:59,226 - INFO - src.arc_integration.continuous_learning_loop - 🎮 Initialized actions for ls20-fa137e247ce6: [1, 2, 3, 4] (loaded 4 cached patterns)
2025-09-06 23:53:59,599 - INFO - src.arc_integration.continuous_learning_loop - Action 1 successful for ls20-fa137e247ce6
2025-09-06 23:54:00,084 - INFO - src.arc_integration.continuous_learning_loop - 💾 Saved action intelligence for ls20-fa137e247ce6: 4 effective actions
2025-09-06 23:54:00,090 - INFO - src.arc_integration.continuous_learning_loop - 🧠 Action Intelligence for ls20-fa137e247ce6: 4/4 effective actions, 0 coordinate patterns learned
2025-09-06 23:54:02,146 - INFO - arc_integration.arc_meta_learning - ARC meta-learning state saved to data\meta_learning_session_1757220828.json
2025-09-06 23:54:02,146 - INFO - src.arc_integration.continuous_learning_loop - Completed training session session_1757220828 - Win rate: 0.0%
2025-09-06 23:54:02,150 - INFO - src.core.meta_cognitive_governor.Governor - Started outcome measurement outcome_1757220842_3041 for governor_parameter_adjustment
2025-09-06 23:54:02,151 - INFO - src.core.meta_cognitive_governor.Governor - 🎯 Governor recommendation: parameter_adjustment (confidence: 0.60)
2025-09-06 23:54:02,153 - INFO - __main__ - No games specified, fetching from ARC-AGI-3 API...
2025-09-06 23:54:02,275 - INFO - src.arc_integration.continuous_learning_loop - Retrieved 6 available games from ARC-AGI-3 API
2025-09-06 23:54:02,278 - INFO - __main__ - Selected 6 games from ARC API: ['ls20-fa137e247ce6', 'vc33-58ec4396715d', 'as66-821a4dcad9c2', 'lp85-2e205bbe3622', 'sp80-5f3511b239b8', 'ft09-f340c8e5138e']
2025-09-06 23:54:02,279 - INFO - src.arc_integration.continuous_learning_loop - ✅ Unified energy system configured: current=99.5/100, sleep_threshold=40.0, energy_costs=standardized
2025-09-06 23:54:02,281 - INFO - src.arc_integration.continuous_learning_loop - Started training session session_1757220842 with 6 games using lossless mode
2025-09-06 23:54:02,282 - INFO - src.arc_integration.continuous_learning_loop - Running continuous learning for session session_1757220842
2025-09-06 23:54:02,853 - WARNING - src.arc_integration.continuous_learning_loop - Frame analysis failed for as66-821a4dcad9c2: max() iterable argument is empty
2025-09-06 23:54:02,854 - INFO - src.arc_integration.continuous_learning_loop - 🎮 Initialized actions for as66-821a4dcad9c2: [1, 2, 3, 4, 6] (loaded 4 cached patterns)
2025-09-06 23:54:03,063 - WARNING - src.arc_integration.continuous_learning_loop - Frame analysis failed for vc33-58ec4396715d: max() iterable argument is empty
2025-09-06 23:54:03,063 - INFO - src.arc_integration.continuous_learning_loop - 🎮 Initialized actions for vc33-58ec4396715d: [6] (loaded 1 cached patterns)
2025-09-06 23:54:03,146 - INFO - src.arc_integration.continuous_learning_loop - Action 6 successful for as66-821a4dcad9c2
2025-09-06 23:54:03,146 - INFO - src.arc_integration.continuous_learning_loop - 🎮 Initialized actions for as66-821a4dcad9c2: [1, 2, 3, 4, 6] (loaded 4 cached patterns)
2025-09-06 23:54:03,168 - WARNING - src.arc_integration.continuous_learning_loop - Frame analysis failed for ls20-fa137e247ce6: max() iterable argument is empty
2025-09-06 23:54:03,168 - INFO - src.arc_integration.continuous_learning_loop - 🎮 Initialized actions for ls20-fa137e247ce6: [1, 2, 3, 4] (loaded 4 cached patterns)
2025-09-06 23:54:03,329 - WARNING - src.arc_integration.continuous_learning_loop - Frame analysis failed for as66-821a4dcad9c2: max() iterable argument is empty
2025-09-06 23:54:03,329 - INFO - src.arc_integration.continuous_learning_loop - 🎮 Initialized actions for as66-821a4dcad9c2: [1, 2, 3, 4, 6] (loaded 4 cached patterns)
2025-09-06 23:54:03,347 - INFO - src.arc_integration.continuous_learning_loop - Action 6 successful for vc33-58ec4396715d
2025-09-06 23:54:03,347 - INFO - src.arc_integration.continuous_learning_loop - 🎮 Initialized actions for vc33-58ec4396715d: [6] (loaded 1 cached patterns)
2025-09-06 23:54:03,477 - INFO - src.arc_integration.continuous_learning_loop - Action 1 successful for ls20-fa137e247ce6
2025-09-06 23:54:03,478 - INFO - src.arc_integration.continuous_learning_loop - 🎮 Initialized actions for ls20-fa137e247ce6: [1, 2, 3, 4] (loaded 4 cached patterns)
2025-09-06 23:54:03,515 - WARNING - src.arc_integration.continuous_learning_loop - Frame analysis failed for vc33-58ec4396715d: max() iterable argument is empty
2025-09-06 23:54:03,516 - INFO - src.arc_integration.continuous_learning_loop - 🎮 Initialized actions for vc33-58ec4396715d: [6] (loaded 1 cached patterns)
2025-09-06 23:54:03,640 - WARNING - src.arc_integration.continuous_learning_loop - Frame analysis failed for ls20-fa137e247ce6: max() iterable argument is empty
2025-09-06 23:54:03,641 - INFO - src.arc_integration.continuous_learning_loop - 🎮 Initialized actions for ls20-fa137e247ce6: [1, 2, 3, 4] (loaded 4 cached patterns)
2025-09-06 23:54:03,661 - INFO - src.arc_integration.continuous_learning_loop - Action 6 successful for vc33-58ec4396715d
2025-09-06 23:54:03,661 - INFO - src.arc_integration.continuous_learning_loop - 🎮 Initialized actions for vc33-58ec4396715d: [6] (loaded 1 cached patterns)
2025-09-06 23:54:03,791 - INFO - src.arc_integration.continuous_learning_loop - Action 2 successful for as66-821a4dcad9c2
2025-09-06 23:54:03,791 - INFO - src.arc_integration.continuous_learning_loop - 🎮 Initialized actions for as66-821a4dcad9c2: [1, 2, 3, 4, 6] (loaded 4 cached patterns)
2025-09-06 23:54:03,824 - WARNING - src.arc_integration.continuous_learning_loop - Frame analysis failed for vc33-58ec4396715d: max() iterable argument is empty
2025-09-06 23:54:03,825 - INFO - src.arc_integration.continuous_learning_loop - 🎮 Initialized actions for vc33-58ec4396715d: [6] (loaded 1 cached patterns)
2025-09-06 23:54:03,954 - WARNING - src.arc_integration.continuous_learning_loop - Frame analysis failed for as66-821a4dcad9c2: max() iterable argument is empty
2025-09-06 23:54:03,955 - INFO - src.arc_integration.continuous_learning_loop - 🎮 Initialized actions for as66-821a4dcad9c2: [1, 2, 3, 4, 6] (loaded 4 cached patterns)
2025-09-06 23:54:03,996 - INFO - src.arc_integration.continuous_learning_loop - Action 1 successful for ls20-fa137e247ce6
2025-09-06 23:54:03,996 - INFO - src.arc_integration.continuous_learning_loop - 🎮 Initialized actions for ls20-fa137e247ce6: [1, 2, 3, 4] (loaded 4 cached patterns)
2025-09-06 23:54:04,158 - WARNING - src.arc_integration.continuous_learning_loop - Frame analysis failed for ls20-fa137e247ce6: max() iterable argument is empty
2025-09-06 23:54:04,226 - INFO - src.arc_integration.continuous_learning_loop - Action 1 successful for as66-821a4dcad9c2
2025-09-06 23:54:04,227 - INFO - src.arc_integration.continuous_learning_loop - 🎮 Initialized actions for as66-821a4dcad9c2: [1, 2, 3, 4, 6] (loaded 4 cached patterns)
2025-09-06 23:54:04,296 - INFO - src.arc_integration.continuous_learning_loop - Action 2 successful for ls20-fa137e247ce6
2025-09-06 23:54:04,297 - INFO - src.arc_integration.continuous_learning_loop - 🎮 Initialized actions for ls20-fa137e247ce6: [1, 2, 3, 4] (loaded 4 cached patterns)
2025-09-06 23:54:04,390 - WARNING - src.arc_integration.continuous_learning_loop - Frame analysis failed for as66-821a4dcad9c2: max() iterable argument is empty
2025-09-06 23:54:04,391 - INFO - src.arc_integration.continuous_learning_loop - 🎮 Initialized actions for as66-821a4dcad9c2: [1, 2, 3, 4, 6] (loaded 4 cached patterns)
2025-09-06 23:54:04,459 - WARNING - src.arc_integration.continuous_learning_loop - Frame analysis failed for ls20-fa137e247ce6: max() iterable argument is empty
2025-09-06 23:54:04,459 - INFO - src.arc_integration.continuous_learning_loop - 🎮 Initialized actions for ls20-fa137e247ce6: [1, 2, 3, 4] (loaded 4 cached patterns)
2025-09-06 23:54:04,538 - INFO - src.arc_integration.continuous_learning_loop - Action 1 successful for as66-821a4dcad9c2
2025-09-06 23:54:04,538 - INFO - src.arc_integration.continuous_learning_loop - 🎮 Initialized actions for as66-821a4dcad9c2: [1, 2, 3, 4, 6] (loaded 4 cached patterns)
2025-09-06 23:54:04,598 - INFO - src.arc_integration.continuous_learning_loop - Action 2 successful for ls20-fa137e247ce6
2025-09-06 23:54:04,599 - INFO - src.arc_integration.continuous_learning_loop - 🎮 Initialized actions for ls20-fa137e247ce6: [1, 2, 3, 4] (loaded 4 cached patterns)
2025-09-06 23:54:04,708 - WARNING - src.arc_integration.continuous_learning_loop - Frame analysis failed for as66-821a4dcad9c2: max() iterable argument is empty
2025-09-06 23:54:04,708 - INFO - src.arc_integration.continuous_learning_loop - 🎮 Initialized actions for as66-821a4dcad9c2: [1, 2, 3, 4, 6] (loaded 4 cached patterns)
2025-09-06 23:54:04,766 - WARNING - src.arc_integration.continuous_learning_loop - Frame analysis failed for ls20-fa137e247ce6: max() iterable argument is empty
2025-09-06 23:54:04,766 - INFO - src.arc_integration.continuous_learning_loop - 🎮 Initialized actions for ls20-fa137e247ce6: [1, 2, 3, 4] (loaded 4 cached patterns)
2025-09-06 23:54:04,847 - INFO - src.arc_integration.continuous_learning_loop - Action 1 successful for as66-821a4dcad9c2
2025-09-06 23:54:04,847 - INFO - src.arc_integration.continuous_learning_loop - 🎮 Initialized actions for as66-821a4dcad9c2: [1, 2, 3, 4, 6] (loaded 4 cached patterns)
2025-09-06 23:54:04,910 - INFO - src.arc_integration.continuous_learning_loop - Action 2 successful for ls20-fa137e247ce6
2025-09-06 23:54:04,911 - INFO - src.arc_integration.continuous_learning_loop - 🎮 Initialized actions for ls20-fa137e247ce6: [1, 2, 3, 4] (loaded 4 cached patterns)
2025-09-06 23:54:05,011 - WARNING - src.arc_integration.continuous_learning_loop - Frame analysis failed for as66-821a4dcad9c2: max() iterable argument is empty
2025-09-06 23:54:05,011 - INFO - src.arc_integration.continuous_learning_loop - 🎮 Initialized actions for as66-821a4dcad9c2: [1, 2, 3, 4, 6] (loaded 4 cached patterns)
2025-09-06 23:54:05,073 - WARNING - src.arc_integration.continuous_learning_loop - Frame analysis failed for ls20-fa137e247ce6: max() iterable argument is empty
2025-09-06 23:54:05,074 - INFO - src.arc_integration.continuous_learning_loop - 🎮 Initialized actions for ls20-fa137e247ce6: [1, 2, 3, 4] (loaded 4 cached patterns)
2025-09-06 23:54:05,212 - INFO - src.arc_integration.continuous_learning_loop - Action 1 successful for ls20-fa137e247ce6
2025-09-06 23:54:05,242 - INFO - src.arc_integration.continuous_learning_loop - Action 2 successful for as66-821a4dcad9c2
2025-09-06 23:54:05,243 - INFO - src.arc_integration.continuous_learning_loop - 🎮 Initialized actions for as66-821a4dcad9c2: [1, 2, 3, 4, 6] (loaded 4 cached patterns)
2025-09-06 23:54:05,382 - WARNING - src.arc_integration.continuous_learning_loop - Frame analysis failed for ls20-fa137e247ce6: max() iterable argument is empty
2025-09-06 23:54:05,382 - INFO - src.arc_integration.continuous_learning_loop - 🎮 Initialized actions for ls20-fa137e247ce6: [1, 2, 3, 4] (loaded 4 cached patterns)
2025-09-06 23:54:05,408 - WARNING - src.arc_integration.continuous_learning_loop - Frame analysis failed for as66-821a4dcad9c2: max() iterable argument is empty
2025-09-06 23:54:05,409 - INFO - src.arc_integration.continuous_learning_loop - 🎮 Initialized actions for as66-821a4dcad9c2: [1, 2, 3, 4, 6] (loaded 4 cached patterns)
2025-09-06 23:54:05,535 - INFO - src.arc_integration.continuous_learning_loop - Action 3 successful for ls20-fa137e247ce6
2025-09-06 23:54:05,536 - INFO - src.arc_integration.continuous_learning_loop - 🎮 Initialized actions for ls20-fa137e247ce6: [1, 2, 3, 4] (loaded 4 cached patterns)
2025-09-06 23:54:05,546 - INFO - src.arc_integration.continuous_learning_loop - Action 1 successful for as66-821a4dcad9c2
2025-09-06 23:54:05,546 - INFO - src.arc_integration.continuous_learning_loop - 🎮 Initialized actions for as66-821a4dcad9c2: [1, 2, 3, 4, 6] (loaded 4 cached patterns)
2025-09-06 23:54:05,706 - WARNING - src.arc_integration.continuous_learning_loop - Frame analysis failed for ls20-fa137e247ce6: max() iterable argument is empty
2025-09-06 23:54:05,707 - INFO - src.arc_integration.continuous_learning_loop - 🎮 Initialized actions for ls20-fa137e247ce6: [1, 2, 3, 4] (loaded 4 cached patterns)
2025-09-06 23:54:05,715 - WARNING - src.arc_integration.continuous_learning_loop - Frame analysis failed for as66-821a4dcad9c2: max() iterable argument is empty
2025-09-06 23:54:05,716 - INFO - src.arc_integration.continuous_learning_loop - 🎮 Initialized actions for as66-821a4dcad9c2: [1, 2, 3, 4, 6] (loaded 4 cached patterns)
2025-09-06 23:54:05,851 - INFO - src.arc_integration.continuous_learning_loop - Action 2 successful for ls20-fa137e247ce6
2025-09-06 23:54:05,851 - INFO - src.arc_integration.continuous_learning_loop - 🎮 Initialized actions for ls20-fa137e247ce6: [1, 2, 3, 4] (loaded 4 cached patterns)
2025-09-06 23:54:05,855 - INFO - src.arc_integration.continuous_learning_loop - Action 6 successful for as66-821a4dcad9c2
2025-09-06 23:54:05,855 - INFO - src.arc_integration.continuous_learning_loop - 🎮 Initialized actions for as66-821a4dcad9c2: [1, 2, 3, 4, 6] (loaded 4 cached patterns)
2025-09-06 23:54:06,029 - WARNING - src.arc_integration.continuous_learning_loop - Frame analysis failed for ls20-fa137e247ce6: max() iterable argument is empty
2025-09-06 23:54:06,029 - INFO - src.arc_integration.continuous_learning_loop - 🎮 Initialized actions for ls20-fa137e247ce6: [1, 2, 3, 4] (loaded 4 cached patterns)
2025-09-06 23:54:06,038 - WARNING - src.arc_integration.continuous_learning_loop - Frame analysis failed for as66-821a4dcad9c2: max() iterable argument is empty
2025-09-06 23:54:06,039 - INFO - src.arc_integration.continuous_learning_loop - 🎮 Initialized actions for as66-821a4dcad9c2: [1, 2, 3, 4, 6] (loaded 4 cached patterns)
2025-09-06 23:54:06,182 - INFO - src.arc_integration.continuous_learning_loop - Action 2 successful for as66-821a4dcad9c2
2025-09-06 23:54:06,292 - INFO - src.arc_integration.continuous_learning_loop - Action 1 successful for ls20-fa137e247ce6
2025-09-06 23:54:06,292 - INFO - src.arc_integration.continuous_learning_loop - 🎮 Initialized actions for ls20-fa137e247ce6: [1, 2, 3, 4] (loaded 4 cached patterns)
2025-09-06 23:54:06,342 - WARNING - src.arc_integration.continuous_learning_loop - Frame analysis failed for as66-821a4dcad9c2: max() iterable argument is empty
2025-09-06 23:54:06,343 - INFO - src.arc_integration.continuous_learning_loop - 🎮 Initialized actions for as66-821a4dcad9c2: [1, 2, 3, 4, 6] (loaded 4 cached patterns)
2025-09-06 23:54:06,472 - WARNING - src.arc_integration.continuous_learning_loop - Frame analysis failed for ls20-fa137e247ce6: max() iterable argument is empty
2025-09-06 23:54:06,473 - INFO - src.arc_integration.continuous_learning_loop - 🎮 Initialized actions for ls20-fa137e247ce6: [1, 2, 3, 4] (loaded 4 cached patterns)
2025-09-06 23:54:06,588 - INFO - src.arc_integration.continuous_learning_loop - Action 1 successful for as66-821a4dcad9c2
2025-09-06 23:54:06,589 - INFO - src.arc_integration.continuous_learning_loop - 🎮 Initialized actions for as66-821a4dcad9c2: [1, 2, 3, 4, 6] (loaded 4 cached patterns)
2025-09-06 23:54:06,620 - INFO - src.arc_integration.continuous_learning_loop - Action 2 successful for ls20-fa137e247ce6
2025-09-06 23:54:06,623 - INFO - src.arc_integration.continuous_learning_loop - 🎮 Initialized actions for ls20-fa137e247ce6: [1, 2, 3, 4] (loaded 4 cached patterns)
2025-09-06 23:54:06,759 - WARNING - src.arc_integration.continuous_learning_loop - Frame analysis failed for as66-821a4dcad9c2: max() iterable argument is empty
2025-09-06 23:54:06,759 - INFO - src.arc_integration.continuous_learning_loop - 🎮 Initialized actions for as66-821a4dcad9c2: [1, 2, 3, 4, 6] (loaded 4 cached patterns)
2025-09-06 23:54:06,782 - WARNING - src.arc_integration.continuous_learning_loop - Frame analysis failed for ls20-fa137e247ce6: max() iterable argument is empty
2025-09-06 23:54:06,782 - INFO - src.arc_integration.continuous_learning_loop - 🎮 Initialized actions for ls20-fa137e247ce6: [1, 2, 3, 4] (loaded 4 cached patterns)
2025-09-06 23:54:06,925 - INFO - src.arc_integration.continuous_learning_loop - Action 1 successful for ls20-fa137e247ce6
2025-09-06 23:54:06,983 - INFO - src.arc_integration.continuous_learning_loop - Action 2 successful for as66-821a4dcad9c2
2025-09-06 23:54:06,984 - INFO - src.arc_integration.continuous_learning_loop - 🎮 Initialized actions for as66-821a4dcad9c2: [1, 2, 3, 4, 6] (loaded 4 cached patterns)
2025-09-06 23:54:07,094 - WARNING - src.arc_integration.continuous_learning_loop - Frame analysis failed for ls20-fa137e247ce6: max() iterable argument is empty
2025-09-06 23:54:07,095 - INFO - src.arc_integration.continuous_learning_loop - 🎮 Initialized actions for ls20-fa137e247ce6: [1, 2, 3, 4] (loaded 4 cached patterns)
2025-09-06 23:54:07,144 - WARNING - src.arc_integration.continuous_learning_loop - Frame analysis failed for as66-821a4dcad9c2: max() iterable argument is empty
2025-09-06 23:54:07,145 - INFO - src.arc_integration.continuous_learning_loop - 🎮 Initialized actions for as66-821a4dcad9c2: [1, 2, 3, 4, 6] (loaded 4 cached patterns)
2025-09-06 23:54:07,244 - INFO - src.arc_integration.continuous_learning_loop - Action 4 successful for ls20-fa137e247ce6
2025-09-06 23:54:07,245 - INFO - src.arc_integration.continuous_learning_loop - 🎮 Initialized actions for ls20-fa137e247ce6: [1, 2, 3, 4] (loaded 4 cached patterns)
2025-09-06 23:54:07,307 - INFO - src.arc_integration.continuous_learning_loop - Action 1 successful for as66-821a4dcad9c2
2025-09-06 23:54:07,307 - INFO - src.arc_integration.continuous_learning_loop - 🎮 Initialized actions for as66-821a4dcad9c2: [1, 2, 3, 4, 6] (loaded 4 cached patterns)
2025-09-06 23:54:07,422 - WARNING - src.arc_integration.continuous_learning_loop - Frame analysis failed for ls20-fa137e247ce6: max() iterable argument is empty
2025-09-06 23:54:07,423 - INFO - src.arc_integration.continuous_learning_loop - 🎮 Initialized actions for ls20-fa137e247ce6: [1, 2, 3, 4] (loaded 4 cached patterns)
2025-09-06 23:54:07,467 - WARNING - src.arc_integration.continuous_learning_loop - Frame analysis failed for as66-821a4dcad9c2: max() iterable argument is empty
2025-09-06 23:54:07,467 - INFO - src.arc_integration.continuous_learning_loop - 🎮 Initialized actions for as66-821a4dcad9c2: [1, 2, 3, 4, 6] (loaded 4 cached patterns)
2025-09-06 23:54:07,559 - INFO - src.arc_integration.continuous_learning_loop - Action 2 successful for ls20-fa137e247ce6
2025-09-06 23:54:07,560 - INFO - src.arc_integration.continuous_learning_loop - 🎮 Initialized actions for ls20-fa137e247ce6: [1, 2, 3, 4] (loaded 4 cached patterns)
2025-09-06 23:54:07,636 - INFO - src.arc_integration.continuous_learning_loop - Action 1 successful for as66-821a4dcad9c2
2025-09-06 23:54:07,636 - INFO - src.arc_integration.continuous_learning_loop - 🎮 Initialized actions for as66-821a4dcad9c2: [1, 2, 3, 4, 6] (loaded 4 cached patterns)
2025-09-06 23:54:07,730 - WARNING - src.arc_integration.continuous_learning_loop - Frame analysis failed for ls20-fa137e247ce6: max() iterable argument is empty
2025-09-06 23:54:07,731 - INFO - src.arc_integration.continuous_learning_loop - 🎮 Initialized actions for ls20-fa137e247ce6: [1, 2, 3, 4] (loaded 4 cached patterns)
2025-09-06 23:54:07,809 - WARNING - src.arc_integration.continuous_learning_loop - Frame analysis failed for as66-821a4dcad9c2: max() iterable argument is empty
2025-09-06 23:54:07,810 - INFO - src.arc_integration.continuous_learning_loop - 🎮 Initialized actions for as66-821a4dcad9c2: [1, 2, 3, 4, 6] (loaded 4 cached patterns)
2025-09-06 23:54:07,934 - INFO - src.arc_integration.continuous_learning_loop - Action 2 successful for ls20-fa137e247ce6
2025-09-06 23:54:07,934 - INFO - src.arc_integration.continuous_learning_loop - 🎮 Initialized actions for ls20-fa137e247ce6: [1, 2, 3, 4] (loaded 4 cached patterns)
2025-09-06 23:54:07,943 - INFO - src.arc_integration.continuous_learning_loop - Action 1 successful for as66-821a4dcad9c2
2025-09-06 23:54:07,944 - INFO - src.arc_integration.continuous_learning_loop - 🎮 Initialized actions for as66-821a4dcad9c2: [1, 2, 3, 4, 6] (loaded 4 cached patterns)
2025-09-06 23:54:08,106 - WARNING - src.arc_integration.continuous_learning_loop - Frame analysis failed for ls20-fa137e247ce6: max() iterable argument is empty
2025-09-06 23:54:08,107 - INFO - src.arc_integration.continuous_learning_loop - 🎮 Initialized actions for ls20-fa137e247ce6: [1, 2, 3, 4] (loaded 4 cached patterns)
2025-09-06 23:54:08,116 - WARNING - src.arc_integration.continuous_learning_loop - Frame analysis failed for as66-821a4dcad9c2: max() iterable argument is empty
2025-09-06 23:54:08,116 - INFO - src.arc_integration.continuous_learning_loop - 🎮 Initialized actions for as66-821a4dcad9c2: [1, 2, 3, 4, 6] (loaded 4 cached patterns)
2025-09-06 23:54:08,252 - INFO - src.arc_integration.continuous_learning_loop - Action 2 successful for ls20-fa137e247ce6
2025-09-06 23:54:08,253 - INFO - src.arc_integration.continuous_learning_loop - 🎮 Initialized actions for ls20-fa137e247ce6: [1, 2, 3, 4] (loaded 4 cached patterns)
2025-09-06 23:54:08,289 - INFO - src.arc_integration.continuous_learning_loop - Action 2 successful for as66-821a4dcad9c2
2025-09-06 23:54:08,289 - INFO - src.arc_integration.continuous_learning_loop - 🎮 Initialized actions for as66-821a4dcad9c2: [1, 2, 3, 4, 6] (loaded 4 cached patterns)
2025-09-06 23:54:08,419 - WARNING - src.arc_integration.continuous_learning_loop - Frame analysis failed for ls20-fa137e247ce6: max() iterable argument is empty
2025-09-06 23:54:08,421 - INFO - src.arc_integration.continuous_learning_loop - 🎮 Initialized actions for ls20-fa137e247ce6: [1, 2, 3, 4] (loaded 4 cached patterns)
2025-09-06 23:54:08,557 - INFO - src.arc_integration.continuous_learning_loop - Action 1 successful for ls20-fa137e247ce6
2025-09-06 23:54:08,936 - INFO - src.arc_integration.continuous_learning_loop - 💾 Saved action intelligence for ls20-fa137e247ce6: 4 effective actions
2025-09-06 23:54:08,938 - INFO - src.arc_integration.continuous_learning_loop - 🧠 Action Intelligence for ls20-fa137e247ce6: 4/4 effective actions, 0 coordinate patterns learned
2025-09-06 23:54:11,544 - WARNING - src.arc_integration.continuous_learning_loop - Frame analysis failed for sp80-5f3511b239b8: max() iterable argument is empty
2025-09-06 23:54:11,544 - INFO - src.arc_integration.continuous_learning_loop - 🎮 Initialized actions for sp80-5f3511b239b8: [1, 2, 3, 4, 5, 6] (loaded 4 cached patterns)
2025-09-06 23:54:11,717 - WARNING - src.arc_integration.continuous_learning_loop - Frame analysis failed for ft09-f340c8e5138e: max() iterable argument is empty
2025-09-06 23:54:11,717 - INFO - src.arc_integration.continuous_learning_loop - 🎮 Initialized actions for ft09-f340c8e5138e: [6] (loaded 1 cached patterns)
2025-09-06 23:54:11,728 - WARNING - src.arc_integration.continuous_learning_loop - Frame analysis failed for lp85-2e205bbe3622: max() iterable argument is empty
2025-09-06 23:54:11,729 - INFO - src.arc_integration.continuous_learning_loop - 🎮 Initialized actions for lp85-2e205bbe3622: [6] (loaded 1 cached patterns)
2025-09-06 23:54:12,054 - INFO - src.arc_integration.continuous_learning_loop - Action 6 successful for sp80-5f3511b239b8
2025-09-06 23:54:12,055 - INFO - src.arc_integration.continuous_learning_loop - 🎮 Initialized actions for sp80-5f3511b239b8: [1, 2, 3, 4, 5, 6] (loaded 4 cached patterns)
2025-09-06 23:54:12,157 - INFO - src.arc_integration.continuous_learning_loop - Action 6 successful for ft09-f340c8e5138e
2025-09-06 23:54:12,158 - INFO - src.arc_integration.continuous_learning_loop - 🎮 Initialized actions for ft09-f340c8e5138e: [6] (loaded 1 cached patterns)
2025-09-06 23:54:12,175 - INFO - src.arc_integration.continuous_learning_loop - Action 6 successful for lp85-2e205bbe3622
2025-09-06 23:54:12,176 - INFO - src.arc_integration.continuous_learning_loop - 🎮 Initialized actions for lp85-2e205bbe3622: [6] (loaded 1 cached patterns)
2025-09-06 23:54:12,246 - WARNING - src.arc_integration.continuous_learning_loop - Frame analysis failed for sp80-5f3511b239b8: max() iterable argument is empty
2025-09-06 23:54:12,247 - INFO - src.arc_integration.continuous_learning_loop - 🎮 Initialized actions for sp80-5f3511b239b8: [1, 2, 3, 4, 5, 6] (loaded 4 cached patterns)
2025-09-06 23:54:12,341 - WARNING - src.arc_integration.continuous_learning_loop - Frame analysis failed for ft09-f340c8e5138e: max() iterable argument is empty
2025-09-06 23:54:12,342 - INFO - src.arc_integration.continuous_learning_loop - 🎮 Initialized actions for ft09-f340c8e5138e: [6] (loaded 1 cached patterns)
2025-09-06 23:54:12,351 - WARNING - src.arc_integration.continuous_learning_loop - Frame analysis failed for lp85-2e205bbe3622: max() iterable argument is empty
2025-09-06 23:54:12,352 - INFO - src.arc_integration.continuous_learning_loop - 🎮 Initialized actions for lp85-2e205bbe3622: [6] (loaded 1 cached patterns)
2025-09-06 23:54:12,632 - INFO - src.arc_integration.continuous_learning_loop - Action 1 successful for sp80-5f3511b239b8
2025-09-06 23:54:12,632 - INFO - src.arc_integration.continuous_learning_loop - 🎮 Initialized actions for sp80-5f3511b239b8: [1, 2, 3, 4, 5, 6] (loaded 4 cached patterns)
2025-09-06 23:54:12,637 - INFO - src.arc_integration.continuous_learning_loop - Action 6 successful for ft09-f340c8e5138e
2025-09-06 23:54:12,637 - INFO - src.arc_integration.continuous_learning_loop - 🎮 Initialized actions for ft09-f340c8e5138e: [6] (loaded 1 cached patterns)
2025-09-06 23:54:12,648 - INFO - src.arc_integration.continuous_learning_loop - Action 6 successful for lp85-2e205bbe3622
2025-09-06 23:54:12,649 - INFO - src.arc_integration.continuous_learning_loop - 🎮 Initialized actions for lp85-2e205bbe3622: [6] (loaded 1 cached patterns)
2025-09-06 23:54:12,825 - WARNING - src.arc_integration.continuous_learning_loop - Frame analysis failed for sp80-5f3511b239b8: max() iterable argument is empty
2025-09-06 23:54:12,826 - INFO - src.arc_integration.continuous_learning_loop - 🎮 Initialized actions for sp80-5f3511b239b8: [1, 2, 3, 4, 5, 6] (loaded 4 cached patterns)
2025-09-06 23:54:12,833 - WARNING - src.arc_integration.continuous_learning_loop - Frame analysis failed for ft09-f340c8e5138e: max() iterable argument is empty
2025-09-06 23:54:12,834 - INFO - src.arc_integration.continuous_learning_loop - 🎮 Initialized actions for ft09-f340c8e5138e: [6] (loaded 1 cached patterns)
2025-09-06 23:54:12,848 - WARNING - src.arc_integration.continuous_learning_loop - Frame analysis failed for lp85-2e205bbe3622: max() iterable argument is empty
2025-09-06 23:54:12,849 - INFO - src.arc_integration.continuous_learning_loop - 🎮 Initialized actions for lp85-2e205bbe3622: [6] (loaded 1 cached patterns)
2025-09-06 23:54:12,981 - INFO - src.arc_integration.continuous_learning_loop - Action 1 successful for sp80-5f3511b239b8
2025-09-06 23:54:12,982 - INFO - src.arc_integration.continuous_learning_loop - 🎮 Initialized actions for sp80-5f3511b239b8: [1, 2, 3, 4, 5, 6] (loaded 4 cached patterns)
2025-09-06 23:54:12,991 - INFO - src.arc_integration.continuous_learning_loop - Action 6 successful for ft09-f340c8e5138e
2025-09-06 23:54:12,992 - INFO - src.arc_integration.continuous_learning_loop - 🎮 Initialized actions for ft09-f340c8e5138e: [6] (loaded 1 cached patterns)
2025-09-06 23:54:13,028 - INFO - src.arc_integration.continuous_learning_loop - Action 6 successful for lp85-2e205bbe3622
2025-09-06 23:54:13,028 - INFO - src.arc_integration.continuous_learning_loop - 🎮 Initialized actions for lp85-2e205bbe3622: [6] (loaded 1 cached patterns)
2025-09-06 23:54:13,159 - WARNING - src.arc_integration.continuous_learning_loop - Frame analysis failed for sp80-5f3511b239b8: max() iterable argument is empty
2025-09-06 23:54:13,159 - INFO - src.arc_integration.continuous_learning_loop - 🎮 Initialized actions for sp80-5f3511b239b8: [1, 2, 3, 4, 5, 6] (loaded 4 cached patterns)
2025-09-06 23:54:13,176 - WARNING - src.arc_integration.continuous_learning_loop - Frame analysis failed for ft09-f340c8e5138e: max() iterable argument is empty
2025-09-06 23:54:13,176 - INFO - src.arc_integration.continuous_learning_loop - 🎮 Initialized actions for ft09-f340c8e5138e: [6] (loaded 1 cached patterns)
2025-09-06 23:54:13,207 - WARNING - src.arc_integration.continuous_learning_loop - Frame analysis failed for lp85-2e205bbe3622: max() iterable argument is empty
2025-09-06 23:54:13,209 - INFO - src.arc_integration.continuous_learning_loop - 🎮 Initialized actions for lp85-2e205bbe3622: [6] (loaded 1 cached patterns)
2025-09-06 23:54:13,357 - INFO - src.arc_integration.continuous_learning_loop - Action 1 successful for sp80-5f3511b239b8
2025-09-06 23:54:13,357 - INFO - src.arc_integration.continuous_learning_loop - 🎮 Initialized actions for sp80-5f3511b239b8: [1, 2, 3, 4, 5, 6] (loaded 4 cached patterns)
2025-09-06 23:54:13,361 - INFO - src.arc_integration.continuous_learning_loop - Action 6 successful for ft09-f340c8e5138e
2025-09-06 23:54:13,361 - INFO - src.arc_integration.continuous_learning_loop - 🎮 Initialized actions for ft09-f340c8e5138e: [6] (loaded 1 cached patterns)
2025-09-06 23:54:13,510 - INFO - src.arc_integration.continuous_learning_loop - Action 6 successful for lp85-2e205bbe3622
2025-09-06 23:54:13,510 - INFO - src.arc_integration.continuous_learning_loop - 🎮 Initialized actions for lp85-2e205bbe3622: [6] (loaded 1 cached patterns)
2025-09-06 23:54:13,540 - WARNING - src.arc_integration.continuous_learning_loop - Frame analysis failed for sp80-5f3511b239b8: max() iterable argument is empty
2025-09-06 23:54:13,541 - INFO - src.arc_integration.continuous_learning_loop - 🎮 Initialized actions for sp80-5f3511b239b8: [1, 2, 3, 4, 5, 6] (loaded 4 cached patterns)
2025-09-06 23:54:13,547 - WARNING - src.arc_integration.continuous_learning_loop - Frame analysis failed for ft09-f340c8e5138e: max() iterable argument is empty
2025-09-06 23:54:13,548 - INFO - src.arc_integration.continuous_learning_loop - 🎮 Initialized actions for ft09-f340c8e5138e: [6] (loaded 1 cached patterns)
2025-09-06 23:54:13,682 - WARNING - src.arc_integration.continuous_learning_loop - Frame analysis failed for lp85-2e205bbe3622: max() iterable argument is empty
2025-09-06 23:54:13,683 - INFO - src.arc_integration.continuous_learning_loop - 🎮 Initialized actions for lp85-2e205bbe3622: [6] (loaded 1 cached patterns)
2025-09-06 23:54:13,689 - INFO - src.arc_integration.continuous_learning_loop - Action 1 successful for sp80-5f3511b239b8
2025-09-06 23:54:13,690 - INFO - src.arc_integration.continuous_learning_loop - 🎮 Initialized actions for sp80-5f3511b239b8: [1, 2, 3, 4, 5, 6] (loaded 4 cached patterns)
2025-09-06 23:54:13,693 - INFO - src.arc_integration.continuous_learning_loop - Action 6 successful for ft09-f340c8e5138e
2025-09-06 23:54:13,693 - INFO - src.arc_integration.continuous_learning_loop - 🎮 Initialized actions for ft09-f340c8e5138e: [6] (loaded 1 cached patterns)
2025-09-06 23:54:13,854 - WARNING - src.arc_integration.continuous_learning_loop - Frame analysis failed for sp80-5f3511b239b8: max() iterable argument is empty
2025-09-06 23:54:13,855 - INFO - src.arc_integration.continuous_learning_loop - 🎮 Initialized actions for sp80-5f3511b239b8: [1, 2, 3, 4, 5, 6] (loaded 4 cached patterns)
2025-09-06 23:54:13,866 - WARNING - src.arc_integration.continuous_learning_loop - Frame analysis failed for ft09-f340c8e5138e: max() iterable argument is empty
2025-09-06 23:54:13,866 - INFO - src.arc_integration.continuous_learning_loop - 🎮 Initialized actions for ft09-f340c8e5138e: [6] (loaded 1 cached patterns)
2025-09-06 23:54:13,958 - INFO - src.arc_integration.continuous_learning_loop - Action 6 successful for lp85-2e205bbe3622
2025-09-06 23:54:13,958 - INFO - src.arc_integration.continuous_learning_loop - 🎮 Initialized actions for lp85-2e205bbe3622: [6] (loaded 1 cached patterns)
2025-09-06 23:54:14,006 - INFO - src.arc_integration.continuous_learning_loop - Action 1 successful for sp80-5f3511b239b8
2025-09-06 23:54:14,006 - INFO - src.arc_integration.continuous_learning_loop - 🎮 Initialized actions for sp80-5f3511b239b8: [1, 2, 3, 4, 5, 6] (loaded 4 cached patterns)
2025-09-06 23:54:14,008 - INFO - src.arc_integration.continuous_learning_loop - Action 6 successful for ft09-f340c8e5138e
2025-09-06 23:54:14,009 - INFO - src.arc_integration.continuous_learning_loop - 🎮 Initialized actions for ft09-f340c8e5138e: [6] (loaded 1 cached patterns)
2025-09-06 23:54:14,122 - WARNING - src.arc_integration.continuous_learning_loop - Frame analysis failed for lp85-2e205bbe3622: max() iterable argument is empty
2025-09-06 23:54:14,123 - INFO - src.arc_integration.continuous_learning_loop - 🎮 Initialized actions for lp85-2e205bbe3622: [6] (loaded 1 cached patterns)
2025-09-06 23:54:14,173 - WARNING - src.arc_integration.continuous_learning_loop - Frame analysis failed for sp80-5f3511b239b8: max() iterable argument is empty
2025-09-06 23:54:14,173 - INFO - src.arc_integration.continuous_learning_loop - 🎮 Initialized actions for sp80-5f3511b239b8: [1, 2, 3, 4, 5, 6] (loaded 4 cached patterns)
2025-09-06 23:54:14,181 - WARNING - src.arc_integration.continuous_learning_loop - Frame analysis failed for ft09-f340c8e5138e: max() iterable argument is empty
2025-09-06 23:54:14,181 - INFO - src.arc_integration.continuous_learning_loop - 🎮 Initialized actions for ft09-f340c8e5138e: [6] (loaded 1 cached patterns)
2025-09-06 23:54:14,318 - INFO - src.arc_integration.continuous_learning_loop - Action 6 successful for sp80-5f3511b239b8
2025-09-06 23:54:14,318 - INFO - src.arc_integration.continuous_learning_loop - 🎮 Initialized actions for sp80-5f3511b239b8: [1, 2, 3, 4, 5, 6] (loaded 4 cached patterns)
2025-09-06 23:54:14,390 - INFO - src.arc_integration.continuous_learning_loop - Action 6 successful for lp85-2e205bbe3622
2025-09-06 23:54:14,391 - INFO - src.arc_integration.continuous_learning_loop - 🎮 Initialized actions for lp85-2e205bbe3622: [6] (loaded 1 cached patterns)
2025-09-06 23:54:14,456 - INFO - src.arc_integration.continuous_learning_loop - Action 6 successful for ft09-f340c8e5138e
2025-09-06 23:54:14,457 - INFO - src.arc_integration.continuous_learning_loop - 🎮 Initialized actions for ft09-f340c8e5138e: [6] (loaded 1 cached patterns)
2025-09-06 23:54:14,493 - WARNING - src.arc_integration.continuous_learning_loop - Frame analysis failed for sp80-5f3511b239b8: max() iterable argument is empty
2025-09-06 23:54:14,494 - INFO - src.arc_integration.continuous_learning_loop - 🎮 Initialized actions for sp80-5f3511b239b8: [1, 2, 3, 4, 5, 6] (loaded 4 cached patterns)
2025-09-06 23:54:14,557 - WARNING - src.arc_integration.continuous_learning_loop - Frame analysis failed for lp85-2e205bbe3622: max() iterable argument is empty
2025-09-06 23:54:14,557 - INFO - src.arc_integration.continuous_learning_loop - 🎮 Initialized actions for lp85-2e205bbe3622: [6] (loaded 1 cached patterns)
2025-09-06 23:54:14,633 - WARNING - src.arc_integration.continuous_learning_loop - Frame analysis failed for ft09-f340c8e5138e: max() iterable argument is empty
2025-09-06 23:54:14,634 - INFO - src.arc_integration.continuous_learning_loop - 🎮 Initialized actions for ft09-f340c8e5138e: [6] (loaded 1 cached patterns)
2025-09-06 23:54:14,697 - INFO - src.arc_integration.continuous_learning_loop - Action 6 successful for lp85-2e205bbe3622
2025-09-06 23:54:14,698 - INFO - src.arc_integration.continuous_learning_loop - 🎮 Initialized actions for lp85-2e205bbe3622: [6] (loaded 1 cached patterns)
2025-09-06 23:54:14,779 - INFO - src.arc_integration.continuous_learning_loop - Action 6 successful for ft09-f340c8e5138e
2025-09-06 23:54:14,779 - INFO - src.arc_integration.continuous_learning_loop - 🎮 Initialized actions for ft09-f340c8e5138e: [6] (loaded 1 cached patterns)
2025-09-06 23:54:14,790 - INFO - src.arc_integration.continuous_learning_loop - Action 1 successful for sp80-5f3511b239b8
2025-09-06 23:54:14,790 - INFO - src.arc_integration.continuous_learning_loop - 🎮 Initialized actions for sp80-5f3511b239b8: [1, 2, 3, 4, 5, 6] (loaded 4 cached patterns)
2025-09-06 23:54:14,875 - WARNING - src.arc_integration.continuous_learning_loop - Frame analysis failed for lp85-2e205bbe3622: max() iterable argument is empty
2025-09-06 23:54:14,876 - INFO - src.arc_integration.continuous_learning_loop - 🎮 Initialized actions for lp85-2e205bbe3622: [6] (loaded 1 cached patterns)
2025-09-06 23:54:14,961 - WARNING - src.arc_integration.continuous_learning_loop - Frame analysis failed for ft09-f340c8e5138e: max() iterable argument is empty
2025-09-06 23:54:14,961 - INFO - src.arc_integration.continuous_learning_loop - 🎮 Initialized actions for ft09-f340c8e5138e: [6] (loaded 1 cached patterns)
2025-09-06 23:54:14,970 - WARNING - src.arc_integration.continuous_learning_loop - Frame analysis failed for sp80-5f3511b239b8: max() iterable argument is empty
2025-09-06 23:54:14,971 - INFO - src.arc_integration.continuous_learning_loop - 🎮 Initialized actions for sp80-5f3511b239b8: [1, 2, 3, 4, 5, 6] (loaded 4 cached patterns)
2025-09-06 23:54:15,015 - INFO - src.arc_integration.continuous_learning_loop - Action 6 successful for lp85-2e205bbe3622
2025-09-06 23:54:15,016 - INFO - src.arc_integration.continuous_learning_loop - 🎮 Initialized actions for lp85-2e205bbe3622: [6] (loaded 1 cached patterns)
2025-09-06 23:54:15,105 - INFO - src.arc_integration.continuous_learning_loop - Action 6 successful for ft09-f340c8e5138e
2025-09-06 23:54:15,105 - INFO - src.arc_integration.continuous_learning_loop - 🎮 Initialized actions for ft09-f340c8e5138e: [6] (loaded 1 cached patterns)
2025-09-06 23:54:15,247 - INFO - src.arc_integration.continuous_learning_loop - Action 1 successful for sp80-5f3511b239b8
2025-09-06 23:54:15,248 - INFO - src.arc_integration.continuous_learning_loop - 🎮 Initialized actions for sp80-5f3511b239b8: [1, 2, 3, 4, 5, 6] (loaded 4 cached patterns)
2025-09-06 23:54:15,611 - INFO - src.arc_integration.continuous_learning_loop - 💾 Saved action intelligence for sp80-5f3511b239b8: 4 effective actions
2025-09-06 23:54:15,612 - INFO - src.arc_integration.continuous_learning_loop - 🧠 Action Intelligence for sp80-5f3511b239b8: 4/6 effective actions, 15 coordinate patterns learned
2025-09-06 23:54:17,638 - INFO - arc_integration.arc_meta_learning - ARC meta-learning state saved to data\meta_learning_session_1757220842.json
2025-09-06 23:54:17,639 - INFO - src.arc_integration.continuous_learning_loop - Completed training session session_1757220842 - Win rate: 0.0%
2025-09-06 23:54:17,643 - INFO - src.core.meta_cognitive_governor.Governor - Started outcome measurement outcome_1757220857_8727 for governor_parameter_adjustment
2025-09-06 23:54:17,644 - INFO - src.core.meta_cognitive_governor.Governor - 🎯 Governor recommendation: parameter_adjustment (confidence: 0.40)
2025-09-06 23:54:17,647 - INFO - src.core.architect.Architect - 🧬 Starting evolution cycle 0
2025-09-06 23:54:17,838 - INFO - src.core.architect.Architect - 🎯 Using training script: master_arc_trainer.py
2025-09-06 23:54:17,840 - INFO - src.core.architect.Architect - 🎮 Running actual ARC training test: C:\Users\Admin\AppData\Local\Microsoft\WindowsApps\PythonSoftwareFoundation.Python.3.13_qbz5n2kfra8p0\python.exe C:\Users\Admin\Documents\GitHub\tabula-rasa\master_arc_trainer.py --mode quick-validation --games ls20,ft09 --max-cycles 3 --session-duration 2 --no-logs --no-monitoring
