2025-08-30 17:02:50,661 - arc_integration.arc_meta_learning - INFO - ARC Meta-Learning System initialized
2025-08-30 17:02:50,681 - core.agent - INFO - Predictive core initialized with lstm architecture
2025-08-30 17:02:50,684 - core.agent - INFO - DNC memory system initialized and integrated with predictive core
2025-08-30 17:02:50,685 - core.agent - INFO - Learning progress drive initialized
2025-08-30 17:02:50,686 - core.agent - INFO - Energy and death management system initialized
2025-08-30 17:02:50,686 - core.agent - INFO - Goal system initialized in survival phase
2025-08-30 17:02:52,798 - core.agent - INFO - Action selection system initialized
2025-08-30 17:02:52,801 - core.agent - INFO - Sleep and dream cycle system initialized
2025-08-30 17:02:52,801 - core.agent - INFO - Monitoring and metrics system initialized
2025-08-30 17:02:52,803 - core.agent - INFO - Meta-learning system initialized
2025-08-30 17:02:52,804 - core.agent - INFO - Adaptive Learning Agent initialized successfully
2025-08-30 17:02:52,804 - __main__ - INFO - Demo agent initialized for monitoring
2025-08-30 17:02:52,806 - __main__ - INFO - Continuous Learning Loop initialized with ARC-3 scoreboard integration
2025-08-30 17:03:00,430 - __main__ - INFO - Started training session session_1756591380 with 24 games using lossless mode
2025-08-30 17:03:00,432 - __main__ - INFO - Running continuous learning for session session_1756591380
2025-08-30 17:29:44,026 - arc_integration.arc_meta_learning - INFO - ARC Meta-Learning System initialized
2025-08-30 17:29:44,052 - core.agent - INFO - Predictive core initialized with lstm architecture
2025-08-30 17:29:44,054 - core.agent - INFO - DNC memory system initialized and integrated with predictive core
2025-08-30 17:29:44,055 - core.agent - INFO - Learning progress drive initialized
2025-08-30 17:29:44,055 - core.agent - INFO - Energy and death management system initialized
2025-08-30 17:29:44,056 - core.agent - INFO - Goal system initialized in survival phase
2025-08-30 17:29:46,111 - core.agent - INFO - Action selection system initialized
2025-08-30 17:29:46,111 - core.agent - INFO - Sleep and dream cycle system initialized
2025-08-30 17:29:46,112 - core.agent - INFO - Monitoring and metrics system initialized
2025-08-30 17:29:46,115 - core.agent - INFO - Meta-learning system initialized
2025-08-30 17:29:46,116 - core.agent - INFO - Adaptive Learning Agent initialized successfully
2025-08-30 17:29:46,116 - __main__ - INFO - Demo agent initialized for monitoring
2025-08-30 17:29:46,117 - __main__ - INFO - Continuous Learning Loop initialized with ARC-3 API integration
2025-08-30 17:29:46,455 - __main__ - INFO - Started training session session_1756592986 with 6 games using lossless mode
2025-08-30 17:29:46,457 - __main__ - INFO - Running continuous learning for session session_1756592986
2025-08-30 18:04:04,977 - arc_integration.arc_meta_learning - INFO - ARC Meta-Learning System initialized
2025-08-30 18:04:05,005 - core.agent - INFO - Predictive core initialized with lstm architecture
2025-08-30 18:04:05,009 - core.agent - INFO - DNC memory system initialized and integrated with predictive core
2025-08-30 18:04:05,011 - core.agent - INFO - Learning progress drive initialized
2025-08-30 18:04:05,013 - core.agent - INFO - Energy and death management system initialized
2025-08-30 18:04:05,013 - core.agent - INFO - Goal system initialized in survival phase
2025-08-30 18:04:07,170 - core.agent - INFO - Action selection system initialized
2025-08-30 18:04:07,171 - core.agent - INFO - Sleep and dream cycle system initialized
2025-08-30 18:04:07,172 - core.agent - INFO - Monitoring and metrics system initialized
2025-08-30 18:04:07,175 - core.agent - INFO - Meta-learning system initialized
2025-08-30 18:04:07,177 - core.agent - INFO - Adaptive Learning Agent initialized successfully
2025-08-30 18:04:07,178 - __main__ - INFO - Demo agent initialized for monitoring
2025-08-30 18:04:07,179 - __main__ - INFO - Continuous Learning Loop initialized with ARC-3 API integration
2025-08-30 18:04:07,662 - __main__ - INFO - Started training session session_1756595047 with 6 games using lossless mode
2025-08-30 18:04:07,667 - __main__ - INFO - Running continuous learning for session session_1756595047
