2025-09-05 13:27:47,575 - arc_integration.arc_meta_learning - INFO - ARC Meta-Learning System initialized
2025-09-05 13:27:47,576 - src.arc_integration.continuous_learning_loop - INFO - ✅ Enhanced sleep system initialized for memory consolidation
2025-09-05 13:27:47,577 - core.adaptive_energy_system - INFO - AdaptiveEnergySystem initialized with config: EnergyConfig(max_energy=100.0, base_depletion_rate=0.08, action_based_depletion=0.25, sleep_trigger_threshold=60.0, min_sleep_threshold=20.0, max_sleep_threshold=60.0, time_based_sleep_interval=3.0, min_time_interval=1.0, max_time_interval=8.0, success_rate_multiplier=0.8, failure_rate_multiplier=1.2)
2025-09-05 13:27:47,580 - src.arc_integration.continuous_learning_loop - INFO - ✅ Adaptive energy system initialized for win rate-based sleep scheduling
2025-09-05 13:27:47,581 - goals.goal_system - INFO - Goal system initialized in survival phase
2025-09-05 13:27:47,601 - core.agent - INFO - Predictive core initialized with lstm architecture
2025-09-05 13:27:47,602 - core.agent - INFO - DNC memory system initialized and integrated with predictive core
2025-09-05 13:27:47,603 - core.agent - INFO - Learning progress drive initialized
2025-09-05 13:27:47,603 - core.agent - INFO - Energy and death management system initialized
2025-09-05 13:27:47,604 - goals.goal_system - INFO - Goal system initialized in survival phase
2025-09-05 13:27:47,604 - core.agent - INFO - Goal system initialized in survival phase
2025-09-05 13:27:47,611 - core.agent - INFO - Action selection system initialized
2025-09-05 13:27:47,612 - core.agent - INFO - Sleep and dream cycle system initialized
2025-09-05 13:27:47,613 - core.agent - INFO - Monitoring and metrics system initialized
2025-09-05 13:27:47,614 - core.agent - INFO - Meta-learning system initialized
2025-09-05 13:27:47,615 - core.agent - INFO - Adaptive Learning Agent initialized successfully
2025-09-05 13:27:47,615 - src.arc_integration.continuous_learning_loop - INFO - Demo agent initialized for monitoring
2025-09-05 13:27:47,617 - src.arc_integration.continuous_learning_loop - INFO - Continuous Learning Loop initialized with ARC-3 API integration
2025-09-05 13:27:47,617 - __main__ - INFO - ✅ Coordinate intelligence initialized
2025-09-05 13:27:47,618 - src.core.meta_cognitive_governor.Governor - INFO - Outcome tracking enabled
2025-09-05 13:27:47,619 - src.core.meta_cognitive_governor.Governor - INFO - Loaded 0 learned patterns from disk
2025-09-05 13:27:47,621 - src.core.meta_cognitive_governor.Governor - INFO - Cross-session learning manager initialized with 0 existing patterns
2025-09-05 13:27:47,621 - src.core.meta_cognitive_governor.Governor - INFO - Cross-session learning enabled
2025-09-05 13:27:47,623 - src.core.meta_cognitive_governor.Governor - INFO - Meta-cognitive memory management enabled
2025-09-05 13:27:47,624 - src.core.meta_cognitive_governor.Governor - INFO - Memory pattern optimization enabled - Phase 1 immediate wins
2025-09-05 13:27:47,624 - src.core.hierarchical_memory_clusterer - INFO - 🗂️ HierarchicalMemoryClusterer initialized for Phase 2
2025-09-05 13:27:47,625 - src.core.meta_cognitive_governor.Governor - INFO - Hierarchical memory clustering enabled - Phase 2 intelligent clusters
2025-09-05 13:27:47,627 - src.core.architect_evolution_engine - INFO - 🏗️ Architect Evolution Engine initialized for Phase 3
2025-09-05 13:27:47,627 - src.core.architect_evolution_engine - INFO -    Autonomous evolution: enabled
2025-09-05 13:27:47,628 - src.core.architect_evolution_engine - INFO -    Loaded 0 existing insights
2025-09-05 13:27:47,628 - src.core.architect_evolution_engine - INFO -    Loaded 0 evolution strategies
2025-09-05 13:27:47,629 - src.core.meta_cognitive_governor.Governor - INFO - Architect Evolution Engine enabled - Phase 3 autonomous evolution
2025-09-05 13:27:47,630 - src.core.performance_optimization_engine - INFO - ⚡ Initialized 1 adaptive configurations
2025-09-05 13:27:47,631 - src.core.performance_optimization_engine - INFO - ⚡ Real-time optimization thread started
2025-09-05 13:27:47,632 - src.core.performance_optimization_engine - INFO - ⚡ Performance Optimization Engine initialized for Phase 4
2025-09-05 13:27:47,632 - src.core.performance_optimization_engine - INFO -    Real-time optimization: enabled
2025-09-05 13:27:47,632 - src.core.performance_optimization_engine - INFO -    Optimization interval: 60.0s
2025-09-05 13:27:47,633 - src.core.performance_optimization_engine - INFO -    Loaded 0 optimization history entries
2025-09-05 13:27:47,633 - src.core.performance_optimization_engine - INFO -    Adaptive configurations: 1
2025-09-05 13:27:47,634 - src.core.meta_cognitive_governor.Governor - INFO - Performance Optimization Engine enabled - Phase 4 performance maximization
2025-09-05 13:27:47,635 - src.core.meta_cognitive_governor.Governor - INFO - 🔍 Initialized 37 cognitive system monitors
2025-09-05 13:27:47,636 - src.core.meta_cognitive_governor.Governor - INFO - 🧠 MetaCognitiveGovernor initialized - Third Brain online
2025-09-05 13:27:47,636 - __main__ - INFO - 🧠 Meta-cognitive Governor (Third Brain) initialized
2025-09-05 13:27:47,637 - src.core.architect.Architect - INFO - Architect memory management enabled
2025-09-05 13:27:47,637 - src.core.architect.Architect - WARNING - ⚠️ GitPython not available - version control disabled
2025-09-05 13:27:47,638 - src.core.architect.Architect - INFO - 🔬 Architect initialized - Zeroth Brain online
2025-09-05 13:27:47,640 - __main__ - INFO - 🏗️ Architect (Zeroth Brain) initialized
2025-09-05 13:27:47,641 - __main__ - INFO - ✅ Core systems initialized successfully
2025-09-05 13:27:47,642 - src.core.meta_cognitive_dashboard.Dashboard - WARNING - Invalid metric value for status: starting, using 0.0
2025-09-05 13:27:47,642 - __main__ - INFO - 🚀 Starting training mode: meta-cognitive-training
2025-09-05 13:27:47,644 - __main__ - INFO - Meta-Cognitive Training Mode - Comprehensive monitoring
2025-09-05 13:27:47,648 - src.core.meta_cognitive_governor.Governor - INFO - Started outcome measurement outcome_1757096867_4815 for governor_mode_switch
2025-09-05 13:27:47,648 - src.core.meta_cognitive_governor.Governor - INFO - 🎯 Governor recommendation: mode_switch (confidence: 0.80)
2025-09-05 13:27:47,649 - __main__ - INFO - No games specified, fetching from ARC-AGI-3 API...
2025-09-05 13:27:47,933 - src.arc_integration.continuous_learning_loop - INFO - Retrieved 6 available games from ARC-AGI-3 API
2025-09-05 13:27:47,934 - __main__ - INFO - Selected 6 games from ARC API: ['lp85-2e205bbe3622', 'ft09-f340c8e5138e', 'ls20-fa137e247ce6', 'sp80-5f3511b239b8', 'vc33-58ec4396715d', 'as66-821a4dcad9c2']
2025-09-05 13:27:47,935 - core.adaptive_energy_system - INFO - Energy parameters recalculated: threshold=60.0, interval=3.0min, rate=0.4000
2025-09-05 13:27:47,935 - core.adaptive_energy_system - INFO - Session configured - Actions: 500, Time limit: 30 min, Sleep threshold: 60.0, Sleep interval: 3.0 min
2025-09-05 13:27:47,936 - core.adaptive_energy_system - INFO - Sleep system threshold updated to: 60.0
2025-09-05 13:27:47,936 - src.arc_integration.continuous_learning_loop - INFO - Adaptive energy configured: threshold=60.0, interval=3.0min
2025-09-05 13:27:47,938 - src.arc_integration.continuous_learning_loop - INFO - Started training session session_1757096867 with 6 games using lossless mode
2025-09-05 13:27:47,940 - src.arc_integration.continuous_learning_loop - INFO - Running continuous learning for session session_1757096867
2025-09-05 13:27:48,884 - src.arc_integration.continuous_learning_loop - INFO - 🧠 Loaded action intelligence for lp85-2e205bbe3622: 1 effective actions
2025-09-05 13:27:48,912 - src.arc_integration.continuous_learning_loop - INFO - 🎮 Initialized actions for lp85-2e205bbe3622: [6] (loaded 1 cached patterns)
