2025-09-05 21:59:00,199 - src.core.architect.Architect - WARNING - ⏰ Training test timed out, terminating process
2025-09-05 21:59:00,969 - src.arc_integration.continuous_learning_loop - WARNING - Frame analysis failed for ls20-fa137e247ce6: max() iterable argument is empty
2025-09-05 21:59:01,086 - src.arc_integration.continuous_learning_loop - WARNING - Frame analysis failed for sp80-5f3511b239b8: max() iterable argument is empty
2025-09-05 21:59:01,149 - src.arc_integration.continuous_learning_loop - WARNING - Frame analysis failed for lp85-2e205bbe3622: max() iterable argument is empty
2025-09-05 21:59:01,503 - src.arc_integration.continuous_learning_loop - WARNING - Frame analysis failed for sp80-5f3511b239b8: max() iterable argument is empty
2025-09-05 21:59:01,627 - src.arc_integration.continuous_learning_loop - WARNING - Frame analysis failed for ls20-fa137e247ce6: max() iterable argument is empty
2025-09-05 21:59:01,928 - src.arc_integration.continuous_learning_loop - WARNING - Frame analysis failed for sp80-5f3511b239b8: max() iterable argument is empty
2025-09-05 21:59:01,942 - src.arc_integration.continuous_learning_loop - WARNING - Frame analysis failed for ls20-fa137e247ce6: max() iterable argument is empty
2025-09-05 21:59:02,211 - src.arc_integration.continuous_learning_loop - WARNING - Frame analysis failed for sp80-5f3511b239b8: max() iterable argument is empty
2025-09-05 21:59:02,223 - src.arc_integration.continuous_learning_loop - WARNING - Frame analysis failed for ls20-fa137e247ce6: max() iterable argument is empty
2025-09-05 21:59:02,488 - src.arc_integration.continuous_learning_loop - WARNING - Frame analysis failed for sp80-5f3511b239b8: max() iterable argument is empty
2025-09-05 21:59:02,520 - src.arc_integration.continuous_learning_loop - WARNING - Frame analysis failed for ls20-fa137e247ce6: max() iterable argument is empty
2025-09-05 21:59:02,777 - src.arc_integration.continuous_learning_loop - WARNING - Frame analysis failed for sp80-5f3511b239b8: max() iterable argument is empty
2025-09-05 21:59:02,807 - src.arc_integration.continuous_learning_loop - WARNING - Frame analysis failed for ls20-fa137e247ce6: max() iterable argument is empty
2025-09-05 21:59:03,087 - src.arc_integration.continuous_learning_loop - WARNING - Frame analysis failed for sp80-5f3511b239b8: max() iterable argument is empty
2025-09-05 21:59:03,094 - src.arc_integration.continuous_learning_loop - WARNING - Frame analysis failed for ls20-fa137e247ce6: max() iterable argument is empty
2025-09-05 21:59:03,360 - src.arc_integration.continuous_learning_loop - WARNING - Frame analysis failed for sp80-5f3511b239b8: max() iterable argument is empty
2025-09-05 21:59:03,372 - src.arc_integration.continuous_learning_loop - WARNING - Frame analysis failed for ls20-fa137e247ce6: max() iterable argument is empty
2025-09-05 21:59:03,636 - src.arc_integration.continuous_learning_loop - WARNING - Frame analysis failed for sp80-5f3511b239b8: max() iterable argument is empty
2025-09-05 21:59:03,778 - src.arc_integration.continuous_learning_loop - WARNING - Frame analysis failed for ls20-fa137e247ce6: max() iterable argument is empty
2025-09-05 21:59:03,956 - src.arc_integration.continuous_learning_loop - WARNING - Frame analysis failed for lp85-2e205bbe3622: max() iterable argument is empty
2025-09-05 21:59:04,054 - src.arc_integration.continuous_learning_loop - WARNING - Frame analysis failed for ls20-fa137e247ce6: max() iterable argument is empty
2025-09-05 21:59:04,504 - src.arc_integration.continuous_learning_loop - WARNING - Frame analysis failed for ls20-fa137e247ce6: max() iterable argument is empty
2025-09-05 21:59:04,786 - src.arc_integration.continuous_learning_loop - WARNING - Frame analysis failed for ls20-fa137e247ce6: max() iterable argument is empty
2025-09-05 21:59:05,087 - src.arc_integration.continuous_learning_loop - WARNING - Frame analysis failed for ls20-fa137e247ce6: max() iterable argument is empty
2025-09-05 21:59:05,359 - src.arc_integration.continuous_learning_loop - WARNING - Frame analysis failed for ls20-fa137e247ce6: max() iterable argument is empty
2025-09-05 21:59:05,638 - src.arc_integration.continuous_learning_loop - WARNING - Frame analysis failed for ls20-fa137e247ce6: max() iterable argument is empty
2025-09-05 21:59:05,920 - src.arc_integration.continuous_learning_loop - WARNING - Frame analysis failed for ls20-fa137e247ce6: max() iterable argument is empty
2025-09-05 21:59:05,988 - src.arc_integration.continuous_learning_loop - WARNING - Frame analysis failed for sp80-5f3511b239b8: max() iterable argument is empty
2025-09-05 21:59:06,188 - src.arc_integration.continuous_learning_loop - WARNING - Frame analysis failed for ls20-fa137e247ce6: max() iterable argument is empty
2025-09-05 21:59:06,453 - src.arc_integration.continuous_learning_loop - WARNING - Frame analysis failed for sp80-5f3511b239b8: max() iterable argument is empty
2025-09-05 21:59:06,620 - src.arc_integration.continuous_learning_loop - WARNING - Frame analysis failed for ls20-fa137e247ce6: max() iterable argument is empty
2025-09-05 21:59:06,675 - src.arc_integration.continuous_learning_loop - WARNING - Frame analysis failed for lp85-2e205bbe3622: max() iterable argument is empty
2025-09-05 21:59:06,855 - src.arc_integration.continuous_learning_loop - WARNING - Frame analysis failed for sp80-5f3511b239b8: max() iterable argument is empty
2025-09-05 21:59:07,021 - src.arc_integration.continuous_learning_loop - WARNING - Frame analysis failed for ls20-fa137e247ce6: max() iterable argument is empty
2025-09-05 21:59:07,290 - src.arc_integration.continuous_learning_loop - WARNING - Frame analysis failed for sp80-5f3511b239b8: max() iterable argument is empty
2025-09-05 21:59:07,297 - src.arc_integration.continuous_learning_loop - WARNING - Frame analysis failed for ls20-fa137e247ce6: max() iterable argument is empty
2025-09-05 21:59:07,596 - src.arc_integration.continuous_learning_loop - WARNING - Frame analysis failed for sp80-5f3511b239b8: max() iterable argument is empty
2025-09-05 21:59:07,617 - src.arc_integration.continuous_learning_loop - WARNING - Frame analysis failed for ls20-fa137e247ce6: max() iterable argument is empty
2025-09-05 21:59:07,881 - src.arc_integration.continuous_learning_loop - WARNING - Frame analysis failed for ls20-fa137e247ce6: max() iterable argument is empty
2025-09-05 21:59:08,161 - src.arc_integration.continuous_learning_loop - WARNING - Frame analysis failed for ls20-fa137e247ce6: max() iterable argument is empty
2025-09-05 21:59:08,437 - src.arc_integration.continuous_learning_loop - WARNING - Frame analysis failed for ls20-fa137e247ce6: max() iterable argument is empty
2025-09-05 21:59:08,706 - src.arc_integration.continuous_learning_loop - WARNING - Frame analysis failed for ls20-fa137e247ce6: max() iterable argument is empty
2025-09-05 21:59:08,974 - src.arc_integration.continuous_learning_loop - WARNING - Frame analysis failed for ls20-fa137e247ce6: max() iterable argument is empty
2025-09-05 21:59:09,067 - src.arc_integration.continuous_learning_loop - WARNING - Frame analysis failed for lp85-2e205bbe3622: max() iterable argument is empty
2025-09-05 21:59:09,259 - src.arc_integration.continuous_learning_loop - WARNING - Frame analysis failed for ls20-fa137e247ce6: max() iterable argument is empty
2025-09-05 21:59:09,536 - src.arc_integration.continuous_learning_loop - WARNING - Frame analysis failed for ls20-fa137e247ce6: max() iterable argument is empty
2025-09-05 21:59:09,827 - src.arc_integration.continuous_learning_loop - WARNING - Frame analysis failed for ls20-fa137e247ce6: max() iterable argument is empty
2025-09-05 21:59:09,958 - src.arc_integration.continuous_learning_loop - WARNING - Frame analysis failed for sp80-5f3511b239b8: max() iterable argument is empty
2025-09-05 21:59:10,103 - src.arc_integration.continuous_learning_loop - WARNING - Frame analysis failed for ls20-fa137e247ce6: max() iterable argument is empty
2025-09-05 21:59:10,226 - src.arc_integration.continuous_learning_loop - WARNING - Frame analysis failed for sp80-5f3511b239b8: max() iterable argument is empty
2025-09-05 21:59:10,364 - src.arc_integration.continuous_learning_loop - WARNING - Frame analysis failed for ls20-fa137e247ce6: max() iterable argument is empty
2025-09-05 21:59:10,644 - src.arc_integration.continuous_learning_loop - WARNING - Frame analysis failed for sp80-5f3511b239b8: max() iterable argument is empty
2025-09-05 21:59:10,786 - src.arc_integration.continuous_learning_loop - WARNING - Frame analysis failed for ls20-fa137e247ce6: max() iterable argument is empty
2025-09-05 21:59:10,936 - src.arc_integration.continuous_learning_loop - WARNING - Frame analysis failed for sp80-5f3511b239b8: max() iterable argument is empty
2025-09-05 21:59:11,075 - src.arc_integration.continuous_learning_loop - WARNING - Frame analysis failed for ls20-fa137e247ce6: max() iterable argument is empty
2025-09-05 21:59:11,369 - src.arc_integration.continuous_learning_loop - WARNING - Frame analysis failed for ls20-fa137e247ce6: max() iterable argument is empty
2025-09-05 21:59:11,477 - src.arc_integration.continuous_learning_loop - WARNING - Frame analysis failed for lp85-2e205bbe3622: max() iterable argument is empty
2025-09-05 21:59:11,653 - src.arc_integration.continuous_learning_loop - WARNING - Frame analysis failed for ls20-fa137e247ce6: max() iterable argument is empty
2025-09-05 21:59:11,953 - src.arc_integration.continuous_learning_loop - WARNING - Frame analysis failed for ls20-fa137e247ce6: max() iterable argument is empty
2025-09-05 21:59:12,226 - src.arc_integration.continuous_learning_loop - WARNING - Frame analysis failed for ls20-fa137e247ce6: max() iterable argument is empty
2025-09-05 21:59:12,495 - src.arc_integration.continuous_learning_loop - WARNING - Frame analysis failed for ls20-fa137e247ce6: max() iterable argument is empty
2025-09-05 21:59:12,763 - src.arc_integration.continuous_learning_loop - WARNING - Frame analysis failed for ls20-fa137e247ce6: max() iterable argument is empty
2025-09-05 21:59:13,042 - src.arc_integration.continuous_learning_loop - WARNING - Frame analysis failed for ls20-fa137e247ce6: max() iterable argument is empty
2025-09-05 21:59:13,312 - src.arc_integration.continuous_learning_loop - WARNING - Frame analysis failed for ls20-fa137e247ce6: max() iterable argument is empty
2025-09-05 21:59:13,324 - src.arc_integration.continuous_learning_loop - WARNING - Frame analysis failed for sp80-5f3511b239b8: max() iterable argument is empty
2025-09-05 21:59:13,595 - src.arc_integration.continuous_learning_loop - WARNING - Frame analysis failed for ls20-fa137e247ce6: max() iterable argument is empty
2025-09-05 21:59:13,605 - src.arc_integration.continuous_learning_loop - WARNING - Frame analysis failed for sp80-5f3511b239b8: max() iterable argument is empty
2025-09-05 21:59:13,875 - src.arc_integration.continuous_learning_loop - WARNING - Frame analysis failed for ls20-fa137e247ce6: max() iterable argument is empty
2025-09-05 21:59:14,011 - src.arc_integration.continuous_learning_loop - WARNING - Frame analysis failed for sp80-5f3511b239b8: max() iterable argument is empty
2025-09-05 21:59:14,277 - src.arc_integration.continuous_learning_loop - WARNING - Frame analysis failed for ls20-fa137e247ce6: max() iterable argument is empty
2025-09-05 21:59:14,409 - src.arc_integration.continuous_learning_loop - WARNING - Frame analysis failed for sp80-5f3511b239b8: max() iterable argument is empty
2025-09-05 21:59:14,549 - src.arc_integration.continuous_learning_loop - WARNING - Frame analysis failed for ls20-fa137e247ce6: max() iterable argument is empty
2025-09-05 21:59:14,826 - src.arc_integration.continuous_learning_loop - WARNING - Frame analysis failed for ls20-fa137e247ce6: max() iterable argument is empty
2025-09-05 21:59:15,093 - src.arc_integration.continuous_learning_loop - WARNING - Frame analysis failed for ls20-fa137e247ce6: max() iterable argument is empty
2025-09-05 21:59:15,360 - src.arc_integration.continuous_learning_loop - WARNING - Frame analysis failed for ls20-fa137e247ce6: max() iterable argument is empty
2025-09-05 21:59:15,645 - src.arc_integration.continuous_learning_loop - WARNING - Frame analysis failed for ls20-fa137e247ce6: max() iterable argument is empty
2025-09-05 21:59:15,930 - src.arc_integration.continuous_learning_loop - WARNING - Frame analysis failed for ls20-fa137e247ce6: max() iterable argument is empty
2025-09-05 21:59:16,208 - src.arc_integration.continuous_learning_loop - WARNING - Frame analysis failed for ls20-fa137e247ce6: max() iterable argument is empty
2025-09-05 21:59:16,335 - core.sleep_system - WARNING - ⚠️ Skipping memory consolidation - no predictive core available
2025-09-05 21:59:16,494 - src.arc_integration.continuous_learning_loop - WARNING - Frame analysis failed for ls20-fa137e247ce6: max() iterable argument is empty
2025-09-05 21:59:16,630 - core.sleep_system - WARNING - ⚠️ Skipping memory consolidation - no predictive core available
2025-09-05 21:59:16,777 - src.arc_integration.continuous_learning_loop - WARNING - Frame analysis failed for sp80-5f3511b239b8: max() iterable argument is empty
2025-09-05 21:59:16,789 - src.arc_integration.continuous_learning_loop - WARNING - Frame analysis failed for ls20-fa137e247ce6: max() iterable argument is empty
2025-09-05 21:59:16,934 - core.sleep_system - WARNING - ⚠️ Skipping memory consolidation - no predictive core available
2025-09-05 21:59:17,071 - src.arc_integration.continuous_learning_loop - WARNING - Frame analysis failed for sp80-5f3511b239b8: max() iterable argument is empty
2025-09-05 21:59:17,092 - src.arc_integration.continuous_learning_loop - WARNING - Frame analysis failed for ls20-fa137e247ce6: max() iterable argument is empty
2025-09-05 21:59:17,351 - core.sleep_system - WARNING - ⚠️ Skipping memory consolidation - no predictive core available
2025-09-05 21:59:17,357 - src.arc_integration.continuous_learning_loop - WARNING - Frame analysis failed for sp80-5f3511b239b8: max() iterable argument is empty
2025-09-05 21:59:17,508 - src.arc_integration.continuous_learning_loop - WARNING - Frame analysis failed for ls20-fa137e247ce6: max() iterable argument is empty
2025-09-05 21:59:17,636 - core.sleep_system - WARNING - ⚠️ Skipping memory consolidation - no predictive core available
2025-09-05 21:59:17,759 - src.arc_integration.continuous_learning_loop - WARNING - Frame analysis failed for sp80-5f3511b239b8: max() iterable argument is empty
2025-09-05 21:59:17,792 - src.arc_integration.continuous_learning_loop - WARNING - Frame analysis failed for ls20-fa137e247ce6: max() iterable argument is empty
2025-09-05 21:59:17,919 - core.sleep_system - WARNING - ⚠️ Skipping memory consolidation - no predictive core available
2025-09-05 21:59:18,026 - src.arc_integration.continuous_learning_loop - WARNING - Frame analysis failed for sp80-5f3511b239b8: max() iterable argument is empty
2025-09-05 21:59:18,103 - src.arc_integration.continuous_learning_loop - WARNING - Frame analysis failed for ls20-fa137e247ce6: max() iterable argument is empty
2025-09-05 21:59:18,227 - core.sleep_system - WARNING - ⚠️ Skipping memory consolidation - no predictive core available
2025-09-05 21:59:18,384 - src.arc_integration.continuous_learning_loop - WARNING - Frame analysis failed for ls20-fa137e247ce6: max() iterable argument is empty
2025-09-05 21:59:18,508 - core.sleep_system - WARNING - ⚠️ Skipping memory consolidation - no predictive core available
2025-09-05 21:59:18,676 - src.arc_integration.continuous_learning_loop - WARNING - Frame analysis failed for ls20-fa137e247ce6: max() iterable argument is empty
2025-09-05 21:59:18,807 - core.sleep_system - WARNING - ⚠️ Skipping memory consolidation - no predictive core available
2025-09-05 21:59:18,968 - src.arc_integration.continuous_learning_loop - WARNING - Frame analysis failed for ls20-fa137e247ce6: max() iterable argument is empty
2025-09-05 21:59:19,096 - core.sleep_system - WARNING - ⚠️ Skipping memory consolidation - no predictive core available
2025-09-05 21:59:19,269 - src.arc_integration.continuous_learning_loop - WARNING - Frame analysis failed for ls20-fa137e247ce6: max() iterable argument is empty
2025-09-05 21:59:19,395 - core.sleep_system - WARNING - ⚠️ Skipping memory consolidation - no predictive core available
2025-09-05 21:59:19,550 - src.arc_integration.continuous_learning_loop - WARNING - Frame analysis failed for ls20-fa137e247ce6: max() iterable argument is empty
2025-09-05 21:59:19,740 - core.sleep_system - WARNING - ⚠️ Skipping memory consolidation - no predictive core available
2025-09-05 21:59:19,901 - src.arc_integration.continuous_learning_loop - WARNING - Frame analysis failed for ls20-fa137e247ce6: max() iterable argument is empty
2025-09-05 21:59:20,025 - core.sleep_system - WARNING - ⚠️ Skipping memory consolidation - no predictive core available
2025-09-05 21:59:20,272 - src.arc_integration.continuous_learning_loop - WARNING - Frame analysis failed for ls20-fa137e247ce6: max() iterable argument is empty
2025-09-05 21:59:20,403 - core.sleep_system - WARNING - ⚠️ Skipping memory consolidation - no predictive core available
2025-09-05 21:59:20,568 - src.arc_integration.continuous_learning_loop - WARNING - Frame analysis failed for ls20-fa137e247ce6: max() iterable argument is empty
2025-09-05 21:59:20,687 - core.sleep_system - WARNING - ⚠️ Skipping memory consolidation - no predictive core available
2025-09-05 21:59:20,851 - src.arc_integration.continuous_learning_loop - WARNING - Frame analysis failed for ls20-fa137e247ce6: max() iterable argument is empty
2025-09-05 21:59:20,979 - core.sleep_system - WARNING - ⚠️ Skipping memory consolidation - no predictive core available
2025-09-05 21:59:21,153 - src.arc_integration.continuous_learning_loop - WARNING - Frame analysis failed for ls20-fa137e247ce6: max() iterable argument is empty
2025-09-05 21:59:21,326 - core.sleep_system - WARNING - ⚠️ Skipping memory consolidation - no predictive core available
2025-09-05 21:59:21,487 - src.arc_integration.continuous_learning_loop - WARNING - Frame analysis failed for ls20-fa137e247ce6: max() iterable argument is empty
2025-09-05 21:59:21,625 - core.sleep_system - WARNING - ⚠️ Skipping memory consolidation - no predictive core available
2025-09-05 21:59:21,784 - src.arc_integration.continuous_learning_loop - WARNING - Frame analysis failed for ls20-fa137e247ce6: max() iterable argument is empty
2025-09-05 21:59:21,935 - core.sleep_system - WARNING - ⚠️ Skipping memory consolidation - no predictive core available
2025-09-05 21:59:22,093 - src.arc_integration.continuous_learning_loop - WARNING - Frame analysis failed for ls20-fa137e247ce6: max() iterable argument is empty
2025-09-05 21:59:22,245 - core.sleep_system - WARNING - ⚠️ Skipping memory consolidation - no predictive core available
2025-09-05 21:59:22,403 - src.arc_integration.continuous_learning_loop - WARNING - Frame analysis failed for ls20-fa137e247ce6: max() iterable argument is empty
2025-09-05 21:59:22,528 - core.sleep_system - WARNING - ⚠️ Skipping memory consolidation - no predictive core available
2025-09-05 21:59:22,697 - src.arc_integration.continuous_learning_loop - WARNING - Frame analysis failed for ls20-fa137e247ce6: max() iterable argument is empty
2025-09-05 21:59:22,819 - core.sleep_system - WARNING - ⚠️ Skipping memory consolidation - no predictive core available
2025-09-05 21:59:22,976 - src.arc_integration.continuous_learning_loop - WARNING - Frame analysis failed for ls20-fa137e247ce6: max() iterable argument is empty
2025-09-05 21:59:23,102 - core.sleep_system - WARNING - ⚠️ Skipping memory consolidation - no predictive core available
2025-09-05 21:59:23,269 - src.arc_integration.continuous_learning_loop - WARNING - Frame analysis failed for ls20-fa137e247ce6: max() iterable argument is empty
2025-09-05 21:59:23,392 - core.sleep_system - WARNING - ⚠️ Skipping memory consolidation - no predictive core available
2025-09-05 21:59:23,552 - src.arc_integration.continuous_learning_loop - WARNING - Frame analysis failed for ls20-fa137e247ce6: max() iterable argument is empty
2025-09-05 21:59:23,677 - core.sleep_system - WARNING - ⚠️ Skipping memory consolidation - no predictive core available
2025-09-05 21:59:23,836 - src.arc_integration.continuous_learning_loop - WARNING - Frame analysis failed for ls20-fa137e247ce6: max() iterable argument is empty
2025-09-05 21:59:23,965 - core.sleep_system - WARNING - ⚠️ Skipping memory consolidation - no predictive core available
2025-09-05 21:59:24,133 - src.arc_integration.continuous_learning_loop - WARNING - Frame analysis failed for ls20-fa137e247ce6: max() iterable argument is empty
2025-09-05 21:59:24,255 - core.sleep_system - WARNING - ⚠️ Skipping memory consolidation - no predictive core available
2025-09-05 21:59:24,412 - src.arc_integration.continuous_learning_loop - WARNING - Frame analysis failed for ls20-fa137e247ce6: max() iterable argument is empty
2025-09-05 21:59:24,538 - core.sleep_system - WARNING - ⚠️ Skipping memory consolidation - no predictive core available
2025-09-05 21:59:24,698 - src.arc_integration.continuous_learning_loop - WARNING - Frame analysis failed for ls20-fa137e247ce6: max() iterable argument is empty
2025-09-05 21:59:24,824 - core.sleep_system - WARNING - ⚠️ Skipping memory consolidation - no predictive core available
2025-09-05 21:59:27,465 - src.arc_integration.continuous_learning_loop - WARNING - Frame analysis failed for ls20-fa137e247ce6: max() iterable argument is empty
2025-09-05 21:59:27,751 - src.arc_integration.continuous_learning_loop - WARNING - Frame analysis failed for ls20-fa137e247ce6: max() iterable argument is empty
2025-09-05 21:59:28,025 - src.arc_integration.continuous_learning_loop - WARNING - Frame analysis failed for ls20-fa137e247ce6: max() iterable argument is empty
2025-09-05 21:59:28,307 - src.arc_integration.continuous_learning_loop - WARNING - Frame analysis failed for ls20-fa137e247ce6: max() iterable argument is empty
2025-09-05 21:59:28,577 - src.arc_integration.continuous_learning_loop - WARNING - Frame analysis failed for ls20-fa137e247ce6: max() iterable argument is empty
2025-09-05 21:59:28,853 - src.arc_integration.continuous_learning_loop - WARNING - Frame analysis failed for ls20-fa137e247ce6: max() iterable argument is empty
2025-09-05 21:59:29,138 - src.arc_integration.continuous_learning_loop - WARNING - Frame analysis failed for ls20-fa137e247ce6: max() iterable argument is empty
2025-09-05 21:59:29,410 - src.arc_integration.continuous_learning_loop - WARNING - Frame analysis failed for ls20-fa137e247ce6: max() iterable argument is empty
2025-09-05 21:59:29,685 - src.arc_integration.continuous_learning_loop - WARNING - Frame analysis failed for ls20-fa137e247ce6: max() iterable argument is empty
2025-09-05 21:59:29,960 - src.arc_integration.continuous_learning_loop - WARNING - Frame analysis failed for ls20-fa137e247ce6: max() iterable argument is empty
2025-09-05 21:59:30,230 - src.arc_integration.continuous_learning_loop - WARNING - Frame analysis failed for ls20-fa137e247ce6: max() iterable argument is empty
2025-09-05 21:59:30,519 - src.arc_integration.continuous_learning_loop - WARNING - Frame analysis failed for ls20-fa137e247ce6: max() iterable argument is empty
2025-09-05 21:59:30,786 - src.arc_integration.continuous_learning_loop - WARNING - Frame analysis failed for ls20-fa137e247ce6: max() iterable argument is empty
2025-09-05 21:59:31,059 - src.arc_integration.continuous_learning_loop - WARNING - Frame analysis failed for ls20-fa137e247ce6: max() iterable argument is empty
2025-09-05 21:59:31,330 - src.arc_integration.continuous_learning_loop - WARNING - Frame analysis failed for ls20-fa137e247ce6: max() iterable argument is empty
2025-09-05 21:59:31,617 - src.arc_integration.continuous_learning_loop - WARNING - Frame analysis failed for ls20-fa137e247ce6: max() iterable argument is empty
2025-09-05 21:59:31,935 - src.arc_integration.continuous_learning_loop - WARNING - Frame analysis failed for ls20-fa137e247ce6: max() iterable argument is empty
2025-09-05 21:59:32,234 - src.arc_integration.continuous_learning_loop - WARNING - Frame analysis failed for ls20-fa137e247ce6: max() iterable argument is empty
2025-09-05 21:59:32,533 - src.arc_integration.continuous_learning_loop - WARNING - Frame analysis failed for ls20-fa137e247ce6: max() iterable argument is empty
2025-09-05 21:59:32,810 - src.arc_integration.continuous_learning_loop - WARNING - Frame analysis failed for ls20-fa137e247ce6: max() iterable argument is empty
2025-09-05 21:59:33,096 - src.arc_integration.continuous_learning_loop - WARNING - Frame analysis failed for ls20-fa137e247ce6: max() iterable argument is empty
2025-09-05 21:59:33,366 - src.arc_integration.continuous_learning_loop - WARNING - Frame analysis failed for ls20-fa137e247ce6: max() iterable argument is empty
2025-09-05 21:59:33,642 - src.arc_integration.continuous_learning_loop - WARNING - Frame analysis failed for ls20-fa137e247ce6: max() iterable argument is empty
2025-09-05 21:59:33,924 - src.arc_integration.continuous_learning_loop - WARNING - Frame analysis failed for ls20-fa137e247ce6: max() iterable argument is empty
2025-09-05 21:59:34,204 - src.arc_integration.continuous_learning_loop - WARNING - Frame analysis failed for ls20-fa137e247ce6: max() iterable argument is empty
2025-09-05 21:59:34,468 - src.arc_integration.continuous_learning_loop - WARNING - Frame analysis failed for ls20-fa137e247ce6: max() iterable argument is empty
2025-09-05 21:59:34,748 - src.arc_integration.continuous_learning_loop - WARNING - Frame analysis failed for ls20-fa137e247ce6: max() iterable argument is empty
2025-09-05 21:59:35,014 - src.arc_integration.continuous_learning_loop - WARNING - Frame analysis failed for ls20-fa137e247ce6: max() iterable argument is empty
2025-09-05 21:59:35,306 - src.arc_integration.continuous_learning_loop - WARNING - Frame analysis failed for ls20-fa137e247ce6: max() iterable argument is empty
2025-09-05 21:59:35,591 - src.arc_integration.continuous_learning_loop - WARNING - Frame analysis failed for ls20-fa137e247ce6: max() iterable argument is empty
2025-09-05 21:59:35,861 - src.arc_integration.continuous_learning_loop - WARNING - Frame analysis failed for ls20-fa137e247ce6: max() iterable argument is empty
2025-09-05 21:59:36,123 - src.arc_integration.continuous_learning_loop - WARNING - Frame analysis failed for ls20-fa137e247ce6: max() iterable argument is empty
2025-09-05 21:59:38,891 - src.arc_integration.continuous_learning_loop - WARNING - Frame analysis failed for ls20-fa137e247ce6: max() iterable argument is empty
2025-09-05 21:59:39,187 - src.arc_integration.continuous_learning_loop - WARNING - Frame analysis failed for ls20-fa137e247ce6: max() iterable argument is empty
2025-09-05 21:59:39,492 - src.arc_integration.continuous_learning_loop - WARNING - Frame analysis failed for ls20-fa137e247ce6: max() iterable argument is empty
2025-09-05 21:59:39,980 - src.arc_integration.continuous_learning_loop - WARNING - Frame analysis failed for ls20-fa137e247ce6: max() iterable argument is empty
2025-09-05 21:59:40,252 - src.arc_integration.continuous_learning_loop - WARNING - Frame analysis failed for ls20-fa137e247ce6: max() iterable argument is empty
2025-09-05 21:59:40,552 - src.arc_integration.continuous_learning_loop - WARNING - Frame analysis failed for ls20-fa137e247ce6: max() iterable argument is empty
2025-09-05 21:59:40,828 - src.arc_integration.continuous_learning_loop - WARNING - Frame analysis failed for ls20-fa137e247ce6: max() iterable argument is empty
2025-09-05 21:59:41,112 - src.arc_integration.continuous_learning_loop - WARNING - Frame analysis failed for ls20-fa137e247ce6: max() iterable argument is empty
2025-09-05 21:59:41,391 - src.arc_integration.continuous_learning_loop - WARNING - Frame analysis failed for ls20-fa137e247ce6: max() iterable argument is empty
2025-09-05 21:59:41,660 - src.arc_integration.continuous_learning_loop - WARNING - Frame analysis failed for ls20-fa137e247ce6: max() iterable argument is empty
2025-09-05 21:59:41,929 - src.arc_integration.continuous_learning_loop - WARNING - Frame analysis failed for ls20-fa137e247ce6: max() iterable argument is empty
2025-09-05 21:59:42,219 - src.arc_integration.continuous_learning_loop - WARNING - Frame analysis failed for ls20-fa137e247ce6: max() iterable argument is empty
2025-09-05 21:59:42,485 - src.arc_integration.continuous_learning_loop - WARNING - Frame analysis failed for ls20-fa137e247ce6: max() iterable argument is empty
2025-09-05 21:59:42,781 - src.arc_integration.continuous_learning_loop - WARNING - Frame analysis failed for ls20-fa137e247ce6: max() iterable argument is empty
2025-09-05 21:59:43,058 - src.arc_integration.continuous_learning_loop - WARNING - Frame analysis failed for ls20-fa137e247ce6: max() iterable argument is empty
2025-09-05 21:59:43,334 - src.arc_integration.continuous_learning_loop - WARNING - Frame analysis failed for ls20-fa137e247ce6: max() iterable argument is empty
2025-09-05 21:59:43,617 - src.arc_integration.continuous_learning_loop - WARNING - Frame analysis failed for ls20-fa137e247ce6: max() iterable argument is empty
2025-09-05 21:59:43,882 - src.arc_integration.continuous_learning_loop - WARNING - Frame analysis failed for ls20-fa137e247ce6: max() iterable argument is empty
2025-09-05 21:59:44,165 - src.arc_integration.continuous_learning_loop - WARNING - Frame analysis failed for ls20-fa137e247ce6: max() iterable argument is empty
2025-09-05 21:59:44,448 - src.arc_integration.continuous_learning_loop - WARNING - Frame analysis failed for ls20-fa137e247ce6: max() iterable argument is empty
2025-09-05 21:59:44,733 - src.arc_integration.continuous_learning_loop - WARNING - Frame analysis failed for ls20-fa137e247ce6: max() iterable argument is empty
2025-09-05 21:59:45,014 - src.arc_integration.continuous_learning_loop - WARNING - Frame analysis failed for ls20-fa137e247ce6: max() iterable argument is empty
2025-09-05 21:59:45,311 - src.arc_integration.continuous_learning_loop - WARNING - Frame analysis failed for ls20-fa137e247ce6: max() iterable argument is empty
2025-09-05 21:59:45,642 - src.arc_integration.continuous_learning_loop - WARNING - Frame analysis failed for ls20-fa137e247ce6: max() iterable argument is empty
2025-09-05 21:59:45,919 - src.arc_integration.continuous_learning_loop - WARNING - Frame analysis failed for ls20-fa137e247ce6: max() iterable argument is empty
2025-09-05 21:59:46,194 - src.arc_integration.continuous_learning_loop - WARNING - Frame analysis failed for ls20-fa137e247ce6: max() iterable argument is empty
2025-09-05 21:59:46,481 - src.arc_integration.continuous_learning_loop - WARNING - Frame analysis failed for ls20-fa137e247ce6: max() iterable argument is empty
2025-09-05 21:59:46,777 - src.arc_integration.continuous_learning_loop - WARNING - Frame analysis failed for ls20-fa137e247ce6: max() iterable argument is empty
2025-09-05 21:59:47,050 - src.arc_integration.continuous_learning_loop - WARNING - Frame analysis failed for ls20-fa137e247ce6: max() iterable argument is empty
2025-09-05 21:59:47,332 - src.arc_integration.continuous_learning_loop - WARNING - Frame analysis failed for ls20-fa137e247ce6: max() iterable argument is empty
2025-09-05 21:59:47,619 - src.arc_integration.continuous_learning_loop - WARNING - Frame analysis failed for ls20-fa137e247ce6: max() iterable argument is empty
2025-09-05 21:59:47,900 - src.arc_integration.continuous_learning_loop - WARNING - Frame analysis failed for ls20-fa137e247ce6: max() iterable argument is empty
2025-09-05 21:59:50,760 - src.arc_integration.continuous_learning_loop - WARNING - Frame analysis failed for ls20-fa137e247ce6: max() iterable argument is empty
2025-09-05 21:59:51,055 - src.arc_integration.continuous_learning_loop - WARNING - Frame analysis failed for ls20-fa137e247ce6: max() iterable argument is empty
2025-09-05 21:59:51,350 - src.arc_integration.continuous_learning_loop - WARNING - Frame analysis failed for ls20-fa137e247ce6: max() iterable argument is empty
2025-09-05 21:59:51,617 - src.arc_integration.continuous_learning_loop - WARNING - Frame analysis failed for ls20-fa137e247ce6: max() iterable argument is empty
2025-09-05 21:59:51,885 - src.arc_integration.continuous_learning_loop - WARNING - Frame analysis failed for ls20-fa137e247ce6: max() iterable argument is empty
2025-09-05 21:59:52,210 - src.arc_integration.continuous_learning_loop - WARNING - Frame analysis failed for ls20-fa137e247ce6: max() iterable argument is empty
2025-09-05 21:59:52,502 - src.arc_integration.continuous_learning_loop - WARNING - Frame analysis failed for ls20-fa137e247ce6: max() iterable argument is empty
2025-09-05 21:59:52,798 - src.arc_integration.continuous_learning_loop - WARNING - Frame analysis failed for ls20-fa137e247ce6: max() iterable argument is empty
2025-09-05 21:59:53,115 - src.arc_integration.continuous_learning_loop - WARNING - Frame analysis failed for ls20-fa137e247ce6: max() iterable argument is empty
2025-09-05 21:59:53,398 - src.arc_integration.continuous_learning_loop - WARNING - Frame analysis failed for ls20-fa137e247ce6: max() iterable argument is empty
2025-09-05 21:59:53,679 - src.arc_integration.continuous_learning_loop - WARNING - Frame analysis failed for ls20-fa137e247ce6: max() iterable argument is empty
2025-09-05 21:59:53,967 - src.arc_integration.continuous_learning_loop - WARNING - Frame analysis failed for ls20-fa137e247ce6: max() iterable argument is empty
2025-09-05 21:59:54,235 - src.arc_integration.continuous_learning_loop - WARNING - Frame analysis failed for ls20-fa137e247ce6: max() iterable argument is empty
2025-09-05 21:59:54,516 - src.arc_integration.continuous_learning_loop - WARNING - Frame analysis failed for ls20-fa137e247ce6: max() iterable argument is empty
2025-09-05 21:59:54,809 - src.arc_integration.continuous_learning_loop - WARNING - Frame analysis failed for ls20-fa137e247ce6: max() iterable argument is empty
2025-09-05 21:59:55,084 - src.arc_integration.continuous_learning_loop - WARNING - Frame analysis failed for ls20-fa137e247ce6: max() iterable argument is empty
2025-09-05 21:59:55,362 - src.arc_integration.continuous_learning_loop - WARNING - Frame analysis failed for ls20-fa137e247ce6: max() iterable argument is empty
2025-09-05 21:59:55,649 - src.arc_integration.continuous_learning_loop - WARNING - Frame analysis failed for ls20-fa137e247ce6: max() iterable argument is empty
2025-09-05 21:59:55,934 - src.arc_integration.continuous_learning_loop - WARNING - Frame analysis failed for ls20-fa137e247ce6: max() iterable argument is empty
2025-09-05 21:59:56,197 - src.arc_integration.continuous_learning_loop - WARNING - Frame analysis failed for ls20-fa137e247ce6: max() iterable argument is empty
2025-09-05 21:59:56,466 - src.arc_integration.continuous_learning_loop - WARNING - Frame analysis failed for ls20-fa137e247ce6: max() iterable argument is empty
2025-09-05 21:59:56,736 - src.arc_integration.continuous_learning_loop - WARNING - Frame analysis failed for ls20-fa137e247ce6: max() iterable argument is empty
2025-09-05 21:59:57,009 - src.arc_integration.continuous_learning_loop - WARNING - Frame analysis failed for ls20-fa137e247ce6: max() iterable argument is empty
2025-09-05 21:59:57,296 - src.arc_integration.continuous_learning_loop - WARNING - Frame analysis failed for ls20-fa137e247ce6: max() iterable argument is empty
2025-09-05 21:59:57,565 - src.arc_integration.continuous_learning_loop - WARNING - Frame analysis failed for ls20-fa137e247ce6: max() iterable argument is empty
2025-09-05 21:59:57,851 - src.arc_integration.continuous_learning_loop - WARNING - Frame analysis failed for ls20-fa137e247ce6: max() iterable argument is empty
2025-09-05 21:59:58,131 - src.arc_integration.continuous_learning_loop - WARNING - Frame analysis failed for ls20-fa137e247ce6: max() iterable argument is empty
2025-09-05 21:59:58,390 - src.arc_integration.continuous_learning_loop - WARNING - Frame analysis failed for ls20-fa137e247ce6: max() iterable argument is empty
2025-09-05 21:59:58,661 - src.arc_integration.continuous_learning_loop - WARNING - Frame analysis failed for ls20-fa137e247ce6: max() iterable argument is empty
2025-09-05 21:59:58,945 - src.arc_integration.continuous_learning_loop - WARNING - Frame analysis failed for ls20-fa137e247ce6: max() iterable argument is empty
2025-09-05 21:59:59,229 - src.arc_integration.continuous_learning_loop - WARNING - Frame analysis failed for ls20-fa137e247ce6: max() iterable argument is empty
2025-09-05 21:59:59,516 - src.arc_integration.continuous_learning_loop - WARNING - Frame analysis failed for ls20-fa137e247ce6: max() iterable argument is empty
2025-09-05 22:00:02,474 - src.arc_integration.continuous_learning_loop - WARNING - Frame analysis failed for ls20-fa137e247ce6: max() iterable argument is empty
2025-09-05 22:00:02,911 - src.arc_integration.continuous_learning_loop - WARNING - Frame analysis failed for ls20-fa137e247ce6: max() iterable argument is empty
2025-09-05 22:00:03,191 - src.arc_integration.continuous_learning_loop - WARNING - Frame analysis failed for ls20-fa137e247ce6: max() iterable argument is empty
2025-09-05 22:00:03,534 - src.arc_integration.continuous_learning_loop - WARNING - Frame analysis failed for ls20-fa137e247ce6: max() iterable argument is empty
2025-09-05 22:00:03,816 - src.arc_integration.continuous_learning_loop - WARNING - Frame analysis failed for ls20-fa137e247ce6: max() iterable argument is empty
2025-09-05 22:00:04,149 - src.arc_integration.continuous_learning_loop - WARNING - Frame analysis failed for ls20-fa137e247ce6: max() iterable argument is empty
2025-09-05 22:00:04,447 - src.arc_integration.continuous_learning_loop - WARNING - Frame analysis failed for ls20-fa137e247ce6: max() iterable argument is empty
2025-09-05 22:00:04,727 - src.arc_integration.continuous_learning_loop - WARNING - Frame analysis failed for ls20-fa137e247ce6: max() iterable argument is empty
2025-09-05 22:00:04,998 - src.arc_integration.continuous_learning_loop - WARNING - Frame analysis failed for ls20-fa137e247ce6: max() iterable argument is empty
2025-09-05 22:00:05,288 - src.arc_integration.continuous_learning_loop - WARNING - Frame analysis failed for ls20-fa137e247ce6: max() iterable argument is empty
2025-09-05 22:00:05,565 - src.arc_integration.continuous_learning_loop - WARNING - Frame analysis failed for ls20-fa137e247ce6: max() iterable argument is empty
2025-09-05 22:00:05,848 - src.arc_integration.continuous_learning_loop - WARNING - Frame analysis failed for ls20-fa137e247ce6: max() iterable argument is empty
2025-09-05 22:00:06,137 - src.arc_integration.continuous_learning_loop - WARNING - Frame analysis failed for ls20-fa137e247ce6: max() iterable argument is empty
2025-09-05 22:00:06,416 - src.arc_integration.continuous_learning_loop - WARNING - Frame analysis failed for ls20-fa137e247ce6: max() iterable argument is empty
2025-09-05 22:00:06,716 - src.arc_integration.continuous_learning_loop - WARNING - Frame analysis failed for ls20-fa137e247ce6: max() iterable argument is empty
2025-09-05 22:00:07,006 - src.arc_integration.continuous_learning_loop - WARNING - Frame analysis failed for ls20-fa137e247ce6: max() iterable argument is empty
2025-09-05 22:00:07,307 - src.arc_integration.continuous_learning_loop - WARNING - Frame analysis failed for ls20-fa137e247ce6: max() iterable argument is empty
2025-09-05 22:00:07,581 - src.arc_integration.continuous_learning_loop - WARNING - Frame analysis failed for ls20-fa137e247ce6: max() iterable argument is empty
2025-09-05 22:00:07,863 - src.arc_integration.continuous_learning_loop - WARNING - Frame analysis failed for ls20-fa137e247ce6: max() iterable argument is empty
2025-09-05 22:00:08,156 - src.arc_integration.continuous_learning_loop - WARNING - Frame analysis failed for ls20-fa137e247ce6: max() iterable argument is empty
2025-09-05 22:00:08,452 - src.arc_integration.continuous_learning_loop - WARNING - Frame analysis failed for ls20-fa137e247ce6: max() iterable argument is empty
2025-09-05 22:00:08,734 - src.arc_integration.continuous_learning_loop - WARNING - Frame analysis failed for ls20-fa137e247ce6: max() iterable argument is empty
2025-09-05 22:00:09,033 - src.arc_integration.continuous_learning_loop - WARNING - Frame analysis failed for ls20-fa137e247ce6: max() iterable argument is empty
2025-09-05 22:00:09,331 - src.arc_integration.continuous_learning_loop - WARNING - Frame analysis failed for ls20-fa137e247ce6: max() iterable argument is empty
2025-09-05 22:00:09,641 - src.arc_integration.continuous_learning_loop - WARNING - Frame analysis failed for ls20-fa137e247ce6: max() iterable argument is empty
2025-09-05 22:00:09,944 - src.arc_integration.continuous_learning_loop - WARNING - Frame analysis failed for ls20-fa137e247ce6: max() iterable argument is empty
2025-09-05 22:00:10,242 - src.arc_integration.continuous_learning_loop - WARNING - Frame analysis failed for ls20-fa137e247ce6: max() iterable argument is empty
2025-09-05 22:00:10,506 - src.arc_integration.continuous_learning_loop - WARNING - Frame analysis failed for ls20-fa137e247ce6: max() iterable argument is empty
2025-09-05 22:00:10,816 - src.arc_integration.continuous_learning_loop - WARNING - Frame analysis failed for ls20-fa137e247ce6: max() iterable argument is empty
2025-09-05 22:00:11,109 - src.arc_integration.continuous_learning_loop - WARNING - Frame analysis failed for ls20-fa137e247ce6: max() iterable argument is empty
2025-09-05 22:00:11,405 - src.arc_integration.continuous_learning_loop - WARNING - Frame analysis failed for ls20-fa137e247ce6: max() iterable argument is empty
2025-09-05 22:00:11,690 - src.arc_integration.continuous_learning_loop - WARNING - Frame analysis failed for ls20-fa137e247ce6: max() iterable argument is empty
2025-09-05 22:00:14,443 - src.arc_integration.continuous_learning_loop - WARNING - Frame analysis failed for ft09-f340c8e5138e: max() iterable argument is empty
2025-09-05 22:00:14,579 - src.arc_integration.continuous_learning_loop - WARNING - Frame analysis failed for vc33-58ec4396715d: max() iterable argument is empty
2025-09-05 22:00:14,725 - src.arc_integration.continuous_learning_loop - WARNING - Frame analysis failed for as66-821a4dcad9c2: max() iterable argument is empty
2025-09-05 22:00:16,844 - src.arc_integration.continuous_learning_loop - WARNING - Frame analysis failed for ft09-f340c8e5138e: max() iterable argument is empty
2025-09-05 22:00:17,120 - src.arc_integration.continuous_learning_loop - WARNING - Frame analysis failed for as66-821a4dcad9c2: max() iterable argument is empty
2025-09-05 22:00:17,228 - src.arc_integration.continuous_learning_loop - WARNING - Frame analysis failed for vc33-58ec4396715d: max() iterable argument is empty
2025-09-05 22:00:17,528 - src.arc_integration.continuous_learning_loop - WARNING - Frame analysis failed for as66-821a4dcad9c2: max() iterable argument is empty
2025-09-05 22:00:17,957 - src.arc_integration.continuous_learning_loop - WARNING - Frame analysis failed for as66-821a4dcad9c2: max() iterable argument is empty
2025-09-05 22:00:18,225 - src.arc_integration.continuous_learning_loop - WARNING - Frame analysis failed for as66-821a4dcad9c2: max() iterable argument is empty
2025-09-05 22:00:18,509 - src.arc_integration.continuous_learning_loop - WARNING - Frame analysis failed for as66-821a4dcad9c2: max() iterable argument is empty
2025-09-05 22:00:18,876 - src.arc_integration.continuous_learning_loop - WARNING - Frame analysis failed for as66-821a4dcad9c2: max() iterable argument is empty
2025-09-05 22:00:19,265 - src.arc_integration.continuous_learning_loop - WARNING - Frame analysis failed for as66-821a4dcad9c2: max() iterable argument is empty
2025-09-05 22:00:19,321 - src.arc_integration.continuous_learning_loop - WARNING - Frame analysis failed for ft09-f340c8e5138e: max() iterable argument is empty
2025-09-05 22:00:19,539 - src.arc_integration.continuous_learning_loop - WARNING - Frame analysis failed for as66-821a4dcad9c2: max() iterable argument is empty
2025-09-05 22:00:19,693 - src.arc_integration.continuous_learning_loop - WARNING - Frame analysis failed for vc33-58ec4396715d: max() iterable argument is empty
2025-09-05 22:00:19,890 - src.arc_integration.continuous_learning_loop - WARNING - Frame analysis failed for as66-821a4dcad9c2: max() iterable argument is empty
2025-09-05 22:00:20,286 - src.arc_integration.continuous_learning_loop - WARNING - Frame analysis failed for as66-821a4dcad9c2: max() iterable argument is empty
2025-09-05 22:00:20,570 - src.arc_integration.continuous_learning_loop - WARNING - Frame analysis failed for as66-821a4dcad9c2: max() iterable argument is empty
2025-09-05 22:00:20,871 - src.arc_integration.continuous_learning_loop - WARNING - Frame analysis failed for as66-821a4dcad9c2: max() iterable argument is empty
2025-09-05 22:00:21,206 - src.arc_integration.continuous_learning_loop - WARNING - Frame analysis failed for as66-821a4dcad9c2: max() iterable argument is empty
2025-09-05 22:00:21,482 - src.arc_integration.continuous_learning_loop - WARNING - Frame analysis failed for as66-821a4dcad9c2: max() iterable argument is empty
2025-09-05 22:00:21,669 - src.arc_integration.continuous_learning_loop - WARNING - Frame analysis failed for ft09-f340c8e5138e: max() iterable argument is empty
2025-09-05 22:00:21,739 - src.arc_integration.continuous_learning_loop - WARNING - Frame analysis failed for as66-821a4dcad9c2: max() iterable argument is empty
2025-09-05 22:00:22,074 - src.arc_integration.continuous_learning_loop - WARNING - Frame analysis failed for as66-821a4dcad9c2: max() iterable argument is empty
2025-09-05 22:00:22,309 - src.arc_integration.continuous_learning_loop - WARNING - Frame analysis failed for vc33-58ec4396715d: max() iterable argument is empty
2025-09-05 22:00:24,086 - src.arc_integration.continuous_learning_loop - WARNING - Frame analysis failed for ft09-f340c8e5138e: max() iterable argument is empty
2025-09-05 22:00:24,418 - src.arc_integration.continuous_learning_loop - WARNING - Frame analysis failed for as66-821a4dcad9c2: max() iterable argument is empty
2025-09-05 22:00:24,693 - src.arc_integration.continuous_learning_loop - WARNING - Frame analysis failed for as66-821a4dcad9c2: max() iterable argument is empty
2025-09-05 22:00:24,953 - src.arc_integration.continuous_learning_loop - WARNING - Frame analysis failed for vc33-58ec4396715d: max() iterable argument is empty
2025-09-05 22:00:25,097 - src.arc_integration.continuous_learning_loop - WARNING - Frame analysis failed for as66-821a4dcad9c2: max() iterable argument is empty
2025-09-05 22:00:25,485 - src.arc_integration.continuous_learning_loop - WARNING - Frame analysis failed for as66-821a4dcad9c2: max() iterable argument is empty
2025-09-05 22:00:26,015 - src.arc_integration.continuous_learning_loop - WARNING - Frame analysis failed for as66-821a4dcad9c2: max() iterable argument is empty
2025-09-05 22:00:26,316 - src.arc_integration.continuous_learning_loop - WARNING - Frame analysis failed for as66-821a4dcad9c2: max() iterable argument is empty
2025-09-05 22:00:26,609 - src.arc_integration.continuous_learning_loop - WARNING - Frame analysis failed for as66-821a4dcad9c2: max() iterable argument is empty
2025-09-05 22:00:26,880 - src.arc_integration.continuous_learning_loop - WARNING - Frame analysis failed for as66-821a4dcad9c2: max() iterable argument is empty
2025-09-05 22:00:27,156 - src.arc_integration.continuous_learning_loop - WARNING - Frame analysis failed for as66-821a4dcad9c2: max() iterable argument is empty
2025-09-05 22:00:27,421 - src.arc_integration.continuous_learning_loop - WARNING - Frame analysis failed for as66-821a4dcad9c2: max() iterable argument is empty
2025-09-05 22:00:27,744 - src.arc_integration.continuous_learning_loop - WARNING - Frame analysis failed for as66-821a4dcad9c2: max() iterable argument is empty
2025-09-05 22:00:28,015 - src.arc_integration.continuous_learning_loop - WARNING - Frame analysis failed for as66-821a4dcad9c2: max() iterable argument is empty
2025-09-05 22:00:28,332 - src.arc_integration.continuous_learning_loop - WARNING - Frame analysis failed for as66-821a4dcad9c2: max() iterable argument is empty
2025-09-05 22:00:28,649 - src.arc_integration.continuous_learning_loop - WARNING - Frame analysis failed for as66-821a4dcad9c2: max() iterable argument is empty
2025-09-05 22:00:28,966 - src.arc_integration.continuous_learning_loop - WARNING - Frame analysis failed for as66-821a4dcad9c2: max() iterable argument is empty
2025-09-05 22:00:29,282 - src.arc_integration.continuous_learning_loop - WARNING - Frame analysis failed for as66-821a4dcad9c2: max() iterable argument is empty
2025-09-05 22:00:31,670 - src.arc_integration.continuous_learning_loop - WARNING - Frame analysis failed for as66-821a4dcad9c2: max() iterable argument is empty
2025-09-05 22:00:31,967 - src.arc_integration.continuous_learning_loop - WARNING - Frame analysis failed for as66-821a4dcad9c2: max() iterable argument is empty
2025-09-05 22:00:32,263 - src.arc_integration.continuous_learning_loop - WARNING - Frame analysis failed for as66-821a4dcad9c2: max() iterable argument is empty
2025-09-05 22:00:32,567 - src.arc_integration.continuous_learning_loop - WARNING - Frame analysis failed for as66-821a4dcad9c2: max() iterable argument is empty
2025-09-05 22:00:32,865 - src.arc_integration.continuous_learning_loop - WARNING - Frame analysis failed for as66-821a4dcad9c2: max() iterable argument is empty
2025-09-05 22:00:33,156 - src.arc_integration.continuous_learning_loop - WARNING - Frame analysis failed for as66-821a4dcad9c2: max() iterable argument is empty
2025-09-05 22:00:33,472 - src.arc_integration.continuous_learning_loop - WARNING - Frame analysis failed for as66-821a4dcad9c2: max() iterable argument is empty
2025-09-05 22:00:33,803 - src.arc_integration.continuous_learning_loop - WARNING - Frame analysis failed for as66-821a4dcad9c2: max() iterable argument is empty
2025-09-05 22:00:34,091 - src.arc_integration.continuous_learning_loop - WARNING - Frame analysis failed for as66-821a4dcad9c2: max() iterable argument is empty
2025-09-05 22:00:34,398 - src.arc_integration.continuous_learning_loop - WARNING - Frame analysis failed for as66-821a4dcad9c2: max() iterable argument is empty
2025-09-05 22:00:34,674 - src.arc_integration.continuous_learning_loop - WARNING - Frame analysis failed for as66-821a4dcad9c2: max() iterable argument is empty
2025-09-05 22:00:34,950 - src.arc_integration.continuous_learning_loop - WARNING - Frame analysis failed for as66-821a4dcad9c2: max() iterable argument is empty
2025-09-05 22:00:35,233 - src.arc_integration.continuous_learning_loop - WARNING - Frame analysis failed for as66-821a4dcad9c2: max() iterable argument is empty
2025-09-05 22:00:35,518 - src.arc_integration.continuous_learning_loop - WARNING - Frame analysis failed for as66-821a4dcad9c2: max() iterable argument is empty
2025-09-05 22:00:35,837 - src.arc_integration.continuous_learning_loop - WARNING - Frame analysis failed for as66-821a4dcad9c2: max() iterable argument is empty
2025-09-05 22:00:36,129 - src.arc_integration.continuous_learning_loop - WARNING - Frame analysis failed for as66-821a4dcad9c2: max() iterable argument is empty
2025-09-05 22:00:38,507 - src.arc_integration.continuous_learning_loop - WARNING - Frame analysis failed for as66-821a4dcad9c2: max() iterable argument is empty
2025-09-05 22:00:38,820 - src.arc_integration.continuous_learning_loop - WARNING - Frame analysis failed for as66-821a4dcad9c2: max() iterable argument is empty
2025-09-05 22:00:39,138 - src.arc_integration.continuous_learning_loop - WARNING - Frame analysis failed for as66-821a4dcad9c2: max() iterable argument is empty
2025-09-05 22:00:39,443 - src.arc_integration.continuous_learning_loop - WARNING - Frame analysis failed for as66-821a4dcad9c2: max() iterable argument is empty
2025-09-05 22:00:39,714 - src.arc_integration.continuous_learning_loop - WARNING - Frame analysis failed for as66-821a4dcad9c2: max() iterable argument is empty
2025-09-05 22:00:40,009 - src.arc_integration.continuous_learning_loop - WARNING - Frame analysis failed for as66-821a4dcad9c2: max() iterable argument is empty
2025-09-05 22:00:40,322 - src.arc_integration.continuous_learning_loop - WARNING - Frame analysis failed for as66-821a4dcad9c2: max() iterable argument is empty
2025-09-05 22:00:40,642 - src.arc_integration.continuous_learning_loop - WARNING - Frame analysis failed for as66-821a4dcad9c2: max() iterable argument is empty
2025-09-05 22:00:40,984 - src.arc_integration.continuous_learning_loop - WARNING - Frame analysis failed for as66-821a4dcad9c2: max() iterable argument is empty
2025-09-05 22:00:41,275 - src.arc_integration.continuous_learning_loop - WARNING - Frame analysis failed for as66-821a4dcad9c2: max() iterable argument is empty
2025-09-05 22:00:41,590 - src.arc_integration.continuous_learning_loop - WARNING - Frame analysis failed for as66-821a4dcad9c2: max() iterable argument is empty
2025-09-05 22:00:41,898 - src.arc_integration.continuous_learning_loop - WARNING - Frame analysis failed for as66-821a4dcad9c2: max() iterable argument is empty
2025-09-05 22:00:42,181 - src.arc_integration.continuous_learning_loop - WARNING - Frame analysis failed for as66-821a4dcad9c2: max() iterable argument is empty
2025-09-05 22:00:42,497 - src.arc_integration.continuous_learning_loop - WARNING - Frame analysis failed for as66-821a4dcad9c2: max() iterable argument is empty
2025-09-05 22:00:42,795 - src.arc_integration.continuous_learning_loop - WARNING - Frame analysis failed for as66-821a4dcad9c2: max() iterable argument is empty
2025-09-05 22:00:43,114 - src.arc_integration.continuous_learning_loop - WARNING - Frame analysis failed for as66-821a4dcad9c2: max() iterable argument is empty
2025-09-05 22:00:43,439 - src.arc_integration.continuous_learning_loop - WARNING - Frame analysis failed for as66-821a4dcad9c2: max() iterable argument is empty
2025-09-05 22:00:43,842 - src.arc_integration.continuous_learning_loop - WARNING - Frame analysis failed for as66-821a4dcad9c2: max() iterable argument is empty
2025-09-05 22:00:44,130 - src.arc_integration.continuous_learning_loop - WARNING - Frame analysis failed for as66-821a4dcad9c2: max() iterable argument is empty
2025-09-05 22:00:44,443 - src.arc_integration.continuous_learning_loop - WARNING - Frame analysis failed for as66-821a4dcad9c2: max() iterable argument is empty
2025-09-05 22:00:44,803 - src.arc_integration.continuous_learning_loop - WARNING - Frame analysis failed for as66-821a4dcad9c2: max() iterable argument is empty
2025-09-05 22:00:45,185 - src.arc_integration.continuous_learning_loop - WARNING - Frame analysis failed for as66-821a4dcad9c2: max() iterable argument is empty
2025-09-05 22:00:45,484 - src.arc_integration.continuous_learning_loop - WARNING - Frame analysis failed for as66-821a4dcad9c2: max() iterable argument is empty
2025-09-05 22:00:45,775 - src.arc_integration.continuous_learning_loop - WARNING - Frame analysis failed for as66-821a4dcad9c2: max() iterable argument is empty
2025-09-05 22:00:46,069 - src.arc_integration.continuous_learning_loop - WARNING - Frame analysis failed for as66-821a4dcad9c2: max() iterable argument is empty
2025-09-05 22:00:46,371 - src.arc_integration.continuous_learning_loop - WARNING - Frame analysis failed for as66-821a4dcad9c2: max() iterable argument is empty
2025-09-05 22:00:46,716 - src.arc_integration.continuous_learning_loop - WARNING - Frame analysis failed for as66-821a4dcad9c2: max() iterable argument is empty
2025-09-05 22:00:47,039 - src.arc_integration.continuous_learning_loop - WARNING - Frame analysis failed for as66-821a4dcad9c2: max() iterable argument is empty
2025-09-05 22:00:47,438 - src.arc_integration.continuous_learning_loop - WARNING - Frame analysis failed for as66-821a4dcad9c2: max() iterable argument is empty
2025-09-05 22:00:47,790 - src.arc_integration.continuous_learning_loop - WARNING - Frame analysis failed for as66-821a4dcad9c2: max() iterable argument is empty
2025-09-05 22:00:48,141 - src.arc_integration.continuous_learning_loop - WARNING - Frame analysis failed for as66-821a4dcad9c2: max() iterable argument is empty
2025-09-05 22:00:48,493 - src.arc_integration.continuous_learning_loop - WARNING - Frame analysis failed for as66-821a4dcad9c2: max() iterable argument is empty
2025-09-05 22:00:48,830 - src.arc_integration.continuous_learning_loop - WARNING - Frame analysis failed for as66-821a4dcad9c2: max() iterable argument is empty
2025-09-05 22:00:49,185 - src.arc_integration.continuous_learning_loop - WARNING - Frame analysis failed for as66-821a4dcad9c2: max() iterable argument is empty
2025-09-05 22:00:49,522 - src.arc_integration.continuous_learning_loop - WARNING - Frame analysis failed for as66-821a4dcad9c2: max() iterable argument is empty
2025-09-05 22:00:49,955 - src.arc_integration.continuous_learning_loop - WARNING - Frame analysis failed for as66-821a4dcad9c2: max() iterable argument is empty
2025-09-05 22:00:50,231 - src.arc_integration.continuous_learning_loop - WARNING - Frame analysis failed for as66-821a4dcad9c2: max() iterable argument is empty
2025-09-05 22:00:50,584 - src.arc_integration.continuous_learning_loop - WARNING - Frame analysis failed for as66-821a4dcad9c2: max() iterable argument is empty
2025-09-05 22:00:50,915 - src.arc_integration.continuous_learning_loop - WARNING - Frame analysis failed for as66-821a4dcad9c2: max() iterable argument is empty
2025-09-05 22:00:51,309 - src.arc_integration.continuous_learning_loop - WARNING - Frame analysis failed for as66-821a4dcad9c2: max() iterable argument is empty
2025-09-05 22:00:51,617 - src.arc_integration.continuous_learning_loop - WARNING - Frame analysis failed for as66-821a4dcad9c2: max() iterable argument is empty
2025-09-05 22:00:51,949 - src.arc_integration.continuous_learning_loop - WARNING - Frame analysis failed for as66-821a4dcad9c2: max() iterable argument is empty
2025-09-05 22:00:52,348 - src.arc_integration.continuous_learning_loop - WARNING - Frame analysis failed for as66-821a4dcad9c2: max() iterable argument is empty
2025-09-05 22:00:52,693 - src.arc_integration.continuous_learning_loop - WARNING - Frame analysis failed for as66-821a4dcad9c2: max() iterable argument is empty
2025-09-05 22:00:52,986 - src.arc_integration.continuous_learning_loop - WARNING - Frame analysis failed for as66-821a4dcad9c2: max() iterable argument is empty
2025-09-05 22:00:53,269 - src.arc_integration.continuous_learning_loop - WARNING - Frame analysis failed for as66-821a4dcad9c2: max() iterable argument is empty
2025-09-05 22:00:53,573 - src.arc_integration.continuous_learning_loop - WARNING - Frame analysis failed for as66-821a4dcad9c2: max() iterable argument is empty
