2025-09-05 12:03:51,512 - arc_integration.arc_meta_learning - INFO - ARC Meta-Learning System initialized
2025-09-05 12:03:51,513 - src.arc_integration.continuous_learning_loop - INFO - ✅ Enhanced sleep system initialized for memory consolidation
2025-09-05 12:03:51,514 - core.adaptive_energy_system - INFO - AdaptiveEnergySystem initialized with config: EnergyConfig(max_energy=100.0, base_depletion_rate=0.08, action_based_depletion=0.25, sleep_trigger_threshold=60.0, min_sleep_threshold=20.0, max_sleep_threshold=60.0, time_based_sleep_interval=3.0, min_time_interval=1.0, max_time_interval=8.0, success_rate_multiplier=0.8, failure_rate_multiplier=1.2)
2025-09-05 12:03:51,515 - src.arc_integration.continuous_learning_loop - INFO - ✅ Adaptive energy system initialized for win rate-based sleep scheduling
2025-09-05 12:03:51,516 - goals.goal_system - INFO - Goal system initialized in survival phase
2025-09-05 12:03:51,535 - core.agent - INFO - Predictive core initialized with lstm architecture
2025-09-05 12:03:51,537 - core.agent - INFO - DNC memory system initialized and integrated with predictive core
2025-09-05 12:03:51,538 - core.agent - INFO - Learning progress drive initialized
2025-09-05 12:03:51,538 - core.agent - INFO - Energy and death management system initialized
2025-09-05 12:03:51,539 - goals.goal_system - INFO - Goal system initialized in survival phase
2025-09-05 12:03:51,539 - core.agent - INFO - Goal system initialized in survival phase
2025-09-05 12:03:51,547 - core.agent - INFO - Action selection system initialized
2025-09-05 12:03:51,547 - core.agent - INFO - Sleep and dream cycle system initialized
2025-09-05 12:03:51,548 - core.agent - INFO - Monitoring and metrics system initialized
2025-09-05 12:03:51,551 - core.agent - INFO - Meta-learning system initialized
2025-09-05 12:03:51,553 - core.agent - INFO - Adaptive Learning Agent initialized successfully
2025-09-05 12:03:51,554 - src.arc_integration.continuous_learning_loop - INFO - Demo agent initialized for monitoring
2025-09-05 12:03:51,573 - src.arc_integration.continuous_learning_loop - INFO - Continuous Learning Loop initialized with ARC-3 API integration
2025-09-05 12:03:51,574 - __main__ - INFO - ✅ Coordinate intelligence initialized
2025-09-05 12:03:51,580 - src.core.meta_cognitive_governor.Governor - INFO - Outcome tracking enabled
2025-09-05 12:03:51,582 - src.core.meta_cognitive_governor.Governor - INFO - Cross-session learning manager initialized with 0 existing patterns
2025-09-05 12:03:51,583 - src.core.meta_cognitive_governor.Governor - INFO - Cross-session learning enabled
2025-09-05 12:03:51,583 - src.core.meta_cognitive_governor.Governor - INFO - Meta-cognitive memory management enabled
2025-09-05 12:03:51,584 - src.core.meta_cognitive_governor.Governor - INFO - Memory pattern optimization enabled - Phase 1 immediate wins
2025-09-05 12:03:51,584 - src.core.hierarchical_memory_clusterer - INFO - 🗂️ HierarchicalMemoryClusterer initialized for Phase 2
2025-09-05 12:03:51,585 - src.core.meta_cognitive_governor.Governor - INFO - Hierarchical memory clustering enabled - Phase 2 intelligent clusters
2025-09-05 12:03:51,586 - src.core.architect_evolution_engine - INFO - 🏗️ Architect Evolution Engine initialized for Phase 3
2025-09-05 12:03:51,587 - src.core.architect_evolution_engine - INFO -    Autonomous evolution: enabled
2025-09-05 12:03:51,587 - src.core.architect_evolution_engine - INFO -    Loaded 0 existing insights
2025-09-05 12:03:51,587 - src.core.architect_evolution_engine - INFO -    Loaded 0 evolution strategies
2025-09-05 12:03:51,588 - src.core.meta_cognitive_governor.Governor - INFO - Architect Evolution Engine enabled - Phase 3 autonomous evolution
2025-09-05 12:03:51,589 - src.core.performance_optimization_engine - INFO - ⚡ Initialized 1 adaptive configurations
2025-09-05 12:03:51,590 - src.core.performance_optimization_engine - INFO - ⚡ Real-time optimization thread started
2025-09-05 12:03:51,591 - src.core.performance_optimization_engine - INFO - ⚡ Performance Optimization Engine initialized for Phase 4
2025-09-05 12:03:51,591 - src.core.performance_optimization_engine - INFO -    Real-time optimization: enabled
2025-09-05 12:03:51,593 - src.core.performance_optimization_engine - INFO -    Optimization interval: 60.0s
2025-09-05 12:03:51,594 - src.core.performance_optimization_engine - INFO -    Loaded 0 optimization history entries
2025-09-05 12:03:51,595 - src.core.performance_optimization_engine - INFO -    Adaptive configurations: 1
2025-09-05 12:03:51,595 - src.core.meta_cognitive_governor.Governor - INFO - Performance Optimization Engine enabled - Phase 4 performance maximization
2025-09-05 12:03:51,596 - src.core.meta_cognitive_governor.Governor - INFO - 🔍 Initialized 37 cognitive system monitors
2025-09-05 12:03:51,597 - src.core.meta_cognitive_governor.Governor - INFO - 🧠 MetaCognitiveGovernor initialized - Third Brain online
2025-09-05 12:03:51,597 - __main__ - INFO - 🧠 Meta-cognitive Governor (Third Brain) initialized
2025-09-05 12:03:51,599 - src.core.architect.Architect - INFO - Architect memory management enabled
2025-09-05 12:03:51,599 - src.core.architect.Architect - WARNING - ⚠️ GitPython not available - version control disabled
2025-09-05 12:03:51,600 - src.core.architect.Architect - INFO - 🔬 Architect initialized - Zeroth Brain online
2025-09-05 12:03:51,600 - __main__ - INFO - 🏗️ Architect (Zeroth Brain) initialized
2025-09-05 12:03:51,600 - __main__ - INFO - ✅ Core systems initialized successfully
2025-09-05 12:03:51,601 - src.core.meta_cognitive_dashboard.Dashboard - WARNING - Invalid metric value for status: starting, using 0.0
2025-09-05 12:03:51,602 - __main__ - INFO - 🚀 Starting training mode: meta-cognitive-training
2025-09-05 12:03:51,603 - __main__ - INFO - Meta-Cognitive Training Mode - Comprehensive monitoring
2025-09-05 12:03:51,609 - src.core.meta_cognitive_governor.Governor - INFO - Started outcome measurement outcome_1757091831_8301 for governor_mode_switch
2025-09-05 12:03:51,611 - src.core.meta_cognitive_governor.Governor - INFO - 🎯 Governor recommendation: mode_switch (confidence: 0.80)
2025-09-05 12:03:51,613 - core.adaptive_energy_system - INFO - Energy parameters recalculated: threshold=60.0, interval=3.0min, rate=0.4000
2025-09-05 12:03:51,614 - core.adaptive_energy_system - INFO - Session configured - Actions: 500, Time limit: 30 min, Sleep threshold: 60.0, Sleep interval: 3.0 min
2025-09-05 12:03:51,614 - core.adaptive_energy_system - INFO - Sleep system threshold updated to: 60.0
2025-09-05 12:03:51,615 - src.arc_integration.continuous_learning_loop - INFO - Adaptive energy configured: threshold=60.0, interval=3.0min
2025-09-05 12:03:51,616 - src.arc_integration.continuous_learning_loop - INFO - Started training session session_1757091831 with 2 games using lossless mode
2025-09-05 12:03:51,617 - src.arc_integration.continuous_learning_loop - INFO - Running continuous learning for session session_1757091831
2025-09-05 12:03:51,618 - src.arc_integration.continuous_learning_loop - WARNING - main.py not found in ARC-AGI-3-Agents: .. Running in standalone mode.
2025-09-05 12:03:51,621 - src.arc_integration.continuous_learning_loop - WARNING - main.py not found in ARC-AGI-3-Agents: .. Running in standalone mode.
2025-09-05 12:03:51,630 - arc_integration.arc_meta_learning - INFO - ARC meta-learning state saved to continuous_learning_data\meta_learning_session_1757091831.json
2025-09-05 12:03:51,634 - src.arc_integration.continuous_learning_loop - INFO - Completed training session session_1757091831 - Win rate: 0.0%
2025-09-05 12:03:51,637 - src.core.meta_cognitive_governor.Governor - INFO - Started outcome measurement outcome_1757091831_7669 for governor_parameter_adjustment
2025-09-05 12:03:51,638 - src.core.meta_cognitive_governor.Governor - INFO - 🎯 Governor recommendation: parameter_adjustment (confidence: 0.60)
2025-09-05 12:03:51,640 - core.adaptive_energy_system - INFO - Energy parameters recalculated: threshold=60.0, interval=3.0min, rate=0.4000
2025-09-05 12:03:51,640 - core.adaptive_energy_system - INFO - Session configured - Actions: 500, Time limit: 30 min, Sleep threshold: 60.0, Sleep interval: 3.0 min
2025-09-05 12:03:51,641 - core.adaptive_energy_system - INFO - Sleep system threshold updated to: 60.0
2025-09-05 12:03:51,642 - src.arc_integration.continuous_learning_loop - INFO - Adaptive energy configured: threshold=60.0, interval=3.0min
2025-09-05 12:03:51,645 - src.arc_integration.continuous_learning_loop - INFO - Started training session session_1757091831 with 2 games using lossless mode
2025-09-05 12:03:51,645 - src.arc_integration.continuous_learning_loop - INFO - Running continuous learning for session session_1757091831
2025-09-05 12:03:51,647 - src.arc_integration.continuous_learning_loop - WARNING - main.py not found in ARC-AGI-3-Agents: .. Running in standalone mode.
2025-09-05 12:03:51,651 - src.arc_integration.continuous_learning_loop - WARNING - main.py not found in ARC-AGI-3-Agents: .. Running in standalone mode.
2025-09-05 12:03:51,683 - arc_integration.arc_meta_learning - INFO - ARC meta-learning state saved to continuous_learning_data\meta_learning_session_1757091831.json
2025-09-05 12:03:51,684 - src.arc_integration.continuous_learning_loop - INFO - Completed training session session_1757091831 - Win rate: 0.0%
2025-09-05 12:03:51,686 - src.core.meta_cognitive_governor.Governor - INFO - Started outcome measurement outcome_1757091831_6710 for governor_parameter_adjustment
2025-09-05 12:03:51,686 - src.core.meta_cognitive_governor.Governor - INFO - 🎯 Governor recommendation: parameter_adjustment (confidence: 0.40)
2025-09-05 12:03:51,688 - src.core.architect.Architect - INFO - 🧬 Starting evolution cycle 0
2025-09-05 12:03:51,849 - src.core.architect.Architect - INFO - 🎯 Using training script: master_arc_trainer.py
2025-09-05 12:03:51,851 - src.core.architect.Architect - INFO - 🎮 Running actual ARC training test: C:\Users\Admin\AppData\Local\Microsoft\WindowsApps\PythonSoftwareFoundation.Python.3.13_qbz5n2kfra8p0\python.exe C:\Users\Admin\Documents\GitHub\tabula-rasa\master_arc_trainer.py --mode quick-validation --games test1,test2 --max-cycles 3 --session-duration 2 --no-logs --no-monitoring
2025-09-05 12:05:21,891 - src.core.architect.Architect - WARNING - ⏰ Training test timed out, terminating process
2025-09-05 12:05:21,934 - src.core.architect.Architect - INFO - 🧪 Mutation exploratory_1757091831 tested: overall_improvement=-14.265, duration=90.2s
2025-09-05 12:05:21,979 - core.adaptive_energy_system - INFO - Energy parameters recalculated: threshold=60.0, interval=3.0min, rate=0.4000
2025-09-05 12:05:21,980 - core.adaptive_energy_system - INFO - Session configured - Actions: 500, Time limit: 30 min, Sleep threshold: 60.0, Sleep interval: 3.0 min
2025-09-05 12:05:21,981 - core.adaptive_energy_system - INFO - Sleep system threshold updated to: 60.0
2025-09-05 12:05:21,982 - src.arc_integration.continuous_learning_loop - INFO - Adaptive energy configured: threshold=60.0, interval=3.0min
2025-09-05 12:05:21,986 - src.arc_integration.continuous_learning_loop - INFO - Started training session session_1757091921 with 2 games using lossless mode
2025-09-05 12:05:21,988 - src.arc_integration.continuous_learning_loop - INFO - Running continuous learning for session session_1757091921
2025-09-05 12:05:21,996 - src.arc_integration.continuous_learning_loop - WARNING - main.py not found in ARC-AGI-3-Agents: .. Running in standalone mode.
2025-09-05 12:05:22,000 - src.arc_integration.continuous_learning_loop - WARNING - main.py not found in ARC-AGI-3-Agents: .. Running in standalone mode.
2025-09-05 12:05:22,018 - arc_integration.arc_meta_learning - INFO - ARC meta-learning state saved to continuous_learning_data\meta_learning_session_1757091921.json
2025-09-05 12:05:22,022 - src.arc_integration.continuous_learning_loop - INFO - Completed training session session_1757091921 - Win rate: 0.0%
2025-09-05 12:05:22,039 - __main__ - INFO - Results saved to: master_training_results_1757091922.json
2025-09-05 12:05:22,041 - src.core.meta_cognitive_dashboard.Dashboard - WARNING - Invalid metric value for status: completed, using 0.0
2025-09-05 12:05:22,041 - ContinuousTrainingRunner - INFO - Session 2 completed: success=True, duration=90.5s
