2025-09-05 12:21:28,135 - arc_integration.arc_meta_learning - INFO - ARC Meta-Learning System initialized
2025-09-05 12:21:28,136 - src.arc_integration.continuous_learning_loop - INFO - ✅ Enhanced sleep system initialized for memory consolidation
2025-09-05 12:21:28,137 - core.adaptive_energy_system - INFO - AdaptiveEnergySystem initialized with config: EnergyConfig(max_energy=100.0, base_depletion_rate=0.08, action_based_depletion=0.25, sleep_trigger_threshold=60.0, min_sleep_threshold=20.0, max_sleep_threshold=60.0, time_based_sleep_interval=3.0, min_time_interval=1.0, max_time_interval=8.0, success_rate_multiplier=0.8, failure_rate_multiplier=1.2)
2025-09-05 12:21:28,140 - src.arc_integration.continuous_learning_loop - INFO - ✅ Adaptive energy system initialized for win rate-based sleep scheduling
2025-09-05 12:21:28,141 - goals.goal_system - INFO - Goal system initialized in survival phase
2025-09-05 12:21:28,164 - core.agent - INFO - Predictive core initialized with lstm architecture
2025-09-05 12:21:28,165 - core.agent - INFO - DNC memory system initialized and integrated with predictive core
2025-09-05 12:21:28,166 - core.agent - INFO - Learning progress drive initialized
2025-09-05 12:21:28,166 - core.agent - INFO - Energy and death management system initialized
2025-09-05 12:21:28,167 - goals.goal_system - INFO - Goal system initialized in survival phase
2025-09-05 12:21:28,167 - core.agent - INFO - Goal system initialized in survival phase
2025-09-05 12:21:28,172 - core.agent - INFO - Action selection system initialized
2025-09-05 12:21:28,172 - core.agent - INFO - Sleep and dream cycle system initialized
2025-09-05 12:21:28,173 - core.agent - INFO - Monitoring and metrics system initialized
2025-09-05 12:21:28,177 - core.agent - INFO - Meta-learning system initialized
2025-09-05 12:21:28,178 - core.agent - INFO - Adaptive Learning Agent initialized successfully
2025-09-05 12:21:28,178 - src.arc_integration.continuous_learning_loop - INFO - Demo agent initialized for monitoring
2025-09-05 12:21:28,181 - src.arc_integration.continuous_learning_loop - INFO - Continuous Learning Loop initialized with ARC-3 API integration
2025-09-05 12:21:28,181 - __main__ - INFO - ✅ Coordinate intelligence initialized
2025-09-05 12:21:28,182 - src.core.meta_cognitive_governor.Governor - INFO - Outcome tracking enabled
2025-09-05 12:21:28,185 - src.core.meta_cognitive_governor.Governor - INFO - Loaded 0 learned patterns from disk
2025-09-05 12:21:28,187 - src.core.meta_cognitive_governor.Governor - INFO - Cross-session learning manager initialized with 0 existing patterns
2025-09-05 12:21:28,188 - src.core.meta_cognitive_governor.Governor - INFO - Cross-session learning enabled
2025-09-05 12:21:28,189 - src.core.meta_cognitive_governor.Governor - INFO - Meta-cognitive memory management enabled
2025-09-05 12:21:28,189 - src.core.meta_cognitive_governor.Governor - INFO - Memory pattern optimization enabled - Phase 1 immediate wins
2025-09-05 12:21:28,190 - src.core.hierarchical_memory_clusterer - INFO - 🗂️ HierarchicalMemoryClusterer initialized for Phase 2
2025-09-05 12:21:28,190 - src.core.meta_cognitive_governor.Governor - INFO - Hierarchical memory clustering enabled - Phase 2 intelligent clusters
2025-09-05 12:21:28,191 - src.core.architect_evolution_engine - INFO - 🏗️ Architect Evolution Engine initialized for Phase 3
2025-09-05 12:21:28,192 - src.core.architect_evolution_engine - INFO -    Autonomous evolution: enabled
2025-09-05 12:21:28,195 - src.core.architect_evolution_engine - INFO -    Loaded 0 existing insights
2025-09-05 12:21:28,196 - src.core.architect_evolution_engine - INFO -    Loaded 0 evolution strategies
2025-09-05 12:21:28,196 - src.core.meta_cognitive_governor.Governor - INFO - Architect Evolution Engine enabled - Phase 3 autonomous evolution
2025-09-05 12:21:28,197 - src.core.performance_optimization_engine - INFO - ⚡ Initialized 1 adaptive configurations
2025-09-05 12:21:28,198 - src.core.performance_optimization_engine - INFO - ⚡ Real-time optimization thread started
2025-09-05 12:21:28,199 - src.core.performance_optimization_engine - INFO - ⚡ Performance Optimization Engine initialized for Phase 4
2025-09-05 12:21:28,199 - src.core.performance_optimization_engine - INFO -    Real-time optimization: enabled
2025-09-05 12:21:28,200 - src.core.performance_optimization_engine - INFO -    Optimization interval: 60.0s
2025-09-05 12:21:28,200 - src.core.performance_optimization_engine - INFO -    Loaded 0 optimization history entries
2025-09-05 12:21:28,201 - src.core.performance_optimization_engine - INFO -    Adaptive configurations: 1
2025-09-05 12:21:28,201 - src.core.meta_cognitive_governor.Governor - INFO - Performance Optimization Engine enabled - Phase 4 performance maximization
2025-09-05 12:21:28,202 - src.core.meta_cognitive_governor.Governor - INFO - 🔍 Initialized 37 cognitive system monitors
2025-09-05 12:21:28,203 - src.core.meta_cognitive_governor.Governor - INFO - 🧠 MetaCognitiveGovernor initialized - Third Brain online
2025-09-05 12:21:28,203 - __main__ - INFO - 🧠 Meta-cognitive Governor (Third Brain) initialized
2025-09-05 12:21:28,204 - src.core.architect.Architect - INFO - Architect memory management enabled
2025-09-05 12:21:28,205 - src.core.architect.Architect - WARNING - ⚠️ GitPython not available - version control disabled
2025-09-05 12:21:28,205 - src.core.architect.Architect - INFO - 🔬 Architect initialized - Zeroth Brain online
2025-09-05 12:21:28,206 - __main__ - INFO - 🏗️ Architect (Zeroth Brain) initialized
2025-09-05 12:21:28,206 - __main__ - INFO - ✅ Core systems initialized successfully
2025-09-05 12:21:28,207 - src.core.meta_cognitive_dashboard.Dashboard - WARNING - Invalid metric value for status: starting, using 0.0
2025-09-05 12:21:28,207 - __main__ - INFO - 🚀 Starting training mode: meta-cognitive-training
2025-09-05 12:21:28,211 - __main__ - INFO - Meta-Cognitive Training Mode - Comprehensive monitoring
2025-09-05 12:21:28,214 - src.core.meta_cognitive_governor.Governor - INFO - Started outcome measurement outcome_1757092888_3338 for governor_mode_switch
2025-09-05 12:21:28,215 - src.core.meta_cognitive_governor.Governor - INFO - 🎯 Governor recommendation: mode_switch (confidence: 0.80)
2025-09-05 12:21:28,217 - core.adaptive_energy_system - INFO - Energy parameters recalculated: threshold=60.0, interval=3.0min, rate=0.4000
2025-09-05 12:21:28,218 - core.adaptive_energy_system - INFO - Session configured - Actions: 500, Time limit: 30 min, Sleep threshold: 60.0, Sleep interval: 3.0 min
2025-09-05 12:21:28,218 - core.adaptive_energy_system - INFO - Sleep system threshold updated to: 60.0
2025-09-05 12:21:28,219 - src.arc_integration.continuous_learning_loop - INFO - Adaptive energy configured: threshold=60.0, interval=3.0min
2025-09-05 12:21:28,220 - src.arc_integration.continuous_learning_loop - INFO - Started training session session_1757092888 with 2 games using lossless mode
2025-09-05 12:21:28,220 - src.arc_integration.continuous_learning_loop - INFO - Running continuous learning for session session_1757092888
2025-09-05 12:21:28,222 - src.arc_integration.continuous_learning_loop - WARNING - main.py not found in ARC-AGI-3-Agents: .. Running in standalone mode.
2025-09-05 12:21:28,227 - src.arc_integration.continuous_learning_loop - WARNING - main.py not found in ARC-AGI-3-Agents: .. Running in standalone mode.
2025-09-05 12:21:28,236 - arc_integration.arc_meta_learning - INFO - ARC meta-learning state saved to continuous_learning_data\meta_learning_session_1757092888.json
2025-09-05 12:21:28,237 - src.arc_integration.continuous_learning_loop - INFO - Completed training session session_1757092888 - Win rate: 0.0%
2025-09-05 12:21:28,239 - src.core.meta_cognitive_governor.Governor - INFO - Started outcome measurement outcome_1757092888_1198 for governor_parameter_adjustment
2025-09-05 12:21:28,240 - src.core.meta_cognitive_governor.Governor - INFO - 🎯 Governor recommendation: parameter_adjustment (confidence: 0.60)
2025-09-05 12:21:28,241 - core.adaptive_energy_system - INFO - Energy parameters recalculated: threshold=60.0, interval=3.0min, rate=0.4000
2025-09-05 12:21:28,242 - core.adaptive_energy_system - INFO - Session configured - Actions: 500, Time limit: 30 min, Sleep threshold: 60.0, Sleep interval: 3.0 min
2025-09-05 12:21:28,244 - core.adaptive_energy_system - INFO - Sleep system threshold updated to: 60.0
2025-09-05 12:21:28,245 - src.arc_integration.continuous_learning_loop - INFO - Adaptive energy configured: threshold=60.0, interval=3.0min
2025-09-05 12:21:28,246 - src.arc_integration.continuous_learning_loop - INFO - Started training session session_1757092888 with 2 games using lossless mode
2025-09-05 12:21:28,247 - src.arc_integration.continuous_learning_loop - INFO - Running continuous learning for session session_1757092888
2025-09-05 12:21:28,248 - src.arc_integration.continuous_learning_loop - WARNING - main.py not found in ARC-AGI-3-Agents: .. Running in standalone mode.
2025-09-05 12:21:28,267 - src.arc_integration.continuous_learning_loop - WARNING - main.py not found in ARC-AGI-3-Agents: .. Running in standalone mode.
2025-09-05 12:21:28,282 - arc_integration.arc_meta_learning - INFO - ARC meta-learning state saved to continuous_learning_data\meta_learning_session_1757092888.json
2025-09-05 12:21:28,284 - src.arc_integration.continuous_learning_loop - INFO - Completed training session session_1757092888 - Win rate: 0.0%
2025-09-05 12:21:28,286 - src.core.meta_cognitive_governor.Governor - INFO - Started outcome measurement outcome_1757092888_4892 for governor_parameter_adjustment
2025-09-05 12:21:28,287 - src.core.meta_cognitive_governor.Governor - INFO - 🎯 Governor recommendation: parameter_adjustment (confidence: 0.40)
2025-09-05 12:21:28,289 - src.core.architect.Architect - INFO - 🧬 Starting evolution cycle 0
2025-09-05 12:21:28,455 - src.core.architect.Architect - INFO - 🎯 Using training script: master_arc_trainer.py
2025-09-05 12:21:28,456 - src.core.architect.Architect - INFO - 🎮 Running actual ARC training test: C:\Users\Admin\AppData\Local\Microsoft\WindowsApps\PythonSoftwareFoundation.Python.3.13_qbz5n2kfra8p0\python.exe C:\Users\Admin\Documents\GitHub\tabula-rasa\master_arc_trainer.py --mode quick-validation --games test1,test2 --max-cycles 3 --session-duration 2 --no-logs --no-monitoring
2025-09-05 12:22:58,499 - src.core.architect.Architect - WARNING - ⏰ Training test timed out, terminating process
2025-09-05 12:22:58,543 - src.core.architect.Architect - INFO - 🧪 Mutation exploratory_1757092888 tested: overall_improvement=-14.265, duration=90.3s
2025-09-05 12:22:58,587 - core.adaptive_energy_system - INFO - Energy parameters recalculated: threshold=60.0, interval=3.0min, rate=0.4000
2025-09-05 12:22:58,588 - core.adaptive_energy_system - INFO - Session configured - Actions: 500, Time limit: 30 min, Sleep threshold: 60.0, Sleep interval: 3.0 min
2025-09-05 12:22:58,589 - core.adaptive_energy_system - INFO - Sleep system threshold updated to: 60.0
2025-09-05 12:22:58,590 - src.arc_integration.continuous_learning_loop - INFO - Adaptive energy configured: threshold=60.0, interval=3.0min
2025-09-05 12:22:58,592 - src.arc_integration.continuous_learning_loop - INFO - Started training session session_1757092978 with 2 games using lossless mode
2025-09-05 12:22:58,593 - src.arc_integration.continuous_learning_loop - INFO - Running continuous learning for session session_1757092978
2025-09-05 12:22:58,598 - src.arc_integration.continuous_learning_loop - WARNING - main.py not found in ARC-AGI-3-Agents: .. Running in standalone mode.
2025-09-05 12:22:58,602 - src.arc_integration.continuous_learning_loop - WARNING - main.py not found in ARC-AGI-3-Agents: .. Running in standalone mode.
2025-09-05 12:22:58,614 - arc_integration.arc_meta_learning - INFO - ARC meta-learning state saved to continuous_learning_data\meta_learning_session_1757092978.json
2025-09-05 12:22:58,615 - src.arc_integration.continuous_learning_loop - INFO - Completed training session session_1757092978 - Win rate: 0.0%
2025-09-05 12:22:58,638 - __main__ - INFO - Results saved to: master_training_results_1757092978.json
2025-09-05 12:22:58,642 - src.core.meta_cognitive_dashboard.Dashboard - WARNING - Invalid metric value for status: completed, using 0.0
2025-09-05 12:22:58,643 - ContinuousTrainingRunner - INFO - Session 9 completed: success=True, duration=90.5s
