2025-09-05 12:13:55,169 - arc_integration.arc_meta_learning - INFO - ARC Meta-Learning System initialized
2025-09-05 12:13:55,170 - src.arc_integration.continuous_learning_loop - INFO - ✅ Enhanced sleep system initialized for memory consolidation
2025-09-05 12:13:55,171 - core.adaptive_energy_system - INFO - AdaptiveEnergySystem initialized with config: EnergyConfig(max_energy=100.0, base_depletion_rate=0.08, action_based_depletion=0.25, sleep_trigger_threshold=60.0, min_sleep_threshold=20.0, max_sleep_threshold=60.0, time_based_sleep_interval=3.0, min_time_interval=1.0, max_time_interval=8.0, success_rate_multiplier=0.8, failure_rate_multiplier=1.2)
2025-09-05 12:13:55,176 - src.arc_integration.continuous_learning_loop - INFO - ✅ Adaptive energy system initialized for win rate-based sleep scheduling
2025-09-05 12:13:55,176 - goals.goal_system - INFO - Goal system initialized in survival phase
2025-09-05 12:13:55,200 - core.agent - INFO - Predictive core initialized with lstm architecture
2025-09-05 12:13:55,202 - core.agent - INFO - DNC memory system initialized and integrated with predictive core
2025-09-05 12:13:55,202 - core.agent - INFO - Learning progress drive initialized
2025-09-05 12:13:55,203 - core.agent - INFO - Energy and death management system initialized
2025-09-05 12:13:55,203 - goals.goal_system - INFO - Goal system initialized in survival phase
2025-09-05 12:13:55,204 - core.agent - INFO - Goal system initialized in survival phase
2025-09-05 12:13:55,208 - core.agent - INFO - Action selection system initialized
2025-09-05 12:13:55,209 - core.agent - INFO - Sleep and dream cycle system initialized
2025-09-05 12:13:55,209 - core.agent - INFO - Monitoring and metrics system initialized
2025-09-05 12:13:55,212 - core.agent - INFO - Meta-learning system initialized
2025-09-05 12:13:55,213 - core.agent - INFO - Adaptive Learning Agent initialized successfully
2025-09-05 12:13:55,217 - src.arc_integration.continuous_learning_loop - INFO - Demo agent initialized for monitoring
2025-09-05 12:13:55,220 - src.arc_integration.continuous_learning_loop - INFO - Continuous Learning Loop initialized with ARC-3 API integration
2025-09-05 12:13:55,221 - __main__ - INFO - ✅ Coordinate intelligence initialized
2025-09-05 12:13:55,222 - src.core.meta_cognitive_governor.Governor - INFO - Outcome tracking enabled
2025-09-05 12:13:55,225 - src.core.meta_cognitive_governor.Governor - INFO - Loaded 0 learned patterns from disk
2025-09-05 12:13:55,226 - src.core.meta_cognitive_governor.Governor - INFO - Cross-session learning manager initialized with 0 existing patterns
2025-09-05 12:13:55,227 - src.core.meta_cognitive_governor.Governor - INFO - Cross-session learning enabled
2025-09-05 12:13:55,228 - src.core.meta_cognitive_governor.Governor - INFO - Meta-cognitive memory management enabled
2025-09-05 12:13:55,229 - src.core.meta_cognitive_governor.Governor - INFO - Memory pattern optimization enabled - Phase 1 immediate wins
2025-09-05 12:13:55,229 - src.core.hierarchical_memory_clusterer - INFO - 🗂️ HierarchicalMemoryClusterer initialized for Phase 2
2025-09-05 12:13:55,230 - src.core.meta_cognitive_governor.Governor - INFO - Hierarchical memory clustering enabled - Phase 2 intelligent clusters
2025-09-05 12:13:55,235 - src.core.architect_evolution_engine - INFO - 🏗️ Architect Evolution Engine initialized for Phase 3
2025-09-05 12:13:55,236 - src.core.architect_evolution_engine - INFO -    Autonomous evolution: enabled
2025-09-05 12:13:55,236 - src.core.architect_evolution_engine - INFO -    Loaded 0 existing insights
2025-09-05 12:13:55,237 - src.core.architect_evolution_engine - INFO -    Loaded 0 evolution strategies
2025-09-05 12:13:55,237 - src.core.meta_cognitive_governor.Governor - INFO - Architect Evolution Engine enabled - Phase 3 autonomous evolution
2025-09-05 12:13:55,239 - src.core.performance_optimization_engine - INFO - ⚡ Initialized 1 adaptive configurations
2025-09-05 12:13:55,240 - src.core.performance_optimization_engine - INFO - ⚡ Real-time optimization thread started
2025-09-05 12:13:55,241 - src.core.performance_optimization_engine - INFO - ⚡ Performance Optimization Engine initialized for Phase 4
2025-09-05 12:13:55,241 - src.core.performance_optimization_engine - INFO -    Real-time optimization: enabled
2025-09-05 12:13:55,242 - src.core.performance_optimization_engine - INFO -    Optimization interval: 60.0s
2025-09-05 12:13:55,242 - src.core.performance_optimization_engine - INFO -    Loaded 0 optimization history entries
2025-09-05 12:13:55,243 - src.core.performance_optimization_engine - INFO -    Adaptive configurations: 1
2025-09-05 12:13:55,243 - src.core.meta_cognitive_governor.Governor - INFO - Performance Optimization Engine enabled - Phase 4 performance maximization
2025-09-05 12:13:55,244 - src.core.meta_cognitive_governor.Governor - INFO - 🔍 Initialized 37 cognitive system monitors
2025-09-05 12:13:55,244 - src.core.meta_cognitive_governor.Governor - INFO - 🧠 MetaCognitiveGovernor initialized - Third Brain online
2025-09-05 12:13:55,245 - __main__ - INFO - 🧠 Meta-cognitive Governor (Third Brain) initialized
2025-09-05 12:13:55,256 - src.core.architect.Architect - INFO - Architect memory management enabled
2025-09-05 12:13:55,257 - src.core.architect.Architect - WARNING - ⚠️ GitPython not available - version control disabled
2025-09-05 12:13:55,257 - src.core.architect.Architect - INFO - 🔬 Architect initialized - Zeroth Brain online
2025-09-05 12:13:55,258 - __main__ - INFO - 🏗️ Architect (Zeroth Brain) initialized
2025-09-05 12:13:55,259 - __main__ - INFO - ✅ Core systems initialized successfully
2025-09-05 12:13:55,261 - src.core.meta_cognitive_dashboard.Dashboard - WARNING - Invalid metric value for status: starting, using 0.0
2025-09-05 12:13:55,261 - __main__ - INFO - 🚀 Starting training mode: meta-cognitive-training
2025-09-05 12:13:55,268 - __main__ - INFO - Meta-Cognitive Training Mode - Comprehensive monitoring
2025-09-05 12:13:55,271 - src.core.meta_cognitive_governor.Governor - INFO - Started outcome measurement outcome_1757092435_6325 for governor_mode_switch
2025-09-05 12:13:55,272 - src.core.meta_cognitive_governor.Governor - INFO - 🎯 Governor recommendation: mode_switch (confidence: 0.80)
2025-09-05 12:13:55,273 - core.adaptive_energy_system - INFO - Energy parameters recalculated: threshold=60.0, interval=3.0min, rate=0.4000
2025-09-05 12:13:55,275 - core.adaptive_energy_system - INFO - Session configured - Actions: 500, Time limit: 30 min, Sleep threshold: 60.0, Sleep interval: 3.0 min
2025-09-05 12:13:55,275 - core.adaptive_energy_system - INFO - Sleep system threshold updated to: 60.0
2025-09-05 12:13:55,276 - src.arc_integration.continuous_learning_loop - INFO - Adaptive energy configured: threshold=60.0, interval=3.0min
2025-09-05 12:13:55,277 - src.arc_integration.continuous_learning_loop - INFO - Started training session session_1757092435 with 2 games using lossless mode
2025-09-05 12:13:55,278 - src.arc_integration.continuous_learning_loop - INFO - Running continuous learning for session session_1757092435
2025-09-05 12:13:55,281 - src.arc_integration.continuous_learning_loop - WARNING - main.py not found in ARC-AGI-3-Agents: .. Running in standalone mode.
2025-09-05 12:13:55,286 - src.arc_integration.continuous_learning_loop - WARNING - main.py not found in ARC-AGI-3-Agents: .. Running in standalone mode.
2025-09-05 12:13:55,296 - arc_integration.arc_meta_learning - INFO - ARC meta-learning state saved to continuous_learning_data\meta_learning_session_1757092435.json
2025-09-05 12:13:55,303 - src.arc_integration.continuous_learning_loop - INFO - Completed training session session_1757092435 - Win rate: 0.0%
2025-09-05 12:13:55,305 - src.core.meta_cognitive_governor.Governor - INFO - Started outcome measurement outcome_1757092435_3807 for governor_parameter_adjustment
2025-09-05 12:13:55,306 - src.core.meta_cognitive_governor.Governor - INFO - 🎯 Governor recommendation: parameter_adjustment (confidence: 0.60)
2025-09-05 12:13:55,307 - core.adaptive_energy_system - INFO - Energy parameters recalculated: threshold=60.0, interval=3.0min, rate=0.4000
2025-09-05 12:13:55,309 - core.adaptive_energy_system - INFO - Session configured - Actions: 500, Time limit: 30 min, Sleep threshold: 60.0, Sleep interval: 3.0 min
2025-09-05 12:13:55,310 - core.adaptive_energy_system - INFO - Sleep system threshold updated to: 60.0
2025-09-05 12:13:55,310 - src.arc_integration.continuous_learning_loop - INFO - Adaptive energy configured: threshold=60.0, interval=3.0min
2025-09-05 12:13:55,311 - src.arc_integration.continuous_learning_loop - INFO - Started training session session_1757092435 with 2 games using lossless mode
2025-09-05 12:13:55,312 - src.arc_integration.continuous_learning_loop - INFO - Running continuous learning for session session_1757092435
2025-09-05 12:13:55,319 - src.arc_integration.continuous_learning_loop - WARNING - main.py not found in ARC-AGI-3-Agents: .. Running in standalone mode.
2025-09-05 12:13:55,322 - src.arc_integration.continuous_learning_loop - WARNING - main.py not found in ARC-AGI-3-Agents: .. Running in standalone mode.
2025-09-05 12:13:55,335 - arc_integration.arc_meta_learning - INFO - ARC meta-learning state saved to continuous_learning_data\meta_learning_session_1757092435.json
2025-09-05 12:13:55,336 - src.arc_integration.continuous_learning_loop - INFO - Completed training session session_1757092435 - Win rate: 0.0%
2025-09-05 12:13:55,338 - src.core.meta_cognitive_governor.Governor - INFO - Started outcome measurement outcome_1757092435_1558 for governor_parameter_adjustment
2025-09-05 12:13:55,339 - src.core.meta_cognitive_governor.Governor - INFO - 🎯 Governor recommendation: parameter_adjustment (confidence: 0.40)
2025-09-05 12:13:55,341 - src.core.architect.Architect - INFO - 🧬 Starting evolution cycle 0
2025-09-05 12:13:55,512 - src.core.architect.Architect - INFO - 🎯 Using training script: master_arc_trainer.py
2025-09-05 12:13:55,515 - src.core.architect.Architect - INFO - 🎮 Running actual ARC training test: C:\Users\Admin\AppData\Local\Microsoft\WindowsApps\PythonSoftwareFoundation.Python.3.13_qbz5n2kfra8p0\python.exe C:\Users\Admin\Documents\GitHub\tabula-rasa\master_arc_trainer.py --mode quick-validation --games test1,test2 --max-cycles 3 --session-duration 2 --no-logs --no-monitoring
2025-09-05 12:15:25,544 - src.core.architect.Architect - WARNING - ⏰ Training test timed out, terminating process
2025-09-05 12:15:25,591 - src.core.architect.Architect - INFO - 🧪 Mutation exploratory_1757092435 tested: overall_improvement=-14.265, duration=90.2s
2025-09-05 12:15:25,644 - core.adaptive_energy_system - INFO - Energy parameters recalculated: threshold=60.0, interval=3.0min, rate=0.4000
2025-09-05 12:15:25,645 - core.adaptive_energy_system - INFO - Session configured - Actions: 500, Time limit: 30 min, Sleep threshold: 60.0, Sleep interval: 3.0 min
2025-09-05 12:15:25,646 - core.adaptive_energy_system - INFO - Sleep system threshold updated to: 60.0
2025-09-05 12:15:25,648 - src.arc_integration.continuous_learning_loop - INFO - Adaptive energy configured: threshold=60.0, interval=3.0min
2025-09-05 12:15:25,652 - src.arc_integration.continuous_learning_loop - INFO - Started training session session_1757092525 with 2 games using lossless mode
2025-09-05 12:15:25,653 - src.arc_integration.continuous_learning_loop - INFO - Running continuous learning for session session_1757092525
2025-09-05 12:15:25,658 - src.arc_integration.continuous_learning_loop - WARNING - main.py not found in ARC-AGI-3-Agents: .. Running in standalone mode.
2025-09-05 12:15:25,672 - src.arc_integration.continuous_learning_loop - WARNING - main.py not found in ARC-AGI-3-Agents: .. Running in standalone mode.
2025-09-05 12:15:25,700 - arc_integration.arc_meta_learning - INFO - ARC meta-learning state saved to continuous_learning_data\meta_learning_session_1757092525.json
2025-09-05 12:15:25,703 - src.arc_integration.continuous_learning_loop - INFO - Completed training session session_1757092525 - Win rate: 0.0%
2025-09-05 12:15:25,732 - __main__ - INFO - Results saved to: master_training_results_1757092525.json
2025-09-05 12:15:25,734 - src.core.meta_cognitive_dashboard.Dashboard - WARNING - Invalid metric value for status: completed, using 0.0
2025-09-05 12:15:25,734 - ContinuousTrainingRunner - INFO - Session 6 completed: success=True, duration=90.6s
