2025-09-05 12:23:59,210 - arc_integration.arc_meta_learning - INFO - ARC Meta-Learning System initialized
2025-09-05 12:23:59,210 - src.arc_integration.continuous_learning_loop - INFO - ✅ Enhanced sleep system initialized for memory consolidation
2025-09-05 12:23:59,212 - core.adaptive_energy_system - INFO - AdaptiveEnergySystem initialized with config: EnergyConfig(max_energy=100.0, base_depletion_rate=0.08, action_based_depletion=0.25, sleep_trigger_threshold=60.0, min_sleep_threshold=20.0, max_sleep_threshold=60.0, time_based_sleep_interval=3.0, min_time_interval=1.0, max_time_interval=8.0, success_rate_multiplier=0.8, failure_rate_multiplier=1.2)
2025-09-05 12:23:59,216 - src.arc_integration.continuous_learning_loop - INFO - ✅ Adaptive energy system initialized for win rate-based sleep scheduling
2025-09-05 12:23:59,216 - goals.goal_system - INFO - Goal system initialized in survival phase
2025-09-05 12:23:59,237 - core.agent - INFO - Predictive core initialized with lstm architecture
2025-09-05 12:23:59,238 - core.agent - INFO - DNC memory system initialized and integrated with predictive core
2025-09-05 12:23:59,239 - core.agent - INFO - Learning progress drive initialized
2025-09-05 12:23:59,239 - core.agent - INFO - Energy and death management system initialized
2025-09-05 12:23:59,240 - goals.goal_system - INFO - Goal system initialized in survival phase
2025-09-05 12:23:59,240 - core.agent - INFO - Goal system initialized in survival phase
2025-09-05 12:23:59,246 - core.agent - INFO - Action selection system initialized
2025-09-05 12:23:59,246 - core.agent - INFO - Sleep and dream cycle system initialized
2025-09-05 12:23:59,248 - core.agent - INFO - Monitoring and metrics system initialized
2025-09-05 12:23:59,250 - core.agent - INFO - Meta-learning system initialized
2025-09-05 12:23:59,251 - core.agent - INFO - Adaptive Learning Agent initialized successfully
2025-09-05 12:23:59,253 - src.arc_integration.continuous_learning_loop - INFO - Demo agent initialized for monitoring
2025-09-05 12:23:59,256 - src.arc_integration.continuous_learning_loop - INFO - Continuous Learning Loop initialized with ARC-3 API integration
2025-09-05 12:23:59,256 - __main__ - INFO - ✅ Coordinate intelligence initialized
2025-09-05 12:23:59,257 - src.core.meta_cognitive_governor.Governor - INFO - Outcome tracking enabled
2025-09-05 12:23:59,260 - src.core.meta_cognitive_governor.Governor - INFO - Loaded 0 learned patterns from disk
2025-09-05 12:23:59,262 - src.core.meta_cognitive_governor.Governor - INFO - Cross-session learning manager initialized with 0 existing patterns
2025-09-05 12:23:59,262 - src.core.meta_cognitive_governor.Governor - INFO - Cross-session learning enabled
2025-09-05 12:23:59,264 - src.core.meta_cognitive_governor.Governor - INFO - Meta-cognitive memory management enabled
2025-09-05 12:23:59,264 - src.core.meta_cognitive_governor.Governor - INFO - Memory pattern optimization enabled - Phase 1 immediate wins
2025-09-05 12:23:59,265 - src.core.hierarchical_memory_clusterer - INFO - 🗂️ HierarchicalMemoryClusterer initialized for Phase 2
2025-09-05 12:23:59,265 - src.core.meta_cognitive_governor.Governor - INFO - Hierarchical memory clustering enabled - Phase 2 intelligent clusters
2025-09-05 12:23:59,266 - src.core.architect_evolution_engine - INFO - 🏗️ Architect Evolution Engine initialized for Phase 3
2025-09-05 12:23:59,267 - src.core.architect_evolution_engine - INFO -    Autonomous evolution: enabled
2025-09-05 12:23:59,267 - src.core.architect_evolution_engine - INFO -    Loaded 0 existing insights
2025-09-05 12:23:59,267 - src.core.architect_evolution_engine - INFO -    Loaded 0 evolution strategies
2025-09-05 12:23:59,269 - src.core.meta_cognitive_governor.Governor - INFO - Architect Evolution Engine enabled - Phase 3 autonomous evolution
2025-09-05 12:23:59,271 - src.core.performance_optimization_engine - INFO - ⚡ Initialized 1 adaptive configurations
2025-09-05 12:23:59,272 - src.core.performance_optimization_engine - INFO - ⚡ Real-time optimization thread started
2025-09-05 12:23:59,274 - src.core.performance_optimization_engine - INFO - ⚡ Performance Optimization Engine initialized for Phase 4
2025-09-05 12:23:59,275 - src.core.performance_optimization_engine - INFO -    Real-time optimization: enabled
2025-09-05 12:23:59,275 - src.core.performance_optimization_engine - INFO -    Optimization interval: 60.0s
2025-09-05 12:23:59,276 - src.core.performance_optimization_engine - INFO -    Loaded 0 optimization history entries
2025-09-05 12:23:59,276 - src.core.performance_optimization_engine - INFO -    Adaptive configurations: 1
2025-09-05 12:23:59,276 - src.core.meta_cognitive_governor.Governor - INFO - Performance Optimization Engine enabled - Phase 4 performance maximization
2025-09-05 12:23:59,277 - src.core.meta_cognitive_governor.Governor - INFO - 🔍 Initialized 37 cognitive system monitors
2025-09-05 12:23:59,277 - src.core.meta_cognitive_governor.Governor - INFO - 🧠 MetaCognitiveGovernor initialized - Third Brain online
2025-09-05 12:23:59,278 - __main__ - INFO - 🧠 Meta-cognitive Governor (Third Brain) initialized
2025-09-05 12:23:59,280 - src.core.architect.Architect - INFO - Architect memory management enabled
2025-09-05 12:23:59,281 - src.core.architect.Architect - WARNING - ⚠️ GitPython not available - version control disabled
2025-09-05 12:23:59,281 - src.core.architect.Architect - INFO - 🔬 Architect initialized - Zeroth Brain online
2025-09-05 12:23:59,282 - __main__ - INFO - 🏗️ Architect (Zeroth Brain) initialized
2025-09-05 12:23:59,282 - __main__ - INFO - ✅ Core systems initialized successfully
2025-09-05 12:23:59,284 - src.core.meta_cognitive_dashboard.Dashboard - WARNING - Invalid metric value for status: starting, using 0.0
2025-09-05 12:23:59,286 - __main__ - INFO - 🚀 Starting training mode: meta-cognitive-training
2025-09-05 12:23:59,289 - __main__ - INFO - Meta-Cognitive Training Mode - Comprehensive monitoring
2025-09-05 12:23:59,292 - src.core.meta_cognitive_governor.Governor - INFO - Started outcome measurement outcome_1757093039_5671 for governor_mode_switch
2025-09-05 12:23:59,292 - src.core.meta_cognitive_governor.Governor - INFO - 🎯 Governor recommendation: mode_switch (confidence: 0.80)
2025-09-05 12:23:59,294 - core.adaptive_energy_system - INFO - Energy parameters recalculated: threshold=60.0, interval=3.0min, rate=0.4000
2025-09-05 12:23:59,294 - core.adaptive_energy_system - INFO - Session configured - Actions: 500, Time limit: 30 min, Sleep threshold: 60.0, Sleep interval: 3.0 min
2025-09-05 12:23:59,295 - core.adaptive_energy_system - INFO - Sleep system threshold updated to: 60.0
2025-09-05 12:23:59,296 - src.arc_integration.continuous_learning_loop - INFO - Adaptive energy configured: threshold=60.0, interval=3.0min
2025-09-05 12:23:59,297 - src.arc_integration.continuous_learning_loop - INFO - Started training session session_1757093039 with 2 games using lossless mode
2025-09-05 12:23:59,298 - src.arc_integration.continuous_learning_loop - INFO - Running continuous learning for session session_1757093039
2025-09-05 12:23:59,299 - src.arc_integration.continuous_learning_loop - WARNING - main.py not found in ARC-AGI-3-Agents: .. Running in standalone mode.
2025-09-05 12:23:59,304 - src.arc_integration.continuous_learning_loop - WARNING - main.py not found in ARC-AGI-3-Agents: .. Running in standalone mode.
2025-09-05 12:23:59,313 - arc_integration.arc_meta_learning - INFO - ARC meta-learning state saved to continuous_learning_data\meta_learning_session_1757093039.json
2025-09-05 12:23:59,315 - src.arc_integration.continuous_learning_loop - INFO - Completed training session session_1757093039 - Win rate: 0.0%
2025-09-05 12:23:59,317 - src.core.meta_cognitive_governor.Governor - INFO - Started outcome measurement outcome_1757093039_8877 for governor_parameter_adjustment
2025-09-05 12:23:59,317 - src.core.meta_cognitive_governor.Governor - INFO - 🎯 Governor recommendation: parameter_adjustment (confidence: 0.60)
2025-09-05 12:23:59,321 - core.adaptive_energy_system - INFO - Energy parameters recalculated: threshold=60.0, interval=3.0min, rate=0.4000
2025-09-05 12:23:59,322 - core.adaptive_energy_system - INFO - Session configured - Actions: 500, Time limit: 30 min, Sleep threshold: 60.0, Sleep interval: 3.0 min
2025-09-05 12:23:59,322 - core.adaptive_energy_system - INFO - Sleep system threshold updated to: 60.0
2025-09-05 12:23:59,323 - src.arc_integration.continuous_learning_loop - INFO - Adaptive energy configured: threshold=60.0, interval=3.0min
2025-09-05 12:23:59,324 - src.arc_integration.continuous_learning_loop - INFO - Started training session session_1757093039 with 2 games using lossless mode
2025-09-05 12:23:59,325 - src.arc_integration.continuous_learning_loop - INFO - Running continuous learning for session session_1757093039
2025-09-05 12:23:59,327 - src.arc_integration.continuous_learning_loop - WARNING - main.py not found in ARC-AGI-3-Agents: .. Running in standalone mode.
2025-09-05 12:23:59,331 - src.arc_integration.continuous_learning_loop - WARNING - main.py not found in ARC-AGI-3-Agents: .. Running in standalone mode.
2025-09-05 12:23:59,344 - arc_integration.arc_meta_learning - INFO - ARC meta-learning state saved to continuous_learning_data\meta_learning_session_1757093039.json
2025-09-05 12:23:59,345 - src.arc_integration.continuous_learning_loop - INFO - Completed training session session_1757093039 - Win rate: 0.0%
2025-09-05 12:23:59,349 - src.core.meta_cognitive_governor.Governor - INFO - Started outcome measurement outcome_1757093039_1937 for governor_parameter_adjustment
2025-09-05 12:23:59,350 - src.core.meta_cognitive_governor.Governor - INFO - 🎯 Governor recommendation: parameter_adjustment (confidence: 0.40)
2025-09-05 12:23:59,354 - src.core.architect.Architect - INFO - 🧬 Starting evolution cycle 0
2025-09-05 12:23:59,517 - src.core.architect.Architect - INFO - 🎯 Using training script: master_arc_trainer.py
2025-09-05 12:23:59,519 - src.core.architect.Architect - INFO - 🎮 Running actual ARC training test: C:\Users\Admin\AppData\Local\Microsoft\WindowsApps\PythonSoftwareFoundation.Python.3.13_qbz5n2kfra8p0\python.exe C:\Users\Admin\Documents\GitHub\tabula-rasa\master_arc_trainer.py --mode quick-validation --games test1,test2 --max-cycles 3 --session-duration 2 --no-logs --no-monitoring
2025-09-05 12:25:29,544 - src.core.architect.Architect - WARNING - ⏰ Training test timed out, terminating process
2025-09-05 12:25:29,587 - src.core.architect.Architect - INFO - 🧪 Mutation exploratory_1757093039 tested: overall_improvement=-14.265, duration=90.2s
2025-09-05 12:25:29,632 - core.adaptive_energy_system - INFO - Energy parameters recalculated: threshold=60.0, interval=3.0min, rate=0.4000
2025-09-05 12:25:29,633 - core.adaptive_energy_system - INFO - Session configured - Actions: 500, Time limit: 30 min, Sleep threshold: 60.0, Sleep interval: 3.0 min
2025-09-05 12:25:29,633 - core.adaptive_energy_system - INFO - Sleep system threshold updated to: 60.0
2025-09-05 12:25:29,634 - src.arc_integration.continuous_learning_loop - INFO - Adaptive energy configured: threshold=60.0, interval=3.0min
2025-09-05 12:25:29,638 - src.arc_integration.continuous_learning_loop - INFO - Started training session session_1757093129 with 2 games using lossless mode
2025-09-05 12:25:29,639 - src.arc_integration.continuous_learning_loop - INFO - Running continuous learning for session session_1757093129
2025-09-05 12:25:29,643 - src.arc_integration.continuous_learning_loop - WARNING - main.py not found in ARC-AGI-3-Agents: .. Running in standalone mode.
2025-09-05 12:25:29,653 - src.arc_integration.continuous_learning_loop - WARNING - main.py not found in ARC-AGI-3-Agents: .. Running in standalone mode.
2025-09-05 12:25:29,668 - arc_integration.arc_meta_learning - INFO - ARC meta-learning state saved to continuous_learning_data\meta_learning_session_1757093129.json
2025-09-05 12:25:29,671 - src.arc_integration.continuous_learning_loop - INFO - Completed training session session_1757093129 - Win rate: 0.0%
2025-09-05 12:25:29,688 - __main__ - INFO - Results saved to: master_training_results_1757093129.json
2025-09-05 12:25:29,690 - src.core.meta_cognitive_dashboard.Dashboard - WARNING - Invalid metric value for status: completed, using 0.0
2025-09-05 12:25:29,691 - ContinuousTrainingRunner - INFO - Session 10 completed: success=True, duration=90.5s
2025-09-05 12:26:25,418 - src.core.meta_cognitive_dashboard.Dashboard - INFO - Dashboard monitoring stopped
2025-09-05 12:26:25,423 - src.core.meta_cognitive_dashboard.Dashboard - INFO - Session data exported to continuous_session_1757093185.json
2025-09-05 12:26:25,424 - ContinuousTrainingRunner - INFO - Session data exported to continuous_session_1757093185.json
2025-09-05 12:26:25,427 - ContinuousTrainingRunner - INFO - Training completed: 10 sessions, 25.3 minutes
