2025-09-05 23:42:48,217 - INFO - arc_integration.arc_meta_learning - ARC Meta-Learning System initialized
2025-09-05 23:42:48,217 - INFO - src.arc_integration.continuous_learning_loop - ✅ Enhanced sleep system initialized for memory consolidation
2025-09-05 23:42:48,218 - INFO - src.arc_integration.continuous_learning_loop - ✅ Using unified energy system (adaptive features integrated)
2025-09-05 23:42:48,218 - INFO - goals.goal_system - Goal system initialized in survival phase
2025-09-05 23:42:48,243 - INFO - core.agent - Predictive core initialized with lstm architecture
2025-09-05 23:42:48,245 - INFO - core.agent - DNC memory system initialized and integrated with predictive core
2025-09-05 23:42:48,246 - INFO - core.agent - Learning progress drive initialized
2025-09-05 23:42:48,246 - INFO - core.agent - Energy and death management system initialized
2025-09-05 23:42:48,246 - INFO - goals.goal_system - Goal system initialized in survival phase
2025-09-05 23:42:48,247 - INFO - core.agent - Goal system initialized in survival phase
2025-09-05 23:42:52,321 - INFO - core.agent - Action selection system initialized
2025-09-05 23:42:52,324 - INFO - core.agent - Sleep and dream cycle system initialized
2025-09-05 23:42:52,324 - INFO - core.agent - Monitoring and metrics system initialized
2025-09-05 23:42:52,327 - INFO - core.agent - Meta-learning system initialized
2025-09-05 23:42:52,328 - INFO - core.agent - Adaptive Learning Agent initialized successfully
2025-09-05 23:42:52,329 - INFO - src.arc_integration.continuous_learning_loop - Demo agent initialized for monitoring
2025-09-05 23:42:52,344 - INFO - src.arc_integration.continuous_learning_loop - Continuous Learning Loop initialized with ARC-3 API integration
2025-09-05 23:42:52,344 - INFO - __main__ - ✅ Coordinate intelligence initialized
2025-09-05 23:42:52,351 - INFO - src.core.meta_cognitive_governor.Governor - Outcome tracking enabled
2025-09-05 23:42:52,359 - INFO - src.core.meta_cognitive_governor.Governor - Loaded 0 learned patterns from disk
2025-09-05 23:42:52,361 - INFO - src.core.meta_cognitive_governor.Governor - Cross-session learning manager initialized with 0 existing patterns
2025-09-05 23:42:52,361 - INFO - src.core.meta_cognitive_governor.Governor - Cross-session learning enabled
2025-09-05 23:42:52,365 - INFO - src.core.meta_cognitive_governor.Governor - Meta-cognitive memory management enabled
2025-09-05 23:42:52,367 - INFO - src.core.meta_cognitive_governor.Governor - Memory pattern optimization enabled - Phase 1 immediate wins
2025-09-05 23:42:56,120 - INFO - src.core.hierarchical_memory_clusterer - 🗂️ HierarchicalMemoryClusterer initialized for Phase 2
2025-09-05 23:42:56,123 - INFO - src.core.meta_cognitive_governor.Governor - Hierarchical memory clustering enabled - Phase 2 intelligent clusters
2025-09-05 23:42:56,128 - INFO - src.core.architect_evolution_engine - 🏗️ Architect Evolution Engine initialized for Phase 3
2025-09-05 23:42:56,128 - INFO - src.core.architect_evolution_engine -    Autonomous evolution: enabled
2025-09-05 23:42:56,129 - INFO - src.core.architect_evolution_engine -    Loaded 0 existing insights
2025-09-05 23:42:56,129 - INFO - src.core.architect_evolution_engine -    Loaded 0 evolution strategies
2025-09-05 23:42:56,129 - INFO - src.core.meta_cognitive_governor.Governor - Architect Evolution Engine enabled - Phase 3 autonomous evolution
2025-09-05 23:42:56,135 - INFO - src.core.performance_optimization_engine - ⚡ Initialized 1 adaptive configurations
2025-09-05 23:42:56,136 - INFO - src.core.performance_optimization_engine - ⚡ Real-time optimization thread started
2025-09-05 23:42:56,136 - INFO - src.core.performance_optimization_engine - ⚡ Performance Optimization Engine initialized for Phase 4
2025-09-05 23:42:56,137 - INFO - src.core.performance_optimization_engine -    Real-time optimization: enabled
2025-09-05 23:42:56,137 - INFO - src.core.performance_optimization_engine -    Optimization interval: 60.0s
2025-09-05 23:42:56,138 - INFO - src.core.performance_optimization_engine -    Loaded 0 optimization history entries
2025-09-05 23:42:56,138 - INFO - src.core.performance_optimization_engine -    Adaptive configurations: 1
2025-09-05 23:42:56,139 - INFO - src.core.meta_cognitive_governor.Governor - Performance Optimization Engine enabled - Phase 4 performance maximization
2025-09-05 23:42:56,144 - INFO - src.core.meta_cognitive_governor.Governor - 🔍 Initialized 37 cognitive system monitors
2025-09-05 23:42:56,145 - INFO - src.core.meta_cognitive_governor.Governor - 🧠 MetaCognitiveGovernor initialized - Third Brain online
2025-09-05 23:42:56,145 - INFO - __main__ - 🧠 Meta-cognitive Governor (Third Brain) initialized
2025-09-05 23:42:56,146 - INFO - src.core.architect.Architect - Architect memory management enabled
2025-09-05 23:42:56,148 - INFO - src.core.architect.Architect - ✅ Already on correct branch: Tabula-Rasa-v3
2025-09-05 23:42:56,149 - INFO - src.core.architect.Architect - ✅ GitIgnore already configured for Architect control
2025-09-05 23:42:56,150 - INFO - src.core.architect.Architect - 🔬 Architect initialized - Zeroth Brain online
2025-09-05 23:42:56,150 - INFO - __main__ - 🏗️ Architect (Zeroth Brain) initialized
2025-09-05 23:42:56,151 - INFO - __main__ - ✅ Core systems initialized successfully
2025-09-05 23:42:56,152 - INFO - __main__ - 🚀 Starting training mode: meta-cognitive-training
2025-09-05 23:42:56,153 - INFO - __main__ - Meta-Cognitive Training Mode - Comprehensive monitoring
2025-09-05 23:42:56,157 - INFO - src.core.meta_cognitive_governor.Governor - Started outcome measurement outcome_1757133776_6156 for governor_mode_switch
2025-09-05 23:42:56,158 - INFO - src.core.meta_cognitive_governor.Governor - 🎯 Governor recommendation: mode_switch (confidence: 0.80)
2025-09-05 23:42:56,160 - INFO - __main__ - No games specified, fetching from ARC-AGI-3 API...
2025-09-05 23:42:56,262 - INFO - src.arc_integration.continuous_learning_loop - Retrieved 6 available games from ARC-AGI-3 API
2025-09-05 23:42:56,265 - INFO - __main__ - Selected 6 games from ARC API: ['vc33-58ec4396715d', 'lp85-2e205bbe3622', 'ft09-f340c8e5138e', 'ls20-fa137e247ce6', 'sp80-5f3511b239b8', 'as66-821a4dcad9c2']
2025-09-05 23:42:56,266 - INFO - src.arc_integration.continuous_learning_loop - ✅ Unified energy system configured: current=74.8/100, sleep_threshold=40.0, energy_costs=standardized
2025-09-05 23:42:56,270 - INFO - src.arc_integration.continuous_learning_loop - Started training session session_1757133776 with 6 games using lossless mode
2025-09-05 23:42:56,271 - INFO - src.arc_integration.continuous_learning_loop - Running continuous learning for session session_1757133776
2025-09-05 23:42:59,657 - WARNING - src.arc_integration.continuous_learning_loop - Frame analysis failed for sp80-5f3511b239b8: max() iterable argument is empty
2025-09-05 23:42:59,677 - INFO - src.arc_integration.continuous_learning_loop - 🧠 Loaded action intelligence for sp80-5f3511b239b8: 3 effective actions
2025-09-05 23:42:59,678 - INFO - src.arc_integration.continuous_learning_loop - 🎮 Initialized actions for sp80-5f3511b239b8: [1, 2, 3, 4, 5, 6] (loaded 3 cached patterns)
2025-09-05 23:42:59,781 - WARNING - src.arc_integration.continuous_learning_loop - Action 1 failed for sp80-5f3511b239b8: 502 - <html>
<head><title>502 Bad Gateway</title></head>
<body>
<center><h1>502 Bad Gateway</h1></center>
</body>
</html>

2025-09-05 23:43:00,336 - INFO - src.arc_integration.continuous_learning_loop - 💾 Saved action intelligence for sp80-5f3511b239b8: 3 effective actions
2025-09-05 23:43:00,336 - INFO - src.arc_integration.continuous_learning_loop - 🧠 Action Intelligence for sp80-5f3511b239b8: 3/6 effective actions, 9 coordinate patterns learned
2025-09-05 23:43:02,389 - INFO - arc_integration.arc_meta_learning - ARC meta-learning state saved to continuous_learning_data\meta_learning_session_1757133776.json
2025-09-05 23:43:02,391 - INFO - src.arc_integration.continuous_learning_loop - Completed training session session_1757133776 - Win rate: 0.0%
2025-09-05 23:43:02,394 - INFO - src.core.meta_cognitive_governor.Governor - Started outcome measurement outcome_1757133782_7111 for governor_parameter_adjustment
2025-09-05 23:43:02,395 - INFO - src.core.meta_cognitive_governor.Governor - 🎯 Governor recommendation: parameter_adjustment (confidence: 0.60)
2025-09-05 23:43:02,396 - INFO - __main__ - No games specified, fetching from ARC-AGI-3 API...
2025-09-05 23:43:02,487 - INFO - src.arc_integration.continuous_learning_loop - Retrieved 6 available games from ARC-AGI-3 API
2025-09-05 23:43:02,489 - INFO - __main__ - Selected 6 games from ARC API: ['sp80-5f3511b239b8', 'vc33-58ec4396715d', 'lp85-2e205bbe3622', 'ls20-fa137e247ce6', 'as66-821a4dcad9c2', 'ft09-f340c8e5138e']
2025-09-05 23:43:02,489 - INFO - src.arc_integration.continuous_learning_loop - ✅ Unified energy system configured: current=74.8/100, sleep_threshold=40.0, energy_costs=standardized
2025-09-05 23:43:02,492 - INFO - src.arc_integration.continuous_learning_loop - Started training session session_1757133782 with 6 games using lossless mode
2025-09-05 23:43:02,493 - INFO - src.arc_integration.continuous_learning_loop - Running continuous learning for session session_1757133782
2025-09-05 23:43:02,798 - INFO - src.arc_integration.continuous_learning_loop - 💾 Saved action intelligence for sp80-5f3511b239b8: 3 effective actions
2025-09-05 23:43:02,799 - INFO - src.arc_integration.continuous_learning_loop - 🧠 Action Intelligence for sp80-5f3511b239b8: 3/6 effective actions, 9 coordinate patterns learned
2025-09-05 23:43:07,816 - INFO - arc_integration.arc_meta_learning - ARC meta-learning state saved to continuous_learning_data\meta_learning_session_1757133782.json
2025-09-05 23:43:07,817 - INFO - src.arc_integration.continuous_learning_loop - Completed training session session_1757133782 - Win rate: 0.0%
2025-09-05 23:43:07,819 - INFO - src.core.meta_cognitive_governor.Governor - Started outcome measurement outcome_1757133787_2821 for governor_parameter_adjustment
2025-09-05 23:43:07,820 - INFO - src.core.meta_cognitive_governor.Governor - 🎯 Governor recommendation: parameter_adjustment (confidence: 0.40)
2025-09-05 23:43:07,822 - INFO - src.core.architect.Architect - 🧬 Starting evolution cycle 0
2025-09-05 23:43:08,084 - INFO - src.core.architect.Architect - 🎯 Using training script: master_arc_trainer.py
2025-09-05 23:43:08,085 - INFO - src.core.architect.Architect - 🎮 Running actual ARC training test: C:\Users\Admin\AppData\Local\Microsoft\WindowsApps\PythonSoftwareFoundation.Python.3.13_qbz5n2kfra8p0\python.exe C:\Users\Admin\Documents\GitHub\tabula-rasa\master_arc_trainer.py --mode quick-validation --games ls20,ft09 --max-cycles 3 --session-duration 2 --no-logs --no-monitoring
2025-09-05 23:44:38,215 - WARNING - src.core.architect.Architect - ⏰ Training test timed out, terminating process
2025-09-05 23:44:38,279 - INFO - src.core.architect.Architect - 🧪 Mutation exploratory_1757133787 tested: overall_improvement=-14.265, duration=90.5s
2025-09-05 23:44:38,365 - INFO - __main__ - No games specified, fetching from ARC-AGI-3 API...
2025-09-05 23:44:38,458 - INFO - src.arc_integration.continuous_learning_loop - Retrieved 6 available games from ARC-AGI-3 API
2025-09-05 23:44:38,459 - INFO - __main__ - Selected 6 games from ARC API: ['as66-821a4dcad9c2', 'lp85-2e205bbe3622', 'ls20-fa137e247ce6', 'ft09-f340c8e5138e', 'vc33-58ec4396715d', 'sp80-5f3511b239b8']
2025-09-05 23:44:38,459 - INFO - src.arc_integration.continuous_learning_loop - ✅ Unified energy system configured: current=74.8/100, sleep_threshold=40.0, energy_costs=standardized
2025-09-05 23:44:38,461 - INFO - src.arc_integration.continuous_learning_loop - Started training session session_1757133878 with 6 games using lossless mode
2025-09-05 23:44:38,461 - INFO - src.arc_integration.continuous_learning_loop - Running continuous learning for session session_1757133878
2025-09-05 23:44:38,806 - WARNING - src.arc_integration.continuous_learning_loop - Frame analysis failed for as66-821a4dcad9c2: max() iterable argument is empty
2025-09-05 23:44:38,827 - INFO - src.arc_integration.continuous_learning_loop - 🧠 Loaded action intelligence for as66-821a4dcad9c2: 5 effective actions
2025-09-05 23:44:38,828 - INFO - src.arc_integration.continuous_learning_loop - 🎮 Initialized actions for as66-821a4dcad9c2: [1, 2, 3, 4, 6] (loaded 5 cached patterns)
2025-09-05 23:44:39,030 - WARNING - src.arc_integration.continuous_learning_loop - Frame analysis failed for ls20-fa137e247ce6: max() iterable argument is empty
2025-09-05 23:44:39,032 - INFO - src.arc_integration.continuous_learning_loop - 🧠 Loaded action intelligence for ls20-fa137e247ce6: 4 effective actions
2025-09-05 23:44:39,032 - INFO - src.arc_integration.continuous_learning_loop - 🎮 Initialized actions for ls20-fa137e247ce6: [1, 2, 3, 4] (loaded 4 cached patterns)
2025-09-05 23:44:39,083 - INFO - src.arc_integration.continuous_learning_loop - Action 1 successful for as66-821a4dcad9c2
2025-09-05 23:44:39,084 - INFO - src.arc_integration.continuous_learning_loop - 🎮 Initialized actions for as66-821a4dcad9c2: [1, 2, 3, 4, 6] (loaded 5 cached patterns)
2025-09-05 23:44:39,106 - WARNING - src.arc_integration.continuous_learning_loop - Frame analysis failed for lp85-2e205bbe3622: max() iterable argument is empty
2025-09-05 23:44:39,107 - INFO - src.arc_integration.continuous_learning_loop - 🧠 Loaded action intelligence for lp85-2e205bbe3622: 1 effective actions
2025-09-05 23:44:39,108 - INFO - src.arc_integration.continuous_learning_loop - 🎮 Initialized actions for lp85-2e205bbe3622: [6] (loaded 1 cached patterns)
2025-09-05 23:44:39,259 - WARNING - src.arc_integration.continuous_learning_loop - Frame analysis failed for as66-821a4dcad9c2: max() iterable argument is empty
2025-09-05 23:44:39,260 - INFO - src.arc_integration.continuous_learning_loop - 🎮 Initialized actions for as66-821a4dcad9c2: [1, 2, 3, 4, 6] (loaded 5 cached patterns)
2025-09-05 23:44:39,291 - INFO - src.arc_integration.continuous_learning_loop - Action 2 successful for ls20-fa137e247ce6
2025-09-05 23:44:39,292 - INFO - src.arc_integration.continuous_learning_loop - 🎮 Initialized actions for ls20-fa137e247ce6: [1, 2, 3, 4] (loaded 4 cached patterns)
2025-09-05 23:44:39,370 - INFO - src.arc_integration.continuous_learning_loop - Action 6 successful for lp85-2e205bbe3622
2025-09-05 23:44:39,370 - INFO - src.arc_integration.continuous_learning_loop - 🎮 Initialized actions for lp85-2e205bbe3622: [6] (loaded 1 cached patterns)
2025-09-05 23:44:39,461 - WARNING - src.arc_integration.continuous_learning_loop - Frame analysis failed for ls20-fa137e247ce6: max() iterable argument is empty
2025-09-05 23:44:39,461 - INFO - src.arc_integration.continuous_learning_loop - 🎮 Initialized actions for ls20-fa137e247ce6: [1, 2, 3, 4] (loaded 4 cached patterns)
2025-09-05 23:44:39,519 - INFO - src.arc_integration.continuous_learning_loop - Action 1 successful for as66-821a4dcad9c2
2025-09-05 23:44:39,519 - INFO - src.arc_integration.continuous_learning_loop - 🎮 Initialized actions for as66-821a4dcad9c2: [1, 2, 3, 4, 6] (loaded 5 cached patterns)
2025-09-05 23:44:39,556 - WARNING - src.arc_integration.continuous_learning_loop - Frame analysis failed for lp85-2e205bbe3622: max() iterable argument is empty
2025-09-05 23:44:39,557 - INFO - src.arc_integration.continuous_learning_loop - 🎮 Initialized actions for lp85-2e205bbe3622: [6] (loaded 1 cached patterns)
2025-09-05 23:44:39,681 - WARNING - src.arc_integration.continuous_learning_loop - Frame analysis failed for as66-821a4dcad9c2: max() iterable argument is empty
2025-09-05 23:44:39,682 - INFO - src.arc_integration.continuous_learning_loop - 🎮 Initialized actions for as66-821a4dcad9c2: [1, 2, 3, 4, 6] (loaded 5 cached patterns)
2025-09-05 23:44:39,725 - INFO - src.arc_integration.continuous_learning_loop - Action 3 successful for ls20-fa137e247ce6
2025-09-05 23:44:39,726 - INFO - src.arc_integration.continuous_learning_loop - 🎮 Initialized actions for ls20-fa137e247ce6: [1, 2, 3, 4] (loaded 4 cached patterns)
2025-09-05 23:44:39,790 - INFO - src.arc_integration.continuous_learning_loop - Action 1 successful for as66-821a4dcad9c2
2025-09-05 23:44:39,791 - INFO - src.arc_integration.continuous_learning_loop - 🎮 Initialized actions for as66-821a4dcad9c2: [1, 2, 3, 4, 6] (loaded 5 cached patterns)
2025-09-05 23:44:39,799 - INFO - src.arc_integration.continuous_learning_loop - Action 6 successful for lp85-2e205bbe3622
2025-09-05 23:44:39,800 - INFO - src.arc_integration.continuous_learning_loop - 🎮 Initialized actions for lp85-2e205bbe3622: [6] (loaded 1 cached patterns)
2025-09-05 23:44:39,889 - WARNING - src.arc_integration.continuous_learning_loop - Frame analysis failed for ls20-fa137e247ce6: max() iterable argument is empty
2025-09-05 23:44:39,890 - INFO - src.arc_integration.continuous_learning_loop - 🎮 Initialized actions for ls20-fa137e247ce6: [1, 2, 3, 4] (loaded 4 cached patterns)
2025-09-05 23:44:39,963 - WARNING - src.arc_integration.continuous_learning_loop - Frame analysis failed for as66-821a4dcad9c2: max() iterable argument is empty
2025-09-05 23:44:39,963 - INFO - src.arc_integration.continuous_learning_loop - 🎮 Initialized actions for as66-821a4dcad9c2: [1, 2, 3, 4, 6] (loaded 5 cached patterns)
2025-09-05 23:44:39,976 - WARNING - src.arc_integration.continuous_learning_loop - Frame analysis failed for lp85-2e205bbe3622: max() iterable argument is empty
2025-09-05 23:44:39,977 - INFO - src.arc_integration.continuous_learning_loop - 🎮 Initialized actions for lp85-2e205bbe3622: [6] (loaded 1 cached patterns)
2025-09-05 23:44:39,994 - INFO - src.arc_integration.continuous_learning_loop - Action 4 successful for ls20-fa137e247ce6
2025-09-05 23:44:39,995 - INFO - src.arc_integration.continuous_learning_loop - 🎮 Initialized actions for ls20-fa137e247ce6: [1, 2, 3, 4] (loaded 4 cached patterns)
2025-09-05 23:44:40,174 - WARNING - src.arc_integration.continuous_learning_loop - Frame analysis failed for ls20-fa137e247ce6: max() iterable argument is empty
2025-09-05 23:44:40,205 - INFO - src.arc_integration.continuous_learning_loop - Action 1 successful for as66-821a4dcad9c2
2025-09-05 23:44:40,205 - INFO - src.arc_integration.continuous_learning_loop - 🎮 Initialized actions for as66-821a4dcad9c2: [1, 2, 3, 4, 6] (loaded 5 cached patterns)
2025-09-05 23:44:40,214 - INFO - src.arc_integration.continuous_learning_loop - Action 6 successful for lp85-2e205bbe3622
2025-09-05 23:44:40,214 - INFO - src.arc_integration.continuous_learning_loop - 🎮 Initialized actions for lp85-2e205bbe3622: [6] (loaded 1 cached patterns)
2025-09-05 23:44:40,277 - INFO - src.arc_integration.continuous_learning_loop - Action 2 successful for ls20-fa137e247ce6
2025-09-05 23:44:40,277 - INFO - src.arc_integration.continuous_learning_loop - 🎮 Initialized actions for ls20-fa137e247ce6: [1, 2, 3, 4] (loaded 4 cached patterns)
2025-09-05 23:44:40,372 - WARNING - src.arc_integration.continuous_learning_loop - Frame analysis failed for as66-821a4dcad9c2: max() iterable argument is empty
2025-09-05 23:44:40,373 - INFO - src.arc_integration.continuous_learning_loop - 🎮 Initialized actions for as66-821a4dcad9c2: [1, 2, 3, 4, 6] (loaded 5 cached patterns)
2025-09-05 23:44:40,382 - WARNING - src.arc_integration.continuous_learning_loop - Frame analysis failed for lp85-2e205bbe3622: max() iterable argument is empty
2025-09-05 23:44:40,384 - INFO - src.arc_integration.continuous_learning_loop - 🎮 Initialized actions for lp85-2e205bbe3622: [6] (loaded 1 cached patterns)
2025-09-05 23:44:40,447 - WARNING - src.arc_integration.continuous_learning_loop - Frame analysis failed for ls20-fa137e247ce6: max() iterable argument is empty
2025-09-05 23:44:40,448 - INFO - src.arc_integration.continuous_learning_loop - 🎮 Initialized actions for ls20-fa137e247ce6: [1, 2, 3, 4] (loaded 4 cached patterns)
2025-09-05 23:44:40,487 - INFO - src.arc_integration.continuous_learning_loop - Action 1 successful for as66-821a4dcad9c2
2025-09-05 23:44:40,488 - INFO - src.arc_integration.continuous_learning_loop - 🎮 Initialized actions for as66-821a4dcad9c2: [1, 2, 3, 4, 6] (loaded 5 cached patterns)
2025-09-05 23:44:40,620 - INFO - src.arc_integration.continuous_learning_loop - Action 6 successful for lp85-2e205bbe3622
2025-09-05 23:44:40,620 - INFO - src.arc_integration.continuous_learning_loop - 🎮 Initialized actions for lp85-2e205bbe3622: [6] (loaded 1 cached patterns)
2025-09-05 23:44:40,656 - WARNING - src.arc_integration.continuous_learning_loop - Frame analysis failed for as66-821a4dcad9c2: max() iterable argument is empty
2025-09-05 23:44:40,656 - INFO - src.arc_integration.continuous_learning_loop - 🎮 Initialized actions for as66-821a4dcad9c2: [1, 2, 3, 4, 6] (loaded 5 cached patterns)
2025-09-05 23:44:40,684 - INFO - src.arc_integration.continuous_learning_loop - Action 1 successful for ls20-fa137e247ce6
2025-09-05 23:44:40,685 - INFO - src.arc_integration.continuous_learning_loop - 🎮 Initialized actions for ls20-fa137e247ce6: [1, 2, 3, 4] (loaded 4 cached patterns)
2025-09-05 23:44:40,800 - WARNING - src.arc_integration.continuous_learning_loop - Frame analysis failed for lp85-2e205bbe3622: max() iterable argument is empty
2025-09-05 23:44:40,801 - INFO - src.arc_integration.continuous_learning_loop - 🎮 Initialized actions for lp85-2e205bbe3622: [6] (loaded 1 cached patterns)
2025-09-05 23:44:40,858 - WARNING - src.arc_integration.continuous_learning_loop - Frame analysis failed for ls20-fa137e247ce6: max() iterable argument is empty
2025-09-05 23:44:40,859 - INFO - src.arc_integration.continuous_learning_loop - 🎮 Initialized actions for ls20-fa137e247ce6: [1, 2, 3, 4] (loaded 4 cached patterns)
2025-09-05 23:44:40,924 - INFO - src.arc_integration.continuous_learning_loop - Action 6 successful for lp85-2e205bbe3622
2025-09-05 23:44:40,925 - INFO - src.arc_integration.continuous_learning_loop - 🎮 Initialized actions for lp85-2e205bbe3622: [6] (loaded 1 cached patterns)
2025-09-05 23:44:40,939 - INFO - src.arc_integration.continuous_learning_loop - Action 1 successful for as66-821a4dcad9c2
2025-09-05 23:44:40,940 - INFO - src.arc_integration.continuous_learning_loop - 🎮 Initialized actions for as66-821a4dcad9c2: [1, 2, 3, 4, 6] (loaded 5 cached patterns)
2025-09-05 23:44:41,110 - WARNING - src.arc_integration.continuous_learning_loop - Frame analysis failed for lp85-2e205bbe3622: max() iterable argument is empty
2025-09-05 23:44:41,111 - INFO - src.arc_integration.continuous_learning_loop - 🎮 Initialized actions for lp85-2e205bbe3622: [6] (loaded 1 cached patterns)
2025-09-05 23:44:41,123 - WARNING - src.arc_integration.continuous_learning_loop - Frame analysis failed for as66-821a4dcad9c2: max() iterable argument is empty
2025-09-05 23:44:41,123 - INFO - src.arc_integration.continuous_learning_loop - 🎮 Initialized actions for as66-821a4dcad9c2: [1, 2, 3, 4, 6] (loaded 5 cached patterns)
2025-09-05 23:44:41,132 - INFO - src.arc_integration.continuous_learning_loop - Action 3 successful for ls20-fa137e247ce6
2025-09-05 23:44:41,132 - INFO - src.arc_integration.continuous_learning_loop - 🎮 Initialized actions for ls20-fa137e247ce6: [1, 2, 3, 4] (loaded 4 cached patterns)
2025-09-05 23:44:41,236 - INFO - src.arc_integration.continuous_learning_loop - Action 6 successful for lp85-2e205bbe3622
2025-09-05 23:44:41,236 - INFO - src.arc_integration.continuous_learning_loop - 🎮 Initialized actions for lp85-2e205bbe3622: [6] (loaded 1 cached patterns)
2025-09-05 23:44:41,297 - WARNING - src.arc_integration.continuous_learning_loop - Frame analysis failed for ls20-fa137e247ce6: max() iterable argument is empty
2025-09-05 23:44:41,298 - INFO - src.arc_integration.continuous_learning_loop - 🎮 Initialized actions for ls20-fa137e247ce6: [1, 2, 3, 4] (loaded 4 cached patterns)
2025-09-05 23:44:41,372 - INFO - src.arc_integration.continuous_learning_loop - Action 6 successful for as66-821a4dcad9c2
2025-09-05 23:44:41,373 - INFO - src.arc_integration.continuous_learning_loop - 🎮 Initialized actions for as66-821a4dcad9c2: [1, 2, 3, 4, 6] (loaded 5 cached patterns)
2025-09-05 23:44:41,405 - WARNING - src.arc_integration.continuous_learning_loop - Frame analysis failed for lp85-2e205bbe3622: max() iterable argument is empty
2025-09-05 23:44:41,406 - INFO - src.arc_integration.continuous_learning_loop - 🎮 Initialized actions for lp85-2e205bbe3622: [6] (loaded 1 cached patterns)
2025-09-05 23:44:41,511 - INFO - src.arc_integration.continuous_learning_loop - Action 6 successful for lp85-2e205bbe3622
2025-09-05 23:44:41,537 - INFO - src.arc_integration.continuous_learning_loop - Action 1 successful for ls20-fa137e247ce6
2025-09-05 23:44:41,537 - INFO - src.arc_integration.continuous_learning_loop - 🎮 Initialized actions for ls20-fa137e247ce6: [1, 2, 3, 4] (loaded 4 cached patterns)
2025-09-05 23:44:41,542 - WARNING - src.arc_integration.continuous_learning_loop - Frame analysis failed for as66-821a4dcad9c2: max() iterable argument is empty
2025-09-05 23:44:41,543 - INFO - src.arc_integration.continuous_learning_loop - 🎮 Initialized actions for as66-821a4dcad9c2: [1, 2, 3, 4, 6] (loaded 5 cached patterns)
2025-09-05 23:44:41,656 - INFO - src.arc_integration.continuous_learning_loop - Action 1 successful for as66-821a4dcad9c2
2025-09-05 23:44:41,689 - WARNING - src.arc_integration.continuous_learning_loop - Frame analysis failed for lp85-2e205bbe3622: max() iterable argument is empty
2025-09-05 23:44:41,689 - INFO - src.arc_integration.continuous_learning_loop - 🎮 Initialized actions for lp85-2e205bbe3622: [6] (loaded 1 cached patterns)
2025-09-05 23:44:41,709 - WARNING - src.arc_integration.continuous_learning_loop - Frame analysis failed for ls20-fa137e247ce6: max() iterable argument is empty
2025-09-05 23:44:41,709 - INFO - src.arc_integration.continuous_learning_loop - 🎮 Initialized actions for ls20-fa137e247ce6: [1, 2, 3, 4] (loaded 4 cached patterns)
2025-09-05 23:44:41,807 - INFO - src.arc_integration.continuous_learning_loop - Action 6 successful for lp85-2e205bbe3622
2025-09-05 23:44:41,808 - INFO - src.arc_integration.continuous_learning_loop - 🎮 Initialized actions for lp85-2e205bbe3622: [6] (loaded 1 cached patterns)
2025-09-05 23:44:41,822 - WARNING - src.arc_integration.continuous_learning_loop - Frame analysis failed for as66-821a4dcad9c2: max() iterable argument is empty
2025-09-05 23:44:41,823 - INFO - src.arc_integration.continuous_learning_loop - 🎮 Initialized actions for as66-821a4dcad9c2: [1, 2, 3, 4, 6] (loaded 5 cached patterns)
2025-09-05 23:44:41,928 - INFO - src.arc_integration.continuous_learning_loop - Action 1 successful for as66-821a4dcad9c2
2025-09-05 23:44:41,945 - INFO - src.arc_integration.continuous_learning_loop - Action 1 successful for ls20-fa137e247ce6
2025-09-05 23:44:41,945 - INFO - src.arc_integration.continuous_learning_loop - 🎮 Initialized actions for ls20-fa137e247ce6: [1, 2, 3, 4] (loaded 4 cached patterns)
2025-09-05 23:44:41,991 - WARNING - src.arc_integration.continuous_learning_loop - Frame analysis failed for lp85-2e205bbe3622: max() iterable argument is empty
2025-09-05 23:44:41,992 - INFO - src.arc_integration.continuous_learning_loop - 🎮 Initialized actions for lp85-2e205bbe3622: [6] (loaded 1 cached patterns)
2025-09-05 23:44:42,115 - WARNING - src.arc_integration.continuous_learning_loop - Frame analysis failed for as66-821a4dcad9c2: max() iterable argument is empty
2025-09-05 23:44:42,115 - INFO - src.arc_integration.continuous_learning_loop - 🎮 Initialized actions for as66-821a4dcad9c2: [1, 2, 3, 4, 6] (loaded 5 cached patterns)
2025-09-05 23:44:42,133 - WARNING - src.arc_integration.continuous_learning_loop - Frame analysis failed for ls20-fa137e247ce6: max() iterable argument is empty
2025-09-05 23:44:42,133 - INFO - src.arc_integration.continuous_learning_loop - 🎮 Initialized actions for ls20-fa137e247ce6: [1, 2, 3, 4] (loaded 4 cached patterns)
2025-09-05 23:44:42,235 - INFO - src.arc_integration.continuous_learning_loop - Action 1 successful for as66-821a4dcad9c2
2025-09-05 23:44:42,236 - INFO - src.arc_integration.continuous_learning_loop - 🎮 Initialized actions for as66-821a4dcad9c2: [1, 2, 3, 4, 6] (loaded 5 cached patterns)
2025-09-05 23:44:42,256 - INFO - src.arc_integration.continuous_learning_loop - Action 2 successful for ls20-fa137e247ce6
2025-09-05 23:44:42,256 - INFO - src.arc_integration.continuous_learning_loop - 🎮 Initialized actions for ls20-fa137e247ce6: [1, 2, 3, 4] (loaded 4 cached patterns)
2025-09-05 23:44:42,265 - INFO - src.arc_integration.continuous_learning_loop - Action 6 successful for lp85-2e205bbe3622
2025-09-05 23:44:42,266 - INFO - src.arc_integration.continuous_learning_loop - 🎮 Initialized actions for lp85-2e205bbe3622: [6] (loaded 1 cached patterns)
2025-09-05 23:44:42,405 - WARNING - src.arc_integration.continuous_learning_loop - Frame analysis failed for as66-821a4dcad9c2: max() iterable argument is empty
2025-09-05 23:44:42,405 - INFO - src.arc_integration.continuous_learning_loop - 🎮 Initialized actions for as66-821a4dcad9c2: [1, 2, 3, 4, 6] (loaded 5 cached patterns)
2025-09-05 23:44:42,415 - WARNING - src.arc_integration.continuous_learning_loop - Frame analysis failed for ls20-fa137e247ce6: max() iterable argument is empty
2025-09-05 23:44:42,415 - INFO - src.arc_integration.continuous_learning_loop - 🎮 Initialized actions for ls20-fa137e247ce6: [1, 2, 3, 4] (loaded 4 cached patterns)
2025-09-05 23:44:42,434 - WARNING - src.arc_integration.continuous_learning_loop - Frame analysis failed for lp85-2e205bbe3622: max() iterable argument is empty
2025-09-05 23:44:42,435 - INFO - src.arc_integration.continuous_learning_loop - 🎮 Initialized actions for lp85-2e205bbe3622: [6] (loaded 1 cached patterns)
2025-09-05 23:44:42,533 - INFO - src.arc_integration.continuous_learning_loop - Action 3 successful for ls20-fa137e247ce6
2025-09-05 23:44:42,533 - INFO - src.arc_integration.continuous_learning_loop - 🎮 Initialized actions for ls20-fa137e247ce6: [1, 2, 3, 4] (loaded 4 cached patterns)
2025-09-05 23:44:42,639 - INFO - src.arc_integration.continuous_learning_loop - Action 1 successful for as66-821a4dcad9c2
2025-09-05 23:44:42,640 - INFO - src.arc_integration.continuous_learning_loop - 🎮 Initialized actions for as66-821a4dcad9c2: [1, 2, 3, 4, 6] (loaded 5 cached patterns)
2025-09-05 23:44:42,671 - INFO - src.arc_integration.continuous_learning_loop - Action 6 successful for lp85-2e205bbe3622
2025-09-05 23:44:42,672 - INFO - src.arc_integration.continuous_learning_loop - 🎮 Initialized actions for lp85-2e205bbe3622: [6] (loaded 1 cached patterns)
2025-09-05 23:44:42,705 - WARNING - src.arc_integration.continuous_learning_loop - Frame analysis failed for ls20-fa137e247ce6: max() iterable argument is empty
2025-09-05 23:44:42,706 - INFO - src.arc_integration.continuous_learning_loop - 🎮 Initialized actions for ls20-fa137e247ce6: [1, 2, 3, 4] (loaded 4 cached patterns)
2025-09-05 23:44:42,806 - WARNING - src.arc_integration.continuous_learning_loop - Frame analysis failed for as66-821a4dcad9c2: max() iterable argument is empty
2025-09-05 23:44:42,806 - INFO - src.arc_integration.continuous_learning_loop - 🎮 Initialized actions for as66-821a4dcad9c2: [1, 2, 3, 4, 6] (loaded 5 cached patterns)
2025-09-05 23:44:42,844 - WARNING - src.arc_integration.continuous_learning_loop - Frame analysis failed for lp85-2e205bbe3622: max() iterable argument is empty
2025-09-05 23:44:42,845 - INFO - src.arc_integration.continuous_learning_loop - 🎮 Initialized actions for lp85-2e205bbe3622: [6] (loaded 1 cached patterns)
2025-09-05 23:44:42,916 - INFO - src.arc_integration.continuous_learning_loop - Action 6 successful for as66-821a4dcad9c2
2025-09-05 23:44:42,917 - INFO - src.arc_integration.continuous_learning_loop - 🎮 Initialized actions for as66-821a4dcad9c2: [1, 2, 3, 4, 6] (loaded 5 cached patterns)
2025-09-05 23:44:42,953 - INFO - src.arc_integration.continuous_learning_loop - Action 4 successful for ls20-fa137e247ce6
2025-09-05 23:44:42,953 - INFO - src.arc_integration.continuous_learning_loop - 🎮 Initialized actions for ls20-fa137e247ce6: [1, 2, 3, 4] (loaded 4 cached patterns)
2025-09-05 23:44:42,962 - INFO - src.arc_integration.continuous_learning_loop - Action 6 successful for lp85-2e205bbe3622
2025-09-05 23:44:42,962 - INFO - src.arc_integration.continuous_learning_loop - 🎮 Initialized actions for lp85-2e205bbe3622: [6] (loaded 1 cached patterns)
2025-09-05 23:44:43,091 - WARNING - src.arc_integration.continuous_learning_loop - Frame analysis failed for as66-821a4dcad9c2: max() iterable argument is empty
2025-09-05 23:44:43,091 - INFO - src.arc_integration.continuous_learning_loop - 🎮 Initialized actions for as66-821a4dcad9c2: [1, 2, 3, 4, 6] (loaded 5 cached patterns)
2025-09-05 23:44:43,122 - WARNING - src.arc_integration.continuous_learning_loop - Frame analysis failed for ls20-fa137e247ce6: max() iterable argument is empty
2025-09-05 23:44:43,122 - INFO - src.arc_integration.continuous_learning_loop - 🎮 Initialized actions for ls20-fa137e247ce6: [1, 2, 3, 4] (loaded 4 cached patterns)
2025-09-05 23:44:43,129 - WARNING - src.arc_integration.continuous_learning_loop - Frame analysis failed for lp85-2e205bbe3622: max() iterable argument is empty
2025-09-05 23:44:43,129 - INFO - src.arc_integration.continuous_learning_loop - 🎮 Initialized actions for lp85-2e205bbe3622: [6] (loaded 1 cached patterns)
2025-09-05 23:44:43,237 - INFO - src.arc_integration.continuous_learning_loop - Action 6 successful for lp85-2e205bbe3622
2025-09-05 23:44:43,349 - INFO - src.arc_integration.continuous_learning_loop - Action 1 successful for as66-821a4dcad9c2
2025-09-05 23:44:43,350 - INFO - src.arc_integration.continuous_learning_loop - 🎮 Initialized actions for as66-821a4dcad9c2: [1, 2, 3, 4, 6] (loaded 5 cached patterns)
2025-09-05 23:44:43,355 - INFO - src.arc_integration.continuous_learning_loop - Action 1 successful for ls20-fa137e247ce6
2025-09-05 23:44:43,356 - INFO - src.arc_integration.continuous_learning_loop - 🎮 Initialized actions for ls20-fa137e247ce6: [1, 2, 3, 4] (loaded 4 cached patterns)
2025-09-05 23:44:43,418 - WARNING - src.arc_integration.continuous_learning_loop - Frame analysis failed for lp85-2e205bbe3622: max() iterable argument is empty
2025-09-05 23:44:43,419 - INFO - src.arc_integration.continuous_learning_loop - 🎮 Initialized actions for lp85-2e205bbe3622: [6] (loaded 1 cached patterns)
2025-09-05 23:44:43,509 - WARNING - src.arc_integration.continuous_learning_loop - Frame analysis failed for as66-821a4dcad9c2: max() iterable argument is empty
2025-09-05 23:44:43,510 - INFO - src.arc_integration.continuous_learning_loop - 🎮 Initialized actions for as66-821a4dcad9c2: [1, 2, 3, 4, 6] (loaded 5 cached patterns)
2025-09-05 23:44:43,525 - WARNING - src.arc_integration.continuous_learning_loop - Frame analysis failed for ls20-fa137e247ce6: max() iterable argument is empty
2025-09-05 23:44:43,525 - INFO - src.arc_integration.continuous_learning_loop - 🎮 Initialized actions for ls20-fa137e247ce6: [1, 2, 3, 4] (loaded 4 cached patterns)
2025-09-05 23:44:43,532 - INFO - src.arc_integration.continuous_learning_loop - Action 6 successful for lp85-2e205bbe3622
2025-09-05 23:44:43,532 - INFO - src.arc_integration.continuous_learning_loop - 🎮 Initialized actions for lp85-2e205bbe3622: [6] (loaded 1 cached patterns)
2025-09-05 23:44:43,639 - INFO - src.arc_integration.continuous_learning_loop - Action 1 successful for as66-821a4dcad9c2
2025-09-05 23:44:43,640 - INFO - src.arc_integration.continuous_learning_loop - 🎮 Initialized actions for as66-821a4dcad9c2: [1, 2, 3, 4, 6] (loaded 5 cached patterns)
2025-09-05 23:44:43,706 - WARNING - src.arc_integration.continuous_learning_loop - Frame analysis failed for lp85-2e205bbe3622: max() iterable argument is empty
2025-09-05 23:44:43,707 - INFO - src.arc_integration.continuous_learning_loop - 🎮 Initialized actions for lp85-2e205bbe3622: [6] (loaded 1 cached patterns)
2025-09-05 23:44:43,768 - INFO - src.arc_integration.continuous_learning_loop - Action 1 successful for ls20-fa137e247ce6
2025-09-05 23:44:43,769 - INFO - src.arc_integration.continuous_learning_loop - 🎮 Initialized actions for ls20-fa137e247ce6: [1, 2, 3, 4] (loaded 4 cached patterns)
2025-09-05 23:44:43,823 - WARNING - src.arc_integration.continuous_learning_loop - Frame analysis failed for as66-821a4dcad9c2: max() iterable argument is empty
2025-09-05 23:44:43,824 - INFO - src.arc_integration.continuous_learning_loop - 🎮 Initialized actions for as66-821a4dcad9c2: [1, 2, 3, 4, 6] (loaded 5 cached patterns)
2025-09-05 23:44:43,931 - WARNING - src.arc_integration.continuous_learning_loop - Frame analysis failed for ls20-fa137e247ce6: max() iterable argument is empty
2025-09-05 23:44:43,932 - INFO - src.arc_integration.continuous_learning_loop - 🎮 Initialized actions for ls20-fa137e247ce6: [1, 2, 3, 4] (loaded 4 cached patterns)
2025-09-05 23:44:43,948 - INFO - src.arc_integration.continuous_learning_loop - Action 1 successful for as66-821a4dcad9c2
2025-09-05 23:44:43,949 - INFO - src.arc_integration.continuous_learning_loop - 🎮 Initialized actions for as66-821a4dcad9c2: [1, 2, 3, 4, 6] (loaded 5 cached patterns)
2025-09-05 23:44:43,954 - INFO - src.arc_integration.continuous_learning_loop - Action 6 successful for lp85-2e205bbe3622
2025-09-05 23:44:43,954 - INFO - src.arc_integration.continuous_learning_loop - 🎮 Initialized actions for lp85-2e205bbe3622: [6] (loaded 1 cached patterns)
2025-09-05 23:44:44,141 - WARNING - src.arc_integration.continuous_learning_loop - Frame analysis failed for as66-821a4dcad9c2: max() iterable argument is empty
2025-09-05 23:44:44,142 - INFO - src.arc_integration.continuous_learning_loop - 🎮 Initialized actions for as66-821a4dcad9c2: [1, 2, 3, 4, 6] (loaded 5 cached patterns)
2025-09-05 23:44:44,156 - WARNING - src.arc_integration.continuous_learning_loop - Frame analysis failed for lp85-2e205bbe3622: max() iterable argument is empty
2025-09-05 23:44:44,157 - INFO - src.arc_integration.continuous_learning_loop - 🎮 Initialized actions for lp85-2e205bbe3622: [6] (loaded 1 cached patterns)
2025-09-05 23:44:44,171 - INFO - src.arc_integration.continuous_learning_loop - Action 2 successful for ls20-fa137e247ce6
2025-09-05 23:44:44,172 - INFO - src.arc_integration.continuous_learning_loop - 🎮 Initialized actions for ls20-fa137e247ce6: [1, 2, 3, 4] (loaded 4 cached patterns)
2025-09-05 23:44:44,264 - INFO - src.arc_integration.continuous_learning_loop - Action 1 successful for as66-821a4dcad9c2
2025-09-05 23:44:44,265 - INFO - src.arc_integration.continuous_learning_loop - 🎮 Initialized actions for as66-821a4dcad9c2: [1, 2, 3, 4, 6] (loaded 5 cached patterns)
2025-09-05 23:44:44,273 - INFO - src.arc_integration.continuous_learning_loop - Action 6 successful for lp85-2e205bbe3622
2025-09-05 23:44:44,274 - INFO - src.arc_integration.continuous_learning_loop - 🎮 Initialized actions for lp85-2e205bbe3622: [6] (loaded 1 cached patterns)
2025-09-05 23:44:44,342 - WARNING - src.arc_integration.continuous_learning_loop - Frame analysis failed for ls20-fa137e247ce6: max() iterable argument is empty
2025-09-05 23:44:44,343 - INFO - src.arc_integration.continuous_learning_loop - 🎮 Initialized actions for ls20-fa137e247ce6: [1, 2, 3, 4] (loaded 4 cached patterns)
2025-09-05 23:44:44,425 - WARNING - src.arc_integration.continuous_learning_loop - Frame analysis failed for as66-821a4dcad9c2: max() iterable argument is empty
2025-09-05 23:44:44,426 - INFO - src.arc_integration.continuous_learning_loop - 🎮 Initialized actions for as66-821a4dcad9c2: [1, 2, 3, 4, 6] (loaded 5 cached patterns)
2025-09-05 23:44:44,579 - INFO - src.arc_integration.continuous_learning_loop - Action 2 successful for ls20-fa137e247ce6
2025-09-05 23:44:44,580 - INFO - src.arc_integration.continuous_learning_loop - 🎮 Initialized actions for ls20-fa137e247ce6: [1, 2, 3, 4] (loaded 4 cached patterns)
2025-09-05 23:44:44,660 - INFO - src.arc_integration.continuous_learning_loop - Action 2 successful for as66-821a4dcad9c2
2025-09-05 23:44:44,661 - INFO - src.arc_integration.continuous_learning_loop - 🎮 Initialized actions for as66-821a4dcad9c2: [1, 2, 3, 4, 6] (loaded 5 cached patterns)
2025-09-05 23:44:44,964 - INFO - src.arc_integration.continuous_learning_loop - 💾 Saved action intelligence for as66-821a4dcad9c2: 5 effective actions
2025-09-05 23:44:44,966 - INFO - src.arc_integration.continuous_learning_loop - 🧠 Action Intelligence for as66-821a4dcad9c2: 5/5 effective actions, 12 coordinate patterns learned
2025-09-05 23:44:47,424 - WARNING - src.arc_integration.continuous_learning_loop - Frame analysis failed for sp80-5f3511b239b8: max() iterable argument is empty
2025-09-05 23:44:47,425 - INFO - src.arc_integration.continuous_learning_loop - 🎮 Initialized actions for sp80-5f3511b239b8: [1, 2, 3, 4, 5, 6] (loaded 3 cached patterns)
2025-09-05 23:44:47,528 - WARNING - src.arc_integration.continuous_learning_loop - Frame analysis failed for ft09-f340c8e5138e: max() iterable argument is empty
2025-09-05 23:44:47,547 - INFO - src.arc_integration.continuous_learning_loop - 🧠 Loaded action intelligence for ft09-f340c8e5138e: 1 effective actions
2025-09-05 23:44:47,547 - INFO - src.arc_integration.continuous_learning_loop - 🎮 Initialized actions for ft09-f340c8e5138e: [6] (loaded 1 cached patterns)
2025-09-05 23:44:47,577 - WARNING - src.arc_integration.continuous_learning_loop - Frame analysis failed for vc33-58ec4396715d: max() iterable argument is empty
2025-09-05 23:44:47,594 - INFO - src.arc_integration.continuous_learning_loop - 🧠 Loaded action intelligence for vc33-58ec4396715d: 1 effective actions
2025-09-05 23:44:47,595 - INFO - src.arc_integration.continuous_learning_loop - 🎮 Initialized actions for vc33-58ec4396715d: [6] (loaded 1 cached patterns)
2025-09-05 23:44:47,696 - INFO - src.arc_integration.continuous_learning_loop - Action 6 successful for sp80-5f3511b239b8
2025-09-05 23:44:47,696 - INFO - src.arc_integration.continuous_learning_loop - 🎮 Initialized actions for sp80-5f3511b239b8: [1, 2, 3, 4, 5, 6] (loaded 3 cached patterns)
2025-09-05 23:44:47,816 - INFO - src.arc_integration.continuous_learning_loop - Action 6 successful for ft09-f340c8e5138e
2025-09-05 23:44:47,816 - INFO - src.arc_integration.continuous_learning_loop - 🎮 Initialized actions for ft09-f340c8e5138e: [6] (loaded 1 cached patterns)
2025-09-05 23:44:47,835 - INFO - src.arc_integration.continuous_learning_loop - Action 6 successful for vc33-58ec4396715d
2025-09-05 23:44:47,836 - INFO - src.arc_integration.continuous_learning_loop - 🎮 Initialized actions for vc33-58ec4396715d: [6] (loaded 1 cached patterns)
2025-09-05 23:44:47,871 - WARNING - src.arc_integration.continuous_learning_loop - Frame analysis failed for sp80-5f3511b239b8: max() iterable argument is empty
2025-09-05 23:44:47,872 - INFO - src.arc_integration.continuous_learning_loop - 🎮 Initialized actions for sp80-5f3511b239b8: [1, 2, 3, 4, 5, 6] (loaded 3 cached patterns)
2025-09-05 23:44:47,988 - WARNING - src.arc_integration.continuous_learning_loop - Frame analysis failed for ft09-f340c8e5138e: max() iterable argument is empty
2025-09-05 23:44:47,988 - INFO - src.arc_integration.continuous_learning_loop - 🎮 Initialized actions for ft09-f340c8e5138e: [6] (loaded 1 cached patterns)
2025-09-05 23:44:48,004 - WARNING - src.arc_integration.continuous_learning_loop - Frame analysis failed for vc33-58ec4396715d: max() iterable argument is empty
2025-09-05 23:44:48,005 - INFO - src.arc_integration.continuous_learning_loop - 🎮 Initialized actions for vc33-58ec4396715d: [6] (loaded 1 cached patterns)
2025-09-05 23:44:48,108 - INFO - src.arc_integration.continuous_learning_loop - Action 1 successful for sp80-5f3511b239b8
2025-09-05 23:44:48,108 - INFO - src.arc_integration.continuous_learning_loop - 🎮 Initialized actions for sp80-5f3511b239b8: [1, 2, 3, 4, 5, 6] (loaded 3 cached patterns)
2025-09-05 23:44:48,237 - INFO - src.arc_integration.continuous_learning_loop - Action 6 successful for ft09-f340c8e5138e
2025-09-05 23:44:48,238 - INFO - src.arc_integration.continuous_learning_loop - 🎮 Initialized actions for ft09-f340c8e5138e: [6] (loaded 1 cached patterns)
2025-09-05 23:44:48,248 - INFO - src.arc_integration.continuous_learning_loop - Action 6 successful for vc33-58ec4396715d
2025-09-05 23:44:48,248 - INFO - src.arc_integration.continuous_learning_loop - 🎮 Initialized actions for vc33-58ec4396715d: [6] (loaded 1 cached patterns)
2025-09-05 23:44:48,272 - WARNING - src.arc_integration.continuous_learning_loop - Frame analysis failed for sp80-5f3511b239b8: max() iterable argument is empty
2025-09-05 23:44:48,273 - INFO - src.arc_integration.continuous_learning_loop - 🎮 Initialized actions for sp80-5f3511b239b8: [1, 2, 3, 4, 5, 6] (loaded 3 cached patterns)
2025-09-05 23:44:48,424 - WARNING - src.arc_integration.continuous_learning_loop - Frame analysis failed for ft09-f340c8e5138e: max() iterable argument is empty
2025-09-05 23:44:48,425 - INFO - src.arc_integration.continuous_learning_loop - 🎮 Initialized actions for ft09-f340c8e5138e: [6] (loaded 1 cached patterns)
2025-09-05 23:44:48,434 - WARNING - src.arc_integration.continuous_learning_loop - Frame analysis failed for vc33-58ec4396715d: max() iterable argument is empty
2025-09-05 23:44:48,434 - INFO - src.arc_integration.continuous_learning_loop - 🎮 Initialized actions for vc33-58ec4396715d: [6] (loaded 1 cached patterns)
2025-09-05 23:44:48,546 - INFO - src.arc_integration.continuous_learning_loop - Action 1 successful for sp80-5f3511b239b8
2025-09-05 23:44:48,547 - INFO - src.arc_integration.continuous_learning_loop - 🎮 Initialized actions for sp80-5f3511b239b8: [1, 2, 3, 4, 5, 6] (loaded 3 cached patterns)
2025-09-05 23:44:48,550 - INFO - src.arc_integration.continuous_learning_loop - Action 6 successful for vc33-58ec4396715d
2025-09-05 23:44:48,551 - INFO - src.arc_integration.continuous_learning_loop - 🎮 Initialized actions for vc33-58ec4396715d: [6] (loaded 1 cached patterns)
2025-09-05 23:44:48,562 - INFO - src.arc_integration.continuous_learning_loop - Action 6 successful for ft09-f340c8e5138e
2025-09-05 23:44:48,563 - INFO - src.arc_integration.continuous_learning_loop - 🎮 Initialized actions for ft09-f340c8e5138e: [6] (loaded 1 cached patterns)
2025-09-05 23:44:48,740 - WARNING - src.arc_integration.continuous_learning_loop - Frame analysis failed for sp80-5f3511b239b8: max() iterable argument is empty
2025-09-05 23:44:48,741 - INFO - src.arc_integration.continuous_learning_loop - 🎮 Initialized actions for sp80-5f3511b239b8: [1, 2, 3, 4, 5, 6] (loaded 3 cached patterns)
2025-09-05 23:44:48,749 - WARNING - src.arc_integration.continuous_learning_loop - Frame analysis failed for vc33-58ec4396715d: max() iterable argument is empty
2025-09-05 23:44:48,749 - INFO - src.arc_integration.continuous_learning_loop - 🎮 Initialized actions for vc33-58ec4396715d: [6] (loaded 1 cached patterns)
2025-09-05 23:44:48,760 - WARNING - src.arc_integration.continuous_learning_loop - Frame analysis failed for ft09-f340c8e5138e: max() iterable argument is empty
2025-09-05 23:44:48,760 - INFO - src.arc_integration.continuous_learning_loop - 🎮 Initialized actions for ft09-f340c8e5138e: [6] (loaded 1 cached patterns)
2025-09-05 23:44:48,869 - INFO - src.arc_integration.continuous_learning_loop - Action 1 successful for sp80-5f3511b239b8
2025-09-05 23:44:48,870 - INFO - src.arc_integration.continuous_learning_loop - 🎮 Initialized actions for sp80-5f3511b239b8: [1, 2, 3, 4, 5, 6] (loaded 3 cached patterns)
2025-09-05 23:44:48,875 - INFO - src.arc_integration.continuous_learning_loop - Action 6 successful for vc33-58ec4396715d
2025-09-05 23:44:48,875 - INFO - src.arc_integration.continuous_learning_loop - 🎮 Initialized actions for vc33-58ec4396715d: [6] (loaded 1 cached patterns)
2025-09-05 23:44:49,011 - INFO - src.arc_integration.continuous_learning_loop - Action 6 successful for ft09-f340c8e5138e
2025-09-05 23:44:49,012 - INFO - src.arc_integration.continuous_learning_loop - 🎮 Initialized actions for ft09-f340c8e5138e: [6] (loaded 1 cached patterns)
2025-09-05 23:44:49,055 - WARNING - src.arc_integration.continuous_learning_loop - Frame analysis failed for sp80-5f3511b239b8: max() iterable argument is empty
2025-09-05 23:44:49,056 - INFO - src.arc_integration.continuous_learning_loop - 🎮 Initialized actions for sp80-5f3511b239b8: [1, 2, 3, 4, 5, 6] (loaded 3 cached patterns)
2025-09-05 23:44:49,064 - WARNING - src.arc_integration.continuous_learning_loop - Frame analysis failed for vc33-58ec4396715d: max() iterable argument is empty
2025-09-05 23:44:49,064 - INFO - src.arc_integration.continuous_learning_loop - 🎮 Initialized actions for vc33-58ec4396715d: [6] (loaded 1 cached patterns)
2025-09-05 23:44:49,177 - INFO - src.arc_integration.continuous_learning_loop - Action 1 successful for sp80-5f3511b239b8
2025-09-05 23:44:49,177 - INFO - src.arc_integration.continuous_learning_loop - 🎮 Initialized actions for sp80-5f3511b239b8: [1, 2, 3, 4, 5, 6] (loaded 3 cached patterns)
2025-09-05 23:44:49,183 - WARNING - src.arc_integration.continuous_learning_loop - Frame analysis failed for ft09-f340c8e5138e: max() iterable argument is empty
2025-09-05 23:44:49,184 - INFO - src.arc_integration.continuous_learning_loop - 🎮 Initialized actions for ft09-f340c8e5138e: [6] (loaded 1 cached patterns)
2025-09-05 23:44:49,191 - INFO - src.arc_integration.continuous_learning_loop - Action 6 successful for vc33-58ec4396715d
2025-09-05 23:44:49,191 - INFO - src.arc_integration.continuous_learning_loop - 🎮 Initialized actions for vc33-58ec4396715d: [6] (loaded 1 cached patterns)
2025-09-05 23:44:49,383 - WARNING - src.arc_integration.continuous_learning_loop - Frame analysis failed for sp80-5f3511b239b8: max() iterable argument is empty
2025-09-05 23:44:49,384 - INFO - src.arc_integration.continuous_learning_loop - 🎮 Initialized actions for sp80-5f3511b239b8: [1, 2, 3, 4, 5, 6] (loaded 3 cached patterns)
2025-09-05 23:44:49,393 - WARNING - src.arc_integration.continuous_learning_loop - Frame analysis failed for vc33-58ec4396715d: max() iterable argument is empty
2025-09-05 23:44:49,393 - INFO - src.arc_integration.continuous_learning_loop - 🎮 Initialized actions for vc33-58ec4396715d: [6] (loaded 1 cached patterns)
2025-09-05 23:44:49,419 - INFO - src.arc_integration.continuous_learning_loop - Action 6 successful for ft09-f340c8e5138e
2025-09-05 23:44:49,420 - INFO - src.arc_integration.continuous_learning_loop - 🎮 Initialized actions for ft09-f340c8e5138e: [6] (loaded 1 cached patterns)
2025-09-05 23:44:49,591 - WARNING - src.arc_integration.continuous_learning_loop - Frame analysis failed for ft09-f340c8e5138e: max() iterable argument is empty
2025-09-05 23:44:49,640 - INFO - src.arc_integration.continuous_learning_loop - Action 6 successful for vc33-58ec4396715d
2025-09-05 23:44:49,640 - INFO - src.arc_integration.continuous_learning_loop - 🎮 Initialized actions for vc33-58ec4396715d: [6] (loaded 1 cached patterns)
2025-09-05 23:44:49,654 - INFO - src.arc_integration.continuous_learning_loop - Action 1 successful for sp80-5f3511b239b8
2025-09-05 23:44:49,654 - INFO - src.arc_integration.continuous_learning_loop - 🎮 Initialized actions for sp80-5f3511b239b8: [1, 2, 3, 4, 5, 6] (loaded 3 cached patterns)
2025-09-05 23:44:49,824 - WARNING - src.arc_integration.continuous_learning_loop - Frame analysis failed for vc33-58ec4396715d: max() iterable argument is empty
2025-09-05 23:44:49,824 - INFO - src.arc_integration.continuous_learning_loop - 🎮 Initialized actions for vc33-58ec4396715d: [6] (loaded 1 cached patterns)
2025-09-05 23:44:49,833 - WARNING - src.arc_integration.continuous_learning_loop - Frame analysis failed for sp80-5f3511b239b8: max() iterable argument is empty
2025-09-05 23:44:49,834 - INFO - src.arc_integration.continuous_learning_loop - 🎮 Initialized actions for sp80-5f3511b239b8: [1, 2, 3, 4, 5, 6] (loaded 3 cached patterns)
2025-09-05 23:44:49,843 - INFO - src.arc_integration.continuous_learning_loop - Action 6 successful for ft09-f340c8e5138e
2025-09-05 23:44:49,844 - INFO - src.arc_integration.continuous_learning_loop - 🎮 Initialized actions for ft09-f340c8e5138e: [6] (loaded 1 cached patterns)
2025-09-05 23:44:50,000 - INFO - src.arc_integration.continuous_learning_loop - Action 6 successful for vc33-58ec4396715d
2025-09-05 23:44:50,001 - INFO - src.arc_integration.continuous_learning_loop - 🎮 Initialized actions for vc33-58ec4396715d: [6] (loaded 1 cached patterns)
2025-09-05 23:44:50,014 - WARNING - src.arc_integration.continuous_learning_loop - Frame analysis failed for ft09-f340c8e5138e: max() iterable argument is empty
2025-09-05 23:44:50,015 - INFO - src.arc_integration.continuous_learning_loop - 🎮 Initialized actions for ft09-f340c8e5138e: [6] (loaded 1 cached patterns)
2025-09-05 23:44:50,022 - INFO - src.arc_integration.continuous_learning_loop - Action 6 successful for sp80-5f3511b239b8
2025-09-05 23:44:50,023 - INFO - src.arc_integration.continuous_learning_loop - 🎮 Initialized actions for sp80-5f3511b239b8: [1, 2, 3, 4, 5, 6] (loaded 3 cached patterns)
2025-09-05 23:44:50,190 - WARNING - src.arc_integration.continuous_learning_loop - Frame analysis failed for vc33-58ec4396715d: max() iterable argument is empty
2025-09-05 23:44:50,190 - INFO - src.arc_integration.continuous_learning_loop - 🎮 Initialized actions for vc33-58ec4396715d: [6] (loaded 1 cached patterns)
2025-09-05 23:44:50,199 - WARNING - src.arc_integration.continuous_learning_loop - Frame analysis failed for sp80-5f3511b239b8: max() iterable argument is empty
2025-09-05 23:44:50,200 - INFO - src.arc_integration.continuous_learning_loop - 🎮 Initialized actions for sp80-5f3511b239b8: [1, 2, 3, 4, 5, 6] (loaded 3 cached patterns)
2025-09-05 23:44:50,253 - INFO - src.arc_integration.continuous_learning_loop - Action 6 successful for ft09-f340c8e5138e
2025-09-05 23:44:50,254 - INFO - src.arc_integration.continuous_learning_loop - 🎮 Initialized actions for ft09-f340c8e5138e: [6] (loaded 1 cached patterns)
2025-09-05 23:44:50,321 - INFO - src.arc_integration.continuous_learning_loop - Action 6 successful for vc33-58ec4396715d
2025-09-05 23:44:50,321 - INFO - src.arc_integration.continuous_learning_loop - 🎮 Initialized actions for vc33-58ec4396715d: [6] (loaded 1 cached patterns)
2025-09-05 23:44:50,335 - INFO - src.arc_integration.continuous_learning_loop - Action 1 successful for sp80-5f3511b239b8
2025-09-05 23:44:50,336 - INFO - src.arc_integration.continuous_learning_loop - 🎮 Initialized actions for sp80-5f3511b239b8: [1, 2, 3, 4, 5, 6] (loaded 3 cached patterns)
2025-09-05 23:44:50,428 - WARNING - src.arc_integration.continuous_learning_loop - Frame analysis failed for ft09-f340c8e5138e: max() iterable argument is empty
2025-09-05 23:44:50,429 - INFO - src.arc_integration.continuous_learning_loop - 🎮 Initialized actions for ft09-f340c8e5138e: [6] (loaded 1 cached patterns)
2025-09-05 23:44:50,495 - WARNING - src.arc_integration.continuous_learning_loop - Frame analysis failed for vc33-58ec4396715d: max() iterable argument is empty
2025-09-05 23:44:50,495 - INFO - src.arc_integration.continuous_learning_loop - 🎮 Initialized actions for vc33-58ec4396715d: [6] (loaded 1 cached patterns)
2025-09-05 23:44:50,506 - WARNING - src.arc_integration.continuous_learning_loop - Frame analysis failed for sp80-5f3511b239b8: max() iterable argument is empty
2025-09-05 23:44:50,507 - INFO - src.arc_integration.continuous_learning_loop - 🎮 Initialized actions for sp80-5f3511b239b8: [1, 2, 3, 4, 5, 6] (loaded 3 cached patterns)
2025-09-05 23:44:50,536 - INFO - src.arc_integration.continuous_learning_loop - Action 6 successful for ft09-f340c8e5138e
2025-09-05 23:44:50,537 - INFO - src.arc_integration.continuous_learning_loop - 🎮 Initialized actions for ft09-f340c8e5138e: [6] (loaded 1 cached patterns)
2025-09-05 23:44:50,608 - INFO - src.arc_integration.continuous_learning_loop - Action 6 successful for vc33-58ec4396715d
2025-09-05 23:44:50,609 - INFO - src.arc_integration.continuous_learning_loop - 🎮 Initialized actions for vc33-58ec4396715d: [6] (loaded 1 cached patterns)
2025-09-05 23:44:50,752 - INFO - src.arc_integration.continuous_learning_loop - Action 1 successful for sp80-5f3511b239b8
2025-09-05 23:44:50,752 - INFO - src.arc_integration.continuous_learning_loop - 🎮 Initialized actions for sp80-5f3511b239b8: [1, 2, 3, 4, 5, 6] (loaded 3 cached patterns)
2025-09-05 23:44:51,024 - INFO - src.arc_integration.continuous_learning_loop - 💾 Saved action intelligence for sp80-5f3511b239b8: 3 effective actions
2025-09-05 23:44:51,025 - INFO - src.arc_integration.continuous_learning_loop - 🧠 Action Intelligence for sp80-5f3511b239b8: 3/6 effective actions, 9 coordinate patterns learned
2025-09-05 23:44:53,061 - INFO - arc_integration.arc_meta_learning - ARC meta-learning state saved to continuous_learning_data\meta_learning_session_1757133878.json
2025-09-05 23:44:53,061 - INFO - src.arc_integration.continuous_learning_loop - Completed training session session_1757133878 - Win rate: 0.0%
2025-09-05 23:44:53,097 - INFO - __main__ - Results saved to: master_training_results_1757133893.json
2025-09-05 23:44:53,099 - INFO - ContinuousTrainingRunner - Session 1 completed: success=True, duration=124.9s
