2025-09-05 04:26:27,530 - arc_integration.arc_meta_learning - INFO - ARC Meta-Learning System initialized
2025-09-05 04:26:27,531 - src.arc_integration.continuous_learning_loop - INFO - ✅ Enhanced sleep system initialized for memory consolidation
2025-09-05 04:26:27,533 - core.adaptive_energy_system - INFO - AdaptiveEnergySystem initialized with config: EnergyConfig(max_energy=100.0, base_depletion_rate=0.08, action_based_depletion=0.25, sleep_trigger_threshold=60.0, min_sleep_threshold=20.0, max_sleep_threshold=60.0, time_based_sleep_interval=3.0, min_time_interval=1.0, max_time_interval=8.0, success_rate_multiplier=0.8, failure_rate_multiplier=1.2)
2025-09-05 04:26:27,538 - src.arc_integration.continuous_learning_loop - INFO - ✅ Adaptive energy system initialized for win rate-based sleep scheduling
2025-09-05 04:26:27,540 - goals.goal_system - INFO - Goal system initialized in survival phase
2025-09-05 04:26:27,571 - core.agent - INFO - Predictive core initialized with lstm architecture
2025-09-05 04:26:27,573 - core.agent - INFO - DNC memory system initialized and integrated with predictive core
2025-09-05 04:26:27,573 - core.agent - INFO - Learning progress drive initialized
2025-09-05 04:26:27,574 - core.agent - INFO - Energy and death management system initialized
2025-09-05 04:26:27,575 - goals.goal_system - INFO - Goal system initialized in survival phase
2025-09-05 04:26:27,575 - core.agent - INFO - Goal system initialized in survival phase
2025-09-05 04:26:29,865 - core.agent - INFO - Action selection system initialized
2025-09-05 04:26:29,865 - core.agent - INFO - Sleep and dream cycle system initialized
2025-09-05 04:26:29,867 - core.agent - INFO - Monitoring and metrics system initialized
2025-09-05 04:26:29,869 - core.agent - INFO - Meta-learning system initialized
2025-09-05 04:26:29,870 - core.agent - INFO - Adaptive Learning Agent initialized successfully
2025-09-05 04:26:29,871 - src.arc_integration.continuous_learning_loop - INFO - Demo agent initialized for monitoring
2025-09-05 04:26:29,873 - src.arc_integration.continuous_learning_loop - INFO - Continuous Learning Loop initialized with ARC-3 API integration
2025-09-05 04:26:29,874 - __main__ - INFO - ✅ Coordinate intelligence initialized
2025-09-05 04:26:29,875 - src.core.meta_cognitive_governor.Governor - INFO - 🔍 Initialized 37 cognitive system monitors
2025-09-05 04:26:29,876 - src.core.meta_cognitive_governor.Governor - INFO - 🧠 MetaCognitiveGovernor initialized - Third Brain online
2025-09-05 04:26:29,876 - __main__ - INFO - 🧠 Meta-cognitive Governor (Third Brain) initialized
2025-09-05 04:26:29,879 - src.core.architect.Architect - INFO - ✅ Already on correct branch: Tabula-Rasa-v3
2025-09-05 04:26:29,880 - src.core.architect.Architect - INFO - 🔬 Architect initialized - Zeroth Brain online
2025-09-05 04:26:29,880 - __main__ - INFO - 🏗️ Architect (Zeroth Brain) initialized
2025-09-05 04:26:29,881 - __main__ - INFO - ✅ Core systems initialized successfully
2025-09-05 04:26:29,882 - src.core.meta_cognitive_dashboard.Dashboard - WARNING - Invalid metric value for status: starting, using 0.0
2025-09-05 04:26:29,882 - __main__ - INFO - 🚀 Starting training mode: meta-cognitive-training
2025-09-05 04:26:29,885 - __main__ - INFO - Meta-Cognitive Training Mode - Comprehensive monitoring
2025-09-05 04:26:29,887 - src.core.meta_cognitive_governor.Governor - INFO - 🎯 Governor recommendation: mode_switch (confidence: 0.80)
2025-09-05 04:26:29,889 - core.adaptive_energy_system - INFO - Energy parameters recalculated: threshold=60.0, interval=3.0min, rate=0.4000
2025-09-05 04:26:29,889 - core.adaptive_energy_system - INFO - Session configured - Actions: 500, Time limit: 30 min, Sleep threshold: 60.0, Sleep interval: 3.0 min
2025-09-05 04:26:29,890 - core.adaptive_energy_system - INFO - Sleep system threshold updated to: 60.0
2025-09-05 04:26:29,891 - src.arc_integration.continuous_learning_loop - INFO - Adaptive energy configured: threshold=60.0, interval=3.0min
2025-09-05 04:26:29,892 - src.arc_integration.continuous_learning_loop - INFO - Started training session session_1757064389 with 2 games using lossless mode
2025-09-05 04:26:29,893 - src.arc_integration.continuous_learning_loop - INFO - Running continuous learning for session session_1757064389
2025-09-05 04:26:29,894 - src.arc_integration.continuous_learning_loop - WARNING - main.py not found in ARC-AGI-3-Agents: .. Running in standalone mode.
2025-09-05 04:26:29,901 - src.arc_integration.continuous_learning_loop - WARNING - main.py not found in ARC-AGI-3-Agents: .. Running in standalone mode.
2025-09-05 04:26:29,910 - arc_integration.arc_meta_learning - INFO - ARC meta-learning state saved to continuous_learning_data\meta_learning_session_1757064389.json
2025-09-05 04:26:29,912 - src.arc_integration.continuous_learning_loop - INFO - Completed training session session_1757064389 - Win rate: 0.0%
2025-09-05 04:26:29,915 - src.core.meta_cognitive_governor.Governor - INFO - 🎯 Governor recommendation: parameter_adjustment (confidence: 0.60)
2025-09-05 04:26:29,919 - core.adaptive_energy_system - INFO - Energy parameters recalculated: threshold=60.0, interval=3.0min, rate=0.4000
2025-09-05 04:26:29,920 - core.adaptive_energy_system - INFO - Session configured - Actions: 500, Time limit: 30 min, Sleep threshold: 60.0, Sleep interval: 3.0 min
2025-09-05 04:26:29,920 - core.adaptive_energy_system - INFO - Sleep system threshold updated to: 60.0
2025-09-05 04:26:29,921 - src.arc_integration.continuous_learning_loop - INFO - Adaptive energy configured: threshold=60.0, interval=3.0min
2025-09-05 04:26:29,922 - src.arc_integration.continuous_learning_loop - INFO - Started training session session_1757064389 with 2 games using lossless mode
2025-09-05 04:26:29,923 - src.arc_integration.continuous_learning_loop - INFO - Running continuous learning for session session_1757064389
2025-09-05 04:26:29,925 - src.arc_integration.continuous_learning_loop - WARNING - main.py not found in ARC-AGI-3-Agents: .. Running in standalone mode.
2025-09-05 04:26:29,928 - src.arc_integration.continuous_learning_loop - WARNING - main.py not found in ARC-AGI-3-Agents: .. Running in standalone mode.
2025-09-05 04:26:29,943 - arc_integration.arc_meta_learning - INFO - ARC meta-learning state saved to continuous_learning_data\meta_learning_session_1757064389.json
2025-09-05 04:26:29,944 - src.arc_integration.continuous_learning_loop - INFO - Completed training session session_1757064389 - Win rate: 0.0%
2025-09-05 04:26:29,945 - src.core.meta_cognitive_governor.Governor - INFO - 🎯 Governor recommendation: parameter_adjustment (confidence: 0.40)
2025-09-05 04:26:29,946 - src.core.architect.Architect - INFO - 🧬 Starting evolution cycle 0
2025-09-05 04:26:30,097 - src.core.architect.Architect - INFO - 🎯 Using training script: master_arc_trainer.py
2025-09-05 04:26:30,098 - src.core.architect.Architect - INFO - 🎮 Running actual ARC training test: C:\Python313\python.exe C:\Users\Admin\Documents\GitHub\tabula-rasa\master_arc_trainer.py --mode quick-validation --games test1,test2 --max-cycles 3 --session-duration 2 --no-logs --no-monitoring
2025-09-05 04:27:04,710 - src.core.architect.Architect - ERROR - ❌ Training process failed with code 2
2025-09-05 04:27:04,711 - src.core.architect.Architect - ERROR - STDERR: main.py not found in ARC-AGI-3-Agents: .. Running in standalone mode.
forrtl: error (200): program aborting due to window-CLOSE event
Image              PC                Routine            Line        Source             
KERNELBASE.dll     00007FF83C41C203  Unknown               Unknown  Unknown
KERNEL32.DLL       00007FF83CA77374  Unknown               Unknown  Unknown
ntdll.dll          00007FF83E9FCC91  Unknown               Unknown  Unknown

2025-09-05 04:27:04,712 - src.core.architect.Architect - INFO - 🧪 Mutation exploratory_1757064389 tested: overall_improvement=-14.265, duration=34.8s
2025-09-05 04:27:04,746 - core.adaptive_energy_system - INFO - Energy parameters recalculated: threshold=60.0, interval=3.0min, rate=0.4000
2025-09-05 04:27:04,747 - core.adaptive_energy_system - INFO - Session configured - Actions: 500, Time limit: 30 min, Sleep threshold: 60.0, Sleep interval: 3.0 min
2025-09-05 04:27:04,748 - core.adaptive_energy_system - INFO - Sleep system threshold updated to: 60.0
2025-09-05 04:27:04,749 - src.arc_integration.continuous_learning_loop - INFO - Adaptive energy configured: threshold=60.0, interval=3.0min
2025-09-05 04:27:04,751 - src.arc_integration.continuous_learning_loop - INFO - Started training session session_1757064424 with 2 games using lossless mode
2025-09-05 04:27:04,752 - src.arc_integration.continuous_learning_loop - INFO - Running continuous learning for session session_1757064424
2025-09-05 04:27:04,753 - src.arc_integration.continuous_learning_loop - WARNING - main.py not found in ARC-AGI-3-Agents: .. Running in standalone mode.
2025-09-05 04:27:04,756 - src.arc_integration.continuous_learning_loop - WARNING - main.py not found in ARC-AGI-3-Agents: .. Running in standalone mode.
2025-09-05 04:27:04,766 - arc_integration.arc_meta_learning - INFO - ARC meta-learning state saved to continuous_learning_data\meta_learning_session_1757064424.json
2025-09-05 04:27:04,767 - src.arc_integration.continuous_learning_loop - INFO - Completed training session session_1757064424 - Win rate: 0.0%
2025-09-05 04:27:04,786 - __main__ - INFO - Results saved to: master_training_results_1757064424.json
2025-09-05 04:27:04,788 - src.core.meta_cognitive_dashboard.Dashboard - WARNING - Invalid metric value for status: completed, using 0.0
2025-09-05 04:27:04,788 - ContinuousTrainingRunner - INFO - Session 1 completed: success=True, duration=37.3s
