2025-09-05 04:23:47,522 - arc_integration.arc_meta_learning - INFO - ARC Meta-Learning System initialized
2025-09-05 04:23:47,524 - src.arc_integration.continuous_learning_loop - INFO - ✅ Enhanced sleep system initialized for memory consolidation
2025-09-05 04:23:47,527 - core.adaptive_energy_system - INFO - AdaptiveEnergySystem initialized with config: EnergyConfig(max_energy=100.0, base_depletion_rate=0.08, action_based_depletion=0.25, sleep_trigger_threshold=60.0, min_sleep_threshold=20.0, max_sleep_threshold=60.0, time_based_sleep_interval=3.0, min_time_interval=1.0, max_time_interval=8.0, success_rate_multiplier=0.8, failure_rate_multiplier=1.2)
2025-09-05 04:23:47,532 - src.arc_integration.continuous_learning_loop - INFO - ✅ Adaptive energy system initialized for win rate-based sleep scheduling
2025-09-05 04:23:47,534 - goals.goal_system - INFO - Goal system initialized in survival phase
2025-09-05 04:23:47,565 - core.agent - INFO - Predictive core initialized with lstm architecture
2025-09-05 04:23:47,568 - core.agent - INFO - DNC memory system initialized and integrated with predictive core
2025-09-05 04:23:47,569 - core.agent - INFO - Learning progress drive initialized
2025-09-05 04:23:47,570 - core.agent - INFO - Energy and death management system initialized
2025-09-05 04:23:47,571 - goals.goal_system - INFO - Goal system initialized in survival phase
2025-09-05 04:23:47,572 - core.agent - INFO - Goal system initialized in survival phase
2025-09-05 04:23:49,862 - core.agent - INFO - Action selection system initialized
2025-09-05 04:23:49,863 - core.agent - INFO - Sleep and dream cycle system initialized
2025-09-05 04:23:49,864 - core.agent - INFO - Monitoring and metrics system initialized
2025-09-05 04:23:49,866 - core.agent - INFO - Meta-learning system initialized
2025-09-05 04:23:49,866 - core.agent - INFO - Adaptive Learning Agent initialized successfully
2025-09-05 04:23:49,867 - src.arc_integration.continuous_learning_loop - INFO - Demo agent initialized for monitoring
2025-09-05 04:23:49,869 - src.arc_integration.continuous_learning_loop - INFO - Continuous Learning Loop initialized with ARC-3 API integration
2025-09-05 04:23:49,869 - __main__ - INFO - ✅ Coordinate intelligence initialized
2025-09-05 04:23:49,870 - src.core.meta_cognitive_governor.Governor - INFO - 🔍 Initialized 37 cognitive system monitors
2025-09-05 04:23:49,871 - src.core.meta_cognitive_governor.Governor - INFO - 🧠 MetaCognitiveGovernor initialized - Third Brain online
2025-09-05 04:23:49,871 - __main__ - INFO - 🧠 Meta-cognitive Governor (Third Brain) initialized
2025-09-05 04:23:49,875 - src.core.architect.Architect - INFO - ✅ Already on correct branch: Tabula-Rasa-v3
2025-09-05 04:23:49,876 - src.core.architect.Architect - INFO - 🔬 Architect initialized - Zeroth Brain online
2025-09-05 04:23:49,876 - __main__ - INFO - 🏗️ Architect (Zeroth Brain) initialized
2025-09-05 04:23:49,877 - __main__ - INFO - ✅ Core systems initialized successfully
2025-09-05 04:23:49,878 - __main__ - INFO - 🚀 Starting training mode: meta-cognitive-training
2025-09-05 04:23:49,880 - __main__ - INFO - Meta-Cognitive Training Mode - Comprehensive monitoring
2025-09-05 04:23:49,882 - src.core.meta_cognitive_governor.Governor - INFO - 🎯 Governor recommendation: mode_switch (confidence: 0.80)
2025-09-05 04:23:49,884 - core.adaptive_energy_system - INFO - Energy parameters recalculated: threshold=60.0, interval=3.0min, rate=0.4000
2025-09-05 04:23:49,885 - core.adaptive_energy_system - INFO - Session configured - Actions: 500, Time limit: 30 min, Sleep threshold: 60.0, Sleep interval: 3.0 min
2025-09-05 04:23:49,885 - core.adaptive_energy_system - INFO - Sleep system threshold updated to: 60.0
2025-09-05 04:23:49,886 - src.arc_integration.continuous_learning_loop - INFO - Adaptive energy configured: threshold=60.0, interval=3.0min
2025-09-05 04:23:49,889 - src.arc_integration.continuous_learning_loop - INFO - Started training session session_1757064229 with 2 games using lossless mode
2025-09-05 04:23:49,892 - src.arc_integration.continuous_learning_loop - INFO - Running continuous learning for session session_1757064229
2025-09-05 04:23:49,895 - src.arc_integration.continuous_learning_loop - WARNING - main.py not found in ARC-AGI-3-Agents: .. Running in standalone mode.
2025-09-05 04:23:49,899 - src.arc_integration.continuous_learning_loop - WARNING - main.py not found in ARC-AGI-3-Agents: .. Running in standalone mode.
2025-09-05 04:23:49,913 - arc_integration.arc_meta_learning - INFO - ARC meta-learning state saved to continuous_learning_data\meta_learning_session_1757064229.json
2025-09-05 04:23:49,915 - src.arc_integration.continuous_learning_loop - INFO - Completed training session session_1757064229 - Win rate: 0.0%
2025-09-05 04:23:49,918 - src.core.meta_cognitive_governor.Governor - INFO - 🎯 Governor recommendation: parameter_adjustment (confidence: 0.60)
2025-09-05 04:23:49,920 - core.adaptive_energy_system - INFO - Energy parameters recalculated: threshold=60.0, interval=3.0min, rate=0.4000
2025-09-05 04:23:49,921 - core.adaptive_energy_system - INFO - Session configured - Actions: 500, Time limit: 30 min, Sleep threshold: 60.0, Sleep interval: 3.0 min
2025-09-05 04:23:49,922 - core.adaptive_energy_system - INFO - Sleep system threshold updated to: 60.0
2025-09-05 04:23:49,922 - src.arc_integration.continuous_learning_loop - INFO - Adaptive energy configured: threshold=60.0, interval=3.0min
2025-09-05 04:23:49,924 - src.arc_integration.continuous_learning_loop - INFO - Started training session session_1757064229 with 2 games using lossless mode
2025-09-05 04:23:49,927 - src.arc_integration.continuous_learning_loop - INFO - Running continuous learning for session session_1757064229
2025-09-05 04:23:49,929 - src.arc_integration.continuous_learning_loop - WARNING - main.py not found in ARC-AGI-3-Agents: .. Running in standalone mode.
2025-09-05 04:23:49,932 - src.arc_integration.continuous_learning_loop - WARNING - main.py not found in ARC-AGI-3-Agents: .. Running in standalone mode.
2025-09-05 04:23:49,945 - arc_integration.arc_meta_learning - INFO - ARC meta-learning state saved to continuous_learning_data\meta_learning_session_1757064229.json
2025-09-05 04:23:49,947 - src.arc_integration.continuous_learning_loop - INFO - Completed training session session_1757064229 - Win rate: 0.0%
2025-09-05 04:23:49,948 - src.core.meta_cognitive_governor.Governor - INFO - 🎯 Governor recommendation: parameter_adjustment (confidence: 0.40)
2025-09-05 04:23:49,950 - src.core.architect.Architect - INFO - 🧬 Starting evolution cycle 0
2025-09-05 04:23:50,098 - src.core.architect.Architect - INFO - 🎯 Using training script: master_arc_trainer.py
2025-09-05 04:23:50,099 - src.core.architect.Architect - INFO - 🎮 Running actual ARC training test: C:\Python313\python.exe C:\Users\Admin\Documents\GitHub\tabula-rasa\master_arc_trainer.py --mode quick-validation --games test1,test2 --max-cycles 3 --session-duration 2 --no-logs --no-monitoring
2025-09-05 04:23:50,571 - src.core.meta_cognitive_dashboard.Dashboard - ERROR - Error in dashboard update loop: unsupported operand type(s) for +: 'float' and 'str'
2025-09-05 04:23:52,419 - src.core.meta_cognitive_dashboard.Dashboard - ERROR - Error in dashboard update loop: unsupported operand type(s) for +: 'float' and 'str'
2025-09-05 04:23:53,438 - src.core.meta_cognitive_dashboard.Dashboard - ERROR - Error in dashboard update loop: unsupported operand type(s) for +: 'float' and 'str'
2025-09-05 04:23:54,608 - src.core.meta_cognitive_dashboard.Dashboard - ERROR - Error in dashboard update loop: unsupported operand type(s) for +: 'float' and 'str'
2025-09-05 04:23:55,629 - src.core.meta_cognitive_dashboard.Dashboard - ERROR - Error in dashboard update loop: unsupported operand type(s) for +: 'float' and 'str'
2025-09-05 04:23:56,665 - src.core.meta_cognitive_dashboard.Dashboard - ERROR - Error in dashboard update loop: unsupported operand type(s) for +: 'float' and 'str'
2025-09-05 04:23:57,687 - src.core.meta_cognitive_dashboard.Dashboard - ERROR - Error in dashboard update loop: unsupported operand type(s) for +: 'float' and 'str'
2025-09-05 04:23:58,712 - src.core.meta_cognitive_dashboard.Dashboard - ERROR - Error in dashboard update loop: unsupported operand type(s) for +: 'float' and 'str'
2025-09-05 04:23:59,731 - src.core.meta_cognitive_dashboard.Dashboard - ERROR - Error in dashboard update loop: unsupported operand type(s) for +: 'float' and 'str'
2025-09-05 04:24:00,803 - src.core.meta_cognitive_dashboard.Dashboard - ERROR - Error in dashboard update loop: unsupported operand type(s) for +: 'float' and 'str'
2025-09-05 04:24:01,885 - src.core.meta_cognitive_dashboard.Dashboard - ERROR - Error in dashboard update loop: unsupported operand type(s) for +: 'float' and 'str'
2025-09-05 04:24:02,903 - src.core.meta_cognitive_dashboard.Dashboard - ERROR - Error in dashboard update loop: unsupported operand type(s) for +: 'float' and 'str'
2025-09-05 04:24:03,920 - src.core.meta_cognitive_dashboard.Dashboard - ERROR - Error in dashboard update loop: unsupported operand type(s) for +: 'float' and 'str'
2025-09-05 04:24:04,939 - src.core.meta_cognitive_dashboard.Dashboard - ERROR - Error in dashboard update loop: unsupported operand type(s) for +: 'float' and 'str'
2025-09-05 04:24:06,229 - src.core.meta_cognitive_dashboard.Dashboard - ERROR - Error in dashboard update loop: unsupported operand type(s) for +: 'float' and 'str'
2025-09-05 04:24:07,262 - src.core.meta_cognitive_dashboard.Dashboard - ERROR - Error in dashboard update loop: unsupported operand type(s) for +: 'float' and 'str'
2025-09-05 04:24:08,279 - src.core.meta_cognitive_dashboard.Dashboard - ERROR - Error in dashboard update loop: unsupported operand type(s) for +: 'float' and 'str'
2025-09-05 04:24:09,296 - src.core.meta_cognitive_dashboard.Dashboard - ERROR - Error in dashboard update loop: unsupported operand type(s) for +: 'float' and 'str'
2025-09-05 04:24:10,313 - src.core.meta_cognitive_dashboard.Dashboard - ERROR - Error in dashboard update loop: unsupported operand type(s) for +: 'float' and 'str'
2025-09-05 04:24:11,329 - src.core.meta_cognitive_dashboard.Dashboard - ERROR - Error in dashboard update loop: unsupported operand type(s) for +: 'float' and 'str'
2025-09-05 04:24:12,349 - src.core.meta_cognitive_dashboard.Dashboard - ERROR - Error in dashboard update loop: unsupported operand type(s) for +: 'float' and 'str'
2025-09-05 04:24:13,366 - src.core.meta_cognitive_dashboard.Dashboard - ERROR - Error in dashboard update loop: unsupported operand type(s) for +: 'float' and 'str'
2025-09-05 04:24:14,386 - src.core.meta_cognitive_dashboard.Dashboard - ERROR - Error in dashboard update loop: unsupported operand type(s) for +: 'float' and 'str'
2025-09-05 04:24:15,404 - src.core.meta_cognitive_dashboard.Dashboard - ERROR - Error in dashboard update loop: unsupported operand type(s) for +: 'float' and 'str'
2025-09-05 04:24:16,423 - src.core.meta_cognitive_dashboard.Dashboard - ERROR - Error in dashboard update loop: unsupported operand type(s) for +: 'float' and 'str'
2025-09-05 04:24:17,439 - src.core.meta_cognitive_dashboard.Dashboard - ERROR - Error in dashboard update loop: unsupported operand type(s) for +: 'float' and 'str'
2025-09-05 04:24:18,457 - src.core.meta_cognitive_dashboard.Dashboard - ERROR - Error in dashboard update loop: unsupported operand type(s) for +: 'float' and 'str'
2025-09-05 04:24:19,473 - src.core.meta_cognitive_dashboard.Dashboard - ERROR - Error in dashboard update loop: unsupported operand type(s) for +: 'float' and 'str'
2025-09-05 04:24:20,489 - src.core.meta_cognitive_dashboard.Dashboard - ERROR - Error in dashboard update loop: unsupported operand type(s) for +: 'float' and 'str'
2025-09-05 04:24:21,506 - src.core.meta_cognitive_dashboard.Dashboard - ERROR - Error in dashboard update loop: unsupported operand type(s) for +: 'float' and 'str'
2025-09-05 04:24:22,523 - src.core.meta_cognitive_dashboard.Dashboard - ERROR - Error in dashboard update loop: unsupported operand type(s) for +: 'float' and 'str'
2025-09-05 04:24:23,548 - src.core.meta_cognitive_dashboard.Dashboard - ERROR - Error in dashboard update loop: unsupported operand type(s) for +: 'float' and 'str'
2025-09-05 04:24:24,565 - src.core.meta_cognitive_dashboard.Dashboard - ERROR - Error in dashboard update loop: unsupported operand type(s) for +: 'float' and 'str'
2025-09-05 04:24:25,582 - src.core.meta_cognitive_dashboard.Dashboard - ERROR - Error in dashboard update loop: unsupported operand type(s) for +: 'float' and 'str'
2025-09-05 04:24:26,599 - src.core.meta_cognitive_dashboard.Dashboard - ERROR - Error in dashboard update loop: unsupported operand type(s) for +: 'float' and 'str'
2025-09-05 04:24:27,617 - src.core.meta_cognitive_dashboard.Dashboard - ERROR - Error in dashboard update loop: unsupported operand type(s) for +: 'float' and 'str'
2025-09-05 04:24:28,636 - src.core.meta_cognitive_dashboard.Dashboard - ERROR - Error in dashboard update loop: unsupported operand type(s) for +: 'float' and 'str'
2025-09-05 04:24:29,654 - src.core.meta_cognitive_dashboard.Dashboard - ERROR - Error in dashboard update loop: unsupported operand type(s) for +: 'float' and 'str'
2025-09-05 04:24:30,672 - src.core.meta_cognitive_dashboard.Dashboard - ERROR - Error in dashboard update loop: unsupported operand type(s) for +: 'float' and 'str'
2025-09-05 04:24:31,689 - src.core.meta_cognitive_dashboard.Dashboard - ERROR - Error in dashboard update loop: unsupported operand type(s) for +: 'float' and 'str'
2025-09-05 04:24:32,706 - src.core.meta_cognitive_dashboard.Dashboard - ERROR - Error in dashboard update loop: unsupported operand type(s) for +: 'float' and 'str'
2025-09-05 04:24:33,722 - src.core.meta_cognitive_dashboard.Dashboard - ERROR - Error in dashboard update loop: unsupported operand type(s) for +: 'float' and 'str'
2025-09-05 04:24:34,740 - src.core.meta_cognitive_dashboard.Dashboard - ERROR - Error in dashboard update loop: unsupported operand type(s) for +: 'float' and 'str'
2025-09-05 04:24:35,759 - src.core.meta_cognitive_dashboard.Dashboard - ERROR - Error in dashboard update loop: unsupported operand type(s) for +: 'float' and 'str'
2025-09-05 04:24:36,777 - src.core.meta_cognitive_dashboard.Dashboard - ERROR - Error in dashboard update loop: unsupported operand type(s) for +: 'float' and 'str'
2025-09-05 04:24:37,793 - src.core.meta_cognitive_dashboard.Dashboard - ERROR - Error in dashboard update loop: unsupported operand type(s) for +: 'float' and 'str'
2025-09-05 04:24:38,809 - src.core.meta_cognitive_dashboard.Dashboard - ERROR - Error in dashboard update loop: unsupported operand type(s) for +: 'float' and 'str'
2025-09-05 04:24:39,826 - src.core.meta_cognitive_dashboard.Dashboard - ERROR - Error in dashboard update loop: unsupported operand type(s) for +: 'float' and 'str'
2025-09-05 04:24:40,842 - src.core.meta_cognitive_dashboard.Dashboard - ERROR - Error in dashboard update loop: unsupported operand type(s) for +: 'float' and 'str'
2025-09-05 04:24:41,859 - src.core.meta_cognitive_dashboard.Dashboard - ERROR - Error in dashboard update loop: unsupported operand type(s) for +: 'float' and 'str'
2025-09-05 04:24:42,876 - src.core.meta_cognitive_dashboard.Dashboard - ERROR - Error in dashboard update loop: unsupported operand type(s) for +: 'float' and 'str'
2025-09-05 04:24:43,894 - src.core.meta_cognitive_dashboard.Dashboard - ERROR - Error in dashboard update loop: unsupported operand type(s) for +: 'float' and 'str'
2025-09-05 04:24:44,735 - src.core.architect.Architect - ERROR - ❌ Training process failed with code 2
2025-09-05 04:24:44,735 - src.core.architect.Architect - ERROR - STDERR: main.py not found in ARC-AGI-3-Agents: .. Running in standalone mode.
forrtl: error (200): program aborting due to window-CLOSE event
Image              PC                Routine            Line        Source             
KERNELBASE.dll     00007FF83C41C203  Unknown               Unknown  Unknown
KERNEL32.DLL       00007FF83CA77374  Unknown               Unknown  Unknown
ntdll.dll          00007FF83E9FCC91  Unknown               Unknown  Unknown

2025-09-05 04:24:44,737 - src.core.architect.Architect - INFO - 🧪 Mutation exploratory_1757064229 tested: overall_improvement=-14.265, duration=54.8s
2025-09-05 04:24:44,790 - core.adaptive_energy_system - INFO - Energy parameters recalculated: threshold=60.0, interval=3.0min, rate=0.4000
2025-09-05 04:24:44,792 - core.adaptive_energy_system - INFO - Session configured - Actions: 500, Time limit: 30 min, Sleep threshold: 60.0, Sleep interval: 3.0 min
2025-09-05 04:24:44,794 - core.adaptive_energy_system - INFO - Sleep system threshold updated to: 60.0
2025-09-05 04:24:44,795 - src.arc_integration.continuous_learning_loop - INFO - Adaptive energy configured: threshold=60.0, interval=3.0min
2025-09-05 04:24:44,814 - src.arc_integration.continuous_learning_loop - INFO - Started training session session_1757064284 with 2 games using lossless mode
2025-09-05 04:24:44,818 - src.arc_integration.continuous_learning_loop - INFO - Running continuous learning for session session_1757064284
2025-09-05 04:24:44,821 - src.arc_integration.continuous_learning_loop - WARNING - main.py not found in ARC-AGI-3-Agents: .. Running in standalone mode.
2025-09-05 04:24:44,832 - src.arc_integration.continuous_learning_loop - WARNING - main.py not found in ARC-AGI-3-Agents: .. Running in standalone mode.
2025-09-05 04:24:44,845 - arc_integration.arc_meta_learning - INFO - ARC meta-learning state saved to continuous_learning_data\meta_learning_session_1757064284.json
2025-09-05 04:24:44,848 - src.arc_integration.continuous_learning_loop - INFO - Completed training session session_1757064284 - Win rate: 0.0%
2025-09-05 04:24:44,876 - __main__ - INFO - Results saved to: master_training_results_1757064284.json
2025-09-05 04:24:44,878 - ContinuousTrainingRunner - INFO - Session 1 completed: success=True, duration=57.4s
2025-09-05 04:24:44,922 - src.core.meta_cognitive_dashboard.Dashboard - ERROR - Error in dashboard update loop: unsupported operand type(s) for +: 'float' and 'str'
2025-09-05 04:24:45,954 - src.core.meta_cognitive_dashboard.Dashboard - ERROR - Error in dashboard update loop: unsupported operand type(s) for +: 'float' and 'str'
