2025-09-05 04:22:30,938 - ContinuousTrainingRunner - WARNING - Dashboard initialization failed: 'charmap' codec can't encode character '\U0001f9e0' in position 0: character maps to <undefined>
2025-09-05 04:23:47,509 - src.core.meta_cognitive_dashboard.Dashboard - WARNING - Display mode headless not available, using console
2025-09-05 04:23:47,511 - src.core.meta_cognitive_dashboard.Dashboard - INFO - Meta-cognitive dashboard initialized in headless mode
2025-09-05 04:23:47,512 - src.core.meta_cognitive_dashboard.Dashboard - INFO - Dashboard monitoring started for session continuous_training_1757064227
2025-09-05 04:23:47,515 - ContinuousTrainingRunner - INFO - Dashboard started in headless mode
2025-09-05 04:26:27,515 - src.core.meta_cognitive_dashboard.Dashboard - WARNING - Display mode headless not available, using console
2025-09-05 04:26:27,518 - src.core.meta_cognitive_dashboard.Dashboard - INFO - Meta-cognitive dashboard initialized in headless mode
2025-09-05 04:26:27,519 - src.core.meta_cognitive_dashboard.Dashboard - INFO - Dashboard monitoring started for session continuous_training_1757064387
2025-09-05 04:26:27,520 - ContinuousTrainingRunner - INFO - Dashboard started in headless mode
2025-09-05 12:01:06,659 - src.core.meta_cognitive_dashboard.Dashboard - INFO - Meta-cognitive dashboard initialized in gui mode
2025-09-05 12:01:06,660 - src.core.meta_cognitive_dashboard.Dashboard - INFO - Dashboard monitoring started for session continuous_training_1757091666
2025-09-05 12:01:06,660 - ContinuousTrainingRunner - INFO - Dashboard started in gui mode
2025-09-05 13:24:39,853 - src.core.meta_cognitive_dashboard.Dashboard - INFO - Meta-cognitive dashboard initialized in gui mode
2025-09-05 13:24:39,854 - src.core.meta_cognitive_dashboard.Dashboard - INFO - Dashboard monitoring started for session continuous_training_1757096679
2025-09-05 13:24:39,855 - ContinuousTrainingRunner - INFO - Dashboard started in gui mode
2025-09-05 13:32:26,448 - src.core.meta_cognitive_dashboard.Dashboard - INFO - Meta-cognitive dashboard initialized in gui mode
2025-09-05 13:32:26,449 - src.core.meta_cognitive_dashboard.Dashboard - INFO - Dashboard monitoring started for session continuous_training_1757097146
2025-09-05 13:32:26,449 - ContinuousTrainingRunner - INFO - Dashboard started in gui mode
2025-09-05 14:39:24,356 - src.core.meta_cognitive_dashboard.Dashboard - INFO - Meta-cognitive dashboard initialized in console mode
2025-09-05 14:39:24,357 - src.core.meta_cognitive_dashboard.Dashboard - INFO - Dashboard monitoring started for session continuous_training_1757101164
2025-09-05 14:39:24,358 - ContinuousTrainingRunner - INFO - Dashboard started in console mode
2025-09-05 23:42:24,563 - src.core.meta_cognitive_dashboard.Dashboard - INFO - GUI dashboard initialized successfully
2025-09-05 23:42:24,565 - src.core.meta_cognitive_dashboard.Dashboard - INFO - Meta-cognitive dashboard initialized in gui mode
2025-09-05 23:42:24,566 - src.core.meta_cognitive_dashboard.Dashboard - INFO - Dashboard monitoring started for session continuous_training_1757133744
2025-09-05 23:42:24,567 - ContinuousTrainingRunner - INFO - Dashboard started in gui mode
2025-09-05 23:42:48,202 - src.core.meta_cognitive_dashboard.Dashboard - INFO - GUI dashboard initialized successfully
2025-09-05 23:42:48,205 - src.core.meta_cognitive_dashboard.Dashboard - INFO - Meta-cognitive dashboard initialized in gui mode
2025-09-05 23:42:48,206 - src.core.meta_cognitive_dashboard.Dashboard - INFO - Dashboard monitoring started for session continuous_training_1757133768
2025-09-05 23:42:48,207 - ContinuousTrainingRunner - INFO - Dashboard started in gui mode
2025-09-06 00:01:28,013 - src.core.meta_cognitive_dashboard.Dashboard - INFO - Meta-cognitive dashboard initialized in console mode
2025-09-06 00:01:28,015 - src.core.meta_cognitive_dashboard.Dashboard - INFO - Dashboard monitoring started for session continuous_training_1757134888
2025-09-06 00:01:28,016 - ContinuousTrainingRunner - INFO - Dashboard started in console mode
