2025-09-05 04:07:03,148 - arc_integration.arc_meta_learning - INFO - ARC Meta-Learning System initialized
2025-09-05 04:07:03,149 - src.arc_integration.continuous_learning_loop - INFO - ✅ Enhanced sleep system initialized for memory consolidation
2025-09-05 04:07:03,150 - core.adaptive_energy_system - INFO - AdaptiveEnergySystem initialized with config: EnergyConfig(max_energy=100.0, base_depletion_rate=0.08, action_based_depletion=0.25, sleep_trigger_threshold=60.0, min_sleep_threshold=20.0, max_sleep_threshold=60.0, time_based_sleep_interval=3.0, min_time_interval=1.0, max_time_interval=8.0, success_rate_multiplier=0.8, failure_rate_multiplier=1.2)
2025-09-05 04:07:03,152 - src.arc_integration.continuous_learning_loop - INFO - ✅ Adaptive energy system initialized for win rate-based sleep scheduling
2025-09-05 04:07:03,153 - goals.goal_system - INFO - Goal system initialized in survival phase
2025-09-05 04:07:03,173 - core.agent - INFO - Predictive core initialized with lstm architecture
2025-09-05 04:07:03,176 - core.agent - INFO - DNC memory system initialized and integrated with predictive core
2025-09-05 04:07:03,177 - core.agent - INFO - Learning progress drive initialized
2025-09-05 04:07:03,177 - core.agent - INFO - Energy and death management system initialized
2025-09-05 04:07:03,178 - goals.goal_system - INFO - Goal system initialized in survival phase
2025-09-05 04:07:03,178 - core.agent - INFO - Goal system initialized in survival phase
2025-09-05 04:07:06,161 - core.agent - INFO - Action selection system initialized
2025-09-05 04:07:06,162 - core.agent - INFO - Sleep and dream cycle system initialized
2025-09-05 04:07:06,162 - core.agent - INFO - Monitoring and metrics system initialized
2025-09-05 04:07:06,164 - core.agent - INFO - Meta-learning system initialized
2025-09-05 04:07:06,165 - core.agent - INFO - Adaptive Learning Agent initialized successfully
2025-09-05 04:07:06,165 - src.arc_integration.continuous_learning_loop - INFO - Demo agent initialized for monitoring
2025-09-05 04:07:06,167 - src.arc_integration.continuous_learning_loop - INFO - Continuous Learning Loop initialized with ARC-3 API integration
2025-09-05 04:07:06,168 - master_arc_trainer - INFO - ✅ Coordinate intelligence initialized
2025-09-05 04:07:06,168 - src.core.meta_cognitive_governor.Governor - INFO - 🔍 Initialized 37 cognitive system monitors
2025-09-05 04:07:06,169 - src.core.meta_cognitive_governor.Governor - INFO - 🧠 MetaCognitiveGovernor initialized - Third Brain online
2025-09-05 04:07:06,170 - master_arc_trainer - INFO - 🧠 Meta-cognitive Governor (Third Brain) initialized
2025-09-05 04:07:06,173 - src.core.architect.Architect - INFO - ✅ Already on correct branch: Tabula-Rasa-v3
2025-09-05 04:07:06,174 - src.core.architect.Architect - INFO - 🔬 Architect initialized - Zeroth Brain online
2025-09-05 04:07:06,175 - master_arc_trainer - INFO - 🏗️ Architect (Zeroth Brain) initialized
2025-09-05 04:07:06,175 - master_arc_trainer - INFO - ✅ Core systems initialized successfully
