2025-09-05 12:01:06,698 - arc_integration.arc_meta_learning - INFO - ARC Meta-Learning System initialized
2025-09-05 12:01:06,699 - src.arc_integration.continuous_learning_loop - INFO - ✅ Enhanced sleep system initialized for memory consolidation
2025-09-05 12:01:06,701 - core.adaptive_energy_system - INFO - AdaptiveEnergySystem initialized with config: EnergyConfig(max_energy=100.0, base_depletion_rate=0.08, action_based_depletion=0.25, sleep_trigger_threshold=60.0, min_sleep_threshold=20.0, max_sleep_threshold=60.0, time_based_sleep_interval=3.0, min_time_interval=1.0, max_time_interval=8.0, success_rate_multiplier=0.8, failure_rate_multiplier=1.2)
2025-09-05 12:01:06,705 - src.arc_integration.continuous_learning_loop - INFO - ✅ Adaptive energy system initialized for win rate-based sleep scheduling
2025-09-05 12:01:06,706 - goals.goal_system - INFO - Goal system initialized in survival phase
2025-09-05 12:01:06,735 - core.agent - INFO - Predictive core initialized with lstm architecture
2025-09-05 12:01:06,747 - core.agent - INFO - DNC memory system initialized and integrated with predictive core
2025-09-05 12:01:06,748 - core.agent - INFO - Learning progress drive initialized
2025-09-05 12:01:06,749 - core.agent - INFO - Energy and death management system initialized
2025-09-05 12:01:06,753 - goals.goal_system - INFO - Goal system initialized in survival phase
2025-09-05 12:01:06,753 - core.agent - INFO - Goal system initialized in survival phase
2025-09-05 12:01:17,825 - core.agent - INFO - Action selection system initialized
2025-09-05 12:01:17,826 - core.agent - INFO - Sleep and dream cycle system initialized
2025-09-05 12:01:17,826 - core.agent - INFO - Monitoring and metrics system initialized
2025-09-05 12:01:17,828 - core.agent - INFO - Meta-learning system initialized
2025-09-05 12:01:17,831 - core.agent - INFO - Adaptive Learning Agent initialized successfully
2025-09-05 12:01:17,831 - src.arc_integration.continuous_learning_loop - INFO - Demo agent initialized for monitoring
2025-09-05 12:01:17,833 - src.arc_integration.continuous_learning_loop - INFO - Continuous Learning Loop initialized with ARC-3 API integration
2025-09-05 12:01:17,835 - __main__ - INFO - ✅ Coordinate intelligence initialized
2025-09-05 12:01:17,848 - src.core.meta_cognitive_governor.Governor - INFO - Outcome tracking enabled
2025-09-05 12:01:17,865 - src.core.meta_cognitive_governor.Governor - INFO - Cross-session learning manager initialized with 0 existing patterns
2025-09-05 12:01:17,865 - src.core.meta_cognitive_governor.Governor - INFO - Cross-session learning enabled
2025-09-05 12:01:17,870 - src.core.meta_cognitive_governor.Governor - INFO - Meta-cognitive memory management enabled
2025-09-05 12:01:17,872 - src.core.meta_cognitive_governor.Governor - INFO - Memory pattern optimization enabled - Phase 1 immediate wins
2025-09-05 12:01:20,483 - src.core.hierarchical_memory_clusterer - INFO - 🗂️ HierarchicalMemoryClusterer initialized for Phase 2
2025-09-05 12:01:20,484 - src.core.meta_cognitive_governor.Governor - INFO - Hierarchical memory clustering enabled - Phase 2 intelligent clusters
2025-09-05 12:01:20,488 - src.core.architect_evolution_engine - INFO - 🏗️ Architect Evolution Engine initialized for Phase 3
2025-09-05 12:01:20,489 - src.core.architect_evolution_engine - INFO -    Autonomous evolution: enabled
2025-09-05 12:01:20,490 - src.core.architect_evolution_engine - INFO -    Loaded 0 existing insights
2025-09-05 12:01:20,490 - src.core.architect_evolution_engine - INFO -    Loaded 0 evolution strategies
2025-09-05 12:01:20,491 - src.core.meta_cognitive_governor.Governor - INFO - Architect Evolution Engine enabled - Phase 3 autonomous evolution
2025-09-05 12:01:20,510 - src.core.performance_optimization_engine - INFO - ⚡ Initialized 1 adaptive configurations
2025-09-05 12:01:20,512 - src.core.performance_optimization_engine - INFO - ⚡ Real-time optimization thread started
2025-09-05 12:01:20,512 - src.core.performance_optimization_engine - INFO - ⚡ Performance Optimization Engine initialized for Phase 4
2025-09-05 12:01:20,513 - src.core.performance_optimization_engine - INFO -    Real-time optimization: enabled
2025-09-05 12:01:20,513 - src.core.performance_optimization_engine - INFO -    Optimization interval: 60.0s
2025-09-05 12:01:20,514 - src.core.performance_optimization_engine - INFO -    Loaded 0 optimization history entries
2025-09-05 12:01:20,514 - src.core.performance_optimization_engine - INFO -    Adaptive configurations: 1
2025-09-05 12:01:20,515 - src.core.meta_cognitive_governor.Governor - INFO - Performance Optimization Engine enabled - Phase 4 performance maximization
2025-09-05 12:01:20,517 - src.core.meta_cognitive_governor.Governor - INFO - 🔍 Initialized 37 cognitive system monitors
2025-09-05 12:01:20,518 - src.core.meta_cognitive_governor.Governor - INFO - 🧠 MetaCognitiveGovernor initialized - Third Brain online
2025-09-05 12:01:20,519 - __main__ - INFO - 🧠 Meta-cognitive Governor (Third Brain) initialized
2025-09-05 12:01:20,522 - src.core.architect.Architect - INFO - Architect memory management enabled
2025-09-05 12:01:20,524 - src.core.architect.Architect - WARNING - ⚠️ GitPython not available - version control disabled
2025-09-05 12:01:20,524 - src.core.architect.Architect - INFO - 🔬 Architect initialized - Zeroth Brain online
2025-09-05 12:01:20,525 - __main__ - INFO - 🏗️ Architect (Zeroth Brain) initialized
2025-09-05 12:01:20,525 - __main__ - INFO - ✅ Core systems initialized successfully
2025-09-05 12:01:20,526 - src.core.meta_cognitive_dashboard.Dashboard - WARNING - Invalid metric value for status: starting, using 0.0
2025-09-05 12:01:20,527 - __main__ - INFO - 🚀 Starting training mode: meta-cognitive-training
2025-09-05 12:01:20,529 - __main__ - INFO - Meta-Cognitive Training Mode - Comprehensive monitoring
2025-09-05 12:01:20,533 - src.core.meta_cognitive_governor.Governor - INFO - Started outcome measurement outcome_1757091680_1748 for governor_mode_switch
2025-09-05 12:01:20,540 - src.core.meta_cognitive_governor.Governor - INFO - 🎯 Governor recommendation: mode_switch (confidence: 0.80)
2025-09-05 12:01:20,543 - core.adaptive_energy_system - INFO - Energy parameters recalculated: threshold=60.0, interval=3.0min, rate=0.4000
2025-09-05 12:01:20,543 - core.adaptive_energy_system - INFO - Session configured - Actions: 500, Time limit: 30 min, Sleep threshold: 60.0, Sleep interval: 3.0 min
2025-09-05 12:01:20,544 - core.adaptive_energy_system - INFO - Sleep system threshold updated to: 60.0
2025-09-05 12:01:20,544 - src.arc_integration.continuous_learning_loop - INFO - Adaptive energy configured: threshold=60.0, interval=3.0min
2025-09-05 12:01:20,546 - src.arc_integration.continuous_learning_loop - INFO - Started training session session_1757091680 with 2 games using lossless mode
2025-09-05 12:01:20,547 - src.arc_integration.continuous_learning_loop - INFO - Running continuous learning for session session_1757091680
2025-09-05 12:01:20,552 - src.arc_integration.continuous_learning_loop - WARNING - main.py not found in ARC-AGI-3-Agents: .. Running in standalone mode.
2025-09-05 12:01:20,556 - src.arc_integration.continuous_learning_loop - WARNING - main.py not found in ARC-AGI-3-Agents: .. Running in standalone mode.
2025-09-05 12:01:20,567 - arc_integration.arc_meta_learning - INFO - ARC meta-learning state saved to continuous_learning_data\meta_learning_session_1757091680.json
2025-09-05 12:01:20,568 - src.arc_integration.continuous_learning_loop - INFO - Completed training session session_1757091680 - Win rate: 0.0%
2025-09-05 12:01:20,575 - src.core.meta_cognitive_governor.Governor - INFO - Started outcome measurement outcome_1757091680_5188 for governor_parameter_adjustment
2025-09-05 12:01:20,576 - src.core.meta_cognitive_governor.Governor - INFO - 🎯 Governor recommendation: parameter_adjustment (confidence: 0.60)
2025-09-05 12:01:20,578 - core.adaptive_energy_system - INFO - Energy parameters recalculated: threshold=60.0, interval=3.0min, rate=0.4000
2025-09-05 12:01:20,578 - core.adaptive_energy_system - INFO - Session configured - Actions: 500, Time limit: 30 min, Sleep threshold: 60.0, Sleep interval: 3.0 min
2025-09-05 12:01:20,579 - core.adaptive_energy_system - INFO - Sleep system threshold updated to: 60.0
2025-09-05 12:01:20,581 - src.arc_integration.continuous_learning_loop - INFO - Adaptive energy configured: threshold=60.0, interval=3.0min
2025-09-05 12:01:20,585 - src.arc_integration.continuous_learning_loop - INFO - Started training session session_1757091680 with 2 games using lossless mode
2025-09-05 12:01:20,586 - src.arc_integration.continuous_learning_loop - INFO - Running continuous learning for session session_1757091680
2025-09-05 12:01:20,588 - src.arc_integration.continuous_learning_loop - WARNING - main.py not found in ARC-AGI-3-Agents: .. Running in standalone mode.
2025-09-05 12:01:20,594 - src.arc_integration.continuous_learning_loop - WARNING - main.py not found in ARC-AGI-3-Agents: .. Running in standalone mode.
2025-09-05 12:01:20,605 - arc_integration.arc_meta_learning - INFO - ARC meta-learning state saved to continuous_learning_data\meta_learning_session_1757091680.json
2025-09-05 12:01:20,606 - src.arc_integration.continuous_learning_loop - INFO - Completed training session session_1757091680 - Win rate: 0.0%
2025-09-05 12:01:20,610 - src.core.meta_cognitive_governor.Governor - INFO - Started outcome measurement outcome_1757091680_4872 for governor_parameter_adjustment
2025-09-05 12:01:20,611 - src.core.meta_cognitive_governor.Governor - INFO - 🎯 Governor recommendation: parameter_adjustment (confidence: 0.40)
2025-09-05 12:01:20,614 - src.core.architect.Architect - INFO - 🧬 Starting evolution cycle 0
2025-09-05 12:01:20,948 - src.core.architect.Architect - INFO - 🎯 Using training script: master_arc_trainer.py
2025-09-05 12:01:20,957 - src.core.architect.Architect - INFO - 🎮 Running actual ARC training test: C:\Users\Admin\AppData\Local\Microsoft\WindowsApps\PythonSoftwareFoundation.Python.3.13_qbz5n2kfra8p0\python.exe C:\Users\Admin\Documents\GitHub\tabula-rasa\master_arc_trainer.py --mode quick-validation --games test1,test2 --max-cycles 3 --session-duration 2 --no-logs --no-monitoring
2025-09-05 12:02:50,999 - src.core.architect.Architect - WARNING - ⏰ Training test timed out, terminating process
2025-09-05 12:02:51,042 - src.core.architect.Architect - INFO - 🧪 Mutation exploratory_1757091680 tested: overall_improvement=-14.265, duration=90.4s
2025-09-05 12:02:51,093 - core.adaptive_energy_system - INFO - Energy parameters recalculated: threshold=60.0, interval=3.0min, rate=0.4000
2025-09-05 12:02:51,094 - core.adaptive_energy_system - INFO - Session configured - Actions: 500, Time limit: 30 min, Sleep threshold: 60.0, Sleep interval: 3.0 min
2025-09-05 12:02:51,097 - core.adaptive_energy_system - INFO - Sleep system threshold updated to: 60.0
2025-09-05 12:02:51,098 - src.arc_integration.continuous_learning_loop - INFO - Adaptive energy configured: threshold=60.0, interval=3.0min
2025-09-05 12:02:51,100 - src.arc_integration.continuous_learning_loop - INFO - Started training session session_1757091771 with 2 games using lossless mode
2025-09-05 12:02:51,101 - src.arc_integration.continuous_learning_loop - INFO - Running continuous learning for session session_1757091771
2025-09-05 12:02:51,105 - src.arc_integration.continuous_learning_loop - WARNING - main.py not found in ARC-AGI-3-Agents: .. Running in standalone mode.
2025-09-05 12:02:51,112 - src.arc_integration.continuous_learning_loop - WARNING - main.py not found in ARC-AGI-3-Agents: .. Running in standalone mode.
2025-09-05 12:02:51,126 - arc_integration.arc_meta_learning - INFO - ARC meta-learning state saved to continuous_learning_data\meta_learning_session_1757091771.json
2025-09-05 12:02:51,129 - src.arc_integration.continuous_learning_loop - INFO - Completed training session session_1757091771 - Win rate: 0.0%
2025-09-05 12:02:51,151 - __main__ - INFO - Results saved to: master_training_results_1757091771.json
2025-09-05 12:02:51,157 - src.core.meta_cognitive_dashboard.Dashboard - WARNING - Invalid metric value for status: completed, using 0.0
2025-09-05 12:02:51,158 - ContinuousTrainingRunner - INFO - Session 1 completed: success=True, duration=104.5s
