2025-09-05 04:22:30,938 - ContinuousTrainingRunner - WARNING - Dashboard initialization failed: 'charmap' codec can't encode character '\U0001f9e0' in position 0: character maps to <undefined>
2025-09-05 04:23:47,509 - src.core.meta_cognitive_dashboard.Dashboard - WARNING - Display mode headless not available, using console
2025-09-05 04:23:47,511 - src.core.meta_cognitive_dashboard.Dashboard - INFO - Meta-cognitive dashboard initialized in headless mode
2025-09-05 04:23:47,512 - src.core.meta_cognitive_dashboard.Dashboard - INFO - Dashboard monitoring started for session continuous_training_1757064227
2025-09-05 04:23:47,515 - ContinuousTrainingRunner - INFO - Dashboard started in headless mode
2025-09-05 04:26:27,515 - src.core.meta_cognitive_dashboard.Dashboard - WARNING - Display mode headless not available, using console
2025-09-05 04:26:27,518 - src.core.meta_cognitive_dashboard.Dashboard - INFO - Meta-cognitive dashboard initialized in headless mode
2025-09-05 04:26:27,519 - src.core.meta_cognitive_dashboard.Dashboard - INFO - Dashboard monitoring started for session continuous_training_1757064387
2025-09-05 04:26:27,520 - ContinuousTrainingRunner - INFO - Dashboard started in headless mode
2025-09-05 12:01:06,659 - src.core.meta_cognitive_dashboard.Dashboard - INFO - Meta-cognitive dashboard initialized in gui mode
2025-09-05 12:01:06,660 - src.core.meta_cognitive_dashboard.Dashboard - INFO - Dashboard monitoring started for session continuous_training_1757091666
2025-09-05 12:01:06,660 - ContinuousTrainingRunner - INFO - Dashboard started in gui mode
2025-09-05 13:24:39,853 - src.core.meta_cognitive_dashboard.Dashboard - INFO - Meta-cognitive dashboard initialized in gui mode
2025-09-05 13:24:39,854 - src.core.meta_cognitive_dashboard.Dashboard - INFO - Dashboard monitoring started for session continuous_training_1757096679
2025-09-05 13:24:39,855 - ContinuousTrainingRunner - INFO - Dashboard started in gui mode
2025-09-05 13:32:26,448 - src.core.meta_cognitive_dashboard.Dashboard - INFO - Meta-cognitive dashboard initialized in gui mode
2025-09-05 13:32:26,449 - src.core.meta_cognitive_dashboard.Dashboard - INFO - Dashboard monitoring started for session continuous_training_1757097146
2025-09-05 13:32:26,449 - ContinuousTrainingRunner - INFO - Dashboard started in gui mode
2025-09-05 14:39:24,356 - src.core.meta_cognitive_dashboard.Dashboard - INFO - Meta-cognitive dashboard initialized in console mode
2025-09-05 14:39:24,357 - src.core.meta_cognitive_dashboard.Dashboard - INFO - Dashboard monitoring started for session continuous_training_1757101164
2025-09-05 14:39:24,358 - ContinuousTrainingRunner - INFO - Dashboard started in console mode
2025-09-05 23:42:24,563 - src.core.meta_cognitive_dashboard.Dashboard - INFO - GUI dashboard initialized successfully
2025-09-05 23:42:24,565 - src.core.meta_cognitive_dashboard.Dashboard - INFO - Meta-cognitive dashboard initialized in gui mode
2025-09-05 23:42:24,566 - src.core.meta_cognitive_dashboard.Dashboard - INFO - Dashboard monitoring started for session continuous_training_1757133744
2025-09-05 23:42:24,567 - ContinuousTrainingRunner - INFO - Dashboard started in gui mode
2025-09-05 23:42:48,202 - src.core.meta_cognitive_dashboard.Dashboard - INFO - GUI dashboard initialized successfully
2025-09-05 23:42:48,205 - src.core.meta_cognitive_dashboard.Dashboard - INFO - Meta-cognitive dashboard initialized in gui mode
2025-09-05 23:42:48,206 - src.core.meta_cognitive_dashboard.Dashboard - INFO - Dashboard monitoring started for session continuous_training_1757133768
2025-09-05 23:42:48,207 - ContinuousTrainingRunner - INFO - Dashboard started in gui mode
2025-09-06 00:01:28,013 - src.core.meta_cognitive_dashboard.Dashboard - INFO - Meta-cognitive dashboard initialized in console mode
2025-09-06 00:01:28,015 - src.core.meta_cognitive_dashboard.Dashboard - INFO - Dashboard monitoring started for session continuous_training_1757134888
2025-09-06 00:01:28,016 - ContinuousTrainingRunner - INFO - Dashboard started in console mode
2025-09-06 17:06:42,242 - arc_integration.arc_meta_learning - INFO - ARC Meta-Learning System initialized
2025-09-06 17:06:42,243 - src.arc_integration.continuous_learning_loop - INFO - ✅ Enhanced sleep system initialized for memory consolidation
2025-09-06 17:06:42,244 - src.arc_integration.continuous_learning_loop - INFO - ✅ Using unified energy system (adaptive features integrated)
2025-09-06 17:06:42,245 - goals.goal_system - INFO - Goal system initialized in survival phase
2025-09-06 17:06:42,271 - core.agent - INFO - Predictive core initialized with lstm architecture
2025-09-06 17:06:42,274 - core.agent - INFO - DNC memory system initialized and integrated with predictive core
2025-09-06 17:06:42,274 - core.agent - INFO - Learning progress drive initialized
2025-09-06 17:06:42,275 - core.agent - INFO - Energy and death management system initialized
2025-09-06 17:06:42,276 - goals.goal_system - INFO - Goal system initialized in survival phase
2025-09-06 17:06:42,277 - core.agent - INFO - Goal system initialized in survival phase
2025-09-06 17:06:45,122 - core.agent - INFO - Action selection system initialized
2025-09-06 17:06:45,138 - core.agent - INFO - Sleep and dream cycle system initialized
2025-09-06 17:06:45,140 - core.agent - INFO - Monitoring and metrics system initialized
2025-09-06 17:06:45,143 - core.agent - INFO - Meta-learning system initialized
2025-09-06 17:06:45,145 - core.agent - INFO - Adaptive Learning Agent initialized successfully
2025-09-06 17:06:45,146 - src.arc_integration.continuous_learning_loop - INFO - Demo agent initialized for monitoring
2025-09-06 17:06:45,160 - src.arc_integration.continuous_learning_loop - INFO - Continuous Learning Loop initialized with ARC-3 API integration
2025-09-06 17:06:45,161 - __main__ - INFO - ✅ Coordinate intelligence initialized
2025-09-06 17:06:45,167 - src.core.meta_cognitive_governor.Governor - INFO - Outcome tracking enabled
2025-09-06 17:06:45,175 - src.core.meta_cognitive_governor.Governor - INFO - Loaded 0 learned patterns from disk
2025-09-06 17:06:45,176 - src.core.meta_cognitive_governor.Governor - INFO - Cross-session learning manager initialized with 0 existing patterns
2025-09-06 17:06:45,177 - src.core.meta_cognitive_governor.Governor - INFO - Cross-session learning enabled
2025-09-06 17:06:45,180 - src.core.meta_cognitive_governor.Governor - INFO - Meta-cognitive memory management enabled
2025-09-06 17:06:45,182 - src.core.meta_cognitive_governor.Governor - INFO - Memory pattern optimization enabled - Phase 1 immediate wins
2025-09-06 17:06:48,174 - src.core.hierarchical_memory_clusterer - INFO - 🗂️ HierarchicalMemoryClusterer initialized for Phase 2
2025-09-06 17:06:48,175 - src.core.meta_cognitive_governor.Governor - INFO - Hierarchical memory clustering enabled - Phase 2 intelligent clusters
2025-09-06 17:06:48,181 - src.core.architect_evolution_engine - WARNING - Failed to load evolution state: Expecting value: line 1 column 1 (char 0)
2025-09-06 17:06:48,182 - src.core.architect_evolution_engine - INFO - 🏗️ Architect Evolution Engine initialized for Phase 3
2025-09-06 17:06:48,183 - src.core.architect_evolution_engine - INFO -    Autonomous evolution: enabled
2025-09-06 17:06:48,184 - src.core.architect_evolution_engine - INFO -    Loaded 0 existing insights
2025-09-06 17:06:48,186 - src.core.architect_evolution_engine - INFO -    Loaded 0 evolution strategies
2025-09-06 17:06:48,187 - src.core.meta_cognitive_governor.Governor - INFO - Architect Evolution Engine enabled - Phase 3 autonomous evolution
2025-09-06 17:06:48,195 - src.core.performance_optimization_engine - INFO - ⚡ Initialized 1 adaptive configurations
2025-09-06 17:06:48,198 - src.core.performance_optimization_engine - INFO - ⚡ Real-time optimization thread started
2025-09-06 17:06:48,199 - src.core.performance_optimization_engine - INFO - ⚡ Performance Optimization Engine initialized for Phase 4
2025-09-06 17:06:48,200 - src.core.performance_optimization_engine - INFO -    Real-time optimization: enabled
2025-09-06 17:06:48,201 - src.core.performance_optimization_engine - INFO -    Optimization interval: 60.0s
2025-09-06 17:06:48,203 - src.core.performance_optimization_engine - INFO -    Loaded 0 optimization history entries
2025-09-06 17:06:48,205 - src.core.performance_optimization_engine - INFO -    Adaptive configurations: 1
2025-09-06 17:06:48,206 - src.core.meta_cognitive_governor.Governor - INFO - Performance Optimization Engine enabled - Phase 4 performance maximization
2025-09-06 17:06:48,208 - src.core.meta_cognitive_governor.Governor - INFO - 🔍 Initialized 37 cognitive system monitors
2025-09-06 17:06:48,209 - src.core.meta_cognitive_governor.Governor - INFO - 🧠 MetaCognitiveGovernor initialized - Third Brain online
2025-09-06 17:06:48,209 - __main__ - INFO - 🧠 Meta-cognitive Governor (Third Brain) initialized
2025-09-06 17:06:48,211 - src.core.architect.Architect - INFO - Architect memory management enabled
2025-09-06 17:06:48,214 - src.core.architect.Architect - INFO - ✅ Already on correct branch: Tabula-Rasa-v3
2025-09-06 17:06:48,215 - src.core.architect.Architect - INFO - ✅ GitIgnore already configured for Architect control
2025-09-06 17:06:48,216 - src.core.architect.Architect - INFO - 🔬 Architect initialized - Zeroth Brain online
2025-09-06 17:06:48,217 - __main__ - INFO - 🏗️ Architect (Zeroth Brain) initialized
2025-09-06 17:06:48,219 - __main__ - INFO - ✅ Core systems initialized successfully
2025-09-06 17:06:48,220 - __main__ - INFO - 🚀 Starting training mode: quick-validation
2025-09-06 17:06:48,221 - __main__ - INFO - ⚡ Quick Validation Mode - Rapid testing
2025-09-06 17:06:48,222 - src.arc_integration.continuous_learning_loop - INFO - ✅ Unified energy system configured: current=62.3/100, sleep_threshold=40.0, energy_costs=standardized
2025-09-06 17:06:48,223 - src.arc_integration.continuous_learning_loop - INFO - Started training session session_1757196408 with 2 games using lossless mode
2025-09-06 17:06:48,224 - src.arc_integration.continuous_learning_loop - INFO - Running continuous learning for session session_1757196408
2025-09-06 17:06:48,225 - src.arc_integration.continuous_learning_loop - WARNING - main.py not found in ARC-AGI-3-Agents: .. Running in standalone mode.
2025-09-06 17:07:36,151 - src.arc_integration.continuous_learning_loop - WARNING - main.py not found in ARC-AGI-3-Agents: .. Running in standalone mode.
