2025-09-05 04:08:27,011 - arc_integration.arc_meta_learning - INFO - ARC Meta-Learning System initialized
2025-09-05 04:08:27,012 - src.arc_integration.continuous_learning_loop - INFO - ✅ Enhanced sleep system initialized for memory consolidation
2025-09-05 04:08:27,012 - core.adaptive_energy_system - INFO - AdaptiveEnergySystem initialized with config: EnergyConfig(max_energy=100.0, base_depletion_rate=0.08, action_based_depletion=0.25, sleep_trigger_threshold=60.0, min_sleep_threshold=20.0, max_sleep_threshold=60.0, time_based_sleep_interval=3.0, min_time_interval=1.0, max_time_interval=8.0, success_rate_multiplier=0.8, failure_rate_multiplier=1.2)
2025-09-05 04:08:27,016 - src.arc_integration.continuous_learning_loop - INFO - ✅ Adaptive energy system initialized for win rate-based sleep scheduling
2025-09-05 04:08:27,017 - goals.goal_system - INFO - Goal system initialized in survival phase
2025-09-05 04:08:27,042 - core.agent - INFO - Predictive core initialized with lstm architecture
2025-09-05 04:08:27,044 - core.agent - INFO - DNC memory system initialized and integrated with predictive core
2025-09-05 04:08:27,044 - core.agent - INFO - Learning progress drive initialized
2025-09-05 04:08:27,045 - core.agent - INFO - Energy and death management system initialized
2025-09-05 04:08:27,045 - goals.goal_system - INFO - Goal system initialized in survival phase
2025-09-05 04:08:27,046 - core.agent - INFO - Goal system initialized in survival phase
2025-09-05 04:08:29,281 - core.agent - INFO - Action selection system initialized
2025-09-05 04:08:29,282 - core.agent - INFO - Sleep and dream cycle system initialized
2025-09-05 04:08:29,282 - core.agent - INFO - Monitoring and metrics system initialized
2025-09-05 04:08:29,285 - core.agent - INFO - Meta-learning system initialized
2025-09-05 04:08:29,286 - core.agent - INFO - Adaptive Learning Agent initialized successfully
2025-09-05 04:08:29,286 - src.arc_integration.continuous_learning_loop - INFO - Demo agent initialized for monitoring
2025-09-05 04:08:29,288 - src.arc_integration.continuous_learning_loop - INFO - Continuous Learning Loop initialized with ARC-3 API integration
2025-09-05 04:08:29,289 - master_arc_trainer - INFO - ✅ Coordinate intelligence initialized
2025-09-05 04:08:29,289 - src.core.meta_cognitive_governor.Governor - INFO - 🔍 Initialized 37 cognitive system monitors
2025-09-05 04:08:29,290 - src.core.meta_cognitive_governor.Governor - INFO - 🧠 MetaCognitiveGovernor initialized - Third Brain online
2025-09-05 04:08:29,290 - master_arc_trainer - INFO - 🧠 Meta-cognitive Governor (Third Brain) initialized
2025-09-05 04:08:29,294 - src.core.architect.Architect - INFO - ✅ Already on correct branch: Tabula-Rasa-v3
2025-09-05 04:08:29,295 - src.core.architect.Architect - INFO - 🔬 Architect initialized - Zeroth Brain online
2025-09-05 04:08:29,295 - master_arc_trainer - INFO - 🏗️ Architect (Zeroth Brain) initialized
2025-09-05 04:08:29,296 - master_arc_trainer - INFO - ✅ Core systems initialized successfully
