2025-09-06 14:25:28,789 - INFO - arc_integration.arc_meta_learning - ARC Meta-Learning System initialized
2025-09-06 14:25:28,790 - INFO - src.arc_integration.continuous_learning_loop - ✅ Enhanced sleep system initialized for memory consolidation
2025-09-06 14:25:28,791 - INFO - src.arc_integration.continuous_learning_loop - ✅ Using unified energy system (adaptive features integrated)
2025-09-06 14:25:28,791 - INFO - goals.goal_system - Goal system initialized in survival phase
2025-09-06 14:25:28,827 - INFO - core.agent - Predictive core initialized with lstm architecture
2025-09-06 14:25:28,842 - INFO - core.agent - DNC memory system initialized and integrated with predictive core
2025-09-06 14:25:28,843 - INFO - core.agent - Learning progress drive initialized
2025-09-06 14:25:28,843 - INFO - core.agent - Energy and death management system initialized
2025-09-06 14:25:28,843 - INFO - goals.goal_system - Goal system initialized in survival phase
2025-09-06 14:25:28,844 - INFO - core.agent - Goal system initialized in survival phase
2025-09-06 14:25:33,974 - INFO - core.agent - Action selection system initialized
2025-09-06 14:25:33,975 - INFO - core.agent - Sleep and dream cycle system initialized
2025-09-06 14:25:33,976 - INFO - core.agent - Monitoring and metrics system initialized
2025-09-06 14:25:33,978 - INFO - core.agent - Meta-learning system initialized
2025-09-06 14:25:33,981 - INFO - core.agent - Adaptive Learning Agent initialized successfully
2025-09-06 14:25:33,981 - INFO - src.arc_integration.continuous_learning_loop - Demo agent initialized for monitoring
2025-09-06 14:25:33,982 - INFO - src.arc_integration.continuous_learning_loop - Continuous Learning Loop initialized with ARC-3 API integration
2025-09-06 14:25:33,984 - INFO - __main__ - ✅ Coordinate intelligence initialized
2025-09-06 14:25:33,989 - INFO - src.core.meta_cognitive_governor.Governor - Outcome tracking enabled
2025-09-06 14:25:33,998 - INFO - src.core.meta_cognitive_governor.Governor - Loaded 0 learned patterns from disk
2025-09-06 14:25:33,999 - INFO - src.core.meta_cognitive_governor.Governor - Cross-session learning manager initialized with 0 existing patterns
2025-09-06 14:25:33,999 - INFO - src.core.meta_cognitive_governor.Governor - Cross-session learning enabled
2025-09-06 14:25:34,019 - INFO - src.core.meta_cognitive_governor.Governor - Meta-cognitive memory management enabled
2025-09-06 14:25:34,023 - INFO - src.core.meta_cognitive_governor.Governor - Memory pattern optimization enabled - Phase 1 immediate wins
2025-09-06 14:25:45,519 - INFO - src.core.hierarchical_memory_clusterer - 🗂️ HierarchicalMemoryClusterer initialized for Phase 2
2025-09-06 14:25:45,519 - INFO - src.core.meta_cognitive_governor.Governor - Hierarchical memory clustering enabled - Phase 2 intelligent clusters
2025-09-06 14:25:45,525 - WARNING - src.core.architect_evolution_engine - Failed to load evolution state: Expecting value: line 1 column 1 (char 0)
2025-09-06 14:25:45,525 - INFO - src.core.architect_evolution_engine - 🏗️ Architect Evolution Engine initialized for Phase 3
2025-09-06 14:25:45,525 - INFO - src.core.architect_evolution_engine -    Autonomous evolution: enabled
2025-09-06 14:25:45,526 - INFO - src.core.architect_evolution_engine -    Loaded 0 existing insights
2025-09-06 14:25:45,526 - INFO - src.core.architect_evolution_engine -    Loaded 0 evolution strategies
2025-09-06 14:25:45,526 - INFO - src.core.meta_cognitive_governor.Governor - Architect Evolution Engine enabled - Phase 3 autonomous evolution
2025-09-06 14:25:45,535 - INFO - src.core.performance_optimization_engine - ⚡ Initialized 1 adaptive configurations
2025-09-06 14:25:45,536 - INFO - src.core.performance_optimization_engine - ⚡ Real-time optimization thread started
2025-09-06 14:25:45,537 - INFO - src.core.performance_optimization_engine - ⚡ Performance Optimization Engine initialized for Phase 4
2025-09-06 14:25:45,537 - INFO - src.core.performance_optimization_engine -    Real-time optimization: enabled
2025-09-06 14:25:45,538 - INFO - src.core.performance_optimization_engine -    Optimization interval: 60.0s
2025-09-06 14:25:45,538 - INFO - src.core.performance_optimization_engine -    Loaded 0 optimization history entries
2025-09-06 14:25:45,538 - INFO - src.core.performance_optimization_engine -    Adaptive configurations: 1
2025-09-06 14:25:45,539 - INFO - src.core.meta_cognitive_governor.Governor - Performance Optimization Engine enabled - Phase 4 performance maximization
2025-09-06 14:25:45,539 - INFO - src.core.meta_cognitive_governor.Governor - 🔍 Initialized 37 cognitive system monitors
2025-09-06 14:25:45,540 - INFO - src.core.meta_cognitive_governor.Governor - 🧠 MetaCognitiveGovernor initialized - Third Brain online
2025-09-06 14:25:45,540 - INFO - __main__ - 🧠 Meta-cognitive Governor (Third Brain) initialized
2025-09-06 14:25:45,543 - INFO - src.core.architect.Architect - Architect memory management enabled
2025-09-06 14:25:45,546 - INFO - src.core.architect.Architect - ✅ Already on correct branch: Tabula-Rasa-v3
2025-09-06 14:25:45,547 - INFO - src.core.architect.Architect - ✅ GitIgnore already configured for Architect control
2025-09-06 14:25:45,548 - INFO - src.core.architect.Architect - 🔬 Architect initialized - Zeroth Brain online
2025-09-06 14:25:45,548 - INFO - __main__ - 🏗️ Architect (Zeroth Brain) initialized
2025-09-06 14:25:45,548 - INFO - __main__ - ✅ Core systems initialized successfully
2025-09-06 14:25:45,549 - INFO - __main__ - 🚀 Starting training mode: quick-validation
2025-09-06 14:25:45,549 - INFO - __main__ - ⚡ Quick Validation Mode - Rapid testing
2025-09-06 14:25:45,549 - INFO - __main__ - No games specified, fetching from ARC-AGI-3 API...
2025-09-06 14:25:45,989 - INFO - src.arc_integration.continuous_learning_loop - Retrieved 6 available games from ARC-AGI-3 API
2025-09-06 14:25:45,991 - INFO - __main__ - Selected 6 games from ARC API: ['sp80-5f3511b239b8', 'ft09-f340c8e5138e', 'vc33-58ec4396715d', 'lp85-2e205bbe3622', 'ls20-fa137e247ce6', 'as66-821a4dcad9c2']
2025-09-06 14:25:45,991 - INFO - src.arc_integration.continuous_learning_loop - ✅ Unified energy system configured: current=85.4/100, sleep_threshold=40.0, energy_costs=standardized
2025-09-06 14:25:45,992 - INFO - src.arc_integration.continuous_learning_loop - Started training session session_1757186745 with 6 games using lossless mode
2025-09-06 14:25:45,992 - INFO - src.arc_integration.continuous_learning_loop - Running continuous learning for session session_1757186745
2025-09-06 14:25:46,476 - WARNING - src.arc_integration.continuous_learning_loop - Frame analysis failed for ft09-f340c8e5138e: max() iterable argument is empty
2025-09-06 14:25:46,477 - INFO - src.arc_integration.continuous_learning_loop - 🧠 Loaded action intelligence for ft09-f340c8e5138e: 1 effective actions
2025-09-06 14:25:46,478 - INFO - src.arc_integration.continuous_learning_loop - 🎮 Initialized actions for ft09-f340c8e5138e: [6] (loaded 1 cached patterns)
2025-09-06 14:25:46,689 - WARNING - src.arc_integration.continuous_learning_loop - Frame analysis failed for vc33-58ec4396715d: max() iterable argument is empty
2025-09-06 14:25:46,690 - INFO - src.arc_integration.continuous_learning_loop - 🧠 Loaded action intelligence for vc33-58ec4396715d: 1 effective actions
2025-09-06 14:25:46,691 - INFO - src.arc_integration.continuous_learning_loop - 🎮 Initialized actions for vc33-58ec4396715d: [6] (loaded 1 cached patterns)
2025-09-06 14:25:46,701 - WARNING - src.arc_integration.continuous_learning_loop - Frame analysis failed for sp80-5f3511b239b8: max() iterable argument is empty
2025-09-06 14:25:46,704 - INFO - src.arc_integration.continuous_learning_loop - 🧠 Loaded action intelligence for sp80-5f3511b239b8: 5 effective actions
2025-09-06 14:25:46,707 - INFO - src.arc_integration.continuous_learning_loop - 🎮 Initialized actions for sp80-5f3511b239b8: [1, 2, 3, 4, 5, 6] (loaded 5 cached patterns)
2025-09-06 14:25:46,832 - INFO - src.arc_integration.continuous_learning_loop - Action 6 successful for ft09-f340c8e5138e
2025-09-06 14:25:46,833 - INFO - src.arc_integration.continuous_learning_loop - 🎮 Initialized actions for ft09-f340c8e5138e: [6] (loaded 1 cached patterns)
2025-09-06 14:25:47,073 - INFO - src.arc_integration.continuous_learning_loop - Action 6 successful for vc33-58ec4396715d
2025-09-06 14:25:47,076 - INFO - src.arc_integration.continuous_learning_loop - 🎮 Initialized actions for vc33-58ec4396715d: [6] (loaded 1 cached patterns)
2025-09-06 14:25:47,094 - INFO - src.arc_integration.continuous_learning_loop - Action 1 successful for sp80-5f3511b239b8
2025-09-06 14:25:47,095 - INFO - src.arc_integration.continuous_learning_loop - 🎮 Initialized actions for sp80-5f3511b239b8: [1, 2, 3, 4, 5, 6] (loaded 5 cached patterns)
2025-09-06 14:25:47,105 - WARNING - src.arc_integration.continuous_learning_loop - Frame analysis failed for ft09-f340c8e5138e: max() iterable argument is empty
2025-09-06 14:25:47,108 - INFO - src.arc_integration.continuous_learning_loop - 🎮 Initialized actions for ft09-f340c8e5138e: [6] (loaded 1 cached patterns)
2025-09-06 14:25:47,271 - WARNING - src.arc_integration.continuous_learning_loop - Frame analysis failed for vc33-58ec4396715d: max() iterable argument is empty
2025-09-06 14:25:47,274 - INFO - src.arc_integration.continuous_learning_loop - 🎮 Initialized actions for vc33-58ec4396715d: [6] (loaded 1 cached patterns)
2025-09-06 14:25:47,286 - WARNING - src.arc_integration.continuous_learning_loop - Frame analysis failed for sp80-5f3511b239b8: max() iterable argument is empty
2025-09-06 14:25:47,286 - INFO - src.arc_integration.continuous_learning_loop - 🎮 Initialized actions for sp80-5f3511b239b8: [1, 2, 3, 4, 5, 6] (loaded 5 cached patterns)
2025-09-06 14:25:47,372 - INFO - src.arc_integration.continuous_learning_loop - Action 6 successful for ft09-f340c8e5138e
2025-09-06 14:25:47,373 - INFO - src.arc_integration.continuous_learning_loop - 🎮 Initialized actions for ft09-f340c8e5138e: [6] (loaded 1 cached patterns)
2025-09-06 14:25:47,533 - INFO - src.arc_integration.continuous_learning_loop - Action 6 successful for vc33-58ec4396715d
2025-09-06 14:25:47,533 - INFO - src.arc_integration.continuous_learning_loop - 🎮 Initialized actions for vc33-58ec4396715d: [6] (loaded 1 cached patterns)
2025-09-06 14:25:47,587 - INFO - src.arc_integration.continuous_learning_loop - Action 1 successful for sp80-5f3511b239b8
2025-09-06 14:25:47,593 - INFO - src.arc_integration.continuous_learning_loop - 🎮 Initialized actions for sp80-5f3511b239b8: [1, 2, 3, 4, 5, 6] (loaded 5 cached patterns)
2025-09-06 14:25:47,599 - WARNING - src.arc_integration.continuous_learning_loop - Frame analysis failed for ft09-f340c8e5138e: max() iterable argument is empty
2025-09-06 14:25:47,601 - INFO - src.arc_integration.continuous_learning_loop - 🎮 Initialized actions for ft09-f340c8e5138e: [6] (loaded 1 cached patterns)
2025-09-06 14:25:47,726 - INFO - src.arc_integration.continuous_learning_loop - Action 6 successful for ft09-f340c8e5138e
2025-09-06 14:25:47,779 - WARNING - src.arc_integration.continuous_learning_loop - Frame analysis failed for vc33-58ec4396715d: max() iterable argument is empty
2025-09-06 14:25:47,780 - INFO - src.arc_integration.continuous_learning_loop - 🎮 Initialized actions for vc33-58ec4396715d: [6] (loaded 1 cached patterns)
2025-09-06 14:25:47,789 - WARNING - src.arc_integration.continuous_learning_loop - Frame analysis failed for sp80-5f3511b239b8: max() iterable argument is empty
2025-09-06 14:25:47,791 - INFO - src.arc_integration.continuous_learning_loop - 🎮 Initialized actions for sp80-5f3511b239b8: [1, 2, 3, 4, 5, 6] (loaded 5 cached patterns)
2025-09-06 14:25:47,909 - WARNING - src.arc_integration.continuous_learning_loop - Frame analysis failed for ft09-f340c8e5138e: max() iterable argument is empty
2025-09-06 14:25:47,910 - INFO - src.arc_integration.continuous_learning_loop - 🎮 Initialized actions for ft09-f340c8e5138e: [6] (loaded 1 cached patterns)
2025-09-06 14:25:47,915 - INFO - src.arc_integration.continuous_learning_loop - Action 6 successful for vc33-58ec4396715d
2025-09-06 14:25:47,916 - INFO - src.arc_integration.continuous_learning_loop - 🎮 Initialized actions for vc33-58ec4396715d: [6] (loaded 1 cached patterns)
2025-09-06 14:25:47,926 - INFO - src.arc_integration.continuous_learning_loop - Action 1 successful for sp80-5f3511b239b8
2025-09-06 14:25:47,926 - INFO - src.arc_integration.continuous_learning_loop - 🎮 Initialized actions for sp80-5f3511b239b8: [1, 2, 3, 4, 5, 6] (loaded 5 cached patterns)
2025-09-06 14:25:48,035 - INFO - src.arc_integration.continuous_learning_loop - Action 6 successful for ft09-f340c8e5138e
2025-09-06 14:25:48,036 - INFO - src.arc_integration.continuous_learning_loop - 🎮 Initialized actions for ft09-f340c8e5138e: [6] (loaded 1 cached patterns)
2025-09-06 14:25:48,106 - WARNING - src.arc_integration.continuous_learning_loop - Frame analysis failed for vc33-58ec4396715d: max() iterable argument is empty
2025-09-06 14:25:48,123 - INFO - src.arc_integration.continuous_learning_loop - 🎮 Initialized actions for vc33-58ec4396715d: [6] (loaded 1 cached patterns)
2025-09-06 14:25:48,146 - WARNING - src.arc_integration.continuous_learning_loop - Frame analysis failed for sp80-5f3511b239b8: max() iterable argument is empty
2025-09-06 14:25:48,162 - INFO - src.arc_integration.continuous_learning_loop - 🎮 Initialized actions for sp80-5f3511b239b8: [1, 2, 3, 4, 5, 6] (loaded 5 cached patterns)
2025-09-06 14:25:48,242 - WARNING - src.arc_integration.continuous_learning_loop - Frame analysis failed for ft09-f340c8e5138e: max() iterable argument is empty
2025-09-06 14:25:48,248 - INFO - src.arc_integration.continuous_learning_loop - 🎮 Initialized actions for ft09-f340c8e5138e: [6] (loaded 1 cached patterns)
2025-09-06 14:25:48,393 - INFO - src.arc_integration.continuous_learning_loop - Action 2 successful for sp80-5f3511b239b8
2025-09-06 14:25:48,404 - INFO - src.arc_integration.continuous_learning_loop - 🎮 Initialized actions for sp80-5f3511b239b8: [1, 2, 3, 4, 5, 6] (loaded 5 cached patterns)
2025-09-06 14:25:48,447 - INFO - src.arc_integration.continuous_learning_loop - Action 6 successful for vc33-58ec4396715d
2025-09-06 14:25:48,458 - INFO - src.arc_integration.continuous_learning_loop - 🎮 Initialized actions for vc33-58ec4396715d: [6] (loaded 1 cached patterns)
2025-09-06 14:25:48,705 - INFO - src.arc_integration.continuous_learning_loop - Action 6 successful for ft09-f340c8e5138e
2025-09-06 14:25:48,717 - INFO - src.arc_integration.continuous_learning_loop - 🎮 Initialized actions for ft09-f340c8e5138e: [6] (loaded 1 cached patterns)
2025-09-06 14:25:49,155 - WARNING - src.arc_integration.continuous_learning_loop - Frame analysis failed for sp80-5f3511b239b8: max() iterable argument is empty
2025-09-06 14:25:49,197 - INFO - src.arc_integration.continuous_learning_loop - 🎮 Initialized actions for sp80-5f3511b239b8: [1, 2, 3, 4, 5, 6] (loaded 5 cached patterns)
2025-09-06 14:25:49,688 - WARNING - src.arc_integration.continuous_learning_loop - Frame analysis failed for vc33-58ec4396715d: max() iterable argument is empty
2025-09-06 14:25:49,716 - INFO - src.arc_integration.continuous_learning_loop - 🎮 Initialized actions for vc33-58ec4396715d: [6] (loaded 1 cached patterns)
2025-09-06 14:25:49,957 - INFO - src.arc_integration.continuous_learning_loop - Action 1 successful for sp80-5f3511b239b8
2025-09-06 14:25:49,958 - INFO - src.arc_integration.continuous_learning_loop - 🎮 Initialized actions for sp80-5f3511b239b8: [1, 2, 3, 4, 5, 6] (loaded 5 cached patterns)
2025-09-06 14:25:49,963 - INFO - src.arc_integration.continuous_learning_loop - Action 6 successful for vc33-58ec4396715d
2025-09-06 14:25:49,964 - INFO - src.arc_integration.continuous_learning_loop - 🎮 Initialized actions for vc33-58ec4396715d: [6] (loaded 1 cached patterns)
2025-09-06 14:25:50,043 - WARNING - src.arc_integration.continuous_learning_loop - Frame analysis failed for ft09-f340c8e5138e: max() iterable argument is empty
2025-09-06 14:25:50,046 - INFO - src.arc_integration.continuous_learning_loop - 🎮 Initialized actions for ft09-f340c8e5138e: [6] (loaded 1 cached patterns)
2025-09-06 14:25:50,140 - WARNING - src.arc_integration.continuous_learning_loop - Frame analysis failed for sp80-5f3511b239b8: max() iterable argument is empty
2025-09-06 14:25:50,142 - INFO - src.arc_integration.continuous_learning_loop - 🎮 Initialized actions for sp80-5f3511b239b8: [1, 2, 3, 4, 5, 6] (loaded 5 cached patterns)
2025-09-06 14:25:50,154 - WARNING - src.arc_integration.continuous_learning_loop - Frame analysis failed for vc33-58ec4396715d: max() iterable argument is empty
2025-09-06 14:25:50,155 - INFO - src.arc_integration.continuous_learning_loop - 🎮 Initialized actions for vc33-58ec4396715d: [6] (loaded 1 cached patterns)
2025-09-06 14:25:50,163 - INFO - src.arc_integration.continuous_learning_loop - Action 6 successful for ft09-f340c8e5138e
2025-09-06 14:25:50,164 - INFO - src.arc_integration.continuous_learning_loop - 🎮 Initialized actions for ft09-f340c8e5138e: [6] (loaded 1 cached patterns)
2025-09-06 14:25:50,291 - INFO - src.arc_integration.continuous_learning_loop - Action 1 successful for sp80-5f3511b239b8
2025-09-06 14:25:50,292 - INFO - src.arc_integration.continuous_learning_loop - 🎮 Initialized actions for sp80-5f3511b239b8: [1, 2, 3, 4, 5, 6] (loaded 5 cached patterns)
2025-09-06 14:25:50,303 - INFO - src.arc_integration.continuous_learning_loop - Action 6 successful for vc33-58ec4396715d
2025-09-06 14:25:50,305 - INFO - src.arc_integration.continuous_learning_loop - 🎮 Initialized actions for vc33-58ec4396715d: [6] (loaded 1 cached patterns)
2025-09-06 14:25:50,342 - WARNING - src.arc_integration.continuous_learning_loop - Frame analysis failed for ft09-f340c8e5138e: max() iterable argument is empty
2025-09-06 14:25:50,343 - INFO - src.arc_integration.continuous_learning_loop - 🎮 Initialized actions for ft09-f340c8e5138e: [6] (loaded 1 cached patterns)
2025-09-06 14:25:50,439 - INFO - src.arc_integration.continuous_learning_loop - Action 6 successful for ft09-f340c8e5138e
2025-09-06 14:25:50,477 - WARNING - src.arc_integration.continuous_learning_loop - Frame analysis failed for sp80-5f3511b239b8: max() iterable argument is empty
2025-09-06 14:25:50,478 - INFO - src.arc_integration.continuous_learning_loop - 🎮 Initialized actions for sp80-5f3511b239b8: [1, 2, 3, 4, 5, 6] (loaded 5 cached patterns)
2025-09-06 14:25:50,483 - WARNING - src.arc_integration.continuous_learning_loop - Frame analysis failed for vc33-58ec4396715d: max() iterable argument is empty
2025-09-06 14:25:50,483 - INFO - src.arc_integration.continuous_learning_loop - 🎮 Initialized actions for vc33-58ec4396715d: [6] (loaded 1 cached patterns)
2025-09-06 14:25:50,586 - INFO - src.arc_integration.continuous_learning_loop - Action 3 successful for sp80-5f3511b239b8
2025-09-06 14:25:50,586 - INFO - src.arc_integration.continuous_learning_loop - 🎮 Initialized actions for sp80-5f3511b239b8: [1, 2, 3, 4, 5, 6] (loaded 5 cached patterns)
2025-09-06 14:25:50,589 - INFO - src.arc_integration.continuous_learning_loop - Action 6 successful for vc33-58ec4396715d
2025-09-06 14:25:50,589 - INFO - src.arc_integration.continuous_learning_loop - 🎮 Initialized actions for vc33-58ec4396715d: [6] (loaded 1 cached patterns)
2025-09-06 14:25:50,606 - WARNING - src.arc_integration.continuous_learning_loop - Frame analysis failed for ft09-f340c8e5138e: max() iterable argument is empty
2025-09-06 14:25:50,606 - INFO - src.arc_integration.continuous_learning_loop - 🎮 Initialized actions for ft09-f340c8e5138e: [6] (loaded 1 cached patterns)
2025-09-06 14:25:50,706 - INFO - src.arc_integration.continuous_learning_loop - Action 6 successful for ft09-f340c8e5138e
2025-09-06 14:25:50,760 - WARNING - src.arc_integration.continuous_learning_loop - Frame analysis failed for sp80-5f3511b239b8: max() iterable argument is empty
2025-09-06 14:25:50,761 - INFO - src.arc_integration.continuous_learning_loop - 🎮 Initialized actions for sp80-5f3511b239b8: [1, 2, 3, 4, 5, 6] (loaded 5 cached patterns)
2025-09-06 14:25:50,766 - WARNING - src.arc_integration.continuous_learning_loop - Frame analysis failed for vc33-58ec4396715d: max() iterable argument is empty
2025-09-06 14:25:50,766 - INFO - src.arc_integration.continuous_learning_loop - 🎮 Initialized actions for vc33-58ec4396715d: [6] (loaded 1 cached patterns)
2025-09-06 14:25:50,883 - WARNING - src.arc_integration.continuous_learning_loop - Frame analysis failed for ft09-f340c8e5138e: max() iterable argument is empty
2025-09-06 14:25:50,883 - INFO - src.arc_integration.continuous_learning_loop - 🎮 Initialized actions for ft09-f340c8e5138e: [6] (loaded 1 cached patterns)
2025-09-06 14:25:50,992 - INFO - src.arc_integration.continuous_learning_loop - Action 6 successful for ft09-f340c8e5138e
2025-09-06 14:25:51,012 - INFO - src.arc_integration.continuous_learning_loop - Action 6 successful for vc33-58ec4396715d
2025-09-06 14:25:51,012 - INFO - src.arc_integration.continuous_learning_loop - 🎮 Initialized actions for vc33-58ec4396715d: [6] (loaded 1 cached patterns)
2025-09-06 14:25:51,018 - INFO - src.arc_integration.continuous_learning_loop - Action 1 successful for sp80-5f3511b239b8
2025-09-06 14:25:51,018 - INFO - src.arc_integration.continuous_learning_loop - 🎮 Initialized actions for sp80-5f3511b239b8: [1, 2, 3, 4, 5, 6] (loaded 5 cached patterns)
2025-09-06 14:25:51,188 - WARNING - src.arc_integration.continuous_learning_loop - Frame analysis failed for ft09-f340c8e5138e: max() iterable argument is empty
2025-09-06 14:25:51,189 - INFO - src.arc_integration.continuous_learning_loop - 🎮 Initialized actions for ft09-f340c8e5138e: [6] (loaded 1 cached patterns)
2025-09-06 14:25:51,197 - WARNING - src.arc_integration.continuous_learning_loop - Frame analysis failed for vc33-58ec4396715d: max() iterable argument is empty
2025-09-06 14:25:51,197 - INFO - src.arc_integration.continuous_learning_loop - 🎮 Initialized actions for vc33-58ec4396715d: [6] (loaded 1 cached patterns)
2025-09-06 14:25:51,203 - WARNING - src.arc_integration.continuous_learning_loop - Frame analysis failed for sp80-5f3511b239b8: max() iterable argument is empty
2025-09-06 14:25:51,203 - INFO - src.arc_integration.continuous_learning_loop - 🎮 Initialized actions for sp80-5f3511b239b8: [1, 2, 3, 4, 5, 6] (loaded 5 cached patterns)
2025-09-06 14:25:51,300 - INFO - src.arc_integration.continuous_learning_loop - Action 6 successful for ft09-f340c8e5138e
2025-09-06 14:25:51,301 - INFO - src.arc_integration.continuous_learning_loop - 🎮 Initialized actions for ft09-f340c8e5138e: [6] (loaded 1 cached patterns)
2025-09-06 14:25:51,431 - INFO - src.arc_integration.continuous_learning_loop - Action 6 successful for vc33-58ec4396715d
2025-09-06 14:25:51,431 - INFO - src.arc_integration.continuous_learning_loop - 🎮 Initialized actions for vc33-58ec4396715d: [6] (loaded 1 cached patterns)
2025-09-06 14:25:51,439 - INFO - src.arc_integration.continuous_learning_loop - Action 1 successful for sp80-5f3511b239b8
2025-09-06 14:25:51,440 - INFO - src.arc_integration.continuous_learning_loop - 🎮 Initialized actions for sp80-5f3511b239b8: [1, 2, 3, 4, 5, 6] (loaded 5 cached patterns)
2025-09-06 14:25:51,465 - WARNING - src.arc_integration.continuous_learning_loop - Frame analysis failed for ft09-f340c8e5138e: max() iterable argument is empty
2025-09-06 14:25:51,466 - INFO - src.arc_integration.continuous_learning_loop - 🎮 Initialized actions for ft09-f340c8e5138e: [6] (loaded 1 cached patterns)
2025-09-06 14:25:51,606 - WARNING - src.arc_integration.continuous_learning_loop - Frame analysis failed for vc33-58ec4396715d: max() iterable argument is empty
2025-09-06 14:25:51,608 - INFO - src.arc_integration.continuous_learning_loop - 🎮 Initialized actions for vc33-58ec4396715d: [6] (loaded 1 cached patterns)
2025-09-06 14:25:51,624 - WARNING - src.arc_integration.continuous_learning_loop - Frame analysis failed for sp80-5f3511b239b8: max() iterable argument is empty
2025-09-06 14:25:51,625 - INFO - src.arc_integration.continuous_learning_loop - 🎮 Initialized actions for sp80-5f3511b239b8: [1, 2, 3, 4, 5, 6] (loaded 5 cached patterns)
2025-09-06 14:25:51,722 - INFO - src.arc_integration.continuous_learning_loop - Action 6 successful for vc33-58ec4396715d
2025-09-06 14:25:51,723 - INFO - src.arc_integration.continuous_learning_loop - 🎮 Initialized actions for vc33-58ec4396715d: [6] (loaded 1 cached patterns)
2025-09-06 14:25:51,732 - INFO - src.arc_integration.continuous_learning_loop - Action 6 successful for ft09-f340c8e5138e
2025-09-06 14:25:51,733 - INFO - src.arc_integration.continuous_learning_loop - 🎮 Initialized actions for ft09-f340c8e5138e: [6] (loaded 1 cached patterns)
2025-09-06 14:25:51,923 - WARNING - src.arc_integration.continuous_learning_loop - Frame analysis failed for vc33-58ec4396715d: max() iterable argument is empty
2025-09-06 14:25:51,924 - INFO - src.arc_integration.continuous_learning_loop - 🎮 Initialized actions for vc33-58ec4396715d: [6] (loaded 1 cached patterns)
2025-09-06 14:25:51,938 - WARNING - src.arc_integration.continuous_learning_loop - Frame analysis failed for ft09-f340c8e5138e: max() iterable argument is empty
2025-09-06 14:25:51,939 - INFO - src.arc_integration.continuous_learning_loop - 🎮 Initialized actions for ft09-f340c8e5138e: [6] (loaded 1 cached patterns)
2025-09-06 14:25:51,986 - INFO - src.arc_integration.continuous_learning_loop - Action 4 successful for sp80-5f3511b239b8
2025-09-06 14:25:51,987 - INFO - src.arc_integration.continuous_learning_loop - 🎮 Initialized actions for sp80-5f3511b239b8: [1, 2, 3, 4, 5, 6] (loaded 5 cached patterns)
2025-09-06 14:25:52,038 - INFO - src.arc_integration.continuous_learning_loop - Action 6 successful for vc33-58ec4396715d
2025-09-06 14:25:52,039 - INFO - src.arc_integration.continuous_learning_loop - 🎮 Initialized actions for vc33-58ec4396715d: [6] (loaded 1 cached patterns)
2025-09-06 14:25:52,047 - INFO - src.arc_integration.continuous_learning_loop - Action 6 successful for ft09-f340c8e5138e
2025-09-06 14:25:52,048 - INFO - src.arc_integration.continuous_learning_loop - 🎮 Initialized actions for ft09-f340c8e5138e: [6] (loaded 1 cached patterns)
2025-09-06 14:25:52,169 - WARNING - src.arc_integration.continuous_learning_loop - Frame analysis failed for sp80-5f3511b239b8: max() iterable argument is empty
2025-09-06 14:25:52,169 - INFO - src.arc_integration.continuous_learning_loop - 🎮 Initialized actions for sp80-5f3511b239b8: [1, 2, 3, 4, 5, 6] (loaded 5 cached patterns)
2025-09-06 14:25:52,207 - WARNING - src.arc_integration.continuous_learning_loop - Frame analysis failed for vc33-58ec4396715d: max() iterable argument is empty
2025-09-06 14:25:52,208 - INFO - src.arc_integration.continuous_learning_loop - 🎮 Initialized actions for vc33-58ec4396715d: [6] (loaded 1 cached patterns)
2025-09-06 14:25:52,336 - INFO - src.arc_integration.continuous_learning_loop - Action 6 successful for vc33-58ec4396715d
2025-09-06 14:25:52,438 - INFO - src.arc_integration.continuous_learning_loop - Action 1 successful for sp80-5f3511b239b8
2025-09-06 14:25:52,438 - INFO - src.arc_integration.continuous_learning_loop - 🎮 Initialized actions for sp80-5f3511b239b8: [1, 2, 3, 4, 5, 6] (loaded 5 cached patterns)
2025-09-06 14:25:52,752 - INFO - src.arc_integration.continuous_learning_loop - 💾 Saved action intelligence for sp80-5f3511b239b8: 5 effective actions
2025-09-06 14:25:52,752 - INFO - src.arc_integration.continuous_learning_loop - 🧠 Action Intelligence for sp80-5f3511b239b8: 5/6 effective actions, 12 coordinate patterns learned
2025-09-06 14:25:54,682 - WARNING - src.arc_integration.continuous_learning_loop - Frame analysis failed for ft09-f340c8e5138e: max() iterable argument is empty
2025-09-06 14:25:54,683 - INFO - src.arc_integration.continuous_learning_loop - 🎮 Initialized actions for ft09-f340c8e5138e: [6] (loaded 1 cached patterns)
2025-09-06 14:25:54,790 - INFO - src.arc_integration.continuous_learning_loop - Action 6 successful for ft09-f340c8e5138e
2025-09-06 14:25:54,960 - WARNING - src.arc_integration.continuous_learning_loop - Frame analysis failed for ft09-f340c8e5138e: max() iterable argument is empty
2025-09-06 14:25:54,971 - WARNING - src.arc_integration.continuous_learning_loop - Frame analysis failed for vc33-58ec4396715d: max() iterable argument is empty
2025-09-06 14:25:54,971 - INFO - src.arc_integration.continuous_learning_loop - 🎮 Initialized actions for vc33-58ec4396715d: [6] (loaded 1 cached patterns)
2025-09-06 14:25:55,198 - INFO - src.arc_integration.continuous_learning_loop - Action 6 successful for ft09-f340c8e5138e
2025-09-06 14:25:55,200 - INFO - src.arc_integration.continuous_learning_loop - 🎮 Initialized actions for ft09-f340c8e5138e: [6] (loaded 1 cached patterns)
2025-09-06 14:25:55,226 - INFO - src.arc_integration.continuous_learning_loop - Action 6 successful for vc33-58ec4396715d
2025-09-06 14:25:55,227 - INFO - src.arc_integration.continuous_learning_loop - 🎮 Initialized actions for vc33-58ec4396715d: [6] (loaded 1 cached patterns)
2025-09-06 14:25:55,342 - WARNING - src.arc_integration.continuous_learning_loop - Frame analysis failed for sp80-5f3511b239b8: max() iterable argument is empty
2025-09-06 14:25:55,343 - INFO - src.arc_integration.continuous_learning_loop - 🎮 Initialized actions for sp80-5f3511b239b8: [1, 2, 3, 4, 5, 6] (loaded 5 cached patterns)
2025-09-06 14:25:55,390 - WARNING - src.arc_integration.continuous_learning_loop - Frame analysis failed for ft09-f340c8e5138e: max() iterable argument is empty
2025-09-06 14:25:55,390 - INFO - src.arc_integration.continuous_learning_loop - 🎮 Initialized actions for ft09-f340c8e5138e: [6] (loaded 1 cached patterns)
2025-09-06 14:25:55,396 - WARNING - src.arc_integration.continuous_learning_loop - Frame analysis failed for vc33-58ec4396715d: max() iterable argument is empty
2025-09-06 14:25:55,396 - INFO - src.arc_integration.continuous_learning_loop - 🎮 Initialized actions for vc33-58ec4396715d: [6] (loaded 1 cached patterns)
2025-09-06 14:25:55,624 - INFO - src.arc_integration.continuous_learning_loop - Action 6 successful for ft09-f340c8e5138e
2025-09-06 14:25:55,625 - INFO - src.arc_integration.continuous_learning_loop - 🎮 Initialized actions for ft09-f340c8e5138e: [6] (loaded 1 cached patterns)
2025-09-06 14:25:55,739 - INFO - src.arc_integration.continuous_learning_loop - Action 6 successful for vc33-58ec4396715d
2025-09-06 14:25:55,740 - INFO - src.arc_integration.continuous_learning_loop - 🎮 Initialized actions for vc33-58ec4396715d: [6] (loaded 1 cached patterns)
2025-09-06 14:25:55,807 - WARNING - src.arc_integration.continuous_learning_loop - Frame analysis failed for ft09-f340c8e5138e: max() iterable argument is empty
2025-09-06 14:25:55,808 - INFO - src.arc_integration.continuous_learning_loop - 🎮 Initialized actions for ft09-f340c8e5138e: [6] (loaded 1 cached patterns)
2025-09-06 14:25:55,862 - INFO - src.arc_integration.continuous_learning_loop - Action 5 successful for sp80-5f3511b239b8
2025-09-06 14:25:55,863 - INFO - src.arc_integration.continuous_learning_loop - 🎮 Initialized actions for sp80-5f3511b239b8: [1, 2, 3, 4, 5, 6] (loaded 5 cached patterns)
2025-09-06 14:25:55,905 - WARNING - src.arc_integration.continuous_learning_loop - Frame analysis failed for vc33-58ec4396715d: max() iterable argument is empty
2025-09-06 14:25:55,905 - INFO - src.arc_integration.continuous_learning_loop - 🎮 Initialized actions for vc33-58ec4396715d: [6] (loaded 1 cached patterns)
2025-09-06 14:25:56,030 - WARNING - src.arc_integration.continuous_learning_loop - Frame analysis failed for sp80-5f3511b239b8: max() iterable argument is empty
2025-09-06 14:25:56,031 - INFO - src.arc_integration.continuous_learning_loop - 🎮 Initialized actions for sp80-5f3511b239b8: [1, 2, 3, 4, 5, 6] (loaded 5 cached patterns)
2025-09-06 14:25:56,062 - INFO - src.arc_integration.continuous_learning_loop - Action 6 successful for ft09-f340c8e5138e
2025-09-06 14:25:56,062 - INFO - src.arc_integration.continuous_learning_loop - 🎮 Initialized actions for ft09-f340c8e5138e: [6] (loaded 1 cached patterns)
2025-09-06 14:25:56,159 - INFO - src.arc_integration.continuous_learning_loop - Action 1 successful for sp80-5f3511b239b8
2025-09-06 14:25:56,160 - INFO - src.arc_integration.continuous_learning_loop - 🎮 Initialized actions for sp80-5f3511b239b8: [1, 2, 3, 4, 5, 6] (loaded 5 cached patterns)
2025-09-06 14:25:56,230 - WARNING - src.arc_integration.continuous_learning_loop - Frame analysis failed for ft09-f340c8e5138e: max() iterable argument is empty
2025-09-06 14:25:56,231 - INFO - src.arc_integration.continuous_learning_loop - 🎮 Initialized actions for ft09-f340c8e5138e: [6] (loaded 1 cached patterns)
2025-09-06 14:25:56,330 - WARNING - src.arc_integration.continuous_learning_loop - Frame analysis failed for sp80-5f3511b239b8: max() iterable argument is empty
2025-09-06 14:25:56,331 - INFO - src.arc_integration.continuous_learning_loop - 🎮 Initialized actions for sp80-5f3511b239b8: [1, 2, 3, 4, 5, 6] (loaded 5 cached patterns)
2025-09-06 14:25:56,340 - INFO - src.arc_integration.continuous_learning_loop - Action 6 successful for ft09-f340c8e5138e
2025-09-06 14:25:56,341 - INFO - src.arc_integration.continuous_learning_loop - 🎮 Initialized actions for ft09-f340c8e5138e: [6] (loaded 1 cached patterns)
2025-09-06 14:25:56,452 - INFO - src.arc_integration.continuous_learning_loop - Action 1 successful for sp80-5f3511b239b8
2025-09-06 14:25:56,453 - INFO - src.arc_integration.continuous_learning_loop - 🎮 Initialized actions for sp80-5f3511b239b8: [1, 2, 3, 4, 5, 6] (loaded 5 cached patterns)
2025-09-06 14:25:56,510 - WARNING - src.arc_integration.continuous_learning_loop - Frame analysis failed for ft09-f340c8e5138e: max() iterable argument is empty
2025-09-06 14:25:56,511 - INFO - src.arc_integration.continuous_learning_loop - 🎮 Initialized actions for ft09-f340c8e5138e: [6] (loaded 1 cached patterns)
2025-09-06 14:25:56,644 - WARNING - src.arc_integration.continuous_learning_loop - Frame analysis failed for sp80-5f3511b239b8: max() iterable argument is empty
2025-09-06 14:25:56,645 - INFO - src.arc_integration.continuous_learning_loop - 🎮 Initialized actions for sp80-5f3511b239b8: [1, 2, 3, 4, 5, 6] (loaded 5 cached patterns)
2025-09-06 14:25:56,650 - INFO - src.arc_integration.continuous_learning_loop - Action 6 successful for ft09-f340c8e5138e
2025-09-06 14:25:56,650 - INFO - src.arc_integration.continuous_learning_loop - 🎮 Initialized actions for ft09-f340c8e5138e: [6] (loaded 1 cached patterns)
2025-09-06 14:25:56,757 - INFO - src.arc_integration.continuous_learning_loop - Action 1 successful for sp80-5f3511b239b8
2025-09-06 14:25:56,757 - INFO - src.arc_integration.continuous_learning_loop - 🎮 Initialized actions for sp80-5f3511b239b8: [1, 2, 3, 4, 5, 6] (loaded 5 cached patterns)
2025-09-06 14:25:56,825 - WARNING - src.arc_integration.continuous_learning_loop - Frame analysis failed for ft09-f340c8e5138e: max() iterable argument is empty
2025-09-06 14:25:56,826 - INFO - src.arc_integration.continuous_learning_loop - 🎮 Initialized actions for ft09-f340c8e5138e: [6] (loaded 1 cached patterns)
2025-09-06 14:25:56,914 - WARNING - src.arc_integration.continuous_learning_loop - Frame analysis failed for sp80-5f3511b239b8: max() iterable argument is empty
2025-09-06 14:25:56,915 - INFO - src.arc_integration.continuous_learning_loop - 🎮 Initialized actions for sp80-5f3511b239b8: [1, 2, 3, 4, 5, 6] (loaded 5 cached patterns)
2025-09-06 14:25:56,986 - INFO - src.arc_integration.continuous_learning_loop - Action 6 successful for ft09-f340c8e5138e
2025-09-06 14:25:56,987 - INFO - src.arc_integration.continuous_learning_loop - 🎮 Initialized actions for ft09-f340c8e5138e: [6] (loaded 1 cached patterns)
2025-09-06 14:25:57,014 - INFO - src.arc_integration.continuous_learning_loop - Action 6 successful for sp80-5f3511b239b8
2025-09-06 14:25:57,015 - INFO - src.arc_integration.continuous_learning_loop - 🎮 Initialized actions for sp80-5f3511b239b8: [1, 2, 3, 4, 5, 6] (loaded 5 cached patterns)
2025-09-06 14:25:57,167 - WARNING - src.arc_integration.continuous_learning_loop - Frame analysis failed for ft09-f340c8e5138e: max() iterable argument is empty
2025-09-06 14:25:57,168 - INFO - src.arc_integration.continuous_learning_loop - 🎮 Initialized actions for ft09-f340c8e5138e: [6] (loaded 1 cached patterns)
2025-09-06 14:25:57,185 - WARNING - src.arc_integration.continuous_learning_loop - Frame analysis failed for sp80-5f3511b239b8: max() iterable argument is empty
2025-09-06 14:25:57,186 - INFO - src.arc_integration.continuous_learning_loop - 🎮 Initialized actions for sp80-5f3511b239b8: [1, 2, 3, 4, 5, 6] (loaded 5 cached patterns)
2025-09-06 14:25:57,287 - INFO - src.arc_integration.continuous_learning_loop - Action 6 successful for ft09-f340c8e5138e
2025-09-06 14:25:57,288 - INFO - src.arc_integration.continuous_learning_loop - 🎮 Initialized actions for ft09-f340c8e5138e: [6] (loaded 1 cached patterns)
2025-09-06 14:25:57,307 - INFO - src.arc_integration.continuous_learning_loop - Action 1 successful for sp80-5f3511b239b8
2025-09-06 14:25:57,308 - INFO - src.arc_integration.continuous_learning_loop - 🎮 Initialized actions for sp80-5f3511b239b8: [1, 2, 3, 4, 5, 6] (loaded 5 cached patterns)
2025-09-06 14:25:57,477 - WARNING - src.arc_integration.continuous_learning_loop - Frame analysis failed for ft09-f340c8e5138e: max() iterable argument is empty
2025-09-06 14:25:57,480 - INFO - src.arc_integration.continuous_learning_loop - 🎮 Initialized actions for ft09-f340c8e5138e: [6] (loaded 1 cached patterns)
2025-09-06 14:25:57,490 - WARNING - src.arc_integration.continuous_learning_loop - Frame analysis failed for sp80-5f3511b239b8: max() iterable argument is empty
2025-09-06 14:25:57,491 - INFO - src.arc_integration.continuous_learning_loop - 🎮 Initialized actions for sp80-5f3511b239b8: [1, 2, 3, 4, 5, 6] (loaded 5 cached patterns)
2025-09-06 14:25:57,595 - INFO - src.arc_integration.continuous_learning_loop - Action 6 successful for ft09-f340c8e5138e
2025-09-06 14:25:57,597 - INFO - src.arc_integration.continuous_learning_loop - 🎮 Initialized actions for ft09-f340c8e5138e: [6] (loaded 1 cached patterns)
2025-09-06 14:25:57,619 - INFO - src.arc_integration.continuous_learning_loop - Action 1 successful for sp80-5f3511b239b8
2025-09-06 14:25:57,620 - INFO - src.arc_integration.continuous_learning_loop - 🎮 Initialized actions for sp80-5f3511b239b8: [1, 2, 3, 4, 5, 6] (loaded 5 cached patterns)
2025-09-06 14:25:57,791 - WARNING - src.arc_integration.continuous_learning_loop - Frame analysis failed for ft09-f340c8e5138e: max() iterable argument is empty
2025-09-06 14:25:57,792 - INFO - src.arc_integration.continuous_learning_loop - 🎮 Initialized actions for ft09-f340c8e5138e: [6] (loaded 1 cached patterns)
2025-09-06 14:25:57,802 - WARNING - src.arc_integration.continuous_learning_loop - Frame analysis failed for sp80-5f3511b239b8: max() iterable argument is empty
2025-09-06 14:25:57,803 - INFO - src.arc_integration.continuous_learning_loop - 🎮 Initialized actions for sp80-5f3511b239b8: [1, 2, 3, 4, 5, 6] (loaded 5 cached patterns)
2025-09-06 14:25:57,901 - INFO - src.arc_integration.continuous_learning_loop - Action 6 successful for ft09-f340c8e5138e
2025-09-06 14:25:57,902 - INFO - src.arc_integration.continuous_learning_loop - 🎮 Initialized actions for ft09-f340c8e5138e: [6] (loaded 1 cached patterns)
2025-09-06 14:25:57,920 - INFO - src.arc_integration.continuous_learning_loop - Action 1 successful for sp80-5f3511b239b8
2025-09-06 14:25:57,921 - INFO - src.arc_integration.continuous_learning_loop - 🎮 Initialized actions for sp80-5f3511b239b8: [1, 2, 3, 4, 5, 6] (loaded 5 cached patterns)
2025-09-06 14:25:58,099 - WARNING - src.arc_integration.continuous_learning_loop - Frame analysis failed for ft09-f340c8e5138e: max() iterable argument is empty
2025-09-06 14:25:58,101 - INFO - src.arc_integration.continuous_learning_loop - 🎮 Initialized actions for ft09-f340c8e5138e: [6] (loaded 1 cached patterns)
2025-09-06 14:25:58,116 - WARNING - src.arc_integration.continuous_learning_loop - Frame analysis failed for sp80-5f3511b239b8: max() iterable argument is empty
2025-09-06 14:25:58,117 - INFO - src.arc_integration.continuous_learning_loop - 🎮 Initialized actions for sp80-5f3511b239b8: [1, 2, 3, 4, 5, 6] (loaded 5 cached patterns)
2025-09-06 14:25:58,211 - INFO - src.arc_integration.continuous_learning_loop - Action 6 successful for ft09-f340c8e5138e
2025-09-06 14:25:58,212 - INFO - src.arc_integration.continuous_learning_loop - 🎮 Initialized actions for ft09-f340c8e5138e: [6] (loaded 1 cached patterns)
2025-09-06 14:25:58,222 - INFO - src.arc_integration.continuous_learning_loop - Action 2 successful for sp80-5f3511b239b8
2025-09-06 14:25:58,223 - INFO - src.arc_integration.continuous_learning_loop - 🎮 Initialized actions for sp80-5f3511b239b8: [1, 2, 3, 4, 5, 6] (loaded 5 cached patterns)
2025-09-06 14:25:58,404 - WARNING - src.arc_integration.continuous_learning_loop - Frame analysis failed for ft09-f340c8e5138e: max() iterable argument is empty
2025-09-06 14:25:58,405 - INFO - src.arc_integration.continuous_learning_loop - 🎮 Initialized actions for ft09-f340c8e5138e: [6] (loaded 1 cached patterns)
2025-09-06 14:25:58,410 - WARNING - src.arc_integration.continuous_learning_loop - Frame analysis failed for sp80-5f3511b239b8: max() iterable argument is empty
2025-09-06 14:25:58,411 - INFO - src.arc_integration.continuous_learning_loop - 🎮 Initialized actions for sp80-5f3511b239b8: [1, 2, 3, 4, 5, 6] (loaded 5 cached patterns)
2025-09-06 14:25:58,515 - INFO - src.arc_integration.continuous_learning_loop - Action 6 successful for ft09-f340c8e5138e
2025-09-06 14:25:58,517 - INFO - src.arc_integration.continuous_learning_loop - 🎮 Initialized actions for ft09-f340c8e5138e: [6] (loaded 1 cached patterns)
2025-09-06 14:25:58,539 - INFO - src.arc_integration.continuous_learning_loop - Action 1 successful for sp80-5f3511b239b8
2025-09-06 14:25:58,540 - INFO - src.arc_integration.continuous_learning_loop - 🎮 Initialized actions for sp80-5f3511b239b8: [1, 2, 3, 4, 5, 6] (loaded 5 cached patterns)
2025-09-06 14:25:58,701 - WARNING - src.arc_integration.continuous_learning_loop - Frame analysis failed for ft09-f340c8e5138e: max() iterable argument is empty
2025-09-06 14:25:58,702 - INFO - src.arc_integration.continuous_learning_loop - 🎮 Initialized actions for ft09-f340c8e5138e: [6] (loaded 1 cached patterns)
2025-09-06 14:25:58,708 - WARNING - src.arc_integration.continuous_learning_loop - Frame analysis failed for sp80-5f3511b239b8: max() iterable argument is empty
2025-09-06 14:25:58,709 - INFO - src.arc_integration.continuous_learning_loop - 🎮 Initialized actions for sp80-5f3511b239b8: [1, 2, 3, 4, 5, 6] (loaded 5 cached patterns)
2025-09-06 14:25:58,815 - INFO - src.arc_integration.continuous_learning_loop - Action 1 successful for sp80-5f3511b239b8
2025-09-06 14:25:58,923 - INFO - src.arc_integration.continuous_learning_loop - Action 6 successful for ft09-f340c8e5138e
2025-09-06 14:25:58,923 - INFO - src.arc_integration.continuous_learning_loop - 🎮 Initialized actions for ft09-f340c8e5138e: [6] (loaded 1 cached patterns)
2025-09-06 14:25:58,980 - WARNING - src.arc_integration.continuous_learning_loop - Frame analysis failed for sp80-5f3511b239b8: max() iterable argument is empty
2025-09-06 14:25:58,981 - INFO - src.arc_integration.continuous_learning_loop - 🎮 Initialized actions for sp80-5f3511b239b8: [1, 2, 3, 4, 5, 6] (loaded 5 cached patterns)
2025-09-06 14:25:59,086 - INFO - src.arc_integration.continuous_learning_loop - Action 1 successful for sp80-5f3511b239b8
2025-09-06 14:25:59,101 - WARNING - src.arc_integration.continuous_learning_loop - Frame analysis failed for ft09-f340c8e5138e: max() iterable argument is empty
2025-09-06 14:25:59,102 - INFO - src.arc_integration.continuous_learning_loop - 🎮 Initialized actions for ft09-f340c8e5138e: [6] (loaded 1 cached patterns)
2025-09-06 14:25:59,207 - INFO - src.arc_integration.continuous_learning_loop - Action 6 successful for ft09-f340c8e5138e
2025-09-06 14:25:59,268 - WARNING - src.arc_integration.continuous_learning_loop - Frame analysis failed for sp80-5f3511b239b8: max() iterable argument is empty
2025-09-06 14:25:59,268 - INFO - src.arc_integration.continuous_learning_loop - 🎮 Initialized actions for sp80-5f3511b239b8: [1, 2, 3, 4, 5, 6] (loaded 5 cached patterns)
2025-09-06 14:25:59,366 - INFO - src.arc_integration.continuous_learning_loop - Action 3 successful for sp80-5f3511b239b8
2025-09-06 14:25:59,373 - WARNING - src.arc_integration.continuous_learning_loop - Frame analysis failed for ft09-f340c8e5138e: max() iterable argument is empty
2025-09-06 14:25:59,374 - INFO - src.arc_integration.continuous_learning_loop - 🎮 Initialized actions for ft09-f340c8e5138e: [6] (loaded 1 cached patterns)
2025-09-06 14:25:59,481 - INFO - src.arc_integration.continuous_learning_loop - Action 6 successful for ft09-f340c8e5138e
2025-09-06 14:25:59,536 - WARNING - src.arc_integration.continuous_learning_loop - Frame analysis failed for sp80-5f3511b239b8: max() iterable argument is empty
2025-09-06 14:25:59,536 - INFO - src.arc_integration.continuous_learning_loop - 🎮 Initialized actions for sp80-5f3511b239b8: [1, 2, 3, 4, 5, 6] (loaded 5 cached patterns)
2025-09-06 14:25:59,634 - INFO - src.arc_integration.continuous_learning_loop - Action 1 successful for sp80-5f3511b239b8
2025-09-06 14:25:59,656 - WARNING - src.arc_integration.continuous_learning_loop - Frame analysis failed for ft09-f340c8e5138e: max() iterable argument is empty
2025-09-06 14:25:59,657 - INFO - src.arc_integration.continuous_learning_loop - 🎮 Initialized actions for ft09-f340c8e5138e: [6] (loaded 1 cached patterns)
2025-09-06 14:25:59,763 - INFO - src.arc_integration.continuous_learning_loop - Action 6 successful for ft09-f340c8e5138e
2025-09-06 14:25:59,819 - WARNING - src.arc_integration.continuous_learning_loop - Frame analysis failed for sp80-5f3511b239b8: max() iterable argument is empty
2025-09-06 14:25:59,820 - INFO - src.arc_integration.continuous_learning_loop - 🎮 Initialized actions for sp80-5f3511b239b8: [1, 2, 3, 4, 5, 6] (loaded 5 cached patterns)
2025-09-06 14:25:59,917 - INFO - src.arc_integration.continuous_learning_loop - Action 1 successful for sp80-5f3511b239b8
2025-09-06 14:25:59,942 - WARNING - src.arc_integration.continuous_learning_loop - Frame analysis failed for ft09-f340c8e5138e: max() iterable argument is empty
2025-09-06 14:25:59,943 - INFO - src.arc_integration.continuous_learning_loop - 🎮 Initialized actions for ft09-f340c8e5138e: [6] (loaded 1 cached patterns)
2025-09-06 14:26:00,041 - INFO - src.arc_integration.continuous_learning_loop - Action 6 successful for ft09-f340c8e5138e
2025-09-06 14:26:00,084 - WARNING - src.arc_integration.continuous_learning_loop - Frame analysis failed for sp80-5f3511b239b8: max() iterable argument is empty
2025-09-06 14:26:00,084 - INFO - src.arc_integration.continuous_learning_loop - 🎮 Initialized actions for sp80-5f3511b239b8: [1, 2, 3, 4, 5, 6] (loaded 5 cached patterns)
2025-09-06 14:26:00,210 - INFO - src.arc_integration.continuous_learning_loop - Action 1 successful for sp80-5f3511b239b8
2025-09-06 14:26:00,223 - WARNING - src.arc_integration.continuous_learning_loop - Frame analysis failed for ft09-f340c8e5138e: max() iterable argument is empty
2025-09-06 14:26:00,224 - INFO - src.arc_integration.continuous_learning_loop - 🎮 Initialized actions for ft09-f340c8e5138e: [6] (loaded 1 cached patterns)
2025-09-06 14:26:00,346 - INFO - src.arc_integration.continuous_learning_loop - Action 6 successful for ft09-f340c8e5138e
2025-09-06 14:26:00,397 - WARNING - src.arc_integration.continuous_learning_loop - Frame analysis failed for sp80-5f3511b239b8: max() iterable argument is empty
2025-09-06 14:26:00,397 - INFO - src.arc_integration.continuous_learning_loop - 🎮 Initialized actions for sp80-5f3511b239b8: [1, 2, 3, 4, 5, 6] (loaded 5 cached patterns)
2025-09-06 14:26:00,501 - INFO - src.arc_integration.continuous_learning_loop - Action 4 successful for sp80-5f3511b239b8
2025-09-06 14:26:00,529 - WARNING - src.arc_integration.continuous_learning_loop - Frame analysis failed for ft09-f340c8e5138e: max() iterable argument is empty
2025-09-06 14:26:00,529 - INFO - src.arc_integration.continuous_learning_loop - 🎮 Initialized actions for ft09-f340c8e5138e: [6] (loaded 1 cached patterns)
2025-09-06 14:26:00,631 - INFO - src.arc_integration.continuous_learning_loop - Action 6 successful for ft09-f340c8e5138e
2025-09-06 14:26:00,659 - WARNING - src.arc_integration.continuous_learning_loop - Frame analysis failed for sp80-5f3511b239b8: max() iterable argument is empty
2025-09-06 14:26:00,660 - INFO - src.arc_integration.continuous_learning_loop - 🎮 Initialized actions for sp80-5f3511b239b8: [1, 2, 3, 4, 5, 6] (loaded 5 cached patterns)
2025-09-06 14:26:00,763 - INFO - src.arc_integration.continuous_learning_loop - Action 1 successful for sp80-5f3511b239b8
2025-09-06 14:26:00,823 - WARNING - src.arc_integration.continuous_learning_loop - Frame analysis failed for ft09-f340c8e5138e: max() iterable argument is empty
2025-09-06 14:26:00,824 - INFO - src.arc_integration.continuous_learning_loop - 🎮 Initialized actions for ft09-f340c8e5138e: [6] (loaded 1 cached patterns)
2025-09-06 14:26:00,925 - INFO - src.arc_integration.continuous_learning_loop - Action 6 successful for ft09-f340c8e5138e
2025-09-06 14:26:00,942 - WARNING - src.arc_integration.continuous_learning_loop - Frame analysis failed for sp80-5f3511b239b8: max() iterable argument is empty
2025-09-06 14:26:00,943 - INFO - src.arc_integration.continuous_learning_loop - 🎮 Initialized actions for sp80-5f3511b239b8: [1, 2, 3, 4, 5, 6] (loaded 5 cached patterns)
2025-09-06 14:26:01,046 - INFO - src.arc_integration.continuous_learning_loop - Action 1 successful for sp80-5f3511b239b8
2025-09-06 14:26:01,121 - WARNING - src.arc_integration.continuous_learning_loop - Frame analysis failed for ft09-f340c8e5138e: max() iterable argument is empty
2025-09-06 14:26:01,122 - INFO - src.arc_integration.continuous_learning_loop - 🎮 Initialized actions for ft09-f340c8e5138e: [6] (loaded 1 cached patterns)
2025-09-06 14:26:01,229 - WARNING - src.arc_integration.continuous_learning_loop - Frame analysis failed for sp80-5f3511b239b8: max() iterable argument is empty
2025-09-06 14:26:01,231 - INFO - src.arc_integration.continuous_learning_loop - 🎮 Initialized actions for sp80-5f3511b239b8: [1, 2, 3, 4, 5, 6] (loaded 5 cached patterns)
2025-09-06 14:26:01,240 - INFO - src.arc_integration.continuous_learning_loop - Action 6 successful for ft09-f340c8e5138e
2025-09-06 14:26:01,241 - INFO - src.arc_integration.continuous_learning_loop - 🎮 Initialized actions for ft09-f340c8e5138e: [6] (loaded 1 cached patterns)
2025-09-06 14:26:01,352 - INFO - src.arc_integration.continuous_learning_loop - Action 1 successful for sp80-5f3511b239b8
2025-09-06 14:26:01,353 - INFO - src.arc_integration.continuous_learning_loop - 🎮 Initialized actions for sp80-5f3511b239b8: [1, 2, 3, 4, 5, 6] (loaded 5 cached patterns)
2025-09-06 14:26:01,422 - WARNING - src.arc_integration.continuous_learning_loop - Frame analysis failed for ft09-f340c8e5138e: max() iterable argument is empty
2025-09-06 14:26:01,423 - INFO - src.arc_integration.continuous_learning_loop - 🎮 Initialized actions for ft09-f340c8e5138e: [6] (loaded 1 cached patterns)
2025-09-06 14:26:01,538 - INFO - src.arc_integration.continuous_learning_loop - Action 6 successful for ft09-f340c8e5138e
2025-09-06 14:26:01,850 - INFO - src.arc_integration.continuous_learning_loop - 💾 Saved action intelligence for ft09-f340c8e5138e: 1 effective actions
2025-09-06 14:26:01,851 - INFO - src.arc_integration.continuous_learning_loop - 🧠 Action Intelligence for ft09-f340c8e5138e: 1/1 effective actions, 81 coordinate patterns learned
2025-09-06 14:26:04,225 - WARNING - src.arc_integration.continuous_learning_loop - Frame analysis failed for as66-821a4dcad9c2: max() iterable argument is empty
2025-09-06 14:26:04,226 - INFO - src.arc_integration.continuous_learning_loop - 🧠 Loaded action intelligence for as66-821a4dcad9c2: 5 effective actions
2025-09-06 14:26:04,227 - INFO - src.arc_integration.continuous_learning_loop - 🎮 Initialized actions for as66-821a4dcad9c2: [1, 2, 3, 4, 6] (loaded 5 cached patterns)
2025-09-06 14:26:04,261 - WARNING - src.arc_integration.continuous_learning_loop - Frame analysis failed for lp85-2e205bbe3622: max() iterable argument is empty
2025-09-06 14:26:04,263 - INFO - src.arc_integration.continuous_learning_loop - 🧠 Loaded action intelligence for lp85-2e205bbe3622: 1 effective actions
2025-09-06 14:26:04,263 - INFO - src.arc_integration.continuous_learning_loop - 🎮 Initialized actions for lp85-2e205bbe3622: [6] (loaded 1 cached patterns)
2025-09-06 14:26:04,443 - WARNING - src.arc_integration.continuous_learning_loop - Frame analysis failed for ls20-fa137e247ce6: max() iterable argument is empty
2025-09-06 14:26:04,445 - INFO - src.arc_integration.continuous_learning_loop - 🧠 Loaded action intelligence for ls20-fa137e247ce6: 4 effective actions
2025-09-06 14:26:04,445 - INFO - src.arc_integration.continuous_learning_loop - 🎮 Initialized actions for ls20-fa137e247ce6: [1, 2, 3, 4] (loaded 4 cached patterns)
2025-09-06 14:26:04,465 - INFO - src.arc_integration.continuous_learning_loop - Action 5 successful for as66-821a4dcad9c2
2025-09-06 14:26:04,466 - INFO - src.arc_integration.continuous_learning_loop - 🎮 Initialized actions for as66-821a4dcad9c2: [1, 2, 3, 4, 6] (loaded 5 cached patterns)
2025-09-06 14:26:04,524 - INFO - src.arc_integration.continuous_learning_loop - Action 6 successful for lp85-2e205bbe3622
2025-09-06 14:26:04,524 - INFO - src.arc_integration.continuous_learning_loop - 🎮 Initialized actions for lp85-2e205bbe3622: [6] (loaded 1 cached patterns)
2025-09-06 14:26:04,636 - WARNING - src.arc_integration.continuous_learning_loop - Frame analysis failed for as66-821a4dcad9c2: max() iterable argument is empty
2025-09-06 14:26:04,636 - INFO - src.arc_integration.continuous_learning_loop - 🎮 Initialized actions for as66-821a4dcad9c2: [1, 2, 3, 4, 6] (loaded 5 cached patterns)
2025-09-06 14:26:04,707 - INFO - src.arc_integration.continuous_learning_loop - Action 1 successful for ls20-fa137e247ce6
2025-09-06 14:26:04,708 - INFO - src.arc_integration.continuous_learning_loop - 🎮 Initialized actions for ls20-fa137e247ce6: [1, 2, 3, 4] (loaded 4 cached patterns)
2025-09-06 14:26:04,717 - WARNING - src.arc_integration.continuous_learning_loop - Frame analysis failed for lp85-2e205bbe3622: max() iterable argument is empty
2025-09-06 14:26:04,718 - INFO - src.arc_integration.continuous_learning_loop - 🎮 Initialized actions for lp85-2e205bbe3622: [6] (loaded 1 cached patterns)
2025-09-06 14:26:04,877 - INFO - src.arc_integration.continuous_learning_loop - Action 1 successful for as66-821a4dcad9c2
2025-09-06 14:26:04,877 - INFO - src.arc_integration.continuous_learning_loop - 🎮 Initialized actions for as66-821a4dcad9c2: [1, 2, 3, 4, 6] (loaded 5 cached patterns)
2025-09-06 14:26:04,882 - WARNING - src.arc_integration.continuous_learning_loop - Frame analysis failed for ls20-fa137e247ce6: max() iterable argument is empty
2025-09-06 14:26:04,882 - INFO - src.arc_integration.continuous_learning_loop - 🎮 Initialized actions for ls20-fa137e247ce6: [1, 2, 3, 4] (loaded 4 cached patterns)
2025-09-06 14:26:04,968 - INFO - src.arc_integration.continuous_learning_loop - Action 6 successful for lp85-2e205bbe3622
2025-09-06 14:26:04,969 - INFO - src.arc_integration.continuous_learning_loop - 🎮 Initialized actions for lp85-2e205bbe3622: [6] (loaded 1 cached patterns)
2025-09-06 14:26:05,040 - WARNING - src.arc_integration.continuous_learning_loop - Frame analysis failed for as66-821a4dcad9c2: max() iterable argument is empty
2025-09-06 14:26:05,041 - INFO - src.arc_integration.continuous_learning_loop - 🎮 Initialized actions for as66-821a4dcad9c2: [1, 2, 3, 4, 6] (loaded 5 cached patterns)
2025-09-06 14:26:05,136 - INFO - src.arc_integration.continuous_learning_loop - Action 2 successful for ls20-fa137e247ce6
2025-09-06 14:26:05,137 - INFO - src.arc_integration.continuous_learning_loop - 🎮 Initialized actions for ls20-fa137e247ce6: [1, 2, 3, 4] (loaded 4 cached patterns)
2025-09-06 14:26:05,159 - WARNING - src.arc_integration.continuous_learning_loop - Frame analysis failed for lp85-2e205bbe3622: max() iterable argument is empty
2025-09-06 14:26:05,159 - INFO - src.arc_integration.continuous_learning_loop - 🎮 Initialized actions for lp85-2e205bbe3622: [6] (loaded 1 cached patterns)
2025-09-06 14:26:05,266 - INFO - src.arc_integration.continuous_learning_loop - Action 6 successful for lp85-2e205bbe3622
2025-09-06 14:26:05,283 - INFO - src.arc_integration.continuous_learning_loop - Action 1 successful for as66-821a4dcad9c2
2025-09-06 14:26:05,284 - INFO - src.arc_integration.continuous_learning_loop - 🎮 Initialized actions for as66-821a4dcad9c2: [1, 2, 3, 4, 6] (loaded 5 cached patterns)
2025-09-06 14:26:05,310 - WARNING - src.arc_integration.continuous_learning_loop - Frame analysis failed for ls20-fa137e247ce6: max() iterable argument is empty
2025-09-06 14:26:05,311 - INFO - src.arc_integration.continuous_learning_loop - 🎮 Initialized actions for ls20-fa137e247ce6: [1, 2, 3, 4] (loaded 4 cached patterns)
2025-09-06 14:26:05,417 - INFO - src.arc_integration.continuous_learning_loop - Action 1 successful for ls20-fa137e247ce6
2025-09-06 14:26:05,443 - WARNING - src.arc_integration.continuous_learning_loop - Frame analysis failed for lp85-2e205bbe3622: max() iterable argument is empty
2025-09-06 14:26:05,443 - INFO - src.arc_integration.continuous_learning_loop - 🎮 Initialized actions for lp85-2e205bbe3622: [6] (loaded 1 cached patterns)
2025-09-06 14:26:05,449 - WARNING - src.arc_integration.continuous_learning_loop - Frame analysis failed for as66-821a4dcad9c2: max() iterable argument is empty
2025-09-06 14:26:05,450 - INFO - src.arc_integration.continuous_learning_loop - 🎮 Initialized actions for as66-821a4dcad9c2: [1, 2, 3, 4, 6] (loaded 5 cached patterns)
2025-09-06 14:26:05,551 - INFO - src.arc_integration.continuous_learning_loop - Action 1 successful for as66-821a4dcad9c2
2025-09-06 14:26:05,554 - INFO - src.arc_integration.continuous_learning_loop - Action 6 successful for lp85-2e205bbe3622
2025-09-06 14:26:05,554 - INFO - src.arc_integration.continuous_learning_loop - 🎮 Initialized actions for lp85-2e205bbe3622: [6] (loaded 1 cached patterns)
2025-09-06 14:26:05,593 - WARNING - src.arc_integration.continuous_learning_loop - Frame analysis failed for ls20-fa137e247ce6: max() iterable argument is empty
2025-09-06 14:26:05,593 - INFO - src.arc_integration.continuous_learning_loop - 🎮 Initialized actions for ls20-fa137e247ce6: [1, 2, 3, 4] (loaded 4 cached patterns)
2025-09-06 14:26:05,729 - WARNING - src.arc_integration.continuous_learning_loop - Frame analysis failed for as66-821a4dcad9c2: max() iterable argument is empty
2025-09-06 14:26:05,730 - INFO - src.arc_integration.continuous_learning_loop - 🎮 Initialized actions for as66-821a4dcad9c2: [1, 2, 3, 4, 6] (loaded 5 cached patterns)
2025-09-06 14:26:05,739 - WARNING - src.arc_integration.continuous_learning_loop - Frame analysis failed for lp85-2e205bbe3622: max() iterable argument is empty
2025-09-06 14:26:05,740 - INFO - src.arc_integration.continuous_learning_loop - 🎮 Initialized actions for lp85-2e205bbe3622: [6] (loaded 1 cached patterns)
2025-09-06 14:26:05,835 - INFO - src.arc_integration.continuous_learning_loop - Action 1 successful for as66-821a4dcad9c2
2025-09-06 14:26:05,836 - INFO - src.arc_integration.continuous_learning_loop - 🎮 Initialized actions for as66-821a4dcad9c2: [1, 2, 3, 4, 6] (loaded 5 cached patterns)
2025-09-06 14:26:05,971 - INFO - src.arc_integration.continuous_learning_loop - Action 6 successful for lp85-2e205bbe3622
2025-09-06 14:26:05,973 - INFO - src.arc_integration.continuous_learning_loop - 🎮 Initialized actions for lp85-2e205bbe3622: [6] (loaded 1 cached patterns)
2025-09-06 14:26:05,993 - INFO - src.arc_integration.continuous_learning_loop - Action 3 successful for ls20-fa137e247ce6
2025-09-06 14:26:05,994 - INFO - src.arc_integration.continuous_learning_loop - 🎮 Initialized actions for ls20-fa137e247ce6: [1, 2, 3, 4] (loaded 4 cached patterns)
2025-09-06 14:26:05,999 - WARNING - src.arc_integration.continuous_learning_loop - Frame analysis failed for as66-821a4dcad9c2: max() iterable argument is empty
2025-09-06 14:26:06,000 - INFO - src.arc_integration.continuous_learning_loop - 🎮 Initialized actions for as66-821a4dcad9c2: [1, 2, 3, 4, 6] (loaded 5 cached patterns)
2025-09-06 14:26:06,169 - WARNING - src.arc_integration.continuous_learning_loop - Frame analysis failed for lp85-2e205bbe3622: max() iterable argument is empty
2025-09-06 14:26:06,170 - INFO - src.arc_integration.continuous_learning_loop - 🎮 Initialized actions for lp85-2e205bbe3622: [6] (loaded 1 cached patterns)
2025-09-06 14:26:06,180 - WARNING - src.arc_integration.continuous_learning_loop - Frame analysis failed for ls20-fa137e247ce6: max() iterable argument is empty
2025-09-06 14:26:06,180 - INFO - src.arc_integration.continuous_learning_loop - 🎮 Initialized actions for ls20-fa137e247ce6: [1, 2, 3, 4] (loaded 4 cached patterns)
2025-09-06 14:26:06,266 - INFO - src.arc_integration.continuous_learning_loop - Action 1 successful for as66-821a4dcad9c2
2025-09-06 14:26:06,266 - INFO - src.arc_integration.continuous_learning_loop - 🎮 Initialized actions for as66-821a4dcad9c2: [1, 2, 3, 4, 6] (loaded 5 cached patterns)
2025-09-06 14:26:06,278 - INFO - src.arc_integration.continuous_learning_loop - Action 6 successful for lp85-2e205bbe3622
2025-09-06 14:26:06,278 - INFO - src.arc_integration.continuous_learning_loop - 🎮 Initialized actions for lp85-2e205bbe3622: [6] (loaded 1 cached patterns)
2025-09-06 14:26:06,412 - INFO - src.arc_integration.continuous_learning_loop - Action 2 successful for ls20-fa137e247ce6
2025-09-06 14:26:06,413 - INFO - src.arc_integration.continuous_learning_loop - 🎮 Initialized actions for ls20-fa137e247ce6: [1, 2, 3, 4] (loaded 4 cached patterns)
2025-09-06 14:26:06,435 - WARNING - src.arc_integration.continuous_learning_loop - Frame analysis failed for as66-821a4dcad9c2: max() iterable argument is empty
2025-09-06 14:26:06,435 - INFO - src.arc_integration.continuous_learning_loop - 🎮 Initialized actions for as66-821a4dcad9c2: [1, 2, 3, 4, 6] (loaded 5 cached patterns)
2025-09-06 14:26:06,441 - WARNING - src.arc_integration.continuous_learning_loop - Frame analysis failed for lp85-2e205bbe3622: max() iterable argument is empty
2025-09-06 14:26:06,441 - INFO - src.arc_integration.continuous_learning_loop - 🎮 Initialized actions for lp85-2e205bbe3622: [6] (loaded 1 cached patterns)
2025-09-06 14:26:06,571 - WARNING - src.arc_integration.continuous_learning_loop - Frame analysis failed for ls20-fa137e247ce6: max() iterable argument is empty
2025-09-06 14:26:06,571 - INFO - src.arc_integration.continuous_learning_loop - 🎮 Initialized actions for ls20-fa137e247ce6: [1, 2, 3, 4] (loaded 4 cached patterns)
2025-09-06 14:26:06,669 - INFO - src.arc_integration.continuous_learning_loop - Action 6 successful for as66-821a4dcad9c2
2025-09-06 14:26:06,670 - INFO - src.arc_integration.continuous_learning_loop - 🎮 Initialized actions for as66-821a4dcad9c2: [1, 2, 3, 4, 6] (loaded 5 cached patterns)
2025-09-06 14:26:06,682 - INFO - src.arc_integration.continuous_learning_loop - Action 6 successful for lp85-2e205bbe3622
2025-09-06 14:26:06,683 - INFO - src.arc_integration.continuous_learning_loop - 🎮 Initialized actions for lp85-2e205bbe3622: [6] (loaded 1 cached patterns)
2025-09-06 14:26:06,688 - INFO - src.arc_integration.continuous_learning_loop - Action 2 successful for ls20-fa137e247ce6
2025-09-06 14:26:06,689 - INFO - src.arc_integration.continuous_learning_loop - 🎮 Initialized actions for ls20-fa137e247ce6: [1, 2, 3, 4] (loaded 4 cached patterns)
2025-09-06 14:26:06,855 - WARNING - src.arc_integration.continuous_learning_loop - Frame analysis failed for as66-821a4dcad9c2: max() iterable argument is empty
2025-09-06 14:26:06,857 - INFO - src.arc_integration.continuous_learning_loop - 🎮 Initialized actions for as66-821a4dcad9c2: [1, 2, 3, 4, 6] (loaded 5 cached patterns)
2025-09-06 14:26:06,867 - WARNING - src.arc_integration.continuous_learning_loop - Frame analysis failed for lp85-2e205bbe3622: max() iterable argument is empty
2025-09-06 14:26:06,868 - INFO - src.arc_integration.continuous_learning_loop - 🎮 Initialized actions for lp85-2e205bbe3622: [6] (loaded 1 cached patterns)
2025-09-06 14:26:06,878 - WARNING - src.arc_integration.continuous_learning_loop - Frame analysis failed for ls20-fa137e247ce6: max() iterable argument is empty
2025-09-06 14:26:06,879 - INFO - src.arc_integration.continuous_learning_loop - 🎮 Initialized actions for ls20-fa137e247ce6: [1, 2, 3, 4] (loaded 4 cached patterns)
2025-09-06 14:26:07,025 - INFO - src.arc_integration.continuous_learning_loop - Action 6 successful for lp85-2e205bbe3622
2025-09-06 14:26:07,026 - INFO - src.arc_integration.continuous_learning_loop - 🎮 Initialized actions for lp85-2e205bbe3622: [6] (loaded 1 cached patterns)
2025-09-06 14:26:07,073 - INFO - src.arc_integration.continuous_learning_loop - Action 2 successful for as66-821a4dcad9c2
2025-09-06 14:26:07,074 - INFO - src.arc_integration.continuous_learning_loop - 🎮 Initialized actions for as66-821a4dcad9c2: [1, 2, 3, 4, 6] (loaded 5 cached patterns)
2025-09-06 14:26:07,133 - INFO - src.arc_integration.continuous_learning_loop - Action 2 successful for ls20-fa137e247ce6
2025-09-06 14:26:07,134 - INFO - src.arc_integration.continuous_learning_loop - 🎮 Initialized actions for ls20-fa137e247ce6: [1, 2, 3, 4] (loaded 4 cached patterns)
2025-09-06 14:26:07,210 - WARNING - src.arc_integration.continuous_learning_loop - Frame analysis failed for lp85-2e205bbe3622: max() iterable argument is empty
2025-09-06 14:26:07,210 - INFO - src.arc_integration.continuous_learning_loop - 🎮 Initialized actions for lp85-2e205bbe3622: [6] (loaded 1 cached patterns)
2025-09-06 14:26:07,234 - WARNING - src.arc_integration.continuous_learning_loop - Frame analysis failed for as66-821a4dcad9c2: max() iterable argument is empty
2025-09-06 14:26:07,234 - INFO - src.arc_integration.continuous_learning_loop - 🎮 Initialized actions for as66-821a4dcad9c2: [1, 2, 3, 4, 6] (loaded 5 cached patterns)
2025-09-06 14:26:07,293 - WARNING - src.arc_integration.continuous_learning_loop - Frame analysis failed for ls20-fa137e247ce6: max() iterable argument is empty
2025-09-06 14:26:07,294 - INFO - src.arc_integration.continuous_learning_loop - 🎮 Initialized actions for ls20-fa137e247ce6: [1, 2, 3, 4] (loaded 4 cached patterns)
2025-09-06 14:26:07,326 - INFO - src.arc_integration.continuous_learning_loop - Action 6 successful for lp85-2e205bbe3622
2025-09-06 14:26:07,327 - INFO - src.arc_integration.continuous_learning_loop - 🎮 Initialized actions for lp85-2e205bbe3622: [6] (loaded 1 cached patterns)
2025-09-06 14:26:07,335 - INFO - src.arc_integration.continuous_learning_loop - Action 1 successful for as66-821a4dcad9c2
2025-09-06 14:26:07,336 - INFO - src.arc_integration.continuous_learning_loop - 🎮 Initialized actions for as66-821a4dcad9c2: [1, 2, 3, 4, 6] (loaded 5 cached patterns)
2025-09-06 14:26:07,502 - WARNING - src.arc_integration.continuous_learning_loop - Frame analysis failed for lp85-2e205bbe3622: max() iterable argument is empty
2025-09-06 14:26:07,504 - INFO - src.arc_integration.continuous_learning_loop - 🎮 Initialized actions for lp85-2e205bbe3622: [6] (loaded 1 cached patterns)
2025-09-06 14:26:07,517 - WARNING - src.arc_integration.continuous_learning_loop - Frame analysis failed for as66-821a4dcad9c2: max() iterable argument is empty
2025-09-06 14:26:07,517 - INFO - src.arc_integration.continuous_learning_loop - 🎮 Initialized actions for as66-821a4dcad9c2: [1, 2, 3, 4, 6] (loaded 5 cached patterns)
2025-09-06 14:26:07,522 - INFO - src.arc_integration.continuous_learning_loop - Action 1 successful for ls20-fa137e247ce6
2025-09-06 14:26:07,523 - INFO - src.arc_integration.continuous_learning_loop - 🎮 Initialized actions for ls20-fa137e247ce6: [1, 2, 3, 4] (loaded 4 cached patterns)
2025-09-06 14:26:07,641 - INFO - src.arc_integration.continuous_learning_loop - Action 6 successful for lp85-2e205bbe3622
2025-09-06 14:26:07,641 - INFO - src.arc_integration.continuous_learning_loop - 🎮 Initialized actions for lp85-2e205bbe3622: [6] (loaded 1 cached patterns)
2025-09-06 14:26:07,679 - WARNING - src.arc_integration.continuous_learning_loop - Frame analysis failed for ls20-fa137e247ce6: max() iterable argument is empty
2025-09-06 14:26:07,680 - INFO - src.arc_integration.continuous_learning_loop - 🎮 Initialized actions for ls20-fa137e247ce6: [1, 2, 3, 4] (loaded 4 cached patterns)
2025-09-06 14:26:07,822 - WARNING - src.arc_integration.continuous_learning_loop - Frame analysis failed for lp85-2e205bbe3622: max() iterable argument is empty
2025-09-06 14:26:07,823 - INFO - src.arc_integration.continuous_learning_loop - 🎮 Initialized actions for lp85-2e205bbe3622: [6] (loaded 1 cached patterns)
2025-09-06 14:26:07,838 - INFO - src.arc_integration.continuous_learning_loop - Action 1 successful for as66-821a4dcad9c2
2025-09-06 14:26:07,838 - INFO - src.arc_integration.continuous_learning_loop - 🎮 Initialized actions for as66-821a4dcad9c2: [1, 2, 3, 4, 6] (loaded 5 cached patterns)
2025-09-06 14:26:07,937 - INFO - src.arc_integration.continuous_learning_loop - Action 1 successful for ls20-fa137e247ce6
2025-09-06 14:26:07,937 - INFO - src.arc_integration.continuous_learning_loop - 🎮 Initialized actions for ls20-fa137e247ce6: [1, 2, 3, 4] (loaded 4 cached patterns)
2025-09-06 14:26:08,013 - WARNING - src.arc_integration.continuous_learning_loop - Frame analysis failed for as66-821a4dcad9c2: max() iterable argument is empty
2025-09-06 14:26:08,013 - INFO - src.arc_integration.continuous_learning_loop - 🎮 Initialized actions for as66-821a4dcad9c2: [1, 2, 3, 4, 6] (loaded 5 cached patterns)
2025-09-06 14:26:08,058 - INFO - src.arc_integration.continuous_learning_loop - Action 6 successful for lp85-2e205bbe3622
2025-09-06 14:26:08,058 - INFO - src.arc_integration.continuous_learning_loop - 🎮 Initialized actions for lp85-2e205bbe3622: [6] (loaded 1 cached patterns)
2025-09-06 14:26:08,098 - WARNING - src.arc_integration.continuous_learning_loop - Frame analysis failed for ls20-fa137e247ce6: max() iterable argument is empty
2025-09-06 14:26:08,099 - INFO - src.arc_integration.continuous_learning_loop - 🎮 Initialized actions for ls20-fa137e247ce6: [1, 2, 3, 4] (loaded 4 cached patterns)
2025-09-06 14:26:08,128 - INFO - src.arc_integration.continuous_learning_loop - Action 2 successful for as66-821a4dcad9c2
2025-09-06 14:26:08,128 - INFO - src.arc_integration.continuous_learning_loop - 🎮 Initialized actions for as66-821a4dcad9c2: [1, 2, 3, 4, 6] (loaded 5 cached patterns)
2025-09-06 14:26:08,233 - WARNING - src.arc_integration.continuous_learning_loop - Frame analysis failed for lp85-2e205bbe3622: max() iterable argument is empty
2025-09-06 14:26:08,234 - INFO - src.arc_integration.continuous_learning_loop - 🎮 Initialized actions for lp85-2e205bbe3622: [6] (loaded 1 cached patterns)
2025-09-06 14:26:08,287 - WARNING - src.arc_integration.continuous_learning_loop - Frame analysis failed for as66-821a4dcad9c2: max() iterable argument is empty
2025-09-06 14:26:08,287 - INFO - src.arc_integration.continuous_learning_loop - 🎮 Initialized actions for as66-821a4dcad9c2: [1, 2, 3, 4, 6] (loaded 5 cached patterns)
2025-09-06 14:26:08,373 - INFO - src.arc_integration.continuous_learning_loop - Action 2 successful for ls20-fa137e247ce6
2025-09-06 14:26:08,373 - INFO - src.arc_integration.continuous_learning_loop - 🎮 Initialized actions for ls20-fa137e247ce6: [1, 2, 3, 4] (loaded 4 cached patterns)
2025-09-06 14:26:08,407 - INFO - src.arc_integration.continuous_learning_loop - Action 1 successful for as66-821a4dcad9c2
2025-09-06 14:26:08,408 - INFO - src.arc_integration.continuous_learning_loop - 🎮 Initialized actions for as66-821a4dcad9c2: [1, 2, 3, 4, 6] (loaded 5 cached patterns)
2025-09-06 14:26:08,710 - INFO - src.arc_integration.continuous_learning_loop - 💾 Saved action intelligence for as66-821a4dcad9c2: 5 effective actions
2025-09-06 14:26:08,711 - INFO - src.arc_integration.continuous_learning_loop - 🧠 Action Intelligence for as66-821a4dcad9c2: 5/5 effective actions, 17 coordinate patterns learned
2025-09-06 14:26:10,706 - WARNING - src.arc_integration.continuous_learning_loop - Frame analysis failed for lp85-2e205bbe3622: max() iterable argument is empty
2025-09-06 14:26:10,706 - INFO - src.arc_integration.continuous_learning_loop - 🎮 Initialized actions for lp85-2e205bbe3622: [6] (loaded 1 cached patterns)
2025-09-06 14:26:10,814 - INFO - src.arc_integration.continuous_learning_loop - Action 6 successful for lp85-2e205bbe3622
2025-09-06 14:26:10,985 - WARNING - src.arc_integration.continuous_learning_loop - Frame analysis failed for lp85-2e205bbe3622: max() iterable argument is empty
2025-09-06 14:26:11,173 - WARNING - src.arc_integration.continuous_learning_loop - Frame analysis failed for as66-821a4dcad9c2: max() iterable argument is empty
2025-09-06 14:26:11,174 - INFO - src.arc_integration.continuous_learning_loop - 🎮 Initialized actions for as66-821a4dcad9c2: [1, 2, 3, 4, 6] (loaded 5 cached patterns)
2025-09-06 14:26:11,195 - WARNING - src.arc_integration.continuous_learning_loop - Frame analysis failed for ls20-fa137e247ce6: max() iterable argument is empty
2025-09-06 14:26:11,195 - INFO - src.arc_integration.continuous_learning_loop - 🎮 Initialized actions for ls20-fa137e247ce6: [1, 2, 3, 4] (loaded 4 cached patterns)
2025-09-06 14:26:11,223 - INFO - src.arc_integration.continuous_learning_loop - Action 6 successful for lp85-2e205bbe3622
2025-09-06 14:26:11,223 - INFO - src.arc_integration.continuous_learning_loop - 🎮 Initialized actions for lp85-2e205bbe3622: [6] (loaded 1 cached patterns)
2025-09-06 14:26:11,396 - WARNING - src.arc_integration.continuous_learning_loop - Frame analysis failed for lp85-2e205bbe3622: max() iterable argument is empty
2025-09-06 14:26:11,407 - INFO - src.arc_integration.continuous_learning_loop - Action 6 successful for as66-821a4dcad9c2
2025-09-06 14:26:11,408 - INFO - src.arc_integration.continuous_learning_loop - 🎮 Initialized actions for as66-821a4dcad9c2: [1, 2, 3, 4, 6] (loaded 5 cached patterns)
2025-09-06 14:26:11,432 - INFO - src.arc_integration.continuous_learning_loop - Action 1 successful for ls20-fa137e247ce6
2025-09-06 14:26:11,433 - INFO - src.arc_integration.continuous_learning_loop - 🎮 Initialized actions for ls20-fa137e247ce6: [1, 2, 3, 4] (loaded 4 cached patterns)
2025-09-06 14:26:11,583 - WARNING - src.arc_integration.continuous_learning_loop - Frame analysis failed for as66-821a4dcad9c2: max() iterable argument is empty
2025-09-06 14:26:11,584 - INFO - src.arc_integration.continuous_learning_loop - 🎮 Initialized actions for as66-821a4dcad9c2: [1, 2, 3, 4, 6] (loaded 5 cached patterns)
2025-09-06 14:26:11,593 - WARNING - src.arc_integration.continuous_learning_loop - Frame analysis failed for ls20-fa137e247ce6: max() iterable argument is empty
2025-09-06 14:26:11,593 - INFO - src.arc_integration.continuous_learning_loop - 🎮 Initialized actions for ls20-fa137e247ce6: [1, 2, 3, 4] (loaded 4 cached patterns)
2025-09-06 14:26:11,636 - INFO - src.arc_integration.continuous_learning_loop - Action 6 successful for lp85-2e205bbe3622
2025-09-06 14:26:11,636 - INFO - src.arc_integration.continuous_learning_loop - 🎮 Initialized actions for lp85-2e205bbe3622: [6] (loaded 1 cached patterns)
2025-09-06 14:26:11,817 - WARNING - src.arc_integration.continuous_learning_loop - Frame analysis failed for lp85-2e205bbe3622: max() iterable argument is empty
2025-09-06 14:26:11,839 - INFO - src.arc_integration.continuous_learning_loop - Action 1 successful for as66-821a4dcad9c2
2025-09-06 14:26:11,839 - INFO - src.arc_integration.continuous_learning_loop - 🎮 Initialized actions for as66-821a4dcad9c2: [1, 2, 3, 4, 6] (loaded 5 cached patterns)
2025-09-06 14:26:11,843 - INFO - src.arc_integration.continuous_learning_loop - Action 1 successful for ls20-fa137e247ce6
2025-09-06 14:26:11,843 - INFO - src.arc_integration.continuous_learning_loop - 🎮 Initialized actions for ls20-fa137e247ce6: [1, 2, 3, 4] (loaded 4 cached patterns)
2025-09-06 14:26:12,019 - WARNING - src.arc_integration.continuous_learning_loop - Frame analysis failed for as66-821a4dcad9c2: max() iterable argument is empty
2025-09-06 14:26:12,020 - INFO - src.arc_integration.continuous_learning_loop - 🎮 Initialized actions for as66-821a4dcad9c2: [1, 2, 3, 4, 6] (loaded 5 cached patterns)
2025-09-06 14:26:12,024 - WARNING - src.arc_integration.continuous_learning_loop - Frame analysis failed for ls20-fa137e247ce6: max() iterable argument is empty
2025-09-06 14:26:12,025 - INFO - src.arc_integration.continuous_learning_loop - 🎮 Initialized actions for ls20-fa137e247ce6: [1, 2, 3, 4] (loaded 4 cached patterns)
2025-09-06 14:26:12,047 - INFO - src.arc_integration.continuous_learning_loop - Action 6 successful for lp85-2e205bbe3622
2025-09-06 14:26:12,047 - INFO - src.arc_integration.continuous_learning_loop - 🎮 Initialized actions for lp85-2e205bbe3622: [6] (loaded 1 cached patterns)
2025-09-06 14:26:12,138 - INFO - src.arc_integration.continuous_learning_loop - Action 2 successful for as66-821a4dcad9c2
2025-09-06 14:26:12,138 - INFO - src.arc_integration.continuous_learning_loop - 🎮 Initialized actions for as66-821a4dcad9c2: [1, 2, 3, 4, 6] (loaded 5 cached patterns)
2025-09-06 14:26:12,158 - INFO - src.arc_integration.continuous_learning_loop - Action 1 successful for ls20-fa137e247ce6
2025-09-06 14:26:12,159 - INFO - src.arc_integration.continuous_learning_loop - 🎮 Initialized actions for ls20-fa137e247ce6: [1, 2, 3, 4] (loaded 4 cached patterns)
2025-09-06 14:26:12,221 - WARNING - src.arc_integration.continuous_learning_loop - Frame analysis failed for lp85-2e205bbe3622: max() iterable argument is empty
2025-09-06 14:26:12,221 - INFO - src.arc_integration.continuous_learning_loop - 🎮 Initialized actions for lp85-2e205bbe3622: [6] (loaded 1 cached patterns)
2025-09-06 14:26:12,304 - WARNING - src.arc_integration.continuous_learning_loop - Frame analysis failed for as66-821a4dcad9c2: max() iterable argument is empty
2025-09-06 14:26:12,304 - INFO - src.arc_integration.continuous_learning_loop - 🎮 Initialized actions for as66-821a4dcad9c2: [1, 2, 3, 4, 6] (loaded 5 cached patterns)
2025-09-06 14:26:12,316 - WARNING - src.arc_integration.continuous_learning_loop - Frame analysis failed for ls20-fa137e247ce6: max() iterable argument is empty
2025-09-06 14:26:12,316 - INFO - src.arc_integration.continuous_learning_loop - 🎮 Initialized actions for ls20-fa137e247ce6: [1, 2, 3, 4] (loaded 4 cached patterns)
2025-09-06 14:26:12,333 - INFO - src.arc_integration.continuous_learning_loop - Action 6 successful for lp85-2e205bbe3622
2025-09-06 14:26:12,333 - INFO - src.arc_integration.continuous_learning_loop - 🎮 Initialized actions for lp85-2e205bbe3622: [6] (loaded 1 cached patterns)
2025-09-06 14:26:12,494 - INFO - src.arc_integration.continuous_learning_loop - Action 2 successful for as66-821a4dcad9c2
2025-09-06 14:26:12,495 - INFO - src.arc_integration.continuous_learning_loop - 🎮 Initialized actions for as66-821a4dcad9c2: [1, 2, 3, 4, 6] (loaded 5 cached patterns)
2025-09-06 14:26:12,499 - WARNING - src.arc_integration.continuous_learning_loop - Frame analysis failed for lp85-2e205bbe3622: max() iterable argument is empty
2025-09-06 14:26:12,499 - INFO - src.arc_integration.continuous_learning_loop - 🎮 Initialized actions for lp85-2e205bbe3622: [6] (loaded 1 cached patterns)
2025-09-06 14:26:12,557 - INFO - src.arc_integration.continuous_learning_loop - Action 1 successful for ls20-fa137e247ce6
2025-09-06 14:26:12,557 - INFO - src.arc_integration.continuous_learning_loop - 🎮 Initialized actions for ls20-fa137e247ce6: [1, 2, 3, 4] (loaded 4 cached patterns)
2025-09-06 14:26:12,659 - WARNING - src.arc_integration.continuous_learning_loop - Frame analysis failed for as66-821a4dcad9c2: max() iterable argument is empty
2025-09-06 14:26:12,660 - INFO - src.arc_integration.continuous_learning_loop - 🎮 Initialized actions for as66-821a4dcad9c2: [1, 2, 3, 4, 6] (loaded 5 cached patterns)
2025-09-06 14:26:12,725 - WARNING - src.arc_integration.continuous_learning_loop - Frame analysis failed for ls20-fa137e247ce6: max() iterable argument is empty
2025-09-06 14:26:12,725 - INFO - src.arc_integration.continuous_learning_loop - 🎮 Initialized actions for ls20-fa137e247ce6: [1, 2, 3, 4] (loaded 4 cached patterns)
2025-09-06 14:26:12,748 - INFO - src.arc_integration.continuous_learning_loop - Action 6 successful for lp85-2e205bbe3622
2025-09-06 14:26:12,748 - INFO - src.arc_integration.continuous_learning_loop - 🎮 Initialized actions for lp85-2e205bbe3622: [6] (loaded 1 cached patterns)
2025-09-06 14:26:12,771 - INFO - src.arc_integration.continuous_learning_loop - Action 1 successful for as66-821a4dcad9c2
2025-09-06 14:26:12,771 - INFO - src.arc_integration.continuous_learning_loop - 🎮 Initialized actions for as66-821a4dcad9c2: [1, 2, 3, 4, 6] (loaded 5 cached patterns)
2025-09-06 14:26:12,924 - WARNING - src.arc_integration.continuous_learning_loop - Frame analysis failed for lp85-2e205bbe3622: max() iterable argument is empty
2025-09-06 14:26:12,925 - INFO - src.arc_integration.continuous_learning_loop - 🎮 Initialized actions for lp85-2e205bbe3622: [6] (loaded 1 cached patterns)
2025-09-06 14:26:12,964 - INFO - src.arc_integration.continuous_learning_loop - Action 1 successful for ls20-fa137e247ce6
2025-09-06 14:26:12,965 - INFO - src.arc_integration.continuous_learning_loop - 🎮 Initialized actions for ls20-fa137e247ce6: [1, 2, 3, 4] (loaded 4 cached patterns)
2025-09-06 14:26:12,971 - WARNING - src.arc_integration.continuous_learning_loop - Frame analysis failed for as66-821a4dcad9c2: max() iterable argument is empty
2025-09-06 14:26:12,972 - INFO - src.arc_integration.continuous_learning_loop - 🎮 Initialized actions for as66-821a4dcad9c2: [1, 2, 3, 4, 6] (loaded 5 cached patterns)
2025-09-06 14:26:13,136 - WARNING - src.arc_integration.continuous_learning_loop - Frame analysis failed for ls20-fa137e247ce6: max() iterable argument is empty
2025-09-06 14:26:13,137 - INFO - src.arc_integration.continuous_learning_loop - 🎮 Initialized actions for ls20-fa137e247ce6: [1, 2, 3, 4] (loaded 4 cached patterns)
2025-09-06 14:26:13,248 - INFO - src.arc_integration.continuous_learning_loop - Action 1 successful for ls20-fa137e247ce6
2025-09-06 14:26:13,260 - INFO - src.arc_integration.continuous_learning_loop - Action 2 successful for as66-821a4dcad9c2
2025-09-06 14:26:13,262 - INFO - src.arc_integration.continuous_learning_loop - 🎮 Initialized actions for as66-821a4dcad9c2: [1, 2, 3, 4, 6] (loaded 5 cached patterns)
2025-09-06 14:26:13,439 - WARNING - src.arc_integration.continuous_learning_loop - Frame analysis failed for ls20-fa137e247ce6: max() iterable argument is empty
2025-09-06 14:26:13,440 - INFO - src.arc_integration.continuous_learning_loop - 🎮 Initialized actions for ls20-fa137e247ce6: [1, 2, 3, 4] (loaded 4 cached patterns)
2025-09-06 14:26:13,448 - WARNING - src.arc_integration.continuous_learning_loop - Frame analysis failed for as66-821a4dcad9c2: max() iterable argument is empty
2025-09-06 14:26:13,448 - INFO - src.arc_integration.continuous_learning_loop - 🎮 Initialized actions for as66-821a4dcad9c2: [1, 2, 3, 4, 6] (loaded 5 cached patterns)
2025-09-06 14:26:13,550 - INFO - src.arc_integration.continuous_learning_loop - Action 2 successful for ls20-fa137e247ce6
2025-09-06 14:26:13,551 - INFO - src.arc_integration.continuous_learning_loop - 🎮 Initialized actions for ls20-fa137e247ce6: [1, 2, 3, 4] (loaded 4 cached patterns)
2025-09-06 14:26:13,560 - INFO - src.arc_integration.continuous_learning_loop - Action 6 successful for as66-821a4dcad9c2
2025-09-06 14:26:13,560 - INFO - src.arc_integration.continuous_learning_loop - 🎮 Initialized actions for as66-821a4dcad9c2: [1, 2, 3, 4, 6] (loaded 5 cached patterns)
2025-09-06 14:26:13,719 - WARNING - src.arc_integration.continuous_learning_loop - Frame analysis failed for ls20-fa137e247ce6: max() iterable argument is empty
2025-09-06 14:26:13,720 - INFO - src.arc_integration.continuous_learning_loop - 🎮 Initialized actions for ls20-fa137e247ce6: [1, 2, 3, 4] (loaded 4 cached patterns)
2025-09-06 14:26:13,726 - WARNING - src.arc_integration.continuous_learning_loop - Frame analysis failed for as66-821a4dcad9c2: max() iterable argument is empty
2025-09-06 14:26:13,727 - INFO - src.arc_integration.continuous_learning_loop - 🎮 Initialized actions for as66-821a4dcad9c2: [1, 2, 3, 4, 6] (loaded 5 cached patterns)
2025-09-06 14:26:13,827 - INFO - src.arc_integration.continuous_learning_loop - Action 2 successful for ls20-fa137e247ce6
2025-09-06 14:26:13,828 - INFO - src.arc_integration.continuous_learning_loop - 🎮 Initialized actions for ls20-fa137e247ce6: [1, 2, 3, 4] (loaded 4 cached patterns)
2025-09-06 14:26:13,848 - INFO - src.arc_integration.continuous_learning_loop - Action 1 successful for as66-821a4dcad9c2
2025-09-06 14:26:13,848 - INFO - src.arc_integration.continuous_learning_loop - 🎮 Initialized actions for as66-821a4dcad9c2: [1, 2, 3, 4, 6] (loaded 5 cached patterns)
2025-09-06 14:26:13,994 - WARNING - src.arc_integration.continuous_learning_loop - Frame analysis failed for ls20-fa137e247ce6: max() iterable argument is empty
2025-09-06 14:26:13,994 - INFO - src.arc_integration.continuous_learning_loop - 🎮 Initialized actions for ls20-fa137e247ce6: [1, 2, 3, 4] (loaded 4 cached patterns)
2025-09-06 14:26:14,009 - WARNING - src.arc_integration.continuous_learning_loop - Frame analysis failed for as66-821a4dcad9c2: max() iterable argument is empty
2025-09-06 14:26:14,010 - INFO - src.arc_integration.continuous_learning_loop - 🎮 Initialized actions for as66-821a4dcad9c2: [1, 2, 3, 4, 6] (loaded 5 cached patterns)
2025-09-06 14:26:14,110 - INFO - src.arc_integration.continuous_learning_loop - Action 2 successful for ls20-fa137e247ce6
2025-09-06 14:26:14,110 - INFO - src.arc_integration.continuous_learning_loop - 🎮 Initialized actions for ls20-fa137e247ce6: [1, 2, 3, 4] (loaded 4 cached patterns)
2025-09-06 14:26:14,117 - INFO - src.arc_integration.continuous_learning_loop - Action 1 successful for as66-821a4dcad9c2
2025-09-06 14:26:14,118 - INFO - src.arc_integration.continuous_learning_loop - 🎮 Initialized actions for as66-821a4dcad9c2: [1, 2, 3, 4, 6] (loaded 5 cached patterns)
2025-09-06 14:26:14,298 - WARNING - src.arc_integration.continuous_learning_loop - Frame analysis failed for ls20-fa137e247ce6: max() iterable argument is empty
2025-09-06 14:26:14,299 - INFO - src.arc_integration.continuous_learning_loop - 🎮 Initialized actions for ls20-fa137e247ce6: [1, 2, 3, 4] (loaded 4 cached patterns)
2025-09-06 14:26:14,313 - WARNING - src.arc_integration.continuous_learning_loop - Frame analysis failed for as66-821a4dcad9c2: max() iterable argument is empty
2025-09-06 14:26:14,314 - INFO - src.arc_integration.continuous_learning_loop - 🎮 Initialized actions for as66-821a4dcad9c2: [1, 2, 3, 4, 6] (loaded 5 cached patterns)
2025-09-06 14:26:14,413 - INFO - src.arc_integration.continuous_learning_loop - Action 1 successful for as66-821a4dcad9c2
2025-09-06 14:26:14,420 - INFO - src.arc_integration.continuous_learning_loop - Action 1 successful for ls20-fa137e247ce6
2025-09-06 14:26:14,421 - INFO - src.arc_integration.continuous_learning_loop - 🎮 Initialized actions for ls20-fa137e247ce6: [1, 2, 3, 4] (loaded 4 cached patterns)
2025-09-06 14:26:14,591 - WARNING - src.arc_integration.continuous_learning_loop - Frame analysis failed for as66-821a4dcad9c2: max() iterable argument is empty
2025-09-06 14:26:14,591 - INFO - src.arc_integration.continuous_learning_loop - 🎮 Initialized actions for as66-821a4dcad9c2: [1, 2, 3, 4, 6] (loaded 5 cached patterns)
2025-09-06 14:26:14,599 - WARNING - src.arc_integration.continuous_learning_loop - Frame analysis failed for ls20-fa137e247ce6: max() iterable argument is empty
2025-09-06 14:26:14,599 - INFO - src.arc_integration.continuous_learning_loop - 🎮 Initialized actions for ls20-fa137e247ce6: [1, 2, 3, 4] (loaded 4 cached patterns)
2025-09-06 14:26:14,708 - INFO - src.arc_integration.continuous_learning_loop - Action 3 successful for ls20-fa137e247ce6
2025-09-06 14:26:14,719 - INFO - src.arc_integration.continuous_learning_loop - Action 2 successful for as66-821a4dcad9c2
2025-09-06 14:26:14,720 - INFO - src.arc_integration.continuous_learning_loop - 🎮 Initialized actions for as66-821a4dcad9c2: [1, 2, 3, 4, 6] (loaded 5 cached patterns)
2025-09-06 14:26:14,876 - WARNING - src.arc_integration.continuous_learning_loop - Frame analysis failed for ls20-fa137e247ce6: max() iterable argument is empty
2025-09-06 14:26:14,876 - INFO - src.arc_integration.continuous_learning_loop - 🎮 Initialized actions for ls20-fa137e247ce6: [1, 2, 3, 4] (loaded 4 cached patterns)
2025-09-06 14:26:14,883 - WARNING - src.arc_integration.continuous_learning_loop - Frame analysis failed for as66-821a4dcad9c2: max() iterable argument is empty
2025-09-06 14:26:14,884 - INFO - src.arc_integration.continuous_learning_loop - 🎮 Initialized actions for as66-821a4dcad9c2: [1, 2, 3, 4, 6] (loaded 5 cached patterns)
2025-09-06 14:26:14,984 - INFO - src.arc_integration.continuous_learning_loop - Action 3 successful for as66-821a4dcad9c2
2025-09-06 14:26:14,987 - INFO - src.arc_integration.continuous_learning_loop - Action 2 successful for ls20-fa137e247ce6
2025-09-06 14:26:14,987 - INFO - src.arc_integration.continuous_learning_loop - 🎮 Initialized actions for ls20-fa137e247ce6: [1, 2, 3, 4] (loaded 4 cached patterns)
2025-09-06 14:26:15,152 - WARNING - src.arc_integration.continuous_learning_loop - Frame analysis failed for as66-821a4dcad9c2: max() iterable argument is empty
2025-09-06 14:26:15,154 - INFO - src.arc_integration.continuous_learning_loop - 🎮 Initialized actions for as66-821a4dcad9c2: [1, 2, 3, 4, 6] (loaded 5 cached patterns)
2025-09-06 14:26:15,165 - WARNING - src.arc_integration.continuous_learning_loop - Frame analysis failed for ls20-fa137e247ce6: max() iterable argument is empty
2025-09-06 14:26:15,166 - INFO - src.arc_integration.continuous_learning_loop - 🎮 Initialized actions for ls20-fa137e247ce6: [1, 2, 3, 4] (loaded 4 cached patterns)
2025-09-06 14:26:15,268 - INFO - src.arc_integration.continuous_learning_loop - Action 2 successful for ls20-fa137e247ce6
2025-09-06 14:26:15,286 - INFO - src.arc_integration.continuous_learning_loop - Action 1 successful for as66-821a4dcad9c2
2025-09-06 14:26:15,286 - INFO - src.arc_integration.continuous_learning_loop - 🎮 Initialized actions for as66-821a4dcad9c2: [1, 2, 3, 4, 6] (loaded 5 cached patterns)
2025-09-06 14:26:15,457 - WARNING - src.arc_integration.continuous_learning_loop - Frame analysis failed for ls20-fa137e247ce6: max() iterable argument is empty
2025-09-06 14:26:15,459 - INFO - src.arc_integration.continuous_learning_loop - 🎮 Initialized actions for ls20-fa137e247ce6: [1, 2, 3, 4] (loaded 4 cached patterns)
2025-09-06 14:26:15,475 - WARNING - src.arc_integration.continuous_learning_loop - Frame analysis failed for as66-821a4dcad9c2: max() iterable argument is empty
2025-09-06 14:26:15,476 - INFO - src.arc_integration.continuous_learning_loop - 🎮 Initialized actions for as66-821a4dcad9c2: [1, 2, 3, 4, 6] (loaded 5 cached patterns)
2025-09-06 14:26:15,576 - INFO - src.arc_integration.continuous_learning_loop - Action 1 successful for ls20-fa137e247ce6
2025-09-06 14:26:15,577 - INFO - src.arc_integration.continuous_learning_loop - 🎮 Initialized actions for ls20-fa137e247ce6: [1, 2, 3, 4] (loaded 4 cached patterns)
2025-09-06 14:26:15,587 - INFO - src.arc_integration.continuous_learning_loop - Action 1 successful for as66-821a4dcad9c2
2025-09-06 14:26:15,588 - INFO - src.arc_integration.continuous_learning_loop - 🎮 Initialized actions for as66-821a4dcad9c2: [1, 2, 3, 4, 6] (loaded 5 cached patterns)
2025-09-06 14:26:15,761 - WARNING - src.arc_integration.continuous_learning_loop - Frame analysis failed for ls20-fa137e247ce6: max() iterable argument is empty
2025-09-06 14:26:15,762 - INFO - src.arc_integration.continuous_learning_loop - 🎮 Initialized actions for ls20-fa137e247ce6: [1, 2, 3, 4] (loaded 4 cached patterns)
2025-09-06 14:26:15,908 - INFO - src.arc_integration.continuous_learning_loop - Action 1 successful for ls20-fa137e247ce6
2025-09-06 14:26:16,206 - INFO - src.arc_integration.continuous_learning_loop - 💾 Saved action intelligence for ls20-fa137e247ce6: 4 effective actions
2025-09-06 14:26:16,206 - INFO - src.arc_integration.continuous_learning_loop - 🧠 Action Intelligence for ls20-fa137e247ce6: 4/4 effective actions, 0 coordinate patterns learned
2025-09-06 14:26:18,271 - INFO - arc_integration.arc_meta_learning - ARC meta-learning state saved to continuous_learning_data\meta_learning_session_1757186745.json
2025-09-06 14:26:18,275 - INFO - src.arc_integration.continuous_learning_loop - Completed training session session_1757186745 - Win rate: 0.0%
2025-09-06 14:26:18,294 - INFO - __main__ - Results saved to: continuous_learning_data/sessions/master_training_results_1757186778.json
